[07:02:26] [main/INFO]: Loading Minecraft 1.19.2 with Fabric Loader 0.14.9
[07:02:26] [ForkJoinPool-1-worker-2/WARN]: Mod wurst uses the version v7.27.3-MC1.19.2 which isn't compatible with Loader's extended semantic version format (Could not parse version number component 'v7'!), SemVer is recommended for reliably evaluating dependencies and prioritizing newer version
[07:02:26] [main/INFO]: Loading 55 mods:
	- baritone 1.5.3-621-gaddd1fc7
	- fabric-api 0.61.0+1.19.2
	- fabric-api-base 0.4.11+e62f51a390 via fabric-api
	- fabric-api-lookup-api-v1 1.6.9+9ff28f4090 via fabric-api
	- fabric-biome-api-v1 9.0.17+aeb40ebe90 via fabric-api
	- fabric-blockrenderlayer-v1 1.1.20+aeb40ebe90 via fabric-api
	- fabric-client-tags-api-v1 1.0.1+b35fea8390 via fabric-api
	- fabric-command-api-v1 1.2.11+f71b366f90 via fabric-api
	- fabric-command-api-v2 2.1.7+0c17ea9690 via fabric-api
	- fabric-commands-v0 0.2.28+df3654b390 via fabric-api
	- fabric-containers-v0 0.1.34+df3654b390 via fabric-api
	- fabric-content-registries-v0 3.3.0+624e468e90 via fabric-api
	- fabric-convention-tags-v1 1.1.1+7cd20a1490 via fabric-api
	- fabric-crash-report-info-v1 0.2.5+aeb40ebe90 via fabric-api
	- fabric-data-generation-api-v1 5.1.9+a680b9b490 via fabric-api
	- fabric-dimensions-v1 2.1.31+0dd10df690 via fabric-api
	- fabric-entity-events-v1 1.4.18+9ff28f4090 via fabric-api
	- fabric-events-interaction-v0 0.4.28+aeb40ebe90 via fabric-api
	- fabric-events-lifecycle-v0 0.2.28+df3654b390 via fabric-api
	- fabric-game-rule-api-v1 1.0.21+aeb40ebe90 via fabric-api
	- fabric-item-api-v1 1.5.7+35a03c4390 via fabric-api
	- fabric-item-groups-v0 0.3.29+4e8ca3fd90 via fabric-api
	- fabric-key-binding-api-v1 1.0.20+aeb40ebe90 via fabric-api
	- fabric-keybindings-v0 0.2.18+df3654b390 via fabric-api
	- fabric-lifecycle-events-v1 2.1.2+aeb40ebe90 via fabric-api
	- fabric-loot-api-v2 1.1.3+83a8659290 via fabric-api
	- fabric-loot-tables-v1 1.1.6+9e7660c690 via fabric-api
	- fabric-message-api-v1 5.0.3+176380a290 via fabric-api
	- fabric-mining-level-api-v1 2.1.14+33fbc73890 via fabric-api
	- fabric-models-v0 0.3.17+aeb40ebe90 via fabric-api
	- fabric-networking-api-v1 1.2.4+5eb68ef290 via fabric-api
	- fabric-networking-v0 0.3.21+df3654b390 via fabric-api
	- fabric-object-builder-api-v1 4.0.11+aeb40ebe90 via fabric-api
	- fabric-particles-v1 1.0.10+aeb40ebe90 via fabric-api
	- fabric-registry-sync-v0 0.9.25+726b652090 via fabric-api
	- fabric-renderer-api-v1 1.0.10+aeb40ebe90 via fabric-api
	- fabric-renderer-indigo 0.6.12+aeb40ebe90 via fabric-api
	- fabric-renderer-registries-v1 3.2.20+df3654b390 via fabric-api
	- fabric-rendering-data-attachment-v1 0.3.14+aeb40ebe90 via fabric-api
	- fabric-rendering-fluids-v1 3.0.7+aeb40ebe90 via fabric-api
	- fabric-rendering-v0 1.1.22+df3654b390 via fabric-api
	- fabric-rendering-v1 1.10.16+aeb40ebe90 via fabric-api
	- fabric-resource-conditions-api-v1 2.0.11+e62f51a390 via fabric-api
	- fabric-resource-loader-v0 0.6.1+aeb40ebe90 via fabric-api
	- fabric-screen-api-v1 1.0.26+f05effaf90 via fabric-api
	- fabric-screen-handler-api-v1 1.3.0+1cc24b1b90 via fabric-api
	- fabric-textures-v0 1.0.20+aeb40ebe90 via fabric-api
	- fabric-transfer-api-v1 2.1.0+8f88597390 via fabric-api
	- fabric-transitive-access-wideners-v1 1.3.0+42d99c3290 via fabric-api
	- fabricloader 0.14.9
	- java 17
	- minecraft 1.19.2
	- wurst v7.27.3-MC1.19.2
	- xaerominimap 22.14.1
	- xaeroworldmap 1.27.0
[07:02:27] [main/INFO]: SpongePowered MIXIN Subsystem Version=0.8.5 Source=file:/home/gavinboor/.local/share/multimc/libraries/net/fabricmc/sponge-mixin/0.11.4+mixin.0.8.5/sponge-mixin-0.11.4+mixin.0.8.5.jar Service=Knot/Fabric Env=CLIENT
[07:02:27] [main/INFO]: Compatibility level set to JAVA_17
[07:02:27] [main/WARN]: Error loading class: me/jellysquid/mods/sodium/client/render/occlusion/BlockOcclusionCache (java.lang.ClassNotFoundException: me/jellysquid/mods/sodium/client/render/occlusion/BlockOcclusionCache)
[07:02:28] [main/WARN]: Configuration conflict: there is more than one oshi.properties file on the classpath
[07:02:28] [main/WARN]: Configuration conflict: there is more than one oshi.architecture.properties file on the classpath
[07:02:31] [main/INFO]: Building optimized datafixer
[07:02:34] [Render thread/INFO]: Environment: authHost='https://authserver.mojang.com', accountsHost='https://api.mojang.com', sessionHost='https://sessionserver.mojang.com', servicesHost='https://api.minecraftservices.com', name='PROD'
[07:02:35] [Render thread/INFO]: Setting user: AceMicrowave
[07:02:36] [Render thread/INFO]: [STDOUT]: Starting Wurst Client...
[07:02:37] [Render thread/INFO]: [Indigo] Registering Indigo renderer!
[07:02:37] [Render thread/INFO]: Loading Xaero's Minimap - Stage 1/2
[07:02:38] [Render thread/ERROR]: suppressed exception
java.lang.RuntimeException: Online mod data expired! Date: Tue Sep 27 04:34:26 CDT 2022
	at xaero.common.patreon.decrypt.DecryptInputStream.read(DecryptInputStream.java:59) ~[Xaeros_Minimap_22.14.1_Fabric_1.19.1.jar:?]
	at java.io.InputStream.read(InputStream.java:284) ~[?:?]
	at sun.nio.cs.StreamDecoder.readBytes(StreamDecoder.java:270) ~[?:?]
	at sun.nio.cs.StreamDecoder.implRead(StreamDecoder.java:313) ~[?:?]
	at sun.nio.cs.StreamDecoder.read(StreamDecoder.java:188) ~[?:?]
	at java.io.InputStreamReader.read(InputStreamReader.java:177) ~[?:?]
	at java.io.BufferedReader.fill(BufferedReader.java:162) ~[?:?]
	at java.io.BufferedReader.readLine(BufferedReader.java:329) ~[?:?]
	at java.io.BufferedReader.readLine(BufferedReader.java:396) ~[?:?]
	at xaero.common.patreon.Patreon.checkPatreon(Patreon.java:77) ~[Xaeros_Minimap_22.14.1_Fabric_1.19.1.jar:?]
	at xaero.minimap.XaeroMinimap.loadClient(XaeroMinimap.java:194) ~[Xaeros_Minimap_22.14.1_Fabric_1.19.1.jar:?]
	at xaero.minimap.XaeroMinimap.onInitializeClient(XaeroMinimap.java:63) ~[Xaeros_Minimap_22.14.1_Fabric_1.19.1.jar:?]
	at net.fabricmc.loader.impl.entrypoint.EntrypointUtils.invoke0(EntrypointUtils.java:47) [fabric-loader-0.14.9.jar:?]
	at net.fabricmc.loader.impl.entrypoint.EntrypointUtils.invoke(EntrypointUtils.java:35) [fabric-loader-0.14.9.jar:?]
	at net.fabricmc.loader.impl.game.minecraft.Hooks.startClient(Hooks.java:53) [fabric-loader-0.14.9.jar:?]
	at net.minecraft.class_310.<init>(class_310.java:459) [client-intermediary.jar:?]
	at net.minecraft.client.main.Main.method_44604(Main.java:205) [client-intermediary.jar:?]
	at net.minecraft.client.main.Main.main(Main.java:51) [client-intermediary.jar:?]
	at net.fabricmc.loader.impl.game.minecraft.MinecraftGameProvider.launch(MinecraftGameProvider.java:461) [fabric-loader-0.14.9.jar:?]
	at net.fabricmc.loader.impl.launch.knot.Knot.launch(Knot.java:74) [fabric-loader-0.14.9.jar:?]
	at net.fabricmc.loader.impl.launch.knot.KnotClient.main(KnotClient.java:23) [fabric-loader-0.14.9.jar:?]
	at jdk.internal.reflect.NativeMethodAccessorImpl.invoke0(Native Method) ~[?:?]
	at jdk.internal.reflect.NativeMethodAccessorImpl.invoke(NativeMethodAccessorImpl.java:77) ~[?:?]
	at jdk.internal.reflect.DelegatingMethodAccessorImpl.invoke(DelegatingMethodAccessorImpl.java:43) ~[?:?]
	at java.lang.reflect.Method.invoke(Method.java:568) ~[?:?]
	at org.multimc.onesix.OneSixLauncher.launchWithMainClass(OneSixLauncher.java:210) [NewLaunch.jar:?]
	at org.multimc.onesix.OneSixLauncher.launch(OneSixLauncher.java:245) [NewLaunch.jar:?]
	at org.multimc.EntryPoint.listen(EntryPoint.java:143) [NewLaunch.jar:?]
	at org.multimc.EntryPoint.main(EntryPoint.java:34) [NewLaunch.jar:?]
[07:02:38] [Render thread/INFO]: Loading Xaero's World Map - Stage 1/2
[07:02:39] [Render thread/ERROR]: suppressed exception
java.lang.RuntimeException: Online mod data expired! Date: Tue Sep 27 04:34:26 CDT 2022
	at xaero.map.patreon.decrypt.DecryptInputStream.read(DecryptInputStream.java:59) ~[XaerosWorldMap_1.27.0_Fabric_1.19.1.jar:?]
	at java.io.InputStream.read(InputStream.java:284) ~[?:?]
	at sun.nio.cs.StreamDecoder.readBytes(StreamDecoder.java:270) ~[?:?]
	at sun.nio.cs.StreamDecoder.implRead(StreamDecoder.java:313) ~[?:?]
	at sun.nio.cs.StreamDecoder.read(StreamDecoder.java:188) ~[?:?]
	at java.io.InputStreamReader.read(InputStreamReader.java:177) ~[?:?]
	at java.io.BufferedReader.fill(BufferedReader.java:162) ~[?:?]
	at java.io.BufferedReader.readLine(BufferedReader.java:329) ~[?:?]
	at java.io.BufferedReader.readLine(BufferedReader.java:396) ~[?:?]
	at xaero.map.misc.Internet.checkModVersion(Internet.java:54) ~[XaerosWorldMap_1.27.0_Fabric_1.19.1.jar:?]
	at xaero.map.WorldMap.loadClient(WorldMap.java:187) ~[XaerosWorldMap_1.27.0_Fabric_1.19.1.jar:?]
	at xaero.map.WorldMap.onInitializeClient(WorldMap.java:57) ~[XaerosWorldMap_1.27.0_Fabric_1.19.1.jar:?]
	at net.fabricmc.loader.impl.entrypoint.EntrypointUtils.invoke0(EntrypointUtils.java:47) [fabric-loader-0.14.9.jar:?]
	at net.fabricmc.loader.impl.entrypoint.EntrypointUtils.invoke(EntrypointUtils.java:35) [fabric-loader-0.14.9.jar:?]
	at net.fabricmc.loader.impl.game.minecraft.Hooks.startClient(Hooks.java:53) [fabric-loader-0.14.9.jar:?]
	at net.minecraft.class_310.<init>(class_310.java:459) [client-intermediary.jar:?]
	at net.minecraft.client.main.Main.method_44604(Main.java:205) [client-intermediary.jar:?]
	at net.minecraft.client.main.Main.main(Main.java:51) [client-intermediary.jar:?]
	at net.fabricmc.loader.impl.game.minecraft.MinecraftGameProvider.launch(MinecraftGameProvider.java:461) [fabric-loader-0.14.9.jar:?]
	at net.fabricmc.loader.impl.launch.knot.Knot.launch(Knot.java:74) [fabric-loader-0.14.9.jar:?]
	at net.fabricmc.loader.impl.launch.knot.KnotClient.main(KnotClient.java:23) [fabric-loader-0.14.9.jar:?]
	at jdk.internal.reflect.NativeMethodAccessorImpl.invoke0(Native Method) ~[?:?]
	at jdk.internal.reflect.NativeMethodAccessorImpl.invoke(NativeMethodAccessorImpl.java:77) ~[?:?]
	at jdk.internal.reflect.DelegatingMethodAccessorImpl.invoke(DelegatingMethodAccessorImpl.java:43) ~[?:?]
	at java.lang.reflect.Method.invoke(Method.java:568) ~[?:?]
	at org.multimc.onesix.OneSixLauncher.launchWithMainClass(OneSixLauncher.java:210) [NewLaunch.jar:?]
	at org.multimc.onesix.OneSixLauncher.launch(OneSixLauncher.java:245) [NewLaunch.jar:?]
	at org.multimc.EntryPoint.listen(EntryPoint.java:143) [NewLaunch.jar:?]
	at org.multimc.EntryPoint.main(EntryPoint.java:34) [NewLaunch.jar:?]
[07:02:39] [Render thread/INFO]: Backend library: LWJGL version 3.3.1 SNAPSHOT
[07:02:43] [Render thread/WARN]: ERROR : Couldn't load Narrator library
java.lang.UnsatisfiedLinkError: Unable to load library 'fliteWrapper':
libfliteWrapper.so: cannot open shared object file: No such file or directory
libfliteWrapper.so: cannot open shared object file: No such file or directory
Native library (linux-x86-64/libfliteWrapper.so) not found in resource path (/home/gavinboor/.local/share/multimc/bin/jars/NewLaunch.jar:/home/gavinboor/.local/share/multimc/libraries/org/lwjgl/lwjgl-glfw/3.3.1/lwjgl-glfw-3.3.1.jar:/home/gavinboor/.local/share/multimc/libraries/org/lwjgl/lwjgl-jemalloc/3.3.1/lwjgl-jemalloc-3.3.1.jar:/home/gavinboor/.local/share/multimc/libraries/org/lwjgl/lwjgl-openal/3.3.1/lwjgl-openal-3.3.1.jar:/home/gavinboor/.local/share/multimc/libraries/org/lwjgl/lwjgl-opengl/3.3.1/lwjgl-opengl-3.3.1.jar:/home/gavinboor/.local/share/multimc/libraries/org/lwjgl/lwjgl-stb/3.3.1/lwjgl-stb-3.3.1.jar:/home/gavinboor/.local/share/multimc/libraries/org/lwjgl/lwjgl-tinyfd/3.3.1/lwjgl-tinyfd-3.3.1.jar:/home/gavinboor/.local/share/multimc/libraries/org/lwjgl/lwjgl/3.3.1/lwjgl-3.3.1.jar:/home/gavinboor/.local/share/multimc/libraries/com/mojang/logging/1.0.0/logging-1.0.0.jar:/home/gavinboor/.local/share/multimc/libraries/com/mojang/blocklist/1.0.10/blocklist-1.0.10.jar:/home/gavinboor/.local/share/multimc/libraries/com/mojang/patchy/2.2.10/patchy-2.2.10.jar:/home/gavinboor/.local/share/multimc/libraries/com/github/oshi/oshi-core/5.8.5/oshi-core-5.8.5.jar:/home/gavinboor/.local/share/multimc/libraries/net/java/dev/jna/jna/5.10.0/jna-5.10.0.jar:/home/gavinboor/.local/share/multimc/libraries/net/java/dev/jna/jna-platform/5.10.0/jna-platform-5.10.0.jar:/home/gavinboor/.local/share/multimc/libraries/org/slf4j/slf4j-api/1.8.0-beta4/slf4j-api-1.8.0-beta4.jar:/home/gavinboor/.local/share/multimc/libraries/org/apache/logging/log4j/log4j-slf4j18-impl/2.16.0/log4j-slf4j18-impl-2.16.0.jar:/home/gavinboor/.local/share/multimc/libraries/com/ibm/icu/icu4j/70.1/icu4j-70.1.jar:/home/gavinboor/.local/share/multimc/libraries/com/mojang/javabridge/1.2.24/javabridge-1.2.24.jar:/home/gavinboor/.local/share/multimc/libraries/net/sf/jopt-simple/jopt-simple/5.0.4/jopt-simple-5.0.4.jar:/home/gavinboor/.local/share/multimc/libraries/io/netty/netty-common/4.1.77.Final/netty-common-4.1.77.Final.jar:/home/gavinboor/.local/share/multimc/libraries/io/netty/netty-buffer/4.1.77.Final/netty-buffer-4.1.77.Final.jar:/home/gavinboor/.local/share/multimc/libraries/io/netty/netty-codec/4.1.77.Final/netty-codec-4.1.77.Final.jar:/home/gavinboor/.local/share/multimc/libraries/io/netty/netty-handler/4.1.77.Final/netty-handler-4.1.77.Final.jar:/home/gavinboor/.local/share/multimc/libraries/io/netty/netty-resolver/4.1.77.Final/netty-resolver-4.1.77.Final.jar:/home/gavinboor/.local/share/multimc/libraries/io/netty/netty-transport/4.1.77.Final/netty-transport-4.1.77.Final.jar:/home/gavinboor/.local/share/multimc/libraries/io/netty/netty-transport-native-unix-common/4.1.77.Final/netty-transport-native-unix-common-4.1.77.Final.jar:/home/gavinboor/.local/share/multimc/libraries/io/netty/netty-transport-classes-epoll/4.1.77.Final/netty-transport-classes-epoll-4.1.77.Final.jar:/home/gavinboor/.local/share/multimc/libraries/io/netty/netty-transport-native-epoll/4.1.77.Final/netty-transport-native-epoll-4.1.77.Final-linux-x86_64.jar:/home/gavinboor/.local/share/multimc/libraries/com/google/guava/failureaccess/1.0.1/failureaccess-1.0.1.jar:/home/gavinboor/.local/share/multimc/libraries/com/google/guava/guava/31.0.1-jre/guava-31.0.1-jre.jar:/home/gavinboor/.local/share/multimc/libraries/org/apache/commons/commons-lang3/3.12.0/commons-lang3-3.12.0.jar:/home/gavinboor/.local/share/multimc/libraries/commons-io/commons-io/2.11.0/commons-io-2.11.0.jar:/home/gavinboor/.local/share/multimc/libraries/commons-codec/commons-codec/1.15/commons-codec-1.15.jar:/home/gavinboor/.local/share/multimc/libraries/com/mojang/brigadier/1.0.18/brigadier-1.0.18.jar:/home/gavinboor/.local/share/multimc/libraries/com/mojang/datafixerupper/5.0.28/datafixerupper-5.0.28.jar:/home/gavinboor/.local/share/multimc/libraries/com/google/code/gson/gson/2.8.9/gson-2.8.9.jar:/home/gavinboor/.local/share/multimc/libraries/com/mojang/authlib/3.11.49/authlib-3.11.49.jar:/home/gavinboor/.local/share/multimc/libraries/org/apache/commons/commons-compress/1.21/commons-compress-1.21.jar:/home/gavinboor/.local/share/multimc/libraries/org/apache/httpcomponents/httpclient/4.5.13/httpclient-4.5.13.jar:/home/gavinboor/.local/share/multimc/libraries/commons-logging/commons-logging/1.2/commons-logging-1.2.jar:/home/gavinboor/.local/share/multimc/libraries/org/apache/httpcomponents/httpcore/4.4.14/httpcore-4.4.14.jar:/home/gavinboor/.local/share/multimc/libraries/it/unimi/dsi/fastutil/8.5.6/fastutil-8.5.6.jar:/home/gavinboor/.local/share/multimc/libraries/org/apache/logging/log4j/log4j-api/2.16.0/log4j-api-2.16.0.jar:/home/gavinboor/.local/share/multimc/libraries/org/apache/logging/log4j/log4j-core/2.16.0/log4j-core-2.16.0.jar:/home/gavinboor/.local/share/multimc/libraries/com/mojang/text2speech/1.13.9/text2speech-1.13.9.jar:/home/gavinboor/.local/share/multimc/libraries/net/fabricmc/intermediary/1.19.2/intermediary-1.19.2.jar:/home/gavinboor/.local/share/multimc/libraries/net/fabricmc/tiny-mappings-parser/0.3.0+build.17/tiny-mappings-parser-0.3.0+build.17.jar:/home/gavinboor/.local/share/multimc/libraries/net/fabricmc/sponge-mixin/0.11.4+mixin.0.8.5/sponge-mixin-0.11.4+mixin.0.8.5.jar:/home/gavinboor/.local/share/multimc/libraries/net/fabricmc/tiny-remapper/0.8.2/tiny-remapper-0.8.2.jar:/home/gavinboor/.local/share/multimc/libraries/net/fabricmc/access-widener/2.1.0/access-widener-2.1.0.jar:/home/gavinboor/.local/share/multimc/libraries/org/ow2/asm/asm/9.3/asm-9.3.jar:/home/gavinboor/.local/share/multimc/libraries/org/ow2/asm/asm-analysis/9.3/asm-analysis-9.3.jar:/home/gavinboor/.local/share/multimc/libraries/org/ow2/asm/asm-commons/9.3/asm-commons-9.3.jar:/home/gavinboor/.local/share/multimc/libraries/org/ow2/asm/asm-tree/9.3/asm-tree-9.3.jar:/home/gavinboor/.local/share/multimc/libraries/org/ow2/asm/asm-util/9.3/asm-util-9.3.jar:/home/gavinboor/.local/share/multimc/libraries/net/fabricmc/fabric-loader/0.14.9/fabric-loader-0.14.9.jar:/home/gavinboor/.local/share/multimc/libraries/com/mojang/minecraft/1.19.2/minecraft-1.19.2-client.jar)
	at com.sun.jna.NativeLibrary.loadLibrary(NativeLibrary.java:301) ~[jna-5.10.0.jar:?]
	at com.sun.jna.NativeLibrary.getInstance(NativeLibrary.java:461) ~[jna-5.10.0.jar:?]
	at com.sun.jna.NativeLibrary.getInstance(NativeLibrary.java:403) ~[jna-5.10.0.jar:?]
	at com.mojang.text2speech.NarratorLinux.<clinit>(NarratorLinux.java:18) [text2speech-1.13.9.jar:?]
	at com.mojang.text2speech.Narrator.getNarrator(Narrator.java:21) [text2speech-1.13.9.jar:?]
	at net.minecraft.class_333.<init>(class_333.java:19) [client-intermediary.jar:?]
	at net.minecraft.class_310.<init>(class_310.java:637) [client-intermediary.jar:?]
	at net.minecraft.client.main.Main.method_44604(Main.java:205) [client-intermediary.jar:?]
	at net.minecraft.client.main.Main.main(Main.java:51) [client-intermediary.jar:?]
	at net.fabricmc.loader.impl.game.minecraft.MinecraftGameProvider.launch(MinecraftGameProvider.java:461) [fabric-loader-0.14.9.jar:?]
	at net.fabricmc.loader.impl.launch.knot.Knot.launch(Knot.java:74) [fabric-loader-0.14.9.jar:?]
	at net.fabricmc.loader.impl.launch.knot.KnotClient.main(KnotClient.java:23) [fabric-loader-0.14.9.jar:?]
	at jdk.internal.reflect.NativeMethodAccessorImpl.invoke0(Native Method) ~[?:?]
	at jdk.internal.reflect.NativeMethodAccessorImpl.invoke(NativeMethodAccessorImpl.java:77) ~[?:?]
	at jdk.internal.reflect.DelegatingMethodAccessorImpl.invoke(DelegatingMethodAccessorImpl.java:43) ~[?:?]
	at java.lang.reflect.Method.invoke(Method.java:568) ~[?:?]
	at org.multimc.onesix.OneSixLauncher.launchWithMainClass(OneSixLauncher.java:210) [NewLaunch.jar:?]
	at org.multimc.onesix.OneSixLauncher.launch(OneSixLauncher.java:245) [NewLaunch.jar:?]
	at org.multimc.EntryPoint.listen(EntryPoint.java:143) [NewLaunch.jar:?]
	at org.multimc.EntryPoint.main(EntryPoint.java:34) [NewLaunch.jar:?]
	Suppressed: java.lang.UnsatisfiedLinkError: libfliteWrapper.so: cannot open shared object file: No such file or directory
		at com.sun.jna.Native.open(Native Method) ~[jna-5.10.0.jar:?]
		at com.sun.jna.NativeLibrary.loadLibrary(NativeLibrary.java:191) ~[jna-5.10.0.jar:?]
		at com.sun.jna.NativeLibrary.getInstance(NativeLibrary.java:461) ~[jna-5.10.0.jar:?]
		at com.sun.jna.NativeLibrary.getInstance(NativeLibrary.java:403) ~[jna-5.10.0.jar:?]
		at com.mojang.text2speech.NarratorLinux.<clinit>(NarratorLinux.java:18) [text2speech-1.13.9.jar:?]
		at com.mojang.text2speech.Narrator.getNarrator(Narrator.java:21) [text2speech-1.13.9.jar:?]
		at net.minecraft.class_333.<init>(class_333.java:19) [client-intermediary.jar:?]
		at net.minecraft.class_310.<init>(class_310.java:637) [client-intermediary.jar:?]
		at net.minecraft.client.main.Main.method_44604(Main.java:205) [client-intermediary.jar:?]
		at net.minecraft.client.main.Main.main(Main.java:51) [client-intermediary.jar:?]
		at net.fabricmc.loader.impl.game.minecraft.MinecraftGameProvider.launch(MinecraftGameProvider.java:461) [fabric-loader-0.14.9.jar:?]
		at net.fabricmc.loader.impl.launch.knot.Knot.launch(Knot.java:74) [fabric-loader-0.14.9.jar:?]
		at net.fabricmc.loader.impl.launch.knot.KnotClient.main(KnotClient.java:23) [fabric-loader-0.14.9.jar:?]
		at jdk.internal.reflect.NativeMethodAccessorImpl.invoke0(Native Method) ~[?:?]
		at jdk.internal.reflect.NativeMethodAccessorImpl.invoke(NativeMethodAccessorImpl.java:77) ~[?:?]
		at jdk.internal.reflect.DelegatingMethodAccessorImpl.invoke(DelegatingMethodAccessorImpl.java:43) ~[?:?]
		at java.lang.reflect.Method.invoke(Method.java:568) ~[?:?]
		at org.multimc.onesix.OneSixLauncher.launchWithMainClass(OneSixLauncher.java:210) [NewLaunch.jar:?]
		at org.multimc.onesix.OneSixLauncher.launch(OneSixLauncher.java:245) [NewLaunch.jar:?]
		at org.multimc.EntryPoint.listen(EntryPoint.java:143) [NewLaunch.jar:?]
		at org.multimc.EntryPoint.main(EntryPoint.java:34) [NewLaunch.jar:?]
	Suppressed: java.lang.UnsatisfiedLinkError: libfliteWrapper.so: cannot open shared object file: No such file or directory
		at com.sun.jna.Native.open(Native Method) ~[jna-5.10.0.jar:?]
		at com.sun.jna.NativeLibrary.loadLibrary(NativeLibrary.java:204) ~[jna-5.10.0.jar:?]
		at com.sun.jna.NativeLibrary.getInstance(NativeLibrary.java:461) ~[jna-5.10.0.jar:?]
		at com.sun.jna.NativeLibrary.getInstance(NativeLibrary.java:403) ~[jna-5.10.0.jar:?]
		at com.mojang.text2speech.NarratorLinux.<clinit>(NarratorLinux.java:18) [text2speech-1.13.9.jar:?]
		at com.mojang.text2speech.Narrator.getNarrator(Narrator.java:21) [text2speech-1.13.9.jar:?]
		at net.minecraft.class_333.<init>(class_333.java:19) [client-intermediary.jar:?]
		at net.minecraft.class_310.<init>(class_310.java:637) [client-intermediary.jar:?]
		at net.minecraft.client.main.Main.method_44604(Main.java:205) [client-intermediary.jar:?]
		at net.minecraft.client.main.Main.main(Main.java:51) [client-intermediary.jar:?]
		at net.fabricmc.loader.impl.game.minecraft.MinecraftGameProvider.launch(MinecraftGameProvider.java:461) [fabric-loader-0.14.9.jar:?]
		at net.fabricmc.loader.impl.launch.knot.Knot.launch(Knot.java:74) [fabric-loader-0.14.9.jar:?]
		at net.fabricmc.loader.impl.launch.knot.KnotClient.main(KnotClient.java:23) [fabric-loader-0.14.9.jar:?]
		at jdk.internal.reflect.NativeMethodAccessorImpl.invoke0(Native Method) ~[?:?]
		at jdk.internal.reflect.NativeMethodAccessorImpl.invoke(NativeMethodAccessorImpl.java:77) ~[?:?]
		at jdk.internal.reflect.DelegatingMethodAccessorImpl.invoke(DelegatingMethodAccessorImpl.java:43) ~[?:?]
		at java.lang.reflect.Method.invoke(Method.java:568) ~[?:?]
		at org.multimc.onesix.OneSixLauncher.launchWithMainClass(OneSixLauncher.java:210) [NewLaunch.jar:?]
		at org.multimc.onesix.OneSixLauncher.launch(OneSixLauncher.java:245) [NewLaunch.jar:?]
		at org.multimc.EntryPoint.listen(EntryPoint.java:143) [NewLaunch.jar:?]
		at org.multimc.EntryPoint.main(EntryPoint.java:34) [NewLaunch.jar:?]
	Suppressed: java.io.IOException: Native library (linux-x86-64/libfliteWrapper.so) not found in resource path (/home/gavinboor/.local/share/multimc/bin/jars/NewLaunch.jar:/home/gavinboor/.local/share/multimc/libraries/org/lwjgl/lwjgl-glfw/3.3.1/lwjgl-glfw-3.3.1.jar:/home/gavinboor/.local/share/multimc/libraries/org/lwjgl/lwjgl-jemalloc/3.3.1/lwjgl-jemalloc-3.3.1.jar:/home/gavinboor/.local/share/multimc/libraries/org/lwjgl/lwjgl-openal/3.3.1/lwjgl-openal-3.3.1.jar:/home/gavinboor/.local/share/multimc/libraries/org/lwjgl/lwjgl-opengl/3.3.1/lwjgl-opengl-3.3.1.jar:/home/gavinboor/.local/share/multimc/libraries/org/lwjgl/lwjgl-stb/3.3.1/lwjgl-stb-3.3.1.jar:/home/gavinboor/.local/share/multimc/libraries/org/lwjgl/lwjgl-tinyfd/3.3.1/lwjgl-tinyfd-3.3.1.jar:/home/gavinboor/.local/share/multimc/libraries/org/lwjgl/lwjgl/3.3.1/lwjgl-3.3.1.jar:/home/gavinboor/.local/share/multimc/libraries/com/mojang/logging/1.0.0/logging-1.0.0.jar:/home/gavinboor/.local/share/multimc/libraries/com/mojang/blocklist/1.0.10/blocklist-1.0.10.jar:/home/gavinboor/.local/share/multimc/libraries/com/mojang/patchy/2.2.10/patchy-2.2.10.jar:/home/gavinboor/.local/share/multimc/libraries/com/github/oshi/oshi-core/5.8.5/oshi-core-5.8.5.jar:/home/gavinboor/.local/share/multimc/libraries/net/java/dev/jna/jna/5.10.0/jna-5.10.0.jar:/home/gavinboor/.local/share/multimc/libraries/net/java/dev/jna/jna-platform/5.10.0/jna-platform-5.10.0.jar:/home/gavinboor/.local/share/multimc/libraries/org/slf4j/slf4j-api/1.8.0-beta4/slf4j-api-1.8.0-beta4.jar:/home/gavinboor/.local/share/multimc/libraries/org/apache/logging/log4j/log4j-slf4j18-impl/2.16.0/log4j-slf4j18-impl-2.16.0.jar:/home/gavinboor/.local/share/multimc/libraries/com/ibm/icu/icu4j/70.1/icu4j-70.1.jar:/home/gavinboor/.local/share/multimc/libraries/com/mojang/javabridge/1.2.24/javabridge-1.2.24.jar:/home/gavinboor/.local/share/multimc/libraries/net/sf/jopt-simple/jopt-simple/5.0.4/jopt-simple-5.0.4.jar:/home/gavinboor/.local/share/multimc/libraries/io/netty/netty-common/4.1.77.Final/netty-common-4.1.77.Final.jar:/home/gavinboor/.local/share/multimc/libraries/io/netty/netty-buffer/4.1.77.Final/netty-buffer-4.1.77.Final.jar:/home/gavinboor/.local/share/multimc/libraries/io/netty/netty-codec/4.1.77.Final/netty-codec-4.1.77.Final.jar:/home/gavinboor/.local/share/multimc/libraries/io/netty/netty-handler/4.1.77.Final/netty-handler-4.1.77.Final.jar:/home/gavinboor/.local/share/multimc/libraries/io/netty/netty-resolver/4.1.77.Final/netty-resolver-4.1.77.Final.jar:/home/gavinboor/.local/share/multimc/libraries/io/netty/netty-transport/4.1.77.Final/netty-transport-4.1.77.Final.jar:/home/gavinboor/.local/share/multimc/libraries/io/netty/netty-transport-native-unix-common/4.1.77.Final/netty-transport-native-unix-common-4.1.77.Final.jar:/home/gavinboor/.local/share/multimc/libraries/io/netty/netty-transport-classes-epoll/4.1.77.Final/netty-transport-classes-epoll-4.1.77.Final.jar:/home/gavinboor/.local/share/multimc/libraries/io/netty/netty-transport-native-epoll/4.1.77.Final/netty-transport-native-epoll-4.1.77.Final-linux-x86_64.jar:/home/gavinboor/.local/share/multimc/libraries/com/google/guava/failureaccess/1.0.1/failureaccess-1.0.1.jar:/home/gavinboor/.local/share/multimc/libraries/com/google/guava/guava/31.0.1-jre/guava-31.0.1-jre.jar:/home/gavinboor/.local/share/multimc/libraries/org/apache/commons/commons-lang3/3.12.0/commons-lang3-3.12.0.jar:/home/gavinboor/.local/share/multimc/libraries/commons-io/commons-io/2.11.0/commons-io-2.11.0.jar:/home/gavinboor/.local/share/multimc/libraries/commons-codec/commons-codec/1.15/commons-codec-1.15.jar:/home/gavinboor/.local/share/multimc/libraries/com/mojang/brigadier/1.0.18/brigadier-1.0.18.jar:/home/gavinboor/.local/share/multimc/libraries/com/mojang/datafixerupper/5.0.28/datafixerupper-5.0.28.jar:/home/gavinboor/.local/share/multimc/libraries/com/google/code/gson/gson/2.8.9/gson-2.8.9.jar:/home/gavinboor/.local/share/multimc/libraries/com/mojang/authlib/3.11.49/authlib-3.11.49.jar:/home/gavinboor/.local/share/multimc/libraries/org/apache/commons/commons-compress/1.21/commons-compress-1.21.jar:/home/gavinboor/.local/share/multimc/libraries/org/apache/httpcomponents/httpclient/4.5.13/httpclient-4.5.13.jar:/home/gavinboor/.local/share/multimc/libraries/commons-logging/commons-logging/1.2/commons-logging-1.2.jar:/home/gavinboor/.local/share/multimc/libraries/org/apache/httpcomponents/httpcore/4.4.14/httpcore-4.4.14.jar:/home/gavinboor/.local/share/multimc/libraries/it/unimi/dsi/fastutil/8.5.6/fastutil-8.5.6.jar:/home/gavinboor/.local/share/multimc/libraries/org/apache/logging/log4j/log4j-api/2.16.0/log4j-api-2.16.0.jar:/home/gavinboor/.local/share/multimc/libraries/org/apache/logging/log4j/log4j-core/2.16.0/log4j-core-2.16.0.jar:/home/gavinboor/.local/share/multimc/libraries/com/mojang/text2speech/1.13.9/text2speech-1.13.9.jar:/home/gavinboor/.local/share/multimc/libraries/net/fabricmc/intermediary/1.19.2/intermediary-1.19.2.jar:/home/gavinboor/.local/share/multimc/libraries/net/fabricmc/tiny-mappings-parser/0.3.0+build.17/tiny-mappings-parser-0.3.0+build.17.jar:/home/gavinboor/.local/share/multimc/libraries/net/fabricmc/sponge-mixin/0.11.4+mixin.0.8.5/sponge-mixin-0.11.4+mixin.0.8.5.jar:/home/gavinboor/.local/share/multimc/libraries/net/fabricmc/tiny-remapper/0.8.2/tiny-remapper-0.8.2.jar:/home/gavinboor/.local/share/multimc/libraries/net/fabricmc/access-widener/2.1.0/access-widener-2.1.0.jar:/home/gavinboor/.local/share/multimc/libraries/org/ow2/asm/asm/9.3/asm-9.3.jar:/home/gavinboor/.local/share/multimc/libraries/org/ow2/asm/asm-analysis/9.3/asm-analysis-9.3.jar:/home/gavinboor/.local/share/multimc/libraries/org/ow2/asm/asm-commons/9.3/asm-commons-9.3.jar:/home/gavinboor/.local/share/multimc/libraries/org/ow2/asm/asm-tree/9.3/asm-tree-9.3.jar:/home/gavinboor/.local/share/multimc/libraries/org/ow2/asm/asm-util/9.3/asm-util-9.3.jar:/home/gavinboor/.local/share/multimc/libraries/net/fabricmc/fabric-loader/0.14.9/fabric-loader-0.14.9.jar:/home/gavinboor/.local/share/multimc/libraries/com/mojang/minecraft/1.19.2/minecraft-1.19.2-client.jar)
		at com.sun.jna.Native.extractFromResourcePath(Native.java:1145) ~[jna-5.10.0.jar:?]
		at com.sun.jna.NativeLibrary.loadLibrary(NativeLibrary.java:275) ~[jna-5.10.0.jar:?]
		at com.sun.jna.NativeLibrary.getInstance(NativeLibrary.java:461) ~[jna-5.10.0.jar:?]
		at com.sun.jna.NativeLibrary.getInstance(NativeLibrary.java:403) ~[jna-5.10.0.jar:?]
		at com.mojang.text2speech.NarratorLinux.<clinit>(NarratorLinux.java:18) [text2speech-1.13.9.jar:?]
		at com.mojang.text2speech.Narrator.getNarrator(Narrator.java:21) [text2speech-1.13.9.jar:?]
		at net.minecraft.class_333.<init>(class_333.java:19) [client-intermediary.jar:?]
		at net.minecraft.class_310.<init>(class_310.java:637) [client-intermediary.jar:?]
		at net.minecraft.client.main.Main.method_44604(Main.java:205) [client-intermediary.jar:?]
		at net.minecraft.client.main.Main.main(Main.java:51) [client-intermediary.jar:?]
		at net.fabricmc.loader.impl.game.minecraft.MinecraftGameProvider.launch(MinecraftGameProvider.java:461) [fabric-loader-0.14.9.jar:?]
		at net.fabricmc.loader.impl.launch.knot.Knot.launch(Knot.java:74) [fabric-loader-0.14.9.jar:?]
		at net.fabricmc.loader.impl.launch.knot.KnotClient.main(KnotClient.java:23) [fabric-loader-0.14.9.jar:?]
		at jdk.internal.reflect.NativeMethodAccessorImpl.invoke0(Native Method) ~[?:?]
		at jdk.internal.reflect.NativeMethodAccessorImpl.invoke(NativeMethodAccessorImpl.java:77) ~[?:?]
		at jdk.internal.reflect.DelegatingMethodAccessorImpl.invoke(DelegatingMethodAccessorImpl.java:43) ~[?:?]
		at java.lang.reflect.Method.invoke(Method.java:568) ~[?:?]
		at org.multimc.onesix.OneSixLauncher.launchWithMainClass(OneSixLauncher.java:210) [NewLaunch.jar:?]
		at org.multimc.onesix.OneSixLauncher.launch(OneSixLauncher.java:245) [NewLaunch.jar:?]
		at org.multimc.EntryPoint.listen(EntryPoint.java:143) [NewLaunch.jar:?]
		at org.multimc.EntryPoint.main(EntryPoint.java:34) [NewLaunch.jar:?]
[07:02:43] [Render thread/INFO]: Reloading ResourceManager: Default, Fabric Mods (Fabric API, Fabric API Base, Fabric API Lookup API (v1), Fabric Biome API (v1), Fabric BlockRenderLayer Registration (v1), Fabric Client Tags, Fabric Command API (v1), Fabric Command API (v2), Fabric Commands (v0), Fabric Containers (v0), Fabric Content Registries (v0), Fabric Convention Tags, Fabric Crash Report Info (v1), Fabric Data Generation API (v1), Fabric Dimensions API (v1), Fabric Entity Events (v1), Fabric Events Interaction (v0), Fabric Events Lifecycle (v0), Fabric Game Rule API (v1), Fabric Item API (v1), Fabric Item Groups (v0), Fabric Key Binding API (v1), Fabric Key Bindings (v0), Fabric Lifecycle Events (v1), Fabric Loot API (v2), Fabric Loot Tables (v1), Fabric Message API (v1), Fabric Mining Level API (v1), Fabric Models (v0), Fabric Networking API (v1), Fabric Networking (v0), Fabric Object Builder API (v1), Fabric Particles (v1), Fabric Registry Sync (v0), Fabric Renderer API (v1), Fabric Renderer - Indigo, Fabric Renderer Registries (v1), Fabric Rendering Data Attachment (v1), Fabric Rendering Fluids (v1), Fabric Rendering (v0), Fabric Rendering (v1), Fabric Resource Conditions API (v1), Fabric Resource Loader (v0), Fabric Screen API (v1), Fabric Screen Handler API (v1), Fabric Textures (v0), Fabric Transfer API (v1), Fabric Transitive Access Wideners (v1), Fabric Loader, Wurst Client, Xaero's Minimap, Xaero's World Map)
[07:02:44] [Render thread/INFO]: Loading Xaero's Minimap - Stage 2/2
[07:02:44] [Render thread/ERROR]: suppressed exception
java.lang.RuntimeException: Online mod data expired! Date: Tue Sep 27 04:34:26 CDT 2022
	at xaero.common.patreon.decrypt.DecryptInputStream.read(DecryptInputStream.java:59) ~[Xaeros_Minimap_22.14.1_Fabric_1.19.1.jar:?]
	at java.io.InputStream.read(InputStream.java:284) ~[?:?]
	at sun.nio.cs.StreamDecoder.readBytes(StreamDecoder.java:270) ~[?:?]
	at sun.nio.cs.StreamDecoder.implRead(StreamDecoder.java:313) ~[?:?]
	at sun.nio.cs.StreamDecoder.read(StreamDecoder.java:188) ~[?:?]
	at java.io.InputStreamReader.read(InputStreamReader.java:177) ~[?:?]
	at java.io.BufferedReader.fill(BufferedReader.java:162) ~[?:?]
	at java.io.BufferedReader.readLine(BufferedReader.java:329) ~[?:?]
	at java.io.BufferedReader.readLine(BufferedReader.java:396) ~[?:?]
	at xaero.common.misc.Internet.checkModVersion(Internet.java:54) [Xaeros_Minimap_22.14.1_Fabric_1.19.1.jar:?]
	at xaero.minimap.XaeroMinimap.tryLoadLater(XaeroMinimap.java:239) [Xaeros_Minimap_22.14.1_Fabric_1.19.1.jar:?]
	at net.minecraft.class_310.handler$zni001$onTickStart(class_310.java:6956) [client-intermediary.jar:?]
	at net.minecraft.class_310.method_1574(class_310.java) [client-intermediary.jar:?]
	at net.minecraft.class_310.method_1523(class_310.java:1135) [client-intermediary.jar:?]
	at net.minecraft.class_310.method_1514(class_310.java:768) [client-intermediary.jar:?]
	at net.minecraft.client.main.Main.method_44604(Main.java:244) [client-intermediary.jar:?]
	at net.minecraft.client.main.Main.main(Main.java:51) [client-intermediary.jar:?]
	at net.fabricmc.loader.impl.game.minecraft.MinecraftGameProvider.launch(MinecraftGameProvider.java:461) [fabric-loader-0.14.9.jar:?]
	at net.fabricmc.loader.impl.launch.knot.Knot.launch(Knot.java:74) [fabric-loader-0.14.9.jar:?]
	at net.fabricmc.loader.impl.launch.knot.KnotClient.main(KnotClient.java:23) [fabric-loader-0.14.9.jar:?]
	at jdk.internal.reflect.NativeMethodAccessorImpl.invoke0(Native Method) ~[?:?]
	at jdk.internal.reflect.NativeMethodAccessorImpl.invoke(NativeMethodAccessorImpl.java:77) ~[?:?]
	at jdk.internal.reflect.DelegatingMethodAccessorImpl.invoke(DelegatingMethodAccessorImpl.java:43) ~[?:?]
	at java.lang.reflect.Method.invoke(Method.java:568) ~[?:?]
	at org.multimc.onesix.OneSixLauncher.launchWithMainClass(OneSixLauncher.java:210) [NewLaunch.jar:?]
	at org.multimc.onesix.OneSixLauncher.launch(OneSixLauncher.java:245) [NewLaunch.jar:?]
	at org.multimc.EntryPoint.listen(EntryPoint.java:143) [NewLaunch.jar:?]
	at org.multimc.EntryPoint.main(EntryPoint.java:34) [NewLaunch.jar:?]
[07:02:44] [Render thread/INFO]: Xaero's Minimap: World Map found!
[07:02:44] [Render thread/INFO]: No Optifine!
[07:02:45] [Render thread/INFO]: Loading Xaero's World Map - Stage 2/2
[07:02:45] [Render thread/INFO]: New world map region cache hash code: 687554333
[07:02:45] [Render thread/INFO]: Xaero's WorldMap Mod: Xaero's minimap found!
[07:02:45] [Render thread/INFO]: No Optifine!
[07:02:45] [Render thread/INFO]: No Vivecraft!
[07:02:48] [Render thread/WARN]: Missing sound for event: minecraft:item.goat_horn.play
[07:02:48] [Render thread/WARN]: Missing sound for event: minecraft:entity.goat.screaming.horn_break
[07:02:48] [Render thread/INFO]: OpenAL initialized on device VirtIO SoundCard
[07:02:48] [Render thread/INFO]: Sound engine started
[07:02:49] [Render thread/INFO]: Created: 1024x1024x0 minecraft:textures/atlas/blocks.png-atlas
[07:02:49] [Render thread/INFO]: Created: 256x128x0 minecraft:textures/atlas/signs.png-atlas
[07:02:49] [Render thread/INFO]: Created: 1024x512x0 minecraft:textures/atlas/banner_patterns.png-atlas
[07:02:49] [Render thread/INFO]: Created: 1024x512x0 minecraft:textures/atlas/shield_patterns.png-atlas
[07:02:49] [Render thread/INFO]: Created: 256x256x0 minecraft:textures/atlas/chest.png-atlas
[07:02:49] [Render thread/INFO]: Created: 512x256x0 minecraft:textures/atlas/beds.png-atlas
[07:02:49] [Render thread/INFO]: Created: 512x256x0 minecraft:textures/atlas/shulker_boxes.png-atlas
[07:02:51] [Render thread/WARN]: Shader rendertype_entity_translucent_emissive could not find sampler named Sampler2 in the specified shader program.
[07:02:52] [Render thread/INFO]: Created: 512x256x0 minecraft:textures/atlas/particles.png-atlas
[07:02:52] [Render thread/INFO]: Created: 256x256x0 minecraft:textures/atlas/paintings.png-atlas
[07:02:52] [Render thread/INFO]: Created: 256x128x0 minecraft:textures/atlas/mob_effects.png-atlas
[07:02:52] [Render thread/INFO]: Successfully reloaded the minimap shaders!
[07:02:52] [Render thread/INFO]: Successfully reloaded the world map shaders!
[07:02:58] [Render thread/INFO]: Connecting to 172.240.250.116, 25702
[07:03:03] [Render thread/INFO]: New minimap session initialized!
[07:03:03] [Render thread/INFO]: New world map session initialized!
[07:03:04] [Render thread/INFO]: [STDOUT]: Baritone world data dir: /home/gavinboor/.local/share/multimc/instances/Baritone - Wurst/.minecraft/baritone/172.240.250.116:25702/minecraft/overworld_384
[07:03:04] [Render thread/INFO]: [STDOUT]: Cached world directory: /home/gavinboor/.local/share/multimc/instances/Baritone - Wurst/.minecraft/baritone/172.240.250.116:25702/minecraft/overworld_384/cache
[07:03:04] [Render thread/INFO]: [STDOUT]: Would save waypoints to /home/gavinboor/.local/share/multimc/instances/Baritone - Wurst/.minecraft/baritone/172.240.250.116:25702/minecraft/overworld_384/waypoints
[07:03:04] [Render thread/INFO]: [STDOUT]: Telemetry sending attempt blocked.
[07:03:08] [Render thread/INFO]: Loaded 416 advancements
[07:03:08] [pool-2-thread-1/INFO]: [STDOUT]: Loading region 0,-4 from disk /home/gavinboor/.local/share/multimc/instances/Baritone - Wurst/.minecraft/baritone/172.240.250.116:25702/minecraft/overworld_384/cache
[07:03:09] [pool-2-thread-1/INFO]: [STDOUT]: Loaded region successfully in 850ms
[07:03:10] [Render thread/INFO]: Reloading entity icon resources...
[07:03:10] [Render thread/INFO]: Done!
[07:03:10] [pool-2-thread-1/INFO]: [STDOUT]: Loading region 0,-3 from disk /home/gavinboor/.local/share/multimc/instances/Baritone - Wurst/.minecraft/baritone/172.240.250.116:25702/minecraft/overworld_384/cache
[07:03:10] [Render thread/INFO]: [STDOUT]: Brightness started at 0.5
[07:03:10] [Worker-Bootstrap-2/INFO]: 4283 Datafixer optimizations took 39742 milliseconds
[07:03:10] [pool-2-thread-1/INFO]: [STDOUT]: Loaded region successfully in 658ms
[07:03:12] [WurstUpdater/INFO]: [STDOUT]: [Updater] Current version: 7.27.3
[07:03:12] [WurstUpdater/INFO]: [STDOUT]: [Updater] Latest version: 7.27.3
[07:03:34] [pool-2-thread-2/INFO]: [STDOUT]: Saving region 0,-3 to disk /home/gavinboor/.local/share/multimc/instances/Baritone - Wurst/.minecraft/baritone/172.240.250.116:25702/minecraft/overworld_384/cache
[07:03:34] [ForkJoinPool.commonPool-worker-9/INFO]: [STDOUT]: Saving region 0,-4 to disk /home/gavinboor/.local/share/multimc/instances/Baritone - Wurst/.minecraft/baritone/172.240.250.116:25702/minecraft/overworld_384/cache
[07:03:34] [pool-2-thread-2/INFO]: [STDOUT]: Saved region successfully
[07:03:34] [ForkJoinPool.commonPool-worker-9/INFO]: [STDOUT]: Saved region successfully
[07:03:34] [pool-2-thread-2/INFO]: [STDOUT]: World save took 287ms
[07:07:42] [Render thread/WARN]: Duplicate entity UUID dda9633c-ad5a-4be7-b2a9-deb60f8b04bd: FakePlayerEntity['AceMicrowave'/722, l='ClientLevel', x=287.25, y=-15.00, z=-1490.05]
[07:08:37] [Render thread/INFO]: Minimap session finalized.
[07:08:37] [Render thread/INFO]: Finalizing world map session...
[07:08:37] [Thread-1/INFO]: World map force-cleaned!
[07:08:37] [Render thread/INFO]: World map session finalized.
[07:08:37] [Sound engine/ERROR]: Stop: Invalid name parameter.
[07:08:38] [Render thread/INFO]: Connecting to 172.240.250.116, 25702
[07:08:39] [Render thread/INFO]: New minimap session initialized!
[07:08:39] [Render thread/INFO]: New world map session initialized!
[07:08:39] [pool-2-thread-3/INFO]: [STDOUT]: Started saving the world in a new thread
[07:08:39] [Render thread/INFO]: [STDOUT]: Baritone world data dir: /home/gavinboor/.local/share/multimc/instances/Baritone - Wurst/.minecraft/baritone/172.240.250.116:25702/minecraft/overworld_384
[07:08:39] [pool-2-thread-3/INFO]: [STDOUT]: Saving region 0,-3 to disk /home/gavinboor/.local/share/multimc/instances/Baritone - Wurst/.minecraft/baritone/172.240.250.116:25702/minecraft/overworld_384/cache
[07:08:39] [ForkJoinPool.commonPool-worker-7/INFO]: [STDOUT]: Saving region 0,-4 to disk /home/gavinboor/.local/share/multimc/instances/Baritone - Wurst/.minecraft/baritone/172.240.250.116:25702/minecraft/overworld_384/cache
[07:08:39] [Render thread/INFO]: [STDOUT]: Telemetry sending attempt blocked.
[07:08:39] [ForkJoinPool.commonPool-worker-7/INFO]: [STDOUT]: Saved region successfully
[07:08:39] [pool-2-thread-3/INFO]: [STDOUT]: Saved region successfully
[07:08:39] [pool-2-thread-3/INFO]: [STDOUT]: World save took 235ms
[07:08:39] [Render thread/INFO]: Loaded 416 advancements
[07:08:40] [pool-2-thread-1/INFO]: [STDOUT]: Loading region 0,-3 from disk /home/gavinboor/.local/share/multimc/instances/Baritone - Wurst/.minecraft/baritone/172.240.250.116:25702/minecraft/overworld_384/cache
[07:08:40] [pool-2-thread-1/INFO]: [STDOUT]: Loaded region successfully in 217ms
[07:08:42] [pool-2-thread-1/INFO]: [STDOUT]: Loading region 0,-4 from disk /home/gavinboor/.local/share/multimc/instances/Baritone - Wurst/.minecraft/baritone/172.240.250.116:25702/minecraft/overworld_384/cache
[07:08:42] [pool-2-thread-1/INFO]: [STDOUT]: Loaded region successfully in 158ms
[07:08:57] [Render thread/INFO]: Minimap session finalized.
[07:08:57] [Render thread/INFO]: Finalizing world map session...
[07:08:58] [Thread-1/INFO]: World map force-cleaned!
[07:08:58] [Render thread/INFO]: World map session finalized.
[07:09:01] [Render thread/INFO]: Stopping!
