[07:18:34] [main/INFO]: Loading Minecraft 1.19.2 with Fabric Loader 0.14.9
[07:18:34] [ForkJoinPool-1-worker-2/WARN]: Mod wurst uses the version v7.27.3-MC1.19.2 which isn't compatible with Loader's extended semantic version format (Could not parse version number component 'v7'!), SemVer is recommended for reliably evaluating dependencies and prioritizing newer version
[07:18:34] [ForkJoinPool-1-worker-7/WARN]: Mod wurst uses the version v7.28-MC1.19.2 which isn't compatible with Loader's extended semantic version format (Could not parse version number component 'v7'!), SemVer is recommended for reliably evaluating dependencies and prioritizing newer version
[07:18:34] [main/INFO]: Loading 55 mods:
	- baritone 1.5.3-621-gaddd1fc7
	- fabric-api 0.61.0+1.19.2
	- fabric-api-base 0.4.11+e62f51a390 via fabric-api
	- fabric-api-lookup-api-v1 1.6.9+9ff28f4090 via fabric-api
	- fabric-biome-api-v1 9.0.17+aeb40ebe90 via fabric-api
	- fabric-blockrenderlayer-v1 1.1.20+aeb40ebe90 via fabric-api
	- fabric-client-tags-api-v1 1.0.1+b35fea8390 via fabric-api
	- fabric-command-api-v1 1.2.11+f71b366f90 via fabric-api
	- fabric-command-api-v2 2.1.7+0c17ea9690 via fabric-api
	- fabric-commands-v0 0.2.28+df3654b390 via fabric-api
	- fabric-containers-v0 0.1.34+df3654b390 via fabric-api
	- fabric-content-registries-v0 3.3.0+624e468e90 via fabric-api
	- fabric-convention-tags-v1 1.1.1+7cd20a1490 via fabric-api
	- fabric-crash-report-info-v1 0.2.5+aeb40ebe90 via fabric-api
	- fabric-data-generation-api-v1 5.1.9+a680b9b490 via fabric-api
	- fabric-dimensions-v1 2.1.31+0dd10df690 via fabric-api
	- fabric-entity-events-v1 1.4.18+9ff28f4090 via fabric-api
	- fabric-events-interaction-v0 0.4.28+aeb40ebe90 via fabric-api
	- fabric-events-lifecycle-v0 0.2.28+df3654b390 via fabric-api
	- fabric-game-rule-api-v1 1.0.21+aeb40ebe90 via fabric-api
	- fabric-item-api-v1 1.5.7+35a03c4390 via fabric-api
	- fabric-item-groups-v0 0.3.29+4e8ca3fd90 via fabric-api
	- fabric-key-binding-api-v1 1.0.20+aeb40ebe90 via fabric-api
	- fabric-keybindings-v0 0.2.18+df3654b390 via fabric-api
	- fabric-lifecycle-events-v1 2.1.2+aeb40ebe90 via fabric-api
	- fabric-loot-api-v2 1.1.3+83a8659290 via fabric-api
	- fabric-loot-tables-v1 1.1.6+9e7660c690 via fabric-api
	- fabric-message-api-v1 5.0.3+176380a290 via fabric-api
	- fabric-mining-level-api-v1 2.1.14+33fbc73890 via fabric-api
	- fabric-models-v0 0.3.17+aeb40ebe90 via fabric-api
	- fabric-networking-api-v1 1.2.4+5eb68ef290 via fabric-api
	- fabric-networking-v0 0.3.21+df3654b390 via fabric-api
	- fabric-object-builder-api-v1 4.0.11+aeb40ebe90 via fabric-api
	- fabric-particles-v1 1.0.10+aeb40ebe90 via fabric-api
	- fabric-registry-sync-v0 0.9.25+726b652090 via fabric-api
	- fabric-renderer-api-v1 1.0.10+aeb40ebe90 via fabric-api
	- fabric-renderer-indigo 0.6.12+aeb40ebe90 via fabric-api
	- fabric-renderer-registries-v1 3.2.20+df3654b390 via fabric-api
	- fabric-rendering-data-attachment-v1 0.3.14+aeb40ebe90 via fabric-api
	- fabric-rendering-fluids-v1 3.0.7+aeb40ebe90 via fabric-api
	- fabric-rendering-v0 1.1.22+df3654b390 via fabric-api
	- fabric-rendering-v1 1.10.16+aeb40ebe90 via fabric-api
	- fabric-resource-conditions-api-v1 2.0.11+e62f51a390 via fabric-api
	- fabric-resource-loader-v0 0.6.1+aeb40ebe90 via fabric-api
	- fabric-screen-api-v1 1.0.26+f05effaf90 via fabric-api
	- fabric-screen-handler-api-v1 1.3.0+1cc24b1b90 via fabric-api
	- fabric-textures-v0 1.0.20+aeb40ebe90 via fabric-api
	- fabric-transfer-api-v1 2.1.0+8f88597390 via fabric-api
	- fabric-transitive-access-wideners-v1 1.3.0+42d99c3290 via fabric-api
	- fabricloader 0.14.9
	- java 17
	- minecraft 1.19.2
	- wurst v7.28-MC1.19.2
	- xaerominimap 22.15.1
	- xaeroworldmap 1.28.0
[07:18:35] [main/INFO]: SpongePowered MIXIN Subsystem Version=0.8.5 Source=file:/home/gavinboor/.local/share/multimc/libraries/net/fabricmc/sponge-mixin/0.11.4+mixin.0.8.5/sponge-mixin-0.11.4+mixin.0.8.5.jar Service=Knot/Fabric Env=CLIENT
[07:18:35] [main/INFO]: Compatibility level set to JAVA_17
[07:18:35] [main/WARN]: Error loading class: me/jellysquid/mods/sodium/client/render/occlusion/BlockOcclusionCache (java.lang.ClassNotFoundException: me/jellysquid/mods/sodium/client/render/occlusion/BlockOcclusionCache)
[07:18:36] [main/WARN]: Configuration conflict: there is more than one oshi.properties file on the classpath
[07:18:36] [main/WARN]: Configuration conflict: there is more than one oshi.architecture.properties file on the classpath
[07:18:39] [main/INFO]: Building optimized datafixer
[07:18:44] [Render thread/INFO]: Environment: authHost='https://authserver.mojang.com', accountsHost='https://api.mojang.com', sessionHost='https://sessionserver.mojang.com', servicesHost='https://api.minecraftservices.com', name='PROD'
[07:18:45] [Render thread/INFO]: Setting user: CodeOverload
[07:18:45] [Render thread/INFO]: [STDOUT]: Starting Wurst Client...
[07:18:47] [Render thread/INFO]: [Indigo] Registering Indigo renderer!
[07:18:48] [Render thread/INFO]: Loading Xaero's Minimap - Stage 1/2
[07:18:49] [Render thread/INFO]: Loading Xaero's World Map - Stage 1/2
[07:18:50] [Render thread/INFO]: Backend library: LWJGL version 3.3.1 SNAPSHOT
[07:18:54] [Render thread/WARN]: ERROR : Couldn't load Narrator library
java.lang.UnsatisfiedLinkError: Unable to load library 'fliteWrapper':
libfliteWrapper.so: cannot open shared object file: No such file or directory
libfliteWrapper.so: cannot open shared object file: No such file or directory
Native library (linux-x86-64/libfliteWrapper.so) not found in resource path (/home/gavinboor/.local/share/multimc/bin/jars/NewLaunch.jar:/home/gavinboor/.local/share/multimc/libraries/org/lwjgl/lwjgl-glfw/3.3.1/lwjgl-glfw-3.3.1.jar:/home/gavinboor/.local/share/multimc/libraries/org/lwjgl/lwjgl-jemalloc/3.3.1/lwjgl-jemalloc-3.3.1.jar:/home/gavinboor/.local/share/multimc/libraries/org/lwjgl/lwjgl-openal/3.3.1/lwjgl-openal-3.3.1.jar:/home/gavinboor/.local/share/multimc/libraries/org/lwjgl/lwjgl-opengl/3.3.1/lwjgl-opengl-3.3.1.jar:/home/gavinboor/.local/share/multimc/libraries/org/lwjgl/lwjgl-stb/3.3.1/lwjgl-stb-3.3.1.jar:/home/gavinboor/.local/share/multimc/libraries/org/lwjgl/lwjgl-tinyfd/3.3.1/lwjgl-tinyfd-3.3.1.jar:/home/gavinboor/.local/share/multimc/libraries/org/lwjgl/lwjgl/3.3.1/lwjgl-3.3.1.jar:/home/gavinboor/.local/share/multimc/libraries/com/mojang/logging/1.0.0/logging-1.0.0.jar:/home/gavinboor/.local/share/multimc/libraries/com/mojang/blocklist/1.0.10/blocklist-1.0.10.jar:/home/gavinboor/.local/share/multimc/libraries/com/mojang/patchy/2.2.10/patchy-2.2.10.jar:/home/gavinboor/.local/share/multimc/libraries/com/github/oshi/oshi-core/5.8.5/oshi-core-5.8.5.jar:/home/gavinboor/.local/share/multimc/libraries/net/java/dev/jna/jna/5.10.0/jna-5.10.0.jar:/home/gavinboor/.local/share/multimc/libraries/net/java/dev/jna/jna-platform/5.10.0/jna-platform-5.10.0.jar:/home/gavinboor/.local/share/multimc/libraries/org/slf4j/slf4j-api/1.8.0-beta4/slf4j-api-1.8.0-beta4.jar:/home/gavinboor/.local/share/multimc/libraries/org/apache/logging/log4j/log4j-slf4j18-impl/2.16.0/log4j-slf4j18-impl-2.16.0.jar:/home/gavinboor/.local/share/multimc/libraries/com/ibm/icu/icu4j/70.1/icu4j-70.1.jar:/home/gavinboor/.local/share/multimc/libraries/com/mojang/javabridge/1.2.24/javabridge-1.2.24.jar:/home/gavinboor/.local/share/multimc/libraries/net/sf/jopt-simple/jopt-simple/5.0.4/jopt-simple-5.0.4.jar:/home/gavinboor/.local/share/multimc/libraries/io/netty/netty-common/4.1.77.Final/netty-common-4.1.77.Final.jar:/home/gavinboor/.local/share/multimc/libraries/io/netty/netty-buffer/4.1.77.Final/netty-buffer-4.1.77.Final.jar:/home/gavinboor/.local/share/multimc/libraries/io/netty/netty-codec/4.1.77.Final/netty-codec-4.1.77.Final.jar:/home/gavinboor/.local/share/multimc/libraries/io/netty/netty-handler/4.1.77.Final/netty-handler-4.1.77.Final.jar:/home/gavinboor/.local/share/multimc/libraries/io/netty/netty-resolver/4.1.77.Final/netty-resolver-4.1.77.Final.jar:/home/gavinboor/.local/share/multimc/libraries/io/netty/netty-transport/4.1.77.Final/netty-transport-4.1.77.Final.jar:/home/gavinboor/.local/share/multimc/libraries/io/netty/netty-transport-native-unix-common/4.1.77.Final/netty-transport-native-unix-common-4.1.77.Final.jar:/home/gavinboor/.local/share/multimc/libraries/io/netty/netty-transport-classes-epoll/4.1.77.Final/netty-transport-classes-epoll-4.1.77.Final.jar:/home/gavinboor/.local/share/multimc/libraries/io/netty/netty-transport-native-epoll/4.1.77.Final/netty-transport-native-epoll-4.1.77.Final-linux-x86_64.jar:/home/gavinboor/.local/share/multimc/libraries/com/google/guava/failureaccess/1.0.1/failureaccess-1.0.1.jar:/home/gavinboor/.local/share/multimc/libraries/com/google/guava/guava/31.0.1-jre/guava-31.0.1-jre.jar:/home/gavinboor/.local/share/multimc/libraries/org/apache/commons/commons-lang3/3.12.0/commons-lang3-3.12.0.jar:/home/gavinboor/.local/share/multimc/libraries/commons-io/commons-io/2.11.0/commons-io-2.11.0.jar:/home/gavinboor/.local/share/multimc/libraries/commons-codec/commons-codec/1.15/commons-codec-1.15.jar:/home/gavinboor/.local/share/multimc/libraries/com/mojang/brigadier/1.0.18/brigadier-1.0.18.jar:/home/gavinboor/.local/share/multimc/libraries/com/mojang/datafixerupper/5.0.28/datafixerupper-5.0.28.jar:/home/gavinboor/.local/share/multimc/libraries/com/google/code/gson/gson/2.8.9/gson-2.8.9.jar:/home/gavinboor/.local/share/multimc/libraries/com/mojang/authlib/3.11.49/authlib-3.11.49.jar:/home/gavinboor/.local/share/multimc/libraries/org/apache/commons/commons-compress/1.21/commons-compress-1.21.jar:/home/gavinboor/.local/share/multimc/libraries/org/apache/httpcomponents/httpclient/4.5.13/httpclient-4.5.13.jar:/home/gavinboor/.local/share/multimc/libraries/commons-logging/commons-logging/1.2/commons-logging-1.2.jar:/home/gavinboor/.local/share/multimc/libraries/org/apache/httpcomponents/httpcore/4.4.14/httpcore-4.4.14.jar:/home/gavinboor/.local/share/multimc/libraries/it/unimi/dsi/fastutil/8.5.6/fastutil-8.5.6.jar:/home/gavinboor/.local/share/multimc/libraries/org/apache/logging/log4j/log4j-api/2.16.0/log4j-api-2.16.0.jar:/home/gavinboor/.local/share/multimc/libraries/org/apache/logging/log4j/log4j-core/2.16.0/log4j-core-2.16.0.jar:/home/gavinboor/.local/share/multimc/libraries/com/mojang/text2speech/1.13.9/text2speech-1.13.9.jar:/home/gavinboor/.local/share/multimc/libraries/net/fabricmc/intermediary/1.19.2/intermediary-1.19.2.jar:/home/gavinboor/.local/share/multimc/libraries/net/fabricmc/tiny-mappings-parser/0.3.0+build.17/tiny-mappings-parser-0.3.0+build.17.jar:/home/gavinboor/.local/share/multimc/libraries/net/fabricmc/sponge-mixin/0.11.4+mixin.0.8.5/sponge-mixin-0.11.4+mixin.0.8.5.jar:/home/gavinboor/.local/share/multimc/libraries/net/fabricmc/tiny-remapper/0.8.2/tiny-remapper-0.8.2.jar:/home/gavinboor/.local/share/multimc/libraries/net/fabricmc/access-widener/2.1.0/access-widener-2.1.0.jar:/home/gavinboor/.local/share/multimc/libraries/org/ow2/asm/asm/9.3/asm-9.3.jar:/home/gavinboor/.local/share/multimc/libraries/org/ow2/asm/asm-analysis/9.3/asm-analysis-9.3.jar:/home/gavinboor/.local/share/multimc/libraries/org/ow2/asm/asm-commons/9.3/asm-commons-9.3.jar:/home/gavinboor/.local/share/multimc/libraries/org/ow2/asm/asm-tree/9.3/asm-tree-9.3.jar:/home/gavinboor/.local/share/multimc/libraries/org/ow2/asm/asm-util/9.3/asm-util-9.3.jar:/home/gavinboor/.local/share/multimc/libraries/net/fabricmc/fabric-loader/0.14.9/fabric-loader-0.14.9.jar:/home/gavinboor/.local/share/multimc/libraries/com/mojang/minecraft/1.19.2/minecraft-1.19.2-client.jar)
	at com.sun.jna.NativeLibrary.loadLibrary(NativeLibrary.java:301) ~[jna-5.10.0.jar:?]
	at com.sun.jna.NativeLibrary.getInstance(NativeLibrary.java:461) ~[jna-5.10.0.jar:?]
	at com.sun.jna.NativeLibrary.getInstance(NativeLibrary.java:403) ~[jna-5.10.0.jar:?]
	at com.mojang.text2speech.NarratorLinux.<clinit>(NarratorLinux.java:18) [text2speech-1.13.9.jar:?]
	at com.mojang.text2speech.Narrator.getNarrator(Narrator.java:21) [text2speech-1.13.9.jar:?]
	at net.minecraft.class_333.<init>(class_333.java:19) [client-intermediary.jar:?]
	at net.minecraft.class_310.<init>(class_310.java:637) [client-intermediary.jar:?]
	at net.minecraft.client.main.Main.method_44604(Main.java:205) [client-intermediary.jar:?]
	at net.minecraft.client.main.Main.main(Main.java:51) [client-intermediary.jar:?]
	at net.fabricmc.loader.impl.game.minecraft.MinecraftGameProvider.launch(MinecraftGameProvider.java:461) [fabric-loader-0.14.9.jar:?]
	at net.fabricmc.loader.impl.launch.knot.Knot.launch(Knot.java:74) [fabric-loader-0.14.9.jar:?]
	at net.fabricmc.loader.impl.launch.knot.KnotClient.main(KnotClient.java:23) [fabric-loader-0.14.9.jar:?]
	at jdk.internal.reflect.NativeMethodAccessorImpl.invoke0(Native Method) ~[?:?]
	at jdk.internal.reflect.NativeMethodAccessorImpl.invoke(NativeMethodAccessorImpl.java:77) ~[?:?]
	at jdk.internal.reflect.DelegatingMethodAccessorImpl.invoke(DelegatingMethodAccessorImpl.java:43) ~[?:?]
	at java.lang.reflect.Method.invoke(Method.java:568) ~[?:?]
	at org.multimc.onesix.OneSixLauncher.launchWithMainClass(OneSixLauncher.java:210) [NewLaunch.jar:?]
	at org.multimc.onesix.OneSixLauncher.launch(OneSixLauncher.java:245) [NewLaunch.jar:?]
	at org.multimc.EntryPoint.listen(EntryPoint.java:143) [NewLaunch.jar:?]
	at org.multimc.EntryPoint.main(EntryPoint.java:34) [NewLaunch.jar:?]
	Suppressed: java.lang.UnsatisfiedLinkError: libfliteWrapper.so: cannot open shared object file: No such file or directory
		at com.sun.jna.Native.open(Native Method) ~[jna-5.10.0.jar:?]
		at com.sun.jna.NativeLibrary.loadLibrary(NativeLibrary.java:191) ~[jna-5.10.0.jar:?]
		at com.sun.jna.NativeLibrary.getInstance(NativeLibrary.java:461) ~[jna-5.10.0.jar:?]
		at com.sun.jna.NativeLibrary.getInstance(NativeLibrary.java:403) ~[jna-5.10.0.jar:?]
		at com.mojang.text2speech.NarratorLinux.<clinit>(NarratorLinux.java:18) [text2speech-1.13.9.jar:?]
		at com.mojang.text2speech.Narrator.getNarrator(Narrator.java:21) [text2speech-1.13.9.jar:?]
		at net.minecraft.class_333.<init>(class_333.java:19) [client-intermediary.jar:?]
		at net.minecraft.class_310.<init>(class_310.java:637) [client-intermediary.jar:?]
		at net.minecraft.client.main.Main.method_44604(Main.java:205) [client-intermediary.jar:?]
		at net.minecraft.client.main.Main.main(Main.java:51) [client-intermediary.jar:?]
		at net.fabricmc.loader.impl.game.minecraft.MinecraftGameProvider.launch(MinecraftGameProvider.java:461) [fabric-loader-0.14.9.jar:?]
		at net.fabricmc.loader.impl.launch.knot.Knot.launch(Knot.java:74) [fabric-loader-0.14.9.jar:?]
		at net.fabricmc.loader.impl.launch.knot.KnotClient.main(KnotClient.java:23) [fabric-loader-0.14.9.jar:?]
		at jdk.internal.reflect.NativeMethodAccessorImpl.invoke0(Native Method) ~[?:?]
		at jdk.internal.reflect.NativeMethodAccessorImpl.invoke(NativeMethodAccessorImpl.java:77) ~[?:?]
		at jdk.internal.reflect.DelegatingMethodAccessorImpl.invoke(DelegatingMethodAccessorImpl.java:43) ~[?:?]
		at java.lang.reflect.Method.invoke(Method.java:568) ~[?:?]
		at org.multimc.onesix.OneSixLauncher.launchWithMainClass(OneSixLauncher.java:210) [NewLaunch.jar:?]
		at org.multimc.onesix.OneSixLauncher.launch(OneSixLauncher.java:245) [NewLaunch.jar:?]
		at org.multimc.EntryPoint.listen(EntryPoint.java:143) [NewLaunch.jar:?]
		at org.multimc.EntryPoint.main(EntryPoint.java:34) [NewLaunch.jar:?]
	Suppressed: java.lang.UnsatisfiedLinkError: libfliteWrapper.so: cannot open shared object file: No such file or directory
		at com.sun.jna.Native.open(Native Method) ~[jna-5.10.0.jar:?]
		at com.sun.jna.NativeLibrary.loadLibrary(NativeLibrary.java:204) ~[jna-5.10.0.jar:?]
		at com.sun.jna.NativeLibrary.getInstance(NativeLibrary.java:461) ~[jna-5.10.0.jar:?]
		at com.sun.jna.NativeLibrary.getInstance(NativeLibrary.java:403) ~[jna-5.10.0.jar:?]
		at com.mojang.text2speech.NarratorLinux.<clinit>(NarratorLinux.java:18) [text2speech-1.13.9.jar:?]
		at com.mojang.text2speech.Narrator.getNarrator(Narrator.java:21) [text2speech-1.13.9.jar:?]
		at net.minecraft.class_333.<init>(class_333.java:19) [client-intermediary.jar:?]
		at net.minecraft.class_310.<init>(class_310.java:637) [client-intermediary.jar:?]
		at net.minecraft.client.main.Main.method_44604(Main.java:205) [client-intermediary.jar:?]
		at net.minecraft.client.main.Main.main(Main.java:51) [client-intermediary.jar:?]
		at net.fabricmc.loader.impl.game.minecraft.MinecraftGameProvider.launch(MinecraftGameProvider.java:461) [fabric-loader-0.14.9.jar:?]
		at net.fabricmc.loader.impl.launch.knot.Knot.launch(Knot.java:74) [fabric-loader-0.14.9.jar:?]
		at net.fabricmc.loader.impl.launch.knot.KnotClient.main(KnotClient.java:23) [fabric-loader-0.14.9.jar:?]
		at jdk.internal.reflect.NativeMethodAccessorImpl.invoke0(Native Method) ~[?:?]
		at jdk.internal.reflect.NativeMethodAccessorImpl.invoke(NativeMethodAccessorImpl.java:77) ~[?:?]
		at jdk.internal.reflect.DelegatingMethodAccessorImpl.invoke(DelegatingMethodAccessorImpl.java:43) ~[?:?]
		at java.lang.reflect.Method.invoke(Method.java:568) ~[?:?]
		at org.multimc.onesix.OneSixLauncher.launchWithMainClass(OneSixLauncher.java:210) [NewLaunch.jar:?]
		at org.multimc.onesix.OneSixLauncher.launch(OneSixLauncher.java:245) [NewLaunch.jar:?]
		at org.multimc.EntryPoint.listen(EntryPoint.java:143) [NewLaunch.jar:?]
		at org.multimc.EntryPoint.main(EntryPoint.java:34) [NewLaunch.jar:?]
	Suppressed: java.io.IOException: Native library (linux-x86-64/libfliteWrapper.so) not found in resource path (/home/gavinboor/.local/share/multimc/bin/jars/NewLaunch.jar:/home/gavinboor/.local/share/multimc/libraries/org/lwjgl/lwjgl-glfw/3.3.1/lwjgl-glfw-3.3.1.jar:/home/gavinboor/.local/share/multimc/libraries/org/lwjgl/lwjgl-jemalloc/3.3.1/lwjgl-jemalloc-3.3.1.jar:/home/gavinboor/.local/share/multimc/libraries/org/lwjgl/lwjgl-openal/3.3.1/lwjgl-openal-3.3.1.jar:/home/gavinboor/.local/share/multimc/libraries/org/lwjgl/lwjgl-opengl/3.3.1/lwjgl-opengl-3.3.1.jar:/home/gavinboor/.local/share/multimc/libraries/org/lwjgl/lwjgl-stb/3.3.1/lwjgl-stb-3.3.1.jar:/home/gavinboor/.local/share/multimc/libraries/org/lwjgl/lwjgl-tinyfd/3.3.1/lwjgl-tinyfd-3.3.1.jar:/home/gavinboor/.local/share/multimc/libraries/org/lwjgl/lwjgl/3.3.1/lwjgl-3.3.1.jar:/home/gavinboor/.local/share/multimc/libraries/com/mojang/logging/1.0.0/logging-1.0.0.jar:/home/gavinboor/.local/share/multimc/libraries/com/mojang/blocklist/1.0.10/blocklist-1.0.10.jar:/home/gavinboor/.local/share/multimc/libraries/com/mojang/patchy/2.2.10/patchy-2.2.10.jar:/home/gavinboor/.local/share/multimc/libraries/com/github/oshi/oshi-core/5.8.5/oshi-core-5.8.5.jar:/home/gavinboor/.local/share/multimc/libraries/net/java/dev/jna/jna/5.10.0/jna-5.10.0.jar:/home/gavinboor/.local/share/multimc/libraries/net/java/dev/jna/jna-platform/5.10.0/jna-platform-5.10.0.jar:/home/gavinboor/.local/share/multimc/libraries/org/slf4j/slf4j-api/1.8.0-beta4/slf4j-api-1.8.0-beta4.jar:/home/gavinboor/.local/share/multimc/libraries/org/apache/logging/log4j/log4j-slf4j18-impl/2.16.0/log4j-slf4j18-impl-2.16.0.jar:/home/gavinboor/.local/share/multimc/libraries/com/ibm/icu/icu4j/70.1/icu4j-70.1.jar:/home/gavinboor/.local/share/multimc/libraries/com/mojang/javabridge/1.2.24/javabridge-1.2.24.jar:/home/gavinboor/.local/share/multimc/libraries/net/sf/jopt-simple/jopt-simple/5.0.4/jopt-simple-5.0.4.jar:/home/gavinboor/.local/share/multimc/libraries/io/netty/netty-common/4.1.77.Final/netty-common-4.1.77.Final.jar:/home/gavinboor/.local/share/multimc/libraries/io/netty/netty-buffer/4.1.77.Final/netty-buffer-4.1.77.Final.jar:/home/gavinboor/.local/share/multimc/libraries/io/netty/netty-codec/4.1.77.Final/netty-codec-4.1.77.Final.jar:/home/gavinboor/.local/share/multimc/libraries/io/netty/netty-handler/4.1.77.Final/netty-handler-4.1.77.Final.jar:/home/gavinboor/.local/share/multimc/libraries/io/netty/netty-resolver/4.1.77.Final/netty-resolver-4.1.77.Final.jar:/home/gavinboor/.local/share/multimc/libraries/io/netty/netty-transport/4.1.77.Final/netty-transport-4.1.77.Final.jar:/home/gavinboor/.local/share/multimc/libraries/io/netty/netty-transport-native-unix-common/4.1.77.Final/netty-transport-native-unix-common-4.1.77.Final.jar:/home/gavinboor/.local/share/multimc/libraries/io/netty/netty-transport-classes-epoll/4.1.77.Final/netty-transport-classes-epoll-4.1.77.Final.jar:/home/gavinboor/.local/share/multimc/libraries/io/netty/netty-transport-native-epoll/4.1.77.Final/netty-transport-native-epoll-4.1.77.Final-linux-x86_64.jar:/home/gavinboor/.local/share/multimc/libraries/com/google/guava/failureaccess/1.0.1/failureaccess-1.0.1.jar:/home/gavinboor/.local/share/multimc/libraries/com/google/guava/guava/31.0.1-jre/guava-31.0.1-jre.jar:/home/gavinboor/.local/share/multimc/libraries/org/apache/commons/commons-lang3/3.12.0/commons-lang3-3.12.0.jar:/home/gavinboor/.local/share/multimc/libraries/commons-io/commons-io/2.11.0/commons-io-2.11.0.jar:/home/gavinboor/.local/share/multimc/libraries/commons-codec/commons-codec/1.15/commons-codec-1.15.jar:/home/gavinboor/.local/share/multimc/libraries/com/mojang/brigadier/1.0.18/brigadier-1.0.18.jar:/home/gavinboor/.local/share/multimc/libraries/com/mojang/datafixerupper/5.0.28/datafixerupper-5.0.28.jar:/home/gavinboor/.local/share/multimc/libraries/com/google/code/gson/gson/2.8.9/gson-2.8.9.jar:/home/gavinboor/.local/share/multimc/libraries/com/mojang/authlib/3.11.49/authlib-3.11.49.jar:/home/gavinboor/.local/share/multimc/libraries/org/apache/commons/commons-compress/1.21/commons-compress-1.21.jar:/home/gavinboor/.local/share/multimc/libraries/org/apache/httpcomponents/httpclient/4.5.13/httpclient-4.5.13.jar:/home/gavinboor/.local/share/multimc/libraries/commons-logging/commons-logging/1.2/commons-logging-1.2.jar:/home/gavinboor/.local/share/multimc/libraries/org/apache/httpcomponents/httpcore/4.4.14/httpcore-4.4.14.jar:/home/gavinboor/.local/share/multimc/libraries/it/unimi/dsi/fastutil/8.5.6/fastutil-8.5.6.jar:/home/gavinboor/.local/share/multimc/libraries/org/apache/logging/log4j/log4j-api/2.16.0/log4j-api-2.16.0.jar:/home/gavinboor/.local/share/multimc/libraries/org/apache/logging/log4j/log4j-core/2.16.0/log4j-core-2.16.0.jar:/home/gavinboor/.local/share/multimc/libraries/com/mojang/text2speech/1.13.9/text2speech-1.13.9.jar:/home/gavinboor/.local/share/multimc/libraries/net/fabricmc/intermediary/1.19.2/intermediary-1.19.2.jar:/home/gavinboor/.local/share/multimc/libraries/net/fabricmc/tiny-mappings-parser/0.3.0+build.17/tiny-mappings-parser-0.3.0+build.17.jar:/home/gavinboor/.local/share/multimc/libraries/net/fabricmc/sponge-mixin/0.11.4+mixin.0.8.5/sponge-mixin-0.11.4+mixin.0.8.5.jar:/home/gavinboor/.local/share/multimc/libraries/net/fabricmc/tiny-remapper/0.8.2/tiny-remapper-0.8.2.jar:/home/gavinboor/.local/share/multimc/libraries/net/fabricmc/access-widener/2.1.0/access-widener-2.1.0.jar:/home/gavinboor/.local/share/multimc/libraries/org/ow2/asm/asm/9.3/asm-9.3.jar:/home/gavinboor/.local/share/multimc/libraries/org/ow2/asm/asm-analysis/9.3/asm-analysis-9.3.jar:/home/gavinboor/.local/share/multimc/libraries/org/ow2/asm/asm-commons/9.3/asm-commons-9.3.jar:/home/gavinboor/.local/share/multimc/libraries/org/ow2/asm/asm-tree/9.3/asm-tree-9.3.jar:/home/gavinboor/.local/share/multimc/libraries/org/ow2/asm/asm-util/9.3/asm-util-9.3.jar:/home/gavinboor/.local/share/multimc/libraries/net/fabricmc/fabric-loader/0.14.9/fabric-loader-0.14.9.jar:/home/gavinboor/.local/share/multimc/libraries/com/mojang/minecraft/1.19.2/minecraft-1.19.2-client.jar)
		at com.sun.jna.Native.extractFromResourcePath(Native.java:1145) ~[jna-5.10.0.jar:?]
		at com.sun.jna.NativeLibrary.loadLibrary(NativeLibrary.java:275) ~[jna-5.10.0.jar:?]
		at com.sun.jna.NativeLibrary.getInstance(NativeLibrary.java:461) ~[jna-5.10.0.jar:?]
		at com.sun.jna.NativeLibrary.getInstance(NativeLibrary.java:403) ~[jna-5.10.0.jar:?]
		at com.mojang.text2speech.NarratorLinux.<clinit>(NarratorLinux.java:18) [text2speech-1.13.9.jar:?]
		at com.mojang.text2speech.Narrator.getNarrator(Narrator.java:21) [text2speech-1.13.9.jar:?]
		at net.minecraft.class_333.<init>(class_333.java:19) [client-intermediary.jar:?]
		at net.minecraft.class_310.<init>(class_310.java:637) [client-intermediary.jar:?]
		at net.minecraft.client.main.Main.method_44604(Main.java:205) [client-intermediary.jar:?]
		at net.minecraft.client.main.Main.main(Main.java:51) [client-intermediary.jar:?]
		at net.fabricmc.loader.impl.game.minecraft.MinecraftGameProvider.launch(MinecraftGameProvider.java:461) [fabric-loader-0.14.9.jar:?]
		at net.fabricmc.loader.impl.launch.knot.Knot.launch(Knot.java:74) [fabric-loader-0.14.9.jar:?]
		at net.fabricmc.loader.impl.launch.knot.KnotClient.main(KnotClient.java:23) [fabric-loader-0.14.9.jar:?]
		at jdk.internal.reflect.NativeMethodAccessorImpl.invoke0(Native Method) ~[?:?]
		at jdk.internal.reflect.NativeMethodAccessorImpl.invoke(NativeMethodAccessorImpl.java:77) ~[?:?]
		at jdk.internal.reflect.DelegatingMethodAccessorImpl.invoke(DelegatingMethodAccessorImpl.java:43) ~[?:?]
		at java.lang.reflect.Method.invoke(Method.java:568) ~[?:?]
		at org.multimc.onesix.OneSixLauncher.launchWithMainClass(OneSixLauncher.java:210) [NewLaunch.jar:?]
		at org.multimc.onesix.OneSixLauncher.launch(OneSixLauncher.java:245) [NewLaunch.jar:?]
		at org.multimc.EntryPoint.listen(EntryPoint.java:143) [NewLaunch.jar:?]
		at org.multimc.EntryPoint.main(EntryPoint.java:34) [NewLaunch.jar:?]
[07:18:54] [Render thread/INFO]: Reloading ResourceManager: Default, Fabric Mods (Fabric API, Fabric API Base, Fabric API Lookup API (v1), Fabric Biome API (v1), Fabric BlockRenderLayer Registration (v1), Fabric Client Tags, Fabric Command API (v1), Fabric Command API (v2), Fabric Commands (v0), Fabric Containers (v0), Fabric Content Registries (v0), Fabric Convention Tags, Fabric Crash Report Info (v1), Fabric Data Generation API (v1), Fabric Dimensions API (v1), Fabric Entity Events (v1), Fabric Events Interaction (v0), Fabric Events Lifecycle (v0), Fabric Game Rule API (v1), Fabric Item API (v1), Fabric Item Groups (v0), Fabric Key Binding API (v1), Fabric Key Bindings (v0), Fabric Lifecycle Events (v1), Fabric Loot API (v2), Fabric Loot Tables (v1), Fabric Message API (v1), Fabric Mining Level API (v1), Fabric Models (v0), Fabric Networking API (v1), Fabric Networking (v0), Fabric Object Builder API (v1), Fabric Particles (v1), Fabric Registry Sync (v0), Fabric Renderer API (v1), Fabric Renderer - Indigo, Fabric Renderer Registries (v1), Fabric Rendering Data Attachment (v1), Fabric Rendering Fluids (v1), Fabric Rendering (v0), Fabric Rendering (v1), Fabric Resource Conditions API (v1), Fabric Resource Loader (v0), Fabric Screen API (v1), Fabric Screen Handler API (v1), Fabric Textures (v0), Fabric Transfer API (v1), Fabric Transitive Access Wideners (v1), Fabric Loader, Wurst Client, Xaero's Minimap, Xaero's World Map)
[07:18:55] [Render thread/INFO]: Loading Xaero's Minimap - Stage 2/2
[07:18:56] [Render thread/INFO]: Xaero's Minimap: World Map found!
[07:18:56] [Render thread/INFO]: No Optifine!
[07:18:56] [Render thread/INFO]: Xaero's Minimap: No Vivecraft!
[07:18:56] [Render thread/INFO]: Loading Xaero's World Map - Stage 2/2
[07:18:56] [Render thread/INFO]: New world map region cache hash code: 687554333
[07:18:56] [Render thread/INFO]: Xaero's WorldMap Mod: Xaero's minimap found!
[07:18:56] [Render thread/INFO]: No Optifine!
[07:18:56] [Render thread/INFO]: Xaero's World Map: No Vivecraft!
[07:19:00] [Render thread/WARN]: Missing sound for event: minecraft:item.goat_horn.play
[07:19:00] [Render thread/WARN]: Missing sound for event: minecraft:entity.goat.screaming.horn_break
[07:19:00] [Render thread/INFO]: OpenAL initialized on device VirtIO SoundCard
[07:19:00] [Render thread/INFO]: Sound engine started
[07:19:01] [Render thread/INFO]: Created: 1024x1024x0 minecraft:textures/atlas/blocks.png-atlas
[07:19:01] [Render thread/INFO]: Created: 256x128x0 minecraft:textures/atlas/signs.png-atlas
[07:19:01] [Render thread/INFO]: Created: 1024x512x0 minecraft:textures/atlas/banner_patterns.png-atlas
[07:19:01] [Render thread/INFO]: Created: 1024x512x0 minecraft:textures/atlas/shield_patterns.png-atlas
[07:19:01] [Render thread/INFO]: Created: 256x256x0 minecraft:textures/atlas/chest.png-atlas
[07:19:01] [Render thread/INFO]: Created: 512x256x0 minecraft:textures/atlas/beds.png-atlas
[07:19:01] [Render thread/INFO]: Created: 512x256x0 minecraft:textures/atlas/shulker_boxes.png-atlas
[07:19:03] [Render thread/WARN]: Shader rendertype_entity_translucent_emissive could not find sampler named Sampler2 in the specified shader program.
[07:19:03] [Render thread/INFO]: Created: 512x256x0 minecraft:textures/atlas/particles.png-atlas
[07:19:03] [Render thread/INFO]: Created: 256x256x0 minecraft:textures/atlas/paintings.png-atlas
[07:19:03] [Render thread/INFO]: Created: 256x128x0 minecraft:textures/atlas/mob_effects.png-atlas
[07:19:03] [Render thread/INFO]: Successfully reloaded the minimap shaders!
[07:19:03] [Render thread/INFO]: Successfully reloaded the world map shaders!
[07:19:13] [Render thread/INFO]: Connecting to play.survivewith.us, 25565
[07:19:17] [Render thread/INFO]: New minimap session initialized!
[07:19:17] [Render thread/INFO]: New world map session initialized!
[07:19:18] [Render thread/INFO]: [STDOUT]: Baritone world data dir: /home/gavinboor/.local/share/multimc/instances/Baritone - Wurst/.minecraft/baritone/play.survivewith.us/minecraft/overworld_384
[07:19:18] [Render thread/INFO]: [STDOUT]: Cached world directory: /home/gavinboor/.local/share/multimc/instances/Baritone - Wurst/.minecraft/baritone/play.survivewith.us/minecraft/overworld_384/cache
[07:19:18] [Render thread/INFO]: [STDOUT]: Would save waypoints to /home/gavinboor/.local/share/multimc/instances/Baritone - Wurst/.minecraft/baritone/play.survivewith.us/minecraft/overworld_384/waypoints
[07:19:18] [Render thread/INFO]: [STDOUT]: Telemetry sending attempt blocked.
[07:19:18] [Render thread/INFO]: [STDOUT]: Telemetry sending attempt blocked.
[07:19:19] [Render thread/WARN]: Not all defined tags for registry ResourceKey[minecraft:root / minecraft:block] are present in data pack: minecraft:ancient_city_replaceable, minecraft:mangrove_logs_can_grow_through, minecraft:mangrove_roots_can_grow_through, minecraft:nether_carver_replaceables, minecraft:overworld_carver_replaceables
[07:19:20] [Worker-Bootstrap-1/INFO]: 4283 Datafixer optimizations took 40747 milliseconds
[07:19:21] [Render thread/INFO]: [System] [CHAT] 
[07:19:21] [Render thread/INFO]: [System] [CHAT] 
[07:19:21] [Render thread/INFO]: [System] [CHAT] Welcome back to SurviveWithUs YELLOW, CodeOverload!
[07:19:21] [Render thread/INFO]: [System] [CHAT] 
[07:19:21] [Render thread/INFO]: [System] [CHAT] You've received a Daily Crate Key! Use it at /spawn or by typing /crate!
[07:19:21] [Render thread/INFO]: [System] [CHAT] 
[07:19:21] [Render thread/INFO]: [System] [CHAT] You have received 1 DailyKey keys!
[07:19:21] [Render thread/INFO]: [System] [CHAT] §bYou're currently receiving an §6§lXP§b or §6§lMoney Boost!§b Click §bhere §bto §bview §byour §6§l/boosts!
[07:19:21] [Render thread/INFO]: [System] [CHAT] 
[07:19:21] [Render thread/INFO]: Loaded 854 advancements
[07:19:21] [pool-2-thread-1/INFO]: [STDOUT]: Loading region -3,14 from disk /home/gavinboor/.local/share/multimc/instances/Baritone - Wurst/.minecraft/baritone/play.survivewith.us/minecraft/overworld_384/cache
[07:19:21] [Render thread/INFO]: Reloading entity icon resources...
[07:19:21] [Render thread/INFO]: Done!
[07:19:21] [Render thread/INFO]: [STDOUT]: Brightness started at 0.5
[07:19:21] [pool-2-thread-1/INFO]: [STDOUT]: Loaded region successfully in 365ms
[07:19:22] [WurstUpdater/INFO]: [STDOUT]: [Updater] Current version: 7.28
[07:19:22] [WurstUpdater/INFO]: [STDOUT]: [Updater] Latest version: 7.28
[07:19:23] [pool-2-thread-1/INFO]: [STDOUT]: Loading region -4,14 from disk /home/gavinboor/.local/share/multimc/instances/Baritone - Wurst/.minecraft/baritone/play.survivewith.us/minecraft/overworld_384/cache
[07:19:23] [pool-2-thread-1/INFO]: [STDOUT]: Loaded region successfully in 71ms
[07:19:42] [pool-2-thread-1/INFO]: [STDOUT]: Loading region 21,5 from disk /home/gavinboor/.local/share/multimc/instances/Baritone - Wurst/.minecraft/baritone/play.survivewith.us/minecraft/overworld_384/cache
[07:19:42] [pool-2-thread-1/INFO]: [STDOUT]: Loaded region successfully in 85ms
[07:19:42] [Render thread/WARN]: Unable to play empty soundEvent: minecraft:entity.tropical_fish.ambient
[07:19:42] [pool-2-thread-1/INFO]: [STDOUT]: Loading region 21,4 from disk /home/gavinboor/.local/share/multimc/instances/Baritone - Wurst/.minecraft/baritone/play.survivewith.us/minecraft/overworld_384/cache
[07:19:42] [pool-2-thread-1/INFO]: [STDOUT]: Loaded region successfully in 72ms
[07:19:42] [pool-2-thread-1/INFO]: [STDOUT]: Loading region 22,5 from disk /home/gavinboor/.local/share/multimc/instances/Baritone - Wurst/.minecraft/baritone/play.survivewith.us/minecraft/overworld_384/cache
[07:19:42] [pool-2-thread-1/INFO]: [STDOUT]: Loaded region successfully in 59ms
[07:19:42] [pool-2-thread-1/INFO]: [STDOUT]: Loading region 22,4 from disk /home/gavinboor/.local/share/multimc/instances/Baritone - Wurst/.minecraft/baritone/play.survivewith.us/minecraft/overworld_384/cache
[07:19:42] [pool-2-thread-1/INFO]: [STDOUT]: Loaded region successfully in 38ms
[07:19:43] [Render thread/WARN]: Unable to play empty soundEvent: minecraft:entity.cod.ambient
[07:19:44] [Render thread/INFO]: [System] [CHAT] Remember to /vote to get your next /rank and unlock epic rewards!
[07:19:44] [Render thread/INFO]: [STDOUT]: Baritone world data dir: /home/gavinboor/.local/share/multimc/instances/Baritone - Wurst/.minecraft/baritone/play.survivewith.us/minecraft/the_end_256
[07:19:44] [pool-2-thread-3/INFO]: [STDOUT]: Started saving the world in a new thread
[07:19:44] [Render thread/INFO]: [STDOUT]: Cached world directory: /home/gavinboor/.local/share/multimc/instances/Baritone - Wurst/.minecraft/baritone/play.survivewith.us/minecraft/the_end_256/cache
[07:19:44] [Render thread/INFO]: [STDOUT]: Would save waypoints to /home/gavinboor/.local/share/multimc/instances/Baritone - Wurst/.minecraft/baritone/play.survivewith.us/minecraft/the_end_256/waypoints
[07:19:44] [pool-2-thread-3/INFO]: [STDOUT]: Saving region 22,5 to disk /home/gavinboor/.local/share/multimc/instances/Baritone - Wurst/.minecraft/baritone/play.survivewith.us/minecraft/overworld_384/cache
[07:19:44] [ForkJoinPool.commonPool-worker-10/INFO]: [STDOUT]: Saving region 22,4 to disk /home/gavinboor/.local/share/multimc/instances/Baritone - Wurst/.minecraft/baritone/play.survivewith.us/minecraft/overworld_384/cache
[07:19:44] [ForkJoinPool.commonPool-worker-9/INFO]: [STDOUT]: Saving region 21,5 to disk /home/gavinboor/.local/share/multimc/instances/Baritone - Wurst/.minecraft/baritone/play.survivewith.us/minecraft/overworld_384/cache
[07:19:44] [ForkJoinPool.commonPool-worker-5/INFO]: [STDOUT]: Saving region 21,4 to disk /home/gavinboor/.local/share/multimc/instances/Baritone - Wurst/.minecraft/baritone/play.survivewith.us/minecraft/overworld_384/cache
[07:19:44] [ForkJoinPool.commonPool-worker-2/INFO]: [STDOUT]: Saving region -3,14 to disk /home/gavinboor/.local/share/multimc/instances/Baritone - Wurst/.minecraft/baritone/play.survivewith.us/minecraft/overworld_384/cache
[07:19:44] [ForkJoinPool.commonPool-worker-8/INFO]: [STDOUT]: Saving region -4,14 to disk /home/gavinboor/.local/share/multimc/instances/Baritone - Wurst/.minecraft/baritone/play.survivewith.us/minecraft/overworld_384/cache
[07:19:44] [pool-2-thread-4/INFO]: [STDOUT]: Loading region 0,0 from disk /home/gavinboor/.local/share/multimc/instances/Baritone - Wurst/.minecraft/baritone/play.survivewith.us/minecraft/the_end_256/cache
[07:19:44] [ForkJoinPool.commonPool-worker-10/INFO]: [STDOUT]: Saved region successfully
[07:19:44] [pool-2-thread-4/INFO]: [STDOUT]: Loaded region successfully in 112ms
[07:19:44] [pool-2-thread-4/INFO]: [STDOUT]: Loading region 0,-1 from disk /home/gavinboor/.local/share/multimc/instances/Baritone - Wurst/.minecraft/baritone/play.survivewith.us/minecraft/the_end_256/cache
[07:19:44] [ForkJoinPool.commonPool-worker-5/INFO]: [STDOUT]: Saved region successfully
[07:19:44] [pool-2-thread-3/INFO]: [STDOUT]: Saved region successfully
[07:19:44] [ForkJoinPool.commonPool-worker-9/INFO]: [STDOUT]: Saved region successfully
[07:19:44] [ForkJoinPool.commonPool-worker-8/INFO]: [STDOUT]: Saved region successfully
[07:19:45] [pool-2-thread-4/INFO]: [STDOUT]: Loaded region successfully in 110ms
[07:19:45] [ForkJoinPool.commonPool-worker-2/INFO]: [STDOUT]: Saved region successfully
[07:19:45] [pool-2-thread-3/INFO]: [STDOUT]: World save took 423ms
[07:19:48] [pool-2-thread-2/INFO]: [STDOUT]: World save took 0ms
[07:19:50] [Render thread/INFO]: [System] [CHAT] You can now fly by double-jumping!
[07:20:14] [pool-2-thread-5/INFO]: [STDOUT]: Saving region 0,-1 to disk /home/gavinboor/.local/share/multimc/instances/Baritone - Wurst/.minecraft/baritone/play.survivewith.us/minecraft/the_end_256/cache
[07:20:14] [ForkJoinPool.commonPool-worker-8/INFO]: [STDOUT]: Saving region 0,0 to disk /home/gavinboor/.local/share/multimc/instances/Baritone - Wurst/.minecraft/baritone/play.survivewith.us/minecraft/the_end_256/cache
[07:20:14] [pool-2-thread-5/INFO]: [STDOUT]: Saved region successfully
[07:20:14] [ForkJoinPool.commonPool-worker-8/INFO]: [STDOUT]: Saved region successfully
[07:20:14] [pool-2-thread-5/INFO]: [STDOUT]: World save took 42ms
[07:20:14] [Render thread/INFO]: [System] [CHAT] §aYou've completed a task!
[07:20:14] [Render thread/INFO]: [System] [CHAT] You have received 4 DailyKey keys!
[07:20:33] [pool-2-thread-3/INFO]: [STDOUT]: Started saving the world in a new thread
[07:20:33] [Render thread/INFO]: [STDOUT]: Baritone world data dir: /home/gavinboor/.local/share/multimc/instances/Baritone - Wurst/.minecraft/baritone/play.survivewith.us/minecraft/overworld_384
[07:20:33] [pool-2-thread-3/INFO]: [STDOUT]: World save took 0ms
[07:20:33] [pool-2-thread-1/INFO]: [STDOUT]: Loading region -3,14 from disk /home/gavinboor/.local/share/multimc/instances/Baritone - Wurst/.minecraft/baritone/play.survivewith.us/minecraft/overworld_384/cache
[07:20:33] [pool-2-thread-1/INFO]: [STDOUT]: Loaded region successfully in 229ms
[07:20:58] [Render thread/INFO]: [System] [CHAT] You can now fly by double-jumping! [x2]
[07:21:04] [Render thread/INFO]: [System] [CHAT] [+] SnufieKiller
[07:21:13] [Render thread/INFO]: [System] [CHAT] [-] itzPan1c
[07:21:40] [Render thread/INFO]: [System] [CHAT] §aYou've completed a task! [x2]
[07:21:40] [Render thread/INFO]: [System] [CHAT] You have received 1 DailyKey keys! [x2]
[07:21:49] [pool-2-thread-1/INFO]: [STDOUT]: Loading region 0,16 from disk /home/gavinboor/.local/share/multimc/instances/Baritone - Wurst/.minecraft/baritone/play.survivewith.us/minecraft/overworld_384/cache
[07:21:49] [pool-2-thread-1/INFO]: [STDOUT]: Loaded region successfully in 119ms
[07:22:04] [Render thread/INFO]: [System] [CHAT] SnufieKiller has voted for the server and made progress towards the [Mountaineer] rank and has received a /crate key, you can vote too with /vote!
[07:22:05] [Render thread/INFO]: [System] [CHAT] You have received: $90.00
[07:22:06] [Render thread/INFO]: [System] [CHAT] You have received: $90.00 [x2]
[07:22:07] [Render thread/INFO]: [System] [CHAT] You have received: $90.00 [x3]
[07:22:08] [Render thread/INFO]: [System] [CHAT] You have received: $90.00 [x4]
[07:22:09] [Render thread/INFO]: [System] [CHAT] You have received: $90.00 [x5]
[07:22:09] [Render thread/INFO]: [System] [CHAT] [Binary] CodeOverload> gg
[07:22:09] [Render thread/INFO]: [System] [CHAT] You have received: $90.00 [x6]
[07:22:10] [Render thread/INFO]: [System] [CHAT] You have received: $90.00 [x7]
[07:22:10] [Render thread/INFO]: [System] [CHAT] You have received: $90.00 [x8]
[07:22:14] [Render thread/INFO]: [System] [CHAT] You have received: $90.00 [x9]
[07:22:16] [Render thread/INFO]: [System] [CHAT] You have received: $90.00 [x10]
[07:22:16] [Render thread/INFO]: [System] [CHAT] You have received: $90.00 [x11]
[07:22:19] [Render thread/INFO]: [System] [CHAT] You have received: $90.00 [x12]
[07:22:19] [Render thread/INFO]: [System] [CHAT] You have received: $90.00 [x13]
[07:22:20] [Render thread/INFO]: [System] [CHAT] You have received: $90.00 [x14]
[07:22:21] [Render thread/INFO]: [System] [CHAT] You have received: $90.00 [x15]
[07:22:21] [Render thread/INFO]: [System] [CHAT] You have received: $90.00 [x16]
[07:22:22] [Render thread/INFO]: [System] [CHAT] You have received: $90.00 [x17]
[07:22:25] [Render thread/INFO]: [System] [CHAT] You have received: $90.00 [x18]
[07:22:26] [Render thread/INFO]: [System] [CHAT] You have received: $90.00 [x19]
[07:22:27] [Render thread/INFO]: [System] [CHAT] You have received: $90.00 [x20]
[07:22:27] [Render thread/INFO]: [System] [CHAT] You have received: $90.00 [x21]
[07:22:27] [Render thread/INFO]: [System] [CHAT] You have received: $90.00 [x22]
[07:22:30] [Render thread/INFO]: [System] [CHAT] You have received: $90.00 [x23]
[07:22:31] [Render thread/INFO]: [System] [CHAT] You have received: $90.00 [x24]
[07:22:32] [Render thread/INFO]: [System] [CHAT] You have received: $90.00 [x25]
[07:22:32] [Render thread/INFO]: [System] [CHAT] You have received: $90.00 [x26]
[07:22:33] [Render thread/INFO]: [System] [CHAT] You have received: $90.00 [x27]
[07:22:34] [Render thread/INFO]: [System] [CHAT] You have received: $90.00 [x28]
[07:22:36] [Render thread/INFO]: [System] [CHAT] You have received: $90.00 [x29]
[07:22:37] [Render thread/INFO]: [System] [CHAT] You have received: $90.00 [x30]
[07:22:38] [Render thread/INFO]: [System] [CHAT] You have received: $90.00 [x31]
[07:22:38] [Render thread/INFO]: [System] [CHAT] You have received: $90.00 [x32]
[07:22:39] [Render thread/INFO]: [System] [CHAT] You have received: $90.00 [x33]
[07:22:39] [Render thread/INFO]: [System] [CHAT] You have received: $90.00 [x34]
[07:22:42] [Render thread/INFO]: [System] [CHAT] You have received: $90.00 [x35]
[07:22:42] [Render thread/INFO]: [System] [CHAT] You have received: $90.00 [x36]
[07:22:43] [Render thread/INFO]: [System] [CHAT] You have received: $90.00 [x37]
[07:22:45] [Render thread/INFO]: [System] [CHAT] You have received: $90.00 [x38]
[07:22:46] [Render thread/INFO]: [System] [CHAT] You have received: $90.00 [x39]
[07:22:48] [Render thread/INFO]: [System] [CHAT] You have received: $90.00 [x40]
[07:22:48] [Render thread/INFO]: [System] [CHAT] You have received: $90.00 [x41]
[07:22:54] [Render thread/INFO]: [System] [CHAT] You have received: $90.00 [x42]
[07:22:54] [Render thread/INFO]: [System] [CHAT] You have received: $90.00 [x43]
[07:22:54] [Render thread/INFO]: [System] [CHAT] You have received: $90.00 [x44]
[07:22:55] [Render thread/INFO]: [System] [CHAT] You have received: $90.00 [x45]
[07:22:57] [Render thread/INFO]: [System] [CHAT] You have received: $90.00 [x46]
[07:22:58] [Render thread/INFO]: [System] [CHAT] You have received: $90.00 [x47]
[07:22:58] [Render thread/INFO]: [System] [CHAT] You have received: $90.00 [x48]
[07:22:59] [Render thread/INFO]: [System] [CHAT] You have received: $90.00 [x49]
[07:23:00] [Render thread/INFO]: [System] [CHAT] §aYou've completed a task! [x3]
[07:23:00] [Render thread/INFO]: [System] [CHAT] You have received: $90.00 [x50]
[07:23:00] [Render thread/INFO]: [System] [CHAT] You have received 2 DailyKey keys!
[07:23:01] [Render thread/INFO]: [System] [CHAT] You have received: $90.00 [x51]
[07:23:02] [Render thread/INFO]: [System] [CHAT] You have received: $90.00 [x52]
[07:23:03] [Render thread/INFO]: [System] [CHAT] You have received: $90.00 [x53]
[07:23:04] [Render thread/INFO]: [System] [CHAT] You have received: $90.00 [x54]
[07:23:07] [Render thread/INFO]: [System] [CHAT] You have received: $90.00 [x55]
[07:23:10] [Render thread/INFO]: [System] [CHAT] You have received: $90.00 [x56]
[07:23:10] [Render thread/INFO]: [System] [CHAT] You have received: $90.00 [x57]
[07:23:11] [Render thread/INFO]: [System] [CHAT] You have received: $90.00 [x58]
[07:23:12] [Render thread/INFO]: [System] [CHAT] You have received: $90.00 [x59]
[07:23:12] [Render thread/INFO]: [System] [CHAT] You have received: $90.00 [x60]
[07:23:13] [Render thread/INFO]: [System] [CHAT] You have received: $90.00 [x61]
[07:23:14] [Render thread/INFO]: [System] [CHAT] You have received: $90.00 [x62]
[07:23:14] [Render thread/INFO]: [System] [CHAT] You have received: $90.00 [x63]
[07:23:14] [Render thread/INFO]: [System] [CHAT] You have received: $90.00 [x64]
[07:23:15] [Render thread/INFO]: [System] [CHAT] You have received: $90.00 [x65]
[07:23:16] [Render thread/INFO]: [System] [CHAT] You have received: $90.00 [x66]
[07:23:16] [Render thread/INFO]: [System] [CHAT] You have received: $90.00 [x67]
[07:23:22] [Render thread/INFO]: [System] [CHAT] You have received: $90.00 [x68]
[07:23:23] [Render thread/INFO]: [System] [CHAT] You have received: $90.00 [x69]
[07:23:24] [Render thread/INFO]: [System] [CHAT] You have received: $90.00 [x70]
[07:23:26] [Render thread/INFO]: [System] [CHAT] You have received: $90.00 [x71]
[07:23:27] [Render thread/INFO]: [System] [CHAT] You have received: $90.00 [x72]
[07:23:27] [Render thread/INFO]: [System] [CHAT] You have received: $90.00 [x73]
[07:23:28] [Render thread/INFO]: [System] [CHAT] You have received: $90.00 [x74]
[07:23:28] [Render thread/INFO]: [System] [CHAT] You have received: $90.00 [x75]
[07:23:29] [Render thread/INFO]: [System] [CHAT] You have received: $90.00 [x76]
[07:23:29] [Render thread/INFO]: [System] [CHAT] You have received: $90.00 [x77]
[07:23:30] [Render thread/INFO]: [System] [CHAT] You have received: $90.00 [x78]
[07:23:30] [Render thread/INFO]: [System] [CHAT] You have received: $90.00 [x79]
[07:23:34] [Render thread/INFO]: [System] [CHAT] You have received: $90.00 [x80]
[07:23:34] [Render thread/INFO]: [System] [CHAT] You have received: $90.00 [x81]
[07:23:53] [Render thread/INFO]: [System] [CHAT] §aYou've completed a task! [x4]
[07:23:53] [Render thread/INFO]: [System] [CHAT] You have received: $90000.00
[07:23:59] [pool-2-thread-1/INFO]: [STDOUT]: Loading region -17,-18 from disk /home/gavinboor/.local/share/multimc/instances/Baritone - Wurst/.minecraft/baritone/play.survivewith.us/minecraft/overworld_384/cache
[07:23:59] [pool-2-thread-1/INFO]: [STDOUT]: Loaded region successfully in 76ms
[07:23:59] [pool-2-thread-1/INFO]: [STDOUT]: Loading region -18,-18 from disk /home/gavinboor/.local/share/multimc/instances/Baritone - Wurst/.minecraft/baritone/play.survivewith.us/minecraft/overworld_384/cache
[07:23:59] [pool-2-thread-1/INFO]: [STDOUT]: Loaded region successfully in 80ms
[07:24:31] [Render thread/INFO]: [System] [CHAT] §aYou've completed a task! [x5]
[07:24:31] [Render thread/INFO]: [System] [CHAT] You have received: $90.00 [x82]
[07:24:31] [Render thread/INFO]: [System] [CHAT] You have received: $90.00 [x83]
[07:24:31] [Render thread/INFO]: [System] [CHAT] You have received: $90.00 [x84]
[07:24:31] [Render thread/INFO]: [System] [CHAT] You have received: $90.00 [x85]
[07:24:31] [Render thread/INFO]: [System] [CHAT] You have received: $90.00 [x86]
[07:24:31] [Render thread/INFO]: [System] [CHAT] You have received: $90.00 [x87]
[07:24:31] [Render thread/INFO]: [System] [CHAT] You have received: $90.00 [x88]
[07:24:31] [Render thread/INFO]: [System] [CHAT] You have received: $90.00 [x89]
[07:24:31] [Render thread/INFO]: [System] [CHAT] You have received: $90.00 [x90]
[07:24:31] [Render thread/INFO]: [System] [CHAT] You have received: $90.00 [x91]
[07:24:31] [Render thread/INFO]: [System] [CHAT] You have received: $45000.00
[07:24:31] [Render thread/INFO]: [System] [CHAT] You have received: $90.00 [x92]
[07:24:31] [Render thread/INFO]: [System] [CHAT] You have received: $90.00 [x93]
[07:24:31] [Render thread/INFO]: [System] [CHAT] You have received: $90.00 [x94]
[07:24:31] [Render thread/INFO]: [System] [CHAT] You have received: $90.00 [x95]
[07:24:31] [Render thread/INFO]: [System] [CHAT] You have received: $90.00 [x96]
[07:24:31] [Render thread/INFO]: [System] [CHAT] You have received: $90.00 [x97]
[07:24:31] [Render thread/INFO]: [System] [CHAT] You have received: $90.00 [x98]
[07:24:33] [Render thread/INFO]: [System] [CHAT] §aYou've completed a task! [x6]
[07:24:33] [Render thread/INFO]: [System] [CHAT] You have received: $90.00 [x99]
[07:24:33] [Render thread/INFO]: [System] [CHAT] You have received: $90.00 [x100]
[07:24:33] [Render thread/INFO]: [System] [CHAT] You have received: $90.00 [x101]
[07:24:33] [Render thread/INFO]: [System] [CHAT] You have received: $45000.00 [x2]
[07:24:35] [Render thread/INFO]: [System] [CHAT] You have received: $90.00 [x102]
[07:24:35] [Render thread/INFO]: [System] [CHAT] You have received: $90.00 [x103]
[07:24:35] [Render thread/INFO]: [System] [CHAT] You have received: $90.00 [x104]
[07:24:58] [Render thread/INFO]: [System] [CHAT] You have received: $90.00 [x105]
[07:24:58] [Render thread/INFO]: [System] [CHAT] You have received: $90.00 [x106]
[07:24:59] [Render thread/INFO]: [System] [CHAT] You have received: $90.00 [x107]
[07:25:01] [Render thread/INFO]: [System] [CHAT] You have received: $90.00 [x108]
[07:25:01] [Render thread/INFO]: [System] [CHAT] You have received: $90.00 [x109]
[07:25:02] [Render thread/INFO]: [System] [CHAT] You have received: $90.00 [x110]
[07:25:03] [Render thread/INFO]: [System] [CHAT] You have received: $90.00 [x111]
[07:25:04] [Render thread/INFO]: [System] [CHAT] You have received: $90.00 [x112]
[07:25:05] [Render thread/INFO]: [System] [CHAT] You have received: $90.00 [x113]
[07:25:06] [Render thread/INFO]: [System] [CHAT] You have received: $90.00 [x114]
[07:25:07] [Render thread/INFO]: [System] [CHAT] You have received: $90.00 [x115]
[07:25:09] [Render thread/INFO]: [System] [CHAT] You have received: $90.00 [x116]
[07:25:09] [Render thread/INFO]: [System] [CHAT] You have received: $90.00 [x117]
[07:25:12] [Render thread/INFO]: [System] [CHAT] You have received: $90.00 [x118]
[07:25:14] [Render thread/INFO]: [System] [CHAT] You've just activated 2 hours of Double Money!
[07:25:14] [Render thread/INFO]: [System] [CHAT] §aYou've completed a task! [x7]
[07:25:14] [Render thread/INFO]: [System] [CHAT] You have received: $180.00
[07:25:42] [Render thread/INFO]: [System] [CHAT] You have received: $180.00 [x2]
[07:25:42] [Render thread/INFO]: [System] [CHAT] You have received: $180.00 [x3]
[07:25:44] [Render thread/INFO]: [System] [CHAT] You have received: $180.00 [x4]
[07:25:44] [Render thread/INFO]: [System] [CHAT] You have received: $180.00 [x5]
[07:25:46] [Render thread/INFO]: [System] [CHAT] You have received: $180.00 [x6]
[07:25:47] [Render thread/INFO]: [System] [CHAT] You have received: $180.00 [x7]
[07:25:48] [Render thread/INFO]: [System] [CHAT] You have received: $180.00 [x8]
[07:25:49] [Render thread/INFO]: [System] [CHAT] You have received: $180.00 [x9]
[07:25:52] [Render thread/INFO]: [System] [CHAT] You have received: $180.00 [x10]
[07:25:53] [Render thread/INFO]: [System] [CHAT] You have received: $180.00 [x11]
[07:25:55] [Render thread/INFO]: [System] [CHAT] You have received: $180.00 [x12]
[07:25:58] [Render thread/INFO]: [System] [CHAT] You have received: $180.00 [x13]
[07:25:59] [Render thread/INFO]: [System] [CHAT] You have received: $180.00 [x14]
[07:26:00] [Render thread/INFO]: [System] [CHAT] You have received: $180.00 [x15]
[07:26:02] [Render thread/INFO]: [System] [CHAT] You have received: $180.00 [x16]
[07:26:02] [Render thread/INFO]: [System] [CHAT] You have received: $180.00 [x17]
[07:26:03] [Render thread/INFO]: [System] [CHAT] You have received: $180.00 [x18]
[07:26:09] [Render thread/INFO]: [System] [CHAT] You have received: $180.00 [x19]
[07:26:10] [Render thread/INFO]: [System] [CHAT] You have received: $180.00 [x20]
[07:26:11] [Render thread/INFO]: [System] [CHAT] You have received: $180.00 [x21]
[07:26:11] [Render thread/INFO]: [System] [CHAT] You have received: $180.00 [x22]
[07:26:12] [Render thread/INFO]: [System] [CHAT] You have received: $180.00 [x23]
[07:26:16] [Render thread/INFO]: [System] [CHAT] You have received: $180.00 [x24]
[07:26:17] [Render thread/INFO]: [System] [CHAT] You have received: $180.00 [x25]
[07:26:17] [Render thread/INFO]: [System] [CHAT] You've just activated 1 hours of Double Money!
[07:26:17] [Render thread/INFO]: [System] [CHAT] §aYou've completed a task! [x8]
[07:26:17] [Render thread/INFO]: [System] [CHAT] You have received: $180.00 [x26]
[07:26:20] [Render thread/INFO]: [System] [CHAT] You have received: $180.00 [x27]
[07:26:20] [Render thread/INFO]: [System] [CHAT] You have received: $180.00 [x28]
[07:26:22] [Render thread/INFO]: [System] [CHAT] You have received: $180.00 [x29]
[07:26:25] [Render thread/INFO]: [System] [CHAT] You have received: $180.00 [x30]
[07:26:25] [Render thread/INFO]: [System] [CHAT] You have received: $180.00 [x31]
[07:26:26] [Render thread/INFO]: [System] [CHAT] You have received: $180.00 [x32]
[07:26:27] [Render thread/INFO]: [System] [CHAT] You have received: $180.00 [x33]
[07:26:51] [Render thread/INFO]: [System] [CHAT] You have received: $180.00 [x34]
[07:26:52] [Render thread/INFO]: [System] [CHAT] You have received: $180.00 [x35]
[07:26:52] [Render thread/INFO]: [System] [CHAT] You have received: $180.00 [x36]
[07:26:53] [Render thread/INFO]: [System] [CHAT] You have received: $180.00 [x37]
[07:26:54] [Render thread/INFO]: [System] [CHAT] You have received: $180.00 [x38]
[07:26:56] [Render thread/INFO]: [System] [CHAT] You have received: $180.00 [x39]
[07:26:56] [Render thread/INFO]: [System] [CHAT] You have received: $180.00 [x40]
[07:26:58] [Render thread/INFO]: [System] [CHAT] You have received: $180.00 [x41]
[07:27:02] [Render thread/INFO]: [System] [CHAT] You have received: $180.00 [x42]
[07:27:03] [Render thread/INFO]: [System] [CHAT] You have received: $180.00 [x43]
[07:27:04] [Render thread/INFO]: [System] [CHAT] You have received: $180.00 [x44]
[07:27:05] [Render thread/INFO]: [System] [CHAT] You have received: $180.00 [x45]
[07:27:06] [Render thread/INFO]: [System] [CHAT] You have received: $180.00 [x46]
[07:27:07] [Render thread/INFO]: [System] [CHAT] You have received: $180.00 [x47]
[07:27:08] [Render thread/INFO]: [System] [CHAT] You have received: $180.00 [x48]
[07:27:08] [Render thread/INFO]: [System] [CHAT] You have received: $180.00 [x49]
[07:27:09] [Render thread/INFO]: [System] [CHAT] You have received: $180.00 [x50]
[07:27:10] [Render thread/INFO]: [System] [CHAT] You have received: $180.00 [x51]
[07:27:11] [Render thread/INFO]: [System] [CHAT] You have received: $180.00 [x52]
[07:27:13] [Render thread/INFO]: [System] [CHAT] You have received: $180.00 [x53]
[07:27:13] [Render thread/INFO]: [System] [CHAT] You have received: $180.00 [x54]
[07:27:14] [Render thread/INFO]: [System] [CHAT] You have received: $180.00 [x55]
[07:27:15] [Render thread/INFO]: [System] [CHAT] You have received: $180.00 [x56]
[07:27:15] [Render thread/INFO]: [System] [CHAT] You have received: $180.00 [x57]
[07:27:16] [Render thread/INFO]: [System] [CHAT] You have received: $180.00 [x58]
[07:27:17] [Render thread/INFO]: [System] [CHAT] You have received: $180.00 [x59]
[07:27:17] [Render thread/INFO]: [System] [CHAT] You have received: $180.00 [x60]
[07:27:20] [Render thread/INFO]: [System] [CHAT] You have received: $180.00 [x61]
[07:27:22] [Render thread/INFO]: [System] [CHAT] You have received: $180.00 [x62]
[07:27:22] [Render thread/INFO]: [System] [CHAT] You have received: $180.00 [x63]
[07:27:23] [Render thread/INFO]: [System] [CHAT] You have received: $180.00 [x64]
[07:27:24] [Render thread/INFO]: [System] [CHAT] You have received: $180.00 [x65]
[07:27:26] [Render thread/INFO]: [System] [CHAT] You have received: $180.00 [x66]
[07:27:26] [Render thread/INFO]: [System] [CHAT] You have received: $180.00 [x67]
[07:27:27] [Render thread/INFO]: [System] [CHAT] You have received: $180.00 [x68]
[07:27:28] [Render thread/INFO]: [System] [CHAT] You have received: $180.00 [x69]
[07:27:29] [Render thread/INFO]: [System] [CHAT] You have received: $180.00 [x70]
[07:27:30] [Render thread/INFO]: [System] [CHAT] You have received: $180.00 [x71]
[07:27:32] [Render thread/INFO]: [System] [CHAT] You have received: $180.00 [x72]
[07:27:33] [Render thread/INFO]: [System] [CHAT] You have received: $180.00 [x73]
[07:27:34] [Render thread/INFO]: [System] [CHAT] You have received: $180.00 [x74]
[07:27:35] [Render thread/INFO]: [System] [CHAT] You have received: $180.00 [x75]
[07:27:36] [Render thread/INFO]: [System] [CHAT] You have received: $180.00 [x76]
[07:27:37] [Render thread/INFO]: [System] [CHAT] You have received: $180.00 [x77]
[07:27:38] [Render thread/INFO]: [System] [CHAT] You have received: $180.00 [x78]
[07:27:38] [Render thread/INFO]: [System] [CHAT] You have received: $180.00 [x79]
[07:27:39] [Render thread/INFO]: [System] [CHAT] You have received: $180.00 [x80]
[07:27:40] [Render thread/INFO]: [System] [CHAT] You have received: $180.00 [x81]
[07:27:40] [Render thread/INFO]: [System] [CHAT] SnufieKiller is actually SnufieKiller
[07:27:40] [Render thread/INFO]: [System] [CHAT] You have received: $180.00 [x82]
[07:27:42] [Render thread/INFO]: [System] [CHAT] §aYou've completed a task! [x9]
[07:27:42] [Render thread/INFO]: [System] [CHAT] You have received: $180.00 [x83]
[07:27:42] [Render thread/INFO]: [System] [CHAT] You have received 2 DailyKey keys! [x2]
[07:27:42] [Render thread/INFO]: [System] [CHAT] You have received: $180.00 [x84]
[07:27:47] [Render thread/INFO]: [System] [CHAT] You have received: $180.00 [x85]
[07:27:48] [Render thread/INFO]: [System] [CHAT] You have received: $180.00 [x86]
[07:27:49] [Render thread/INFO]: [System] [CHAT] You have received: $180.00 [x87]
[07:27:51] [Render thread/INFO]: [System] [CHAT] You have received: $180.00 [x88]
[07:27:53] [Render thread/INFO]: [System] [CHAT] You have received: $180.00 [x89]
[07:27:53] [Render thread/INFO]: [System] [CHAT] You have received: $180.00 [x90]
[07:27:53] [Render thread/INFO]: [System] [CHAT] You have received: $180.00 [x91]
[07:27:54] [Render thread/INFO]: [System] [CHAT] You have received: $180.00 [x92]
[07:27:55] [Render thread/INFO]: [System] [CHAT] You have received: $180.00 [x93]
[07:27:55] [Render thread/INFO]: [System] [CHAT] You have received: $180.00 [x94]
[07:27:56] [Render thread/INFO]: [System] [CHAT] You have received: $180.00 [x95]
[07:27:58] [Render thread/INFO]: [System] [CHAT] You have received: $180.00 [x96]
[07:28:00] [Render thread/INFO]: [System] [CHAT] You have received: $180.00 [x97]
[07:28:01] [Render thread/INFO]: [System] [CHAT] You have received: $180.00 [x98]
[07:28:02] [Render thread/INFO]: [System] [CHAT] You have received: $180.00 [x99]
[07:28:03] [Render thread/INFO]: [System] [CHAT] You have received: $180.00 [x100]
[07:28:04] [Render thread/INFO]: [System] [CHAT] You have received: $180.00 [x101]
[07:28:04] [Render thread/INFO]: [System] [CHAT] You have received: $180.00 [x102]
[07:28:04] [Render thread/INFO]: [System] [CHAT] You have received: $180.00 [x103]
[07:28:05] [Render thread/INFO]: [System] [CHAT] You have received: $180.00 [x104]
[07:28:06] [Render thread/INFO]: [System] [CHAT] You have received: $180.00 [x105]
[07:28:06] [Render thread/INFO]: [System] [CHAT] You have received: $180.00 [x106]
[07:28:07] [Render thread/INFO]: [System] [CHAT] You have received: $180.00 [x107]
[07:28:08] [Render thread/INFO]: [System] [CHAT] You have received: $180.00 [x108]
[07:28:08] [Render thread/INFO]: [System] [CHAT] You have received: $180.00 [x109]
[07:28:09] [Render thread/INFO]: [System] [CHAT] You have received: $180.00 [x110]
[07:28:10] [Render thread/INFO]: [System] [CHAT] You have received: $180.00 [x111]
[07:28:11] [Render thread/INFO]: [System] [CHAT] You have received: $180.00 [x112]
[07:28:21] [Render thread/INFO]: [System] [CHAT] §aYou've completed a task! [x10]
[07:28:21] [Render thread/INFO]: [System] [CHAT] You have received: $180000.00
[07:28:38] [Render thread/INFO]: [System] [CHAT] §aYou've completed a task! [x11]
[07:28:38] [Render thread/INFO]: [System] [CHAT] You have received: $180000.00 [x2]
[07:28:45] [Render thread/INFO]: [System] [CHAT] §aYou've completed a task! [x12]
[07:28:45] [Render thread/INFO]: [System] [CHAT] You have received: $360000.00
[07:29:36] [Render thread/INFO]: [System] [CHAT] You can't do that here!
[07:29:38] [Render thread/INFO]: [System] [CHAT] You have received: $180.00 [x113]
[07:29:38] [Render thread/INFO]: [System] [CHAT] You have received: $180.00 [x114]
[07:29:41] [Render thread/INFO]: [System] [CHAT] [Binary] CodeOverload> anyone online?
[07:29:43] [Render thread/INFO]: [System] [CHAT] You have received: $180.00 [x115]
[07:29:44] [Render thread/INFO]: [System] [CHAT] You have received: $180.00 [x116]
[07:29:46] [Render thread/INFO]: [System] [CHAT] You have received: $180.00 [x117]
[07:29:47] [Render thread/INFO]: [System] [CHAT] You have received: $180.00 [x118]
[07:29:48] [pool-2-thread-2/INFO]: [STDOUT]: Saving region -17,-18 to disk /home/gavinboor/.local/share/multimc/instances/Baritone - Wurst/.minecraft/baritone/play.survivewith.us/minecraft/overworld_384/cache
[07:29:48] [ForkJoinPool.commonPool-worker-12/INFO]: [STDOUT]: Saving region -18,-18 to disk /home/gavinboor/.local/share/multimc/instances/Baritone - Wurst/.minecraft/baritone/play.survivewith.us/minecraft/overworld_384/cache
[07:29:48] [ForkJoinPool.commonPool-worker-4/INFO]: [STDOUT]: Saving region 0,16 to disk /home/gavinboor/.local/share/multimc/instances/Baritone - Wurst/.minecraft/baritone/play.survivewith.us/minecraft/overworld_384/cache
[07:29:48] [ForkJoinPool.commonPool-worker-9/INFO]: [STDOUT]: Saving region -3,14 to disk /home/gavinboor/.local/share/multimc/instances/Baritone - Wurst/.minecraft/baritone/play.survivewith.us/minecraft/overworld_384/cache
[07:29:48] [ForkJoinPool.commonPool-worker-12/INFO]: [STDOUT]: Saved region successfully
[07:29:48] [pool-2-thread-2/INFO]: [STDOUT]: Saved region successfully
[07:29:48] [ForkJoinPool.commonPool-worker-4/INFO]: [STDOUT]: Saved region successfully
[07:29:48] [ForkJoinPool.commonPool-worker-9/INFO]: [STDOUT]: Saved region successfully
[07:29:48] [pool-2-thread-2/INFO]: [STDOUT]: World save took 224ms
[07:29:50] [Render thread/INFO]: [System] [CHAT] You have received: $180.00 [x119]
[07:29:52] [Render thread/INFO]: [System] [CHAT] You have received: $180.00 [x120]
[07:29:55] [Render thread/INFO]: [System] [CHAT] You have received: $180.00 [x121]
[07:29:56] [Render thread/INFO]: [System] [CHAT] You have received: $180.00 [x122]
[07:30:14] [pool-2-thread-5/INFO]: [STDOUT]: World save took 0ms
[07:30:16] [Render thread/INFO]: [System] [CHAT] CodeOverload has voted for the server and made progress towards the [Mountaineer] rank and has received a /crate key, you can vote too with /vote!
[07:30:16] [Render thread/INFO]: [System] [CHAT] Thank you for voting, you have received a Vote Crate key, 10 levels, and $1000! If you vote on the remaining 6 sites you'll also receive a Master's Crate Keys! You can use your keys by typing /crates.
[07:30:16] [Render thread/INFO]: [System] [CHAT] You have received 1 VoteKey keys!
[07:30:16] [Render thread/INFO]: [System] [CHAT] You have received: $18000.00
[07:31:16] [Render thread/INFO]: [System] [CHAT] Want to support the server, get /crate keys and your next /rank? Don't forget to /vote!
[07:31:40] [Render thread/INFO]: [System] [CHAT] Thank you for voting, you have received a Vote Crate Key, 10 levels, and $1000! If you vote on the remaining 5 sites, you'll also receive a Master's Crate Keys! You can use your keys by typing /crates.
[07:31:40] [Render thread/INFO]: [System] [CHAT] You have received 1 VoteKey keys! [x2]
[07:31:40] [Render thread/INFO]: [System] [CHAT] You have received: $18000.00 [x2]
[07:32:12] [Render thread/INFO]: [System] [CHAT] You have received 1 VoteKey keys! [x3]
[07:32:12] [Render thread/INFO]: [System] [CHAT] Thank you for voting, you have received a Vote Crate Key, 10 levels, and $1000! If you vote on the remaining 4 sites, you'll also receive a Master's Crate Keys! You can use your keys by typing /crates.
[07:32:12] [Render thread/INFO]: [System] [CHAT] You have received: $18000.00 [x3]
[07:32:19] [Render thread/INFO]: [System] [CHAT] You've all voted for the server a total of 100 times today, here's some bonus keys!
[07:32:19] [Render thread/INFO]: [System] [CHAT] Thank you for voting, you have received a Vote Crate Key, 10 levels, and $1000! If you vote on the remaining 3 sites, you'll also receive a Master's Crate Keys! You can use your keys by typing /crates.
[07:32:19] [Render thread/INFO]: [System] [CHAT] You have received 1 SurvivorKey keys!
[07:32:19] [Render thread/INFO]: [System] [CHAT] You have received 1 MobSpawnerPack keys!
[07:32:19] [Render thread/INFO]: [System] [CHAT] You have received 2 DailyKey keys! [x3]
[07:32:19] [Render thread/INFO]: [System] [CHAT] You have received 1 VoteKey keys! [x4]
[07:32:19] [Render thread/INFO]: [System] [CHAT] You have received: $18000.00 [x4]
[07:32:47] [Render thread/INFO]: [System] [CHAT] Thank you for voting, you have received a Vote Crate Key, 10 levels, and $1000! If you vote on the remaining 2 sites, you'll also receive a Master's Crate Keys! You can use your keys by typing /crates.
[07:32:47] [Render thread/INFO]: [System] [CHAT] You have received 1 VoteKey keys! [x5]
[07:32:47] [Render thread/INFO]: [System] [CHAT] You have received: $18000.00 [x5]
[07:33:16] [Render thread/INFO]: [System] [CHAT] Thank you for voting, you have received a Vote Crate Key, 10 levels, and $1000! If you vote on the remaining 1 sites, you'll also receive a Master's Crate Keys! You can use your keys by typing /crates.
[07:33:16] [Render thread/INFO]: [System] [CHAT] You have received 1 VoteKey keys! [x6]
[07:33:16] [Render thread/INFO]: [System] [CHAT] You have received: $18000.00 [x6]
[07:33:21] [Render thread/INFO]: [System] [CHAT] Thank you for voting on all 7 sites! You have received a Vote Crate Key, 10 levels, and $1000! You can use your keys by typing /crates and claim your bonus rewards in /vote!
[07:33:21] [Render thread/INFO]: [System] [CHAT] You have received 1 VoteKey keys! [x7]
[07:33:21] [Render thread/INFO]: [System] [CHAT] CodeOverload has voted for the server on all 7 sites and has unlocked their BONUS in /vote, you can too by /vote'ing!
[07:33:21] [Render thread/INFO]: [System] [CHAT] You have received: $18000.00 [x7]
[07:33:57] [Render thread/INFO]: [System] [CHAT] You have received: $180.00 [x123]
[07:33:57] [Render thread/INFO]: [System] [CHAT] You have received: $180.00 [x124]
[07:33:57] [Render thread/INFO]: [System] [CHAT] You have received: $180.00 [x125]
[07:34:03] [Render thread/INFO]: [System] [CHAT] You have received: $180.00 [x126]
[07:34:04] [Render thread/INFO]: [System] [CHAT] You have received: $180.00 [x127]
[07:34:06] [Render thread/INFO]: [System] [CHAT] You have received: $180.00 [x128]
[07:34:09] [Render thread/INFO]: [System] [CHAT] You have received: $180.00 [x129]
[07:34:10] [Render thread/INFO]: [System] [CHAT] You have received: $180.00 [x130]
[07:34:12] [Render thread/INFO]: [System] [CHAT] You have received: $180.00 [x131]
[07:34:13] [Render thread/INFO]: [System] [CHAT] You have received: $180.00 [x132]
[07:34:16] [Render thread/INFO]: [System] [CHAT] You have received: $180.00 [x133]
[07:34:18] [Render thread/INFO]: [System] [CHAT] You have received: $180.00 [x134]
[07:34:20] [Render thread/INFO]: [System] [CHAT] You have received: $180.00 [x135]
[07:34:27] [Render thread/INFO]: [System] [CHAT] You have received: $180.00 [x136]
[07:34:30] [Render thread/INFO]: [System] [CHAT] You've just activated 2 hours of Double XP!
[07:34:30] [Render thread/INFO]: [System] [CHAT] §aYou've completed a task! [x13]
[07:34:30] [Render thread/INFO]: [System] [CHAT] You have received: $180.00 [x137]
[07:34:31] [Render thread/INFO]: [System] [CHAT] You have received: $180.00 [x138]
[07:34:31] [Render thread/INFO]: [System] [CHAT] You have received: $180.00 [x139]
[07:34:35] [Render thread/INFO]: [System] [CHAT] You have received: $180.00 [x140]
[07:34:38] [Render thread/INFO]: [System] [CHAT] You have received: $180.00 [x141]
[07:34:39] [Render thread/INFO]: [System] [CHAT] You have received: $180.00 [x142]
[07:34:42] [Render thread/INFO]: [System] [CHAT] You have received: $180.00 [x143]
[07:34:44] [Render thread/INFO]: [System] [CHAT] You have received: $180.00 [x144]
[07:34:49] [Render thread/INFO]: [System] [CHAT] You have received: $180.00 [x145]
[07:34:49] [Render thread/INFO]: [System] [CHAT] You have received: $180.00 [x146]
[07:34:50] [Render thread/INFO]: [System] [CHAT] You have received: $180.00 [x147]
[07:34:53] [Render thread/INFO]: [System] [CHAT] You have received: $180.00 [x148]
[07:34:53] [Render thread/INFO]: [System] [CHAT] You have received: $180.00 [x149]
[07:34:55] [Render thread/INFO]: [System] [CHAT] You have received: $180.00 [x150]
[07:34:58] [Render thread/INFO]: [System] [CHAT] You have received: $180.00 [x151]
[07:35:00] [Render thread/INFO]: [System] [CHAT] You have received: $180.00 [x152]
[07:35:01] [Render thread/INFO]: [System] [CHAT] You have received: $180.00 [x153]
[07:35:03] [Render thread/INFO]: [System] [CHAT] You have received: $180.00 [x154]
[07:35:07] [Render thread/INFO]: [System] [CHAT] You have received: $180.00 [x155]
[07:35:07] [Render thread/INFO]: [System] [CHAT] You have received: $180.00 [x156]
[07:35:10] [Render thread/INFO]: [System] [CHAT] You have received: $180.00 [x157]
[07:35:12] [Render thread/INFO]: [System] [CHAT] You have received: $180.00 [x158]
[07:35:15] [Render thread/INFO]: [System] [CHAT] You have received: $180.00 [x159]
[07:35:17] [Render thread/INFO]: [System] [CHAT] You have received: $180.00 [x160]
[07:35:21] [Render thread/INFO]: [System] [CHAT] You have received: $180.00 [x161]
[07:35:21] [Render thread/INFO]: [System] [CHAT] You have received: $180.00 [x162]
[07:35:23] [Render thread/INFO]: [System] [CHAT] You have received: $180.00 [x163]
[07:35:25] [Render thread/INFO]: [System] [CHAT] You have received: $180.00 [x164]
[07:35:26] [Render thread/INFO]: [System] [CHAT] You have received: $180.00 [x165]
[07:35:30] [Render thread/INFO]: [System] [CHAT] You have received: $180.00 [x166]
[07:35:31] [Render thread/INFO]: [System] [CHAT] You have received: $180.00 [x167]
[07:35:35] [Render thread/INFO]: [System] [CHAT] You have received: $180.00 [x168]
[07:35:36] [Render thread/INFO]: [System] [CHAT] You have received: $180.00 [x169]
[07:35:40] [Render thread/INFO]: [System] [CHAT] You have received: $180.00 [x170]
[07:35:40] [Render thread/INFO]: [System] [CHAT] You have received: $180.00 [x171]
[07:35:44] [Render thread/INFO]: [System] [CHAT] You have received: $180.00 [x172]
[07:35:46] [Render thread/INFO]: [System] [CHAT] You have received: $180.00 [x173]
[07:35:49] [Render thread/INFO]: [System] [CHAT] You have received: $180.00 [x174]
[07:35:49] [Render thread/INFO]: [System] [CHAT] You have received: $180.00 [x175]
[07:35:51] [Render thread/INFO]: [System] [CHAT] You have received: $180.00 [x176]
[07:35:55] [Render thread/INFO]: [System] [CHAT] You have received: $180.00 [x177]
[07:35:58] [Render thread/INFO]: [System] [CHAT] You have received: $180.00 [x178]
[07:36:01] [Render thread/INFO]: [System] [CHAT] You have received: $180.00 [x179]
[07:36:03] [Render thread/INFO]: [System] [CHAT] You have received: $180.00 [x180]
[07:36:05] [Render thread/INFO]: [System] [CHAT] You have received: $180.00 [x181]
[07:36:06] [Render thread/INFO]: [System] [CHAT] You have received: $180.00 [x182]
[07:36:09] [Render thread/INFO]: [System] [CHAT] You have received: $180.00 [x183]
[07:36:10] [Render thread/INFO]: [System] [CHAT] You have received: $180.00 [x184]
[07:36:16] [Render thread/INFO]: [System] [CHAT] You have received: $180.00 [x185]
[07:36:16] [Render thread/INFO]: [System] [CHAT] You have received: $180.00 [x186]
[07:36:17] [Render thread/INFO]: [System] [CHAT] You have received: $180.00 [x187]
[07:36:20] [Render thread/INFO]: [System] [CHAT] You have received: $180.00 [x188]
[07:36:23] [Render thread/INFO]: [System] [CHAT] You have received: $180.00 [x189]
[07:36:25] [Render thread/INFO]: [System] [CHAT] You have received: $180.00 [x190]
[07:36:28] [Render thread/INFO]: [System] [CHAT] You have received: $180.00 [x191]
[07:36:29] [Render thread/INFO]: [System] [CHAT] You have received: $180.00 [x192]
[07:36:29] [Render thread/INFO]: [System] [CHAT] You have received: $180.00 [x193]
[07:36:38] [Render thread/INFO]: [System] [CHAT] You have received: $180.00 [x194]
[07:36:39] [Render thread/INFO]: [System] [CHAT] [+] [Mod] Nenjee
[07:36:39] [Render thread/INFO]: [System] [CHAT] You have received: $180.00 [x195]
[07:36:43] [Render thread/INFO]: [System] [CHAT] You have received: $180.00 [x196]
[07:36:45] [Render thread/INFO]: [System] [CHAT] You have received: $180.00 [x197]
[07:36:49] [Render thread/INFO]: [System] [CHAT] You have received: $180.00 [x198]
[07:36:50] [Render thread/INFO]: [System] [CHAT] You have received: $180.00 [x199]
[07:36:50] [Render thread/INFO]: [System] [CHAT] You have received: $180.00 [x200]
[07:36:53] [Render thread/INFO]: [System] [CHAT] You have received: $180.00 [x201]
[07:36:54] [Render thread/INFO]: [System] [CHAT] You have received: $180.00 [x202]
[07:36:55] [Render thread/INFO]: [System] [CHAT] You have received: $180.00 [x203]
[07:36:56] [Render thread/INFO]: [System] [CHAT] You have received: $180.00 [x204]
[07:37:01] [pool-2-thread-1/INFO]: [STDOUT]: Loading region -3,14 from disk /home/gavinboor/.local/share/multimc/instances/Baritone - Wurst/.minecraft/baritone/play.survivewith.us/minecraft/overworld_384/cache
[07:37:01] [pool-2-thread-1/INFO]: [STDOUT]: Loaded region successfully in 198ms
[07:38:04] [Render thread/INFO]: [System] [CHAT] [+] SorLax10
[07:38:07] [Render thread/INFO]: [System] [CHAT] [Binary] CodeOverload> wb
[07:38:14] [Render thread/INFO]: [System] [CHAT] [+] [MVP] WizzBang
[07:38:17] [Render thread/INFO]: [System] [CHAT] [Binary] CodeOverload> wb [x2]
[07:38:25] [Render thread/INFO]: [System] [CHAT] §aYou've completed a task! [x14]
[07:38:25] [Render thread/INFO]: [System] [CHAT] You have received: $180000.00 [x3]
[07:38:29] [Render thread/INFO]: [System] [CHAT] WizzBang has voted for the server and made progress towards the [Apprentice] rank and has received a /crate key, you can vote too with /vote!
[07:38:34] [pool-2-thread-6/INFO]: [STDOUT]: Started saving the world in a new thread
[07:38:34] [pool-2-thread-6/INFO]: [STDOUT]: Saving region 0,16 to disk /home/gavinboor/.local/share/multimc/instances/Baritone - Wurst/.minecraft/baritone/play.survivewith.us/minecraft/overworld_384/cache
[07:38:34] [Render thread/INFO]: [STDOUT]: Baritone world data dir: /home/gavinboor/.local/share/multimc/instances/Baritone - Wurst/.minecraft/baritone/play.survivewith.us/minecraft/spawn_384
[07:38:34] [ForkJoinPool.commonPool-worker-17/INFO]: [STDOUT]: Saving region -3,14 to disk /home/gavinboor/.local/share/multimc/instances/Baritone - Wurst/.minecraft/baritone/play.survivewith.us/minecraft/overworld_384/cache
[07:38:34] [Render thread/INFO]: [STDOUT]: Cached world directory: /home/gavinboor/.local/share/multimc/instances/Baritone - Wurst/.minecraft/baritone/play.survivewith.us/minecraft/spawn_384/cache
[07:38:34] [Render thread/INFO]: [STDOUT]: Would save waypoints to /home/gavinboor/.local/share/multimc/instances/Baritone - Wurst/.minecraft/baritone/play.survivewith.us/minecraft/spawn_384/waypoints
[07:38:34] [pool-2-thread-7/INFO]: [STDOUT]: Loading region 0,0 from disk /home/gavinboor/.local/share/multimc/instances/Baritone - Wurst/.minecraft/baritone/play.survivewith.us/minecraft/spawn_384/cache
[07:38:35] [pool-2-thread-7/INFO]: [STDOUT]: Loaded region successfully in 80ms
[07:38:35] [pool-2-thread-7/INFO]: [STDOUT]: Loading region 0,-1 from disk /home/gavinboor/.local/share/multimc/instances/Baritone - Wurst/.minecraft/baritone/play.survivewith.us/minecraft/spawn_384/cache
[07:38:35] [pool-2-thread-7/INFO]: [STDOUT]: Loaded region successfully in 50ms
[07:38:35] [pool-2-thread-7/INFO]: [STDOUT]: Loading region -1,0 from disk /home/gavinboor/.local/share/multimc/instances/Baritone - Wurst/.minecraft/baritone/play.survivewith.us/minecraft/spawn_384/cache
[07:38:35] [pool-2-thread-6/INFO]: [STDOUT]: Saved region successfully
[07:38:35] [pool-2-thread-7/INFO]: [STDOUT]: Loaded region successfully in 62ms
[07:38:35] [ForkJoinPool.commonPool-worker-17/INFO]: [STDOUT]: Saved region successfully
[07:38:35] [pool-2-thread-6/INFO]: [STDOUT]: World save took 274ms
[07:38:35] [pool-2-thread-7/INFO]: [STDOUT]: Loading region -1,-1 from disk /home/gavinboor/.local/share/multimc/instances/Baritone - Wurst/.minecraft/baritone/play.survivewith.us/minecraft/spawn_384/cache
[07:38:35] [pool-2-thread-7/INFO]: [STDOUT]: Loaded region successfully in 74ms
[07:38:40] [Render thread/INFO]: [System] [CHAT] [Binary] CodeOverload> gg [x2]
[07:38:42] [Render thread/INFO]: [System] [CHAT] You can now fly by double-jumping! [x3]
[07:38:47] [Render thread/INFO]: [System] [CHAT] §aYou've completed a task! [x15]
[07:38:47] [Render thread/INFO]: [System] [CHAT] You have received: $360000.00 [x2]
[07:38:49] [pool-2-thread-6/INFO]: [STDOUT]: Started saving the world in a new thread
[07:38:49] [Render thread/INFO]: [STDOUT]: Baritone world data dir: /home/gavinboor/.local/share/multimc/instances/Baritone - Wurst/.minecraft/baritone/play.survivewith.us/minecraft/overworld_384
[07:38:49] [pool-2-thread-6/INFO]: [STDOUT]: Saving region -1,0 to disk /home/gavinboor/.local/share/multimc/instances/Baritone - Wurst/.minecraft/baritone/play.survivewith.us/minecraft/spawn_384/cache
[07:38:49] [ForkJoinPool.commonPool-worker-16/INFO]: [STDOUT]: Saving region -1,-1 to disk /home/gavinboor/.local/share/multimc/instances/Baritone - Wurst/.minecraft/baritone/play.survivewith.us/minecraft/spawn_384/cache
[07:38:49] [ForkJoinPool.commonPool-worker-17/INFO]: [STDOUT]: Saving region 0,-1 to disk /home/gavinboor/.local/share/multimc/instances/Baritone - Wurst/.minecraft/baritone/play.survivewith.us/minecraft/spawn_384/cache
[07:38:49] [ForkJoinPool.commonPool-worker-15/INFO]: [STDOUT]: Saving region 0,0 to disk /home/gavinboor/.local/share/multimc/instances/Baritone - Wurst/.minecraft/baritone/play.survivewith.us/minecraft/spawn_384/cache
[07:38:49] [ForkJoinPool.commonPool-worker-16/INFO]: [STDOUT]: Saved region successfully
[07:38:49] [ForkJoinPool.commonPool-worker-15/INFO]: [STDOUT]: Saved region successfully
[07:38:49] [pool-2-thread-6/INFO]: [STDOUT]: Saved region successfully
[07:38:49] [ForkJoinPool.commonPool-worker-17/INFO]: [STDOUT]: Saved region successfully
[07:38:49] [pool-2-thread-6/INFO]: [STDOUT]: World save took 77ms
[07:38:50] [Render thread/INFO]: [System] [CHAT] SnufieKiller has voted for the server on all 7 sites and has unlocked their BONUS in /vote, you can too by /vote'ing!
[07:38:53] [pool-2-thread-1/INFO]: [STDOUT]: Loading region 0,16 from disk /home/gavinboor/.local/share/multimc/instances/Baritone - Wurst/.minecraft/baritone/play.survivewith.us/minecraft/overworld_384/cache
[07:38:53] [pool-2-thread-1/INFO]: [STDOUT]: Loaded region successfully in 109ms
[07:39:04] [pool-2-thread-8/INFO]: [STDOUT]: World save took 1ms
[07:39:48] [pool-2-thread-2/INFO]: [STDOUT]: Saving region 0,16 to disk /home/gavinboor/.local/share/multimc/instances/Baritone - Wurst/.minecraft/baritone/play.survivewith.us/minecraft/overworld_384/cache
[07:39:48] [ForkJoinPool.commonPool-worker-16/INFO]: [STDOUT]: Saving region -3,14 to disk /home/gavinboor/.local/share/multimc/instances/Baritone - Wurst/.minecraft/baritone/play.survivewith.us/minecraft/overworld_384/cache
[07:39:49] [pool-2-thread-2/INFO]: [STDOUT]: Saved region successfully
[07:39:49] [ForkJoinPool.commonPool-worker-16/INFO]: [STDOUT]: Saved region successfully
[07:39:49] [pool-2-thread-2/INFO]: [STDOUT]: World save took 324ms
[07:40:14] [pool-2-thread-5/INFO]: [STDOUT]: World save took 0ms
[07:41:11] [Render thread/INFO]: [System] [CHAT] [-] SorLax10
[07:47:17] [Render thread/INFO]: [System] [CHAT] You have received: $180.00 [x205]
[07:47:18] [Render thread/INFO]: [System] [CHAT] You have received: $180.00 [x206]
[07:47:18] [Render thread/INFO]: [System] [CHAT] You have received: $180.00 [x207]
[07:47:18] [Render thread/INFO]: [System] [CHAT] You have received: $180.00 [x208]
[07:47:21] [Render thread/INFO]: [System] [CHAT] You can't do that here! [x2]
[07:47:23] [Render thread/INFO]: [System] [CHAT] You have received: $180.00 [x209]
[07:47:25] [Render thread/INFO]: [System] [CHAT] You have received: $180.00 [x210]
[07:47:25] [Render thread/INFO]: [System] [CHAT] You have received: $180.00 [x211]
[07:47:28] [Render thread/INFO]: [System] [CHAT] You have received: $180.00 [x212]
[07:47:32] [Render thread/INFO]: [System] [CHAT] You have received: $180.00 [x213]
[07:47:32] [Render thread/INFO]: [System] [CHAT] You have received: $180.00 [x214]
[07:47:33] [Render thread/INFO]: [System] [CHAT] You have received: $180.00 [x215]
[07:47:34] [Render thread/INFO]: [System] [CHAT] You have received: $180.00 [x216]
[07:47:38] [Render thread/INFO]: [System] [CHAT] You have received: $180.00 [x217]
[07:47:40] [Render thread/INFO]: [System] [CHAT] You have received: $180.00 [x218]
[07:47:41] [Render thread/INFO]: [System] [CHAT] You have received: $180.00 [x219]
[07:47:42] [Render thread/INFO]: [System] [CHAT] You have received: $180.00 [x220]
[07:47:44] [Render thread/INFO]: [System] [CHAT] You have received: $180.00 [x221]
[07:47:47] [Render thread/INFO]: [System] [CHAT] You have received: $180.00 [x222]
[07:47:47] [Render thread/INFO]: [System] [CHAT] You have received: $180.00 [x223]
[07:47:48] [Render thread/INFO]: [System] [CHAT] You have received: $180.00 [x224]
[07:47:49] [Render thread/INFO]: [System] [CHAT] You have received: $180.00 [x225]
[07:47:50] [Render thread/INFO]: [System] [CHAT] You have received: $180.00 [x226]
[07:47:54] [Render thread/INFO]: [System] [CHAT] You have received: $180.00 [x227]
[07:47:55] [Render thread/INFO]: [System] [CHAT] You have received: $180.00 [x228]
[07:48:00] [Render thread/INFO]: [System] [CHAT] You've just activated 2 hours of Double Money! [x2]
[07:48:00] [Render thread/INFO]: [System] [CHAT] §aYou've completed a task! [x16]
[07:48:00] [Render thread/INFO]: [System] [CHAT] You have received: $180.00 [x229]
[07:48:02] [pool-2-thread-1/INFO]: [STDOUT]: Loading region -3,14 from disk /home/gavinboor/.local/share/multimc/instances/Baritone - Wurst/.minecraft/baritone/play.survivewith.us/minecraft/overworld_384/cache
[07:48:02] [pool-2-thread-1/INFO]: [STDOUT]: Loaded region successfully in 209ms
[07:48:16] [Render thread/INFO]: [System] [CHAT] Select what you'd like to shoot first!
[07:48:16] [Render thread/INFO]: [System] [CHAT] Select what you'd like to shoot first! [x2]
[07:48:16] [Render thread/INFO]: [System] [CHAT] Select what you'd like to shoot first! [x3]
[07:48:20] [Render thread/INFO]: [System] [CHAT] You will now shoot cows!
[07:48:41] [Render thread/INFO]: [System] [CHAT] You have received: $180.00 [x230]
[07:49:02] [Render thread/INFO]: [System] [CHAT] You have received: $180.00 [x231]
[07:49:04] [pool-2-thread-8/INFO]: [STDOUT]: World save took 0ms
[07:49:09] [Render thread/INFO]: [System] [CHAT] You have received: $180.00 [x232]
[07:49:09] [Render thread/INFO]: [System] [CHAT] You have received: $180.00 [x233]
[07:49:09] [Render thread/INFO]: [System] [CHAT] You have received: $180.00 [x234]
[07:49:09] [Render thread/INFO]: [System] [CHAT] You have received: $180.00 [x235]
[07:49:09] [Render thread/INFO]: [System] [CHAT] You have received: $180.00 [x236]
[07:49:09] [Render thread/INFO]: [System] [CHAT] You have received: $180.00 [x237]
[07:49:09] [Render thread/INFO]: [System] [CHAT] You have received: $180.00 [x238]
[07:49:09] [Render thread/INFO]: [System] [CHAT] You have received: $180.00 [x239]
[07:49:09] [Render thread/INFO]: [System] [CHAT] You have received: $180.00 [x240]
[07:49:09] [Render thread/INFO]: [System] [CHAT] You have received: $180.00 [x241]
[07:49:09] [Render thread/INFO]: [System] [CHAT] You have received: $180.00 [x242]
[07:49:09] [Render thread/INFO]: [System] [CHAT] You have received: $180.00 [x243]
[07:49:09] [Render thread/INFO]: [System] [CHAT] You have received: $180.00 [x244]
[07:49:09] [Render thread/INFO]: [System] [CHAT] You have received: $180.00 [x245]
[07:49:09] [Render thread/INFO]: [System] [CHAT] You have received: $180.00 [x246]
[07:49:09] [Render thread/INFO]: [System] [CHAT] You have received: $180.00 [x247]
[07:49:09] [Render thread/INFO]: [System] [CHAT] You have received: $180.00 [x248]
[07:49:09] [Render thread/INFO]: [System] [CHAT] You have received: $180.00 [x249]
[07:49:09] [Render thread/INFO]: [System] [CHAT] You have received: $180.00 [x250]
[07:49:09] [Render thread/INFO]: [System] [CHAT] You have received: $180.00 [x251]
[07:49:09] [Render thread/INFO]: [System] [CHAT] You have received: $180.00 [x252]
[07:49:09] [Render thread/INFO]: [System] [CHAT] You have received: $180.00 [x253]
[07:49:09] [Render thread/INFO]: [System] [CHAT] You have received: $180.00 [x254]
[07:49:09] [Render thread/INFO]: [System] [CHAT] You have received: $180.00 [x255]
[07:49:10] [Render thread/INFO]: [System] [CHAT] You have received: $180.00 [x256]
[07:49:11] [Render thread/INFO]: [System] [CHAT] You have received: $180.00 [x257]
[07:49:11] [Render thread/INFO]: [System] [CHAT] You have received: $180.00 [x258]
[07:49:11] [Render thread/INFO]: [System] [CHAT] You have received: $180.00 [x259]
[07:49:11] [Render thread/INFO]: [System] [CHAT] You have received: $180.00 [x260]
[07:49:11] [Render thread/INFO]: [System] [CHAT] You have received: $180.00 [x261]
[07:49:11] [Render thread/INFO]: [System] [CHAT] You have received: $180.00 [x262]
[07:49:12] [Render thread/INFO]: [System] [CHAT] You have received: $180.00 [x263]
[07:49:12] [Render thread/INFO]: [System] [CHAT] You have received: $180.00 [x264]
[07:49:12] [Render thread/INFO]: [System] [CHAT] You have received: $180.00 [x265]
[07:49:12] [Render thread/INFO]: [System] [CHAT] You have received: $180.00 [x266]
[07:49:12] [Render thread/INFO]: [System] [CHAT] You have received: $180.00 [x267]
[07:49:12] [Render thread/INFO]: [System] [CHAT] You have received: $180.00 [x268]
[07:49:12] [Render thread/INFO]: [System] [CHAT] You have received: $180.00 [x269]
[07:49:12] [Render thread/INFO]: [System] [CHAT] You have received: $180.00 [x270]
[07:49:12] [Render thread/INFO]: [System] [CHAT] You have received: $180.00 [x271]
[07:49:12] [Render thread/INFO]: [System] [CHAT] You have received: $180.00 [x272]
[07:49:12] [Render thread/INFO]: [System] [CHAT] You have received: $180.00 [x273]
[07:49:13] [Render thread/INFO]: [System] [CHAT] You've just activated 2 hours of Double XP! [x2]
[07:49:13] [Render thread/INFO]: [System] [CHAT] §aYou've completed a task! [x17]
[07:49:13] [Render thread/INFO]: [System] [CHAT] You have received: $180.00 [x274]
[07:49:13] [Render thread/INFO]: [System] [CHAT] You have received: $180.00 [x275]
[07:49:13] [Render thread/INFO]: [System] [CHAT] You have received: $180.00 [x276]
[07:49:13] [Render thread/INFO]: [System] [CHAT] You have received: $180.00 [x277]
[07:49:13] [Render thread/INFO]: [System] [CHAT] You have received: $180.00 [x278]
[07:49:13] [Render thread/INFO]: [System] [CHAT] You have received: $180.00 [x279]
[07:49:13] [Render thread/INFO]: [System] [CHAT] You have received: $180.00 [x280]
[07:49:13] [Render thread/INFO]: [System] [CHAT] You have received: $180.00 [x281]
[07:49:13] [Render thread/INFO]: [System] [CHAT] You have received: $180.00 [x282]
[07:49:13] [Render thread/INFO]: [System] [CHAT] You have received: $180.00 [x283]
[07:49:26] [Render thread/INFO]: [System] [CHAT] You can now fly by double-jumping! [x4]
[07:49:33] [pool-2-thread-1/INFO]: [STDOUT]: Loading region 21,5 from disk /home/gavinboor/.local/share/multimc/instances/Baritone - Wurst/.minecraft/baritone/play.survivewith.us/minecraft/overworld_384/cache
[07:49:33] [pool-2-thread-1/INFO]: [STDOUT]: Loaded region successfully in 43ms
[07:49:33] [pool-2-thread-1/INFO]: [STDOUT]: Loading region 21,4 from disk /home/gavinboor/.local/share/multimc/instances/Baritone - Wurst/.minecraft/baritone/play.survivewith.us/minecraft/overworld_384/cache
[07:49:33] [pool-2-thread-1/INFO]: [STDOUT]: Loaded region successfully in 29ms
[07:49:33] [pool-2-thread-1/INFO]: [STDOUT]: Loading region 22,5 from disk /home/gavinboor/.local/share/multimc/instances/Baritone - Wurst/.minecraft/baritone/play.survivewith.us/minecraft/overworld_384/cache
[07:49:33] [pool-2-thread-1/INFO]: [STDOUT]: Loaded region successfully in 30ms
[07:49:33] [pool-2-thread-1/INFO]: [STDOUT]: Loading region 22,4 from disk /home/gavinboor/.local/share/multimc/instances/Baritone - Wurst/.minecraft/baritone/play.survivewith.us/minecraft/overworld_384/cache
[07:49:33] [pool-2-thread-1/INFO]: [STDOUT]: Loaded region successfully in 49ms
[07:49:35] [Render thread/INFO]: [System] [CHAT] You can now fly by double-jumping! [x5]
[07:49:49] [pool-2-thread-2/INFO]: [STDOUT]: Saving region 22,5 to disk /home/gavinboor/.local/share/multimc/instances/Baritone - Wurst/.minecraft/baritone/play.survivewith.us/minecraft/overworld_384/cache
[07:49:49] [ForkJoinPool.commonPool-worker-3/INFO]: [STDOUT]: Saving region 22,4 to disk /home/gavinboor/.local/share/multimc/instances/Baritone - Wurst/.minecraft/baritone/play.survivewith.us/minecraft/overworld_384/cache
[07:49:49] [ForkJoinPool.commonPool-worker-9/INFO]: [STDOUT]: Saving region 21,5 to disk /home/gavinboor/.local/share/multimc/instances/Baritone - Wurst/.minecraft/baritone/play.survivewith.us/minecraft/overworld_384/cache
[07:49:49] [ForkJoinPool.commonPool-worker-22/INFO]: [STDOUT]: Saving region 0,16 to disk /home/gavinboor/.local/share/multimc/instances/Baritone - Wurst/.minecraft/baritone/play.survivewith.us/minecraft/overworld_384/cache
[07:49:49] [ForkJoinPool.commonPool-worker-2/INFO]: [STDOUT]: Saving region -3,14 to disk /home/gavinboor/.local/share/multimc/instances/Baritone - Wurst/.minecraft/baritone/play.survivewith.us/minecraft/overworld_384/cache
[07:49:49] [ForkJoinPool.commonPool-worker-10/INFO]: [STDOUT]: Saving region 21,4 to disk /home/gavinboor/.local/share/multimc/instances/Baritone - Wurst/.minecraft/baritone/play.survivewith.us/minecraft/overworld_384/cache
[07:49:49] [ForkJoinPool.commonPool-worker-3/INFO]: [STDOUT]: Saved region successfully
[07:49:49] [ForkJoinPool.commonPool-worker-10/INFO]: [STDOUT]: Saved region successfully
[07:49:49] [pool-2-thread-2/INFO]: [STDOUT]: Saved region successfully
[07:49:49] [ForkJoinPool.commonPool-worker-9/INFO]: [STDOUT]: Saved region successfully
[07:49:49] [ForkJoinPool.commonPool-worker-22/INFO]: [STDOUT]: Saved region successfully
[07:49:49] [ForkJoinPool.commonPool-worker-2/INFO]: [STDOUT]: Saved region successfully
[07:49:49] [pool-2-thread-2/INFO]: [STDOUT]: World save took 220ms
[07:49:51] [Render thread/INFO]: [System] [CHAT] §aYou've completed a task! [x18]
[07:49:51] [Render thread/INFO]: [System] [CHAT] You have received 2 DailyKey keys! [x4]
[07:50:11] [Render thread/INFO]: [System] [CHAT] §aYou've completed a task! [x19]
[07:50:11] [Render thread/INFO]: [System] [CHAT] You have received 2 DailyKey keys! [x5]
[07:50:14] [pool-2-thread-5/INFO]: [STDOUT]: World save took 0ms
[07:50:20] [pool-2-thread-1/INFO]: [STDOUT]: Loading region 0,16 from disk /home/gavinboor/.local/share/multimc/instances/Baritone - Wurst/.minecraft/baritone/play.survivewith.us/minecraft/overworld_384/cache
[07:50:20] [pool-2-thread-1/INFO]: [STDOUT]: Loaded region successfully in 111ms
[07:50:34] [Render thread/INFO]: [System] [CHAT] You have received: $180.00 [x284]
[07:50:34] [Render thread/INFO]: Minimap session finalized.
[07:50:34] [Render thread/INFO]: Finalizing world map session...
[07:50:34] [Thread-1/INFO]: World map cleaned normally!
[07:50:35] [Render thread/INFO]: World map session finalized.
[07:50:35] [Render thread/INFO]: [STDOUT]: Telemetry sending attempt blocked.
[07:50:35] [Render thread/INFO]: [STDOUT]: Disconnected: literal{You have been banned from the server

Reason: Hacking is not allowed!

This ban will expire in: 720 hours 0 minutes and 0 seconds

You can appeal this ban on our forums:
https://forums.survivewith.us}[style={color=red}]
[07:50:39] [Render thread/INFO]: Connecting to play.survivewith.us, 25565
[07:50:40] [Render thread/INFO]: [STDOUT]: Disconnected: literal{§cYou have been banned from the server

Reason: Hacking is not allowed!

This ban will expire in: 719 hours 59 minutes and 54 seconds

You can appeal this ban on our forums:
https://forums.survivewith.us}[style={}]
[07:51:59] [Render thread/INFO]: Stopping!
