[10:28:34] [main/INFO]: Loading Minecraft 1.19.2 with Fabric Loader 0.14.9
[10:28:34] [ForkJoinPool-1-worker-2/WARN]: Mod wurst uses the version v7.27.3-MC1.19.2 which isn't compatible with Loader's extended semantic version format (Could not parse version number component 'v7'!), SemVer is recommended for reliably evaluating dependencies and prioritizing newer version
[10:28:34] [ForkJoinPool-1-worker-7/WARN]: Mod wurst uses the version v7.28-MC1.19.2 which isn't compatible with Loader's extended semantic version format (Could not parse version number component 'v7'!), SemVer is recommended for reliably evaluating dependencies and prioritizing newer version
[10:28:35] [main/INFO]: Loading 55 mods:
	- baritone 1.5.3-621-gaddd1fc7
	- fabric-api 0.61.0+1.19.2
	- fabric-api-base 0.4.11+e62f51a390 via fabric-api
	- fabric-api-lookup-api-v1 1.6.9+9ff28f4090 via fabric-api
	- fabric-biome-api-v1 9.0.17+aeb40ebe90 via fabric-api
	- fabric-blockrenderlayer-v1 1.1.20+aeb40ebe90 via fabric-api
	- fabric-client-tags-api-v1 1.0.1+b35fea8390 via fabric-api
	- fabric-command-api-v1 1.2.11+f71b366f90 via fabric-api
	- fabric-command-api-v2 2.1.7+0c17ea9690 via fabric-api
	- fabric-commands-v0 0.2.28+df3654b390 via fabric-api
	- fabric-containers-v0 0.1.34+df3654b390 via fabric-api
	- fabric-content-registries-v0 3.3.0+624e468e90 via fabric-api
	- fabric-convention-tags-v1 1.1.1+7cd20a1490 via fabric-api
	- fabric-crash-report-info-v1 0.2.5+aeb40ebe90 via fabric-api
	- fabric-data-generation-api-v1 5.1.9+a680b9b490 via fabric-api
	- fabric-dimensions-v1 2.1.31+0dd10df690 via fabric-api
	- fabric-entity-events-v1 1.4.18+9ff28f4090 via fabric-api
	- fabric-events-interaction-v0 0.4.28+aeb40ebe90 via fabric-api
	- fabric-events-lifecycle-v0 0.2.28+df3654b390 via fabric-api
	- fabric-game-rule-api-v1 1.0.21+aeb40ebe90 via fabric-api
	- fabric-item-api-v1 1.5.7+35a03c4390 via fabric-api
	- fabric-item-groups-v0 0.3.29+4e8ca3fd90 via fabric-api
	- fabric-key-binding-api-v1 1.0.20+aeb40ebe90 via fabric-api
	- fabric-keybindings-v0 0.2.18+df3654b390 via fabric-api
	- fabric-lifecycle-events-v1 2.1.2+aeb40ebe90 via fabric-api
	- fabric-loot-api-v2 1.1.3+83a8659290 via fabric-api
	- fabric-loot-tables-v1 1.1.6+9e7660c690 via fabric-api
	- fabric-message-api-v1 5.0.3+176380a290 via fabric-api
	- fabric-mining-level-api-v1 2.1.14+33fbc73890 via fabric-api
	- fabric-models-v0 0.3.17+aeb40ebe90 via fabric-api
	- fabric-networking-api-v1 1.2.4+5eb68ef290 via fabric-api
	- fabric-networking-v0 0.3.21+df3654b390 via fabric-api
	- fabric-object-builder-api-v1 4.0.11+aeb40ebe90 via fabric-api
	- fabric-particles-v1 1.0.10+aeb40ebe90 via fabric-api
	- fabric-registry-sync-v0 0.9.25+726b652090 via fabric-api
	- fabric-renderer-api-v1 1.0.10+aeb40ebe90 via fabric-api
	- fabric-renderer-indigo 0.6.12+aeb40ebe90 via fabric-api
	- fabric-renderer-registries-v1 3.2.20+df3654b390 via fabric-api
	- fabric-rendering-data-attachment-v1 0.3.14+aeb40ebe90 via fabric-api
	- fabric-rendering-fluids-v1 3.0.7+aeb40ebe90 via fabric-api
	- fabric-rendering-v0 1.1.22+df3654b390 via fabric-api
	- fabric-rendering-v1 1.10.16+aeb40ebe90 via fabric-api
	- fabric-resource-conditions-api-v1 2.0.11+e62f51a390 via fabric-api
	- fabric-resource-loader-v0 0.6.1+aeb40ebe90 via fabric-api
	- fabric-screen-api-v1 1.0.26+f05effaf90 via fabric-api
	- fabric-screen-handler-api-v1 1.3.0+1cc24b1b90 via fabric-api
	- fabric-textures-v0 1.0.20+aeb40ebe90 via fabric-api
	- fabric-transfer-api-v1 2.1.0+8f88597390 via fabric-api
	- fabric-transitive-access-wideners-v1 1.3.0+42d99c3290 via fabric-api
	- fabricloader 0.14.9
	- java 17
	- minecraft 1.19.2
	- wurst v7.28-MC1.19.2
	- xaerominimap 22.15.1
	- xaeroworldmap 1.28.0
[10:28:35] [main/INFO]: SpongePowered MIXIN Subsystem Version=0.8.5 Source=file:/home/gavinboor/.local/share/multimc/libraries/net/fabricmc/sponge-mixin/0.11.4+mixin.0.8.5/sponge-mixin-0.11.4+mixin.0.8.5.jar Service=Knot/Fabric Env=CLIENT
[10:28:35] [main/INFO]: Compatibility level set to JAVA_17
[10:28:35] [main/WARN]: Error loading class: me/jellysquid/mods/sodium/client/render/occlusion/BlockOcclusionCache (java.lang.ClassNotFoundException: me/jellysquid/mods/sodium/client/render/occlusion/BlockOcclusionCache)
[10:28:36] [main/WARN]: Configuration conflict: there is more than one oshi.properties file on the classpath
[10:28:36] [main/WARN]: Configuration conflict: there is more than one oshi.architecture.properties file on the classpath
[10:28:39] [main/INFO]: Building optimized datafixer
[10:28:42] [Render thread/INFO]: Environment: authHost='https://authserver.mojang.com', accountsHost='https://api.mojang.com', sessionHost='https://sessionserver.mojang.com', servicesHost='https://api.minecraftservices.com', name='PROD'
[10:28:43] [Render thread/INFO]: Setting user: CodeOverload
[10:28:44] [Render thread/INFO]: [STDOUT]: Starting Wurst Client...
[10:28:45] [Render thread/INFO]: [Indigo] Registering Indigo renderer!
[10:28:46] [Render thread/INFO]: Loading Xaero's Minimap - Stage 1/2
[10:28:47] [Render thread/INFO]: Loading Xaero's World Map - Stage 1/2
[10:28:48] [Render thread/INFO]: Backend library: LWJGL version 3.3.1 SNAPSHOT
[10:28:52] [Render thread/WARN]: ERROR : Couldn't load Narrator library
java.lang.UnsatisfiedLinkError: Unable to load library 'fliteWrapper':
libfliteWrapper.so: cannot open shared object file: No such file or directory
libfliteWrapper.so: cannot open shared object file: No such file or directory
Native library (linux-x86-64/libfliteWrapper.so) not found in resource path (/home/gavinboor/.local/share/multimc/bin/jars/NewLaunch.jar:/home/gavinboor/.local/share/multimc/libraries/org/lwjgl/lwjgl-glfw/3.3.1/lwjgl-glfw-3.3.1.jar:/home/gavinboor/.local/share/multimc/libraries/org/lwjgl/lwjgl-jemalloc/3.3.1/lwjgl-jemalloc-3.3.1.jar:/home/gavinboor/.local/share/multimc/libraries/org/lwjgl/lwjgl-openal/3.3.1/lwjgl-openal-3.3.1.jar:/home/gavinboor/.local/share/multimc/libraries/org/lwjgl/lwjgl-opengl/3.3.1/lwjgl-opengl-3.3.1.jar:/home/gavinboor/.local/share/multimc/libraries/org/lwjgl/lwjgl-stb/3.3.1/lwjgl-stb-3.3.1.jar:/home/gavinboor/.local/share/multimc/libraries/org/lwjgl/lwjgl-tinyfd/3.3.1/lwjgl-tinyfd-3.3.1.jar:/home/gavinboor/.local/share/multimc/libraries/org/lwjgl/lwjgl/3.3.1/lwjgl-3.3.1.jar:/home/gavinboor/.local/share/multimc/libraries/com/mojang/logging/1.0.0/logging-1.0.0.jar:/home/gavinboor/.local/share/multimc/libraries/com/mojang/blocklist/1.0.10/blocklist-1.0.10.jar:/home/gavinboor/.local/share/multimc/libraries/com/mojang/patchy/2.2.10/patchy-2.2.10.jar:/home/gavinboor/.local/share/multimc/libraries/com/github/oshi/oshi-core/5.8.5/oshi-core-5.8.5.jar:/home/gavinboor/.local/share/multimc/libraries/net/java/dev/jna/jna/5.10.0/jna-5.10.0.jar:/home/gavinboor/.local/share/multimc/libraries/net/java/dev/jna/jna-platform/5.10.0/jna-platform-5.10.0.jar:/home/gavinboor/.local/share/multimc/libraries/org/slf4j/slf4j-api/1.8.0-beta4/slf4j-api-1.8.0-beta4.jar:/home/gavinboor/.local/share/multimc/libraries/org/apache/logging/log4j/log4j-slf4j18-impl/2.16.0/log4j-slf4j18-impl-2.16.0.jar:/home/gavinboor/.local/share/multimc/libraries/com/ibm/icu/icu4j/70.1/icu4j-70.1.jar:/home/gavinboor/.local/share/multimc/libraries/com/mojang/javabridge/1.2.24/javabridge-1.2.24.jar:/home/gavinboor/.local/share/multimc/libraries/net/sf/jopt-simple/jopt-simple/5.0.4/jopt-simple-5.0.4.jar:/home/gavinboor/.local/share/multimc/libraries/io/netty/netty-common/4.1.77.Final/netty-common-4.1.77.Final.jar:/home/gavinboor/.local/share/multimc/libraries/io/netty/netty-buffer/4.1.77.Final/netty-buffer-4.1.77.Final.jar:/home/gavinboor/.local/share/multimc/libraries/io/netty/netty-codec/4.1.77.Final/netty-codec-4.1.77.Final.jar:/home/gavinboor/.local/share/multimc/libraries/io/netty/netty-handler/4.1.77.Final/netty-handler-4.1.77.Final.jar:/home/gavinboor/.local/share/multimc/libraries/io/netty/netty-resolver/4.1.77.Final/netty-resolver-4.1.77.Final.jar:/home/gavinboor/.local/share/multimc/libraries/io/netty/netty-transport/4.1.77.Final/netty-transport-4.1.77.Final.jar:/home/gavinboor/.local/share/multimc/libraries/io/netty/netty-transport-native-unix-common/4.1.77.Final/netty-transport-native-unix-common-4.1.77.Final.jar:/home/gavinboor/.local/share/multimc/libraries/io/netty/netty-transport-classes-epoll/4.1.77.Final/netty-transport-classes-epoll-4.1.77.Final.jar:/home/gavinboor/.local/share/multimc/libraries/io/netty/netty-transport-native-epoll/4.1.77.Final/netty-transport-native-epoll-4.1.77.Final-linux-x86_64.jar:/home/gavinboor/.local/share/multimc/libraries/com/google/guava/failureaccess/1.0.1/failureaccess-1.0.1.jar:/home/gavinboor/.local/share/multimc/libraries/com/google/guava/guava/31.0.1-jre/guava-31.0.1-jre.jar:/home/gavinboor/.local/share/multimc/libraries/org/apache/commons/commons-lang3/3.12.0/commons-lang3-3.12.0.jar:/home/gavinboor/.local/share/multimc/libraries/commons-io/commons-io/2.11.0/commons-io-2.11.0.jar:/home/gavinboor/.local/share/multimc/libraries/commons-codec/commons-codec/1.15/commons-codec-1.15.jar:/home/gavinboor/.local/share/multimc/libraries/com/mojang/brigadier/1.0.18/brigadier-1.0.18.jar:/home/gavinboor/.local/share/multimc/libraries/com/mojang/datafixerupper/5.0.28/datafixerupper-5.0.28.jar:/home/gavinboor/.local/share/multimc/libraries/com/google/code/gson/gson/2.8.9/gson-2.8.9.jar:/home/gavinboor/.local/share/multimc/libraries/com/mojang/authlib/3.11.49/authlib-3.11.49.jar:/home/gavinboor/.local/share/multimc/libraries/org/apache/commons/commons-compress/1.21/commons-compress-1.21.jar:/home/gavinboor/.local/share/multimc/libraries/org/apache/httpcomponents/httpclient/4.5.13/httpclient-4.5.13.jar:/home/gavinboor/.local/share/multimc/libraries/commons-logging/commons-logging/1.2/commons-logging-1.2.jar:/home/gavinboor/.local/share/multimc/libraries/org/apache/httpcomponents/httpcore/4.4.14/httpcore-4.4.14.jar:/home/gavinboor/.local/share/multimc/libraries/it/unimi/dsi/fastutil/8.5.6/fastutil-8.5.6.jar:/home/gavinboor/.local/share/multimc/libraries/org/apache/logging/log4j/log4j-api/2.16.0/log4j-api-2.16.0.jar:/home/gavinboor/.local/share/multimc/libraries/org/apache/logging/log4j/log4j-core/2.16.0/log4j-core-2.16.0.jar:/home/gavinboor/.local/share/multimc/libraries/com/mojang/text2speech/1.13.9/text2speech-1.13.9.jar:/home/gavinboor/.local/share/multimc/libraries/net/fabricmc/intermediary/1.19.2/intermediary-1.19.2.jar:/home/gavinboor/.local/share/multimc/libraries/net/fabricmc/tiny-mappings-parser/0.3.0+build.17/tiny-mappings-parser-0.3.0+build.17.jar:/home/gavinboor/.local/share/multimc/libraries/net/fabricmc/sponge-mixin/0.11.4+mixin.0.8.5/sponge-mixin-0.11.4+mixin.0.8.5.jar:/home/gavinboor/.local/share/multimc/libraries/net/fabricmc/tiny-remapper/0.8.2/tiny-remapper-0.8.2.jar:/home/gavinboor/.local/share/multimc/libraries/net/fabricmc/access-widener/2.1.0/access-widener-2.1.0.jar:/home/gavinboor/.local/share/multimc/libraries/org/ow2/asm/asm/9.3/asm-9.3.jar:/home/gavinboor/.local/share/multimc/libraries/org/ow2/asm/asm-analysis/9.3/asm-analysis-9.3.jar:/home/gavinboor/.local/share/multimc/libraries/org/ow2/asm/asm-commons/9.3/asm-commons-9.3.jar:/home/gavinboor/.local/share/multimc/libraries/org/ow2/asm/asm-tree/9.3/asm-tree-9.3.jar:/home/gavinboor/.local/share/multimc/libraries/org/ow2/asm/asm-util/9.3/asm-util-9.3.jar:/home/gavinboor/.local/share/multimc/libraries/net/fabricmc/fabric-loader/0.14.9/fabric-loader-0.14.9.jar:/home/gavinboor/.local/share/multimc/libraries/com/mojang/minecraft/1.19.2/minecraft-1.19.2-client.jar)
	at com.sun.jna.NativeLibrary.loadLibrary(NativeLibrary.java:301) ~[jna-5.10.0.jar:?]
	at com.sun.jna.NativeLibrary.getInstance(NativeLibrary.java:461) ~[jna-5.10.0.jar:?]
	at com.sun.jna.NativeLibrary.getInstance(NativeLibrary.java:403) ~[jna-5.10.0.jar:?]
	at com.mojang.text2speech.NarratorLinux.<clinit>(NarratorLinux.java:18) [text2speech-1.13.9.jar:?]
	at com.mojang.text2speech.Narrator.getNarrator(Narrator.java:21) [text2speech-1.13.9.jar:?]
	at net.minecraft.class_333.<init>(class_333.java:19) [client-intermediary.jar:?]
	at net.minecraft.class_310.<init>(class_310.java:637) [client-intermediary.jar:?]
	at net.minecraft.client.main.Main.method_44604(Main.java:205) [client-intermediary.jar:?]
	at net.minecraft.client.main.Main.main(Main.java:51) [client-intermediary.jar:?]
	at net.fabricmc.loader.impl.game.minecraft.MinecraftGameProvider.launch(MinecraftGameProvider.java:461) [fabric-loader-0.14.9.jar:?]
	at net.fabricmc.loader.impl.launch.knot.Knot.launch(Knot.java:74) [fabric-loader-0.14.9.jar:?]
	at net.fabricmc.loader.impl.launch.knot.KnotClient.main(KnotClient.java:23) [fabric-loader-0.14.9.jar:?]
	at jdk.internal.reflect.NativeMethodAccessorImpl.invoke0(Native Method) ~[?:?]
	at jdk.internal.reflect.NativeMethodAccessorImpl.invoke(NativeMethodAccessorImpl.java:77) ~[?:?]
	at jdk.internal.reflect.DelegatingMethodAccessorImpl.invoke(DelegatingMethodAccessorImpl.java:43) ~[?:?]
	at java.lang.reflect.Method.invoke(Method.java:568) ~[?:?]
	at org.multimc.onesix.OneSixLauncher.launchWithMainClass(OneSixLauncher.java:210) [NewLaunch.jar:?]
	at org.multimc.onesix.OneSixLauncher.launch(OneSixLauncher.java:245) [NewLaunch.jar:?]
	at org.multimc.EntryPoint.listen(EntryPoint.java:143) [NewLaunch.jar:?]
	at org.multimc.EntryPoint.main(EntryPoint.java:34) [NewLaunch.jar:?]
	Suppressed: java.lang.UnsatisfiedLinkError: libfliteWrapper.so: cannot open shared object file: No such file or directory
		at com.sun.jna.Native.open(Native Method) ~[jna-5.10.0.jar:?]
		at com.sun.jna.NativeLibrary.loadLibrary(NativeLibrary.java:191) ~[jna-5.10.0.jar:?]
		at com.sun.jna.NativeLibrary.getInstance(NativeLibrary.java:461) ~[jna-5.10.0.jar:?]
		at com.sun.jna.NativeLibrary.getInstance(NativeLibrary.java:403) ~[jna-5.10.0.jar:?]
		at com.mojang.text2speech.NarratorLinux.<clinit>(NarratorLinux.java:18) [text2speech-1.13.9.jar:?]
		at com.mojang.text2speech.Narrator.getNarrator(Narrator.java:21) [text2speech-1.13.9.jar:?]
		at net.minecraft.class_333.<init>(class_333.java:19) [client-intermediary.jar:?]
		at net.minecraft.class_310.<init>(class_310.java:637) [client-intermediary.jar:?]
		at net.minecraft.client.main.Main.method_44604(Main.java:205) [client-intermediary.jar:?]
		at net.minecraft.client.main.Main.main(Main.java:51) [client-intermediary.jar:?]
		at net.fabricmc.loader.impl.game.minecraft.MinecraftGameProvider.launch(MinecraftGameProvider.java:461) [fabric-loader-0.14.9.jar:?]
		at net.fabricmc.loader.impl.launch.knot.Knot.launch(Knot.java:74) [fabric-loader-0.14.9.jar:?]
		at net.fabricmc.loader.impl.launch.knot.KnotClient.main(KnotClient.java:23) [fabric-loader-0.14.9.jar:?]
		at jdk.internal.reflect.NativeMethodAccessorImpl.invoke0(Native Method) ~[?:?]
		at jdk.internal.reflect.NativeMethodAccessorImpl.invoke(NativeMethodAccessorImpl.java:77) ~[?:?]
		at jdk.internal.reflect.DelegatingMethodAccessorImpl.invoke(DelegatingMethodAccessorImpl.java:43) ~[?:?]
		at java.lang.reflect.Method.invoke(Method.java:568) ~[?:?]
		at org.multimc.onesix.OneSixLauncher.launchWithMainClass(OneSixLauncher.java:210) [NewLaunch.jar:?]
		at org.multimc.onesix.OneSixLauncher.launch(OneSixLauncher.java:245) [NewLaunch.jar:?]
		at org.multimc.EntryPoint.listen(EntryPoint.java:143) [NewLaunch.jar:?]
		at org.multimc.EntryPoint.main(EntryPoint.java:34) [NewLaunch.jar:?]
	Suppressed: java.lang.UnsatisfiedLinkError: libfliteWrapper.so: cannot open shared object file: No such file or directory
		at com.sun.jna.Native.open(Native Method) ~[jna-5.10.0.jar:?]
		at com.sun.jna.NativeLibrary.loadLibrary(NativeLibrary.java:204) ~[jna-5.10.0.jar:?]
		at com.sun.jna.NativeLibrary.getInstance(NativeLibrary.java:461) ~[jna-5.10.0.jar:?]
		at com.sun.jna.NativeLibrary.getInstance(NativeLibrary.java:403) ~[jna-5.10.0.jar:?]
		at com.mojang.text2speech.NarratorLinux.<clinit>(NarratorLinux.java:18) [text2speech-1.13.9.jar:?]
		at com.mojang.text2speech.Narrator.getNarrator(Narrator.java:21) [text2speech-1.13.9.jar:?]
		at net.minecraft.class_333.<init>(class_333.java:19) [client-intermediary.jar:?]
		at net.minecraft.class_310.<init>(class_310.java:637) [client-intermediary.jar:?]
		at net.minecraft.client.main.Main.method_44604(Main.java:205) [client-intermediary.jar:?]
		at net.minecraft.client.main.Main.main(Main.java:51) [client-intermediary.jar:?]
		at net.fabricmc.loader.impl.game.minecraft.MinecraftGameProvider.launch(MinecraftGameProvider.java:461) [fabric-loader-0.14.9.jar:?]
		at net.fabricmc.loader.impl.launch.knot.Knot.launch(Knot.java:74) [fabric-loader-0.14.9.jar:?]
		at net.fabricmc.loader.impl.launch.knot.KnotClient.main(KnotClient.java:23) [fabric-loader-0.14.9.jar:?]
		at jdk.internal.reflect.NativeMethodAccessorImpl.invoke0(Native Method) ~[?:?]
		at jdk.internal.reflect.NativeMethodAccessorImpl.invoke(NativeMethodAccessorImpl.java:77) ~[?:?]
		at jdk.internal.reflect.DelegatingMethodAccessorImpl.invoke(DelegatingMethodAccessorImpl.java:43) ~[?:?]
		at java.lang.reflect.Method.invoke(Method.java:568) ~[?:?]
		at org.multimc.onesix.OneSixLauncher.launchWithMainClass(OneSixLauncher.java:210) [NewLaunch.jar:?]
		at org.multimc.onesix.OneSixLauncher.launch(OneSixLauncher.java:245) [NewLaunch.jar:?]
		at org.multimc.EntryPoint.listen(EntryPoint.java:143) [NewLaunch.jar:?]
		at org.multimc.EntryPoint.main(EntryPoint.java:34) [NewLaunch.jar:?]
	Suppressed: java.io.IOException: Native library (linux-x86-64/libfliteWrapper.so) not found in resource path (/home/gavinboor/.local/share/multimc/bin/jars/NewLaunch.jar:/home/gavinboor/.local/share/multimc/libraries/org/lwjgl/lwjgl-glfw/3.3.1/lwjgl-glfw-3.3.1.jar:/home/gavinboor/.local/share/multimc/libraries/org/lwjgl/lwjgl-jemalloc/3.3.1/lwjgl-jemalloc-3.3.1.jar:/home/gavinboor/.local/share/multimc/libraries/org/lwjgl/lwjgl-openal/3.3.1/lwjgl-openal-3.3.1.jar:/home/gavinboor/.local/share/multimc/libraries/org/lwjgl/lwjgl-opengl/3.3.1/lwjgl-opengl-3.3.1.jar:/home/gavinboor/.local/share/multimc/libraries/org/lwjgl/lwjgl-stb/3.3.1/lwjgl-stb-3.3.1.jar:/home/gavinboor/.local/share/multimc/libraries/org/lwjgl/lwjgl-tinyfd/3.3.1/lwjgl-tinyfd-3.3.1.jar:/home/gavinboor/.local/share/multimc/libraries/org/lwjgl/lwjgl/3.3.1/lwjgl-3.3.1.jar:/home/gavinboor/.local/share/multimc/libraries/com/mojang/logging/1.0.0/logging-1.0.0.jar:/home/gavinboor/.local/share/multimc/libraries/com/mojang/blocklist/1.0.10/blocklist-1.0.10.jar:/home/gavinboor/.local/share/multimc/libraries/com/mojang/patchy/2.2.10/patchy-2.2.10.jar:/home/gavinboor/.local/share/multimc/libraries/com/github/oshi/oshi-core/5.8.5/oshi-core-5.8.5.jar:/home/gavinboor/.local/share/multimc/libraries/net/java/dev/jna/jna/5.10.0/jna-5.10.0.jar:/home/gavinboor/.local/share/multimc/libraries/net/java/dev/jna/jna-platform/5.10.0/jna-platform-5.10.0.jar:/home/gavinboor/.local/share/multimc/libraries/org/slf4j/slf4j-api/1.8.0-beta4/slf4j-api-1.8.0-beta4.jar:/home/gavinboor/.local/share/multimc/libraries/org/apache/logging/log4j/log4j-slf4j18-impl/2.16.0/log4j-slf4j18-impl-2.16.0.jar:/home/gavinboor/.local/share/multimc/libraries/com/ibm/icu/icu4j/70.1/icu4j-70.1.jar:/home/gavinboor/.local/share/multimc/libraries/com/mojang/javabridge/1.2.24/javabridge-1.2.24.jar:/home/gavinboor/.local/share/multimc/libraries/net/sf/jopt-simple/jopt-simple/5.0.4/jopt-simple-5.0.4.jar:/home/gavinboor/.local/share/multimc/libraries/io/netty/netty-common/4.1.77.Final/netty-common-4.1.77.Final.jar:/home/gavinboor/.local/share/multimc/libraries/io/netty/netty-buffer/4.1.77.Final/netty-buffer-4.1.77.Final.jar:/home/gavinboor/.local/share/multimc/libraries/io/netty/netty-codec/4.1.77.Final/netty-codec-4.1.77.Final.jar:/home/gavinboor/.local/share/multimc/libraries/io/netty/netty-handler/4.1.77.Final/netty-handler-4.1.77.Final.jar:/home/gavinboor/.local/share/multimc/libraries/io/netty/netty-resolver/4.1.77.Final/netty-resolver-4.1.77.Final.jar:/home/gavinboor/.local/share/multimc/libraries/io/netty/netty-transport/4.1.77.Final/netty-transport-4.1.77.Final.jar:/home/gavinboor/.local/share/multimc/libraries/io/netty/netty-transport-native-unix-common/4.1.77.Final/netty-transport-native-unix-common-4.1.77.Final.jar:/home/gavinboor/.local/share/multimc/libraries/io/netty/netty-transport-classes-epoll/4.1.77.Final/netty-transport-classes-epoll-4.1.77.Final.jar:/home/gavinboor/.local/share/multimc/libraries/io/netty/netty-transport-native-epoll/4.1.77.Final/netty-transport-native-epoll-4.1.77.Final-linux-x86_64.jar:/home/gavinboor/.local/share/multimc/libraries/com/google/guava/failureaccess/1.0.1/failureaccess-1.0.1.jar:/home/gavinboor/.local/share/multimc/libraries/com/google/guava/guava/31.0.1-jre/guava-31.0.1-jre.jar:/home/gavinboor/.local/share/multimc/libraries/org/apache/commons/commons-lang3/3.12.0/commons-lang3-3.12.0.jar:/home/gavinboor/.local/share/multimc/libraries/commons-io/commons-io/2.11.0/commons-io-2.11.0.jar:/home/gavinboor/.local/share/multimc/libraries/commons-codec/commons-codec/1.15/commons-codec-1.15.jar:/home/gavinboor/.local/share/multimc/libraries/com/mojang/brigadier/1.0.18/brigadier-1.0.18.jar:/home/gavinboor/.local/share/multimc/libraries/com/mojang/datafixerupper/5.0.28/datafixerupper-5.0.28.jar:/home/gavinboor/.local/share/multimc/libraries/com/google/code/gson/gson/2.8.9/gson-2.8.9.jar:/home/gavinboor/.local/share/multimc/libraries/com/mojang/authlib/3.11.49/authlib-3.11.49.jar:/home/gavinboor/.local/share/multimc/libraries/org/apache/commons/commons-compress/1.21/commons-compress-1.21.jar:/home/gavinboor/.local/share/multimc/libraries/org/apache/httpcomponents/httpclient/4.5.13/httpclient-4.5.13.jar:/home/gavinboor/.local/share/multimc/libraries/commons-logging/commons-logging/1.2/commons-logging-1.2.jar:/home/gavinboor/.local/share/multimc/libraries/org/apache/httpcomponents/httpcore/4.4.14/httpcore-4.4.14.jar:/home/gavinboor/.local/share/multimc/libraries/it/unimi/dsi/fastutil/8.5.6/fastutil-8.5.6.jar:/home/gavinboor/.local/share/multimc/libraries/org/apache/logging/log4j/log4j-api/2.16.0/log4j-api-2.16.0.jar:/home/gavinboor/.local/share/multimc/libraries/org/apache/logging/log4j/log4j-core/2.16.0/log4j-core-2.16.0.jar:/home/gavinboor/.local/share/multimc/libraries/com/mojang/text2speech/1.13.9/text2speech-1.13.9.jar:/home/gavinboor/.local/share/multimc/libraries/net/fabricmc/intermediary/1.19.2/intermediary-1.19.2.jar:/home/gavinboor/.local/share/multimc/libraries/net/fabricmc/tiny-mappings-parser/0.3.0+build.17/tiny-mappings-parser-0.3.0+build.17.jar:/home/gavinboor/.local/share/multimc/libraries/net/fabricmc/sponge-mixin/0.11.4+mixin.0.8.5/sponge-mixin-0.11.4+mixin.0.8.5.jar:/home/gavinboor/.local/share/multimc/libraries/net/fabricmc/tiny-remapper/0.8.2/tiny-remapper-0.8.2.jar:/home/gavinboor/.local/share/multimc/libraries/net/fabricmc/access-widener/2.1.0/access-widener-2.1.0.jar:/home/gavinboor/.local/share/multimc/libraries/org/ow2/asm/asm/9.3/asm-9.3.jar:/home/gavinboor/.local/share/multimc/libraries/org/ow2/asm/asm-analysis/9.3/asm-analysis-9.3.jar:/home/gavinboor/.local/share/multimc/libraries/org/ow2/asm/asm-commons/9.3/asm-commons-9.3.jar:/home/gavinboor/.local/share/multimc/libraries/org/ow2/asm/asm-tree/9.3/asm-tree-9.3.jar:/home/gavinboor/.local/share/multimc/libraries/org/ow2/asm/asm-util/9.3/asm-util-9.3.jar:/home/gavinboor/.local/share/multimc/libraries/net/fabricmc/fabric-loader/0.14.9/fabric-loader-0.14.9.jar:/home/gavinboor/.local/share/multimc/libraries/com/mojang/minecraft/1.19.2/minecraft-1.19.2-client.jar)
		at com.sun.jna.Native.extractFromResourcePath(Native.java:1145) ~[jna-5.10.0.jar:?]
		at com.sun.jna.NativeLibrary.loadLibrary(NativeLibrary.java:275) ~[jna-5.10.0.jar:?]
		at com.sun.jna.NativeLibrary.getInstance(NativeLibrary.java:461) ~[jna-5.10.0.jar:?]
		at com.sun.jna.NativeLibrary.getInstance(NativeLibrary.java:403) ~[jna-5.10.0.jar:?]
		at com.mojang.text2speech.NarratorLinux.<clinit>(NarratorLinux.java:18) [text2speech-1.13.9.jar:?]
		at com.mojang.text2speech.Narrator.getNarrator(Narrator.java:21) [text2speech-1.13.9.jar:?]
		at net.minecraft.class_333.<init>(class_333.java:19) [client-intermediary.jar:?]
		at net.minecraft.class_310.<init>(class_310.java:637) [client-intermediary.jar:?]
		at net.minecraft.client.main.Main.method_44604(Main.java:205) [client-intermediary.jar:?]
		at net.minecraft.client.main.Main.main(Main.java:51) [client-intermediary.jar:?]
		at net.fabricmc.loader.impl.game.minecraft.MinecraftGameProvider.launch(MinecraftGameProvider.java:461) [fabric-loader-0.14.9.jar:?]
		at net.fabricmc.loader.impl.launch.knot.Knot.launch(Knot.java:74) [fabric-loader-0.14.9.jar:?]
		at net.fabricmc.loader.impl.launch.knot.KnotClient.main(KnotClient.java:23) [fabric-loader-0.14.9.jar:?]
		at jdk.internal.reflect.NativeMethodAccessorImpl.invoke0(Native Method) ~[?:?]
		at jdk.internal.reflect.NativeMethodAccessorImpl.invoke(NativeMethodAccessorImpl.java:77) ~[?:?]
		at jdk.internal.reflect.DelegatingMethodAccessorImpl.invoke(DelegatingMethodAccessorImpl.java:43) ~[?:?]
		at java.lang.reflect.Method.invoke(Method.java:568) ~[?:?]
		at org.multimc.onesix.OneSixLauncher.launchWithMainClass(OneSixLauncher.java:210) [NewLaunch.jar:?]
		at org.multimc.onesix.OneSixLauncher.launch(OneSixLauncher.java:245) [NewLaunch.jar:?]
		at org.multimc.EntryPoint.listen(EntryPoint.java:143) [NewLaunch.jar:?]
		at org.multimc.EntryPoint.main(EntryPoint.java:34) [NewLaunch.jar:?]
[10:28:52] [Render thread/INFO]: Reloading ResourceManager: Default, Fabric Mods (Fabric API, Fabric API Base, Fabric API Lookup API (v1), Fabric Biome API (v1), Fabric BlockRenderLayer Registration (v1), Fabric Client Tags, Fabric Command API (v1), Fabric Command API (v2), Fabric Commands (v0), Fabric Containers (v0), Fabric Content Registries (v0), Fabric Convention Tags, Fabric Crash Report Info (v1), Fabric Data Generation API (v1), Fabric Dimensions API (v1), Fabric Entity Events (v1), Fabric Events Interaction (v0), Fabric Events Lifecycle (v0), Fabric Game Rule API (v1), Fabric Item API (v1), Fabric Item Groups (v0), Fabric Key Binding API (v1), Fabric Key Bindings (v0), Fabric Lifecycle Events (v1), Fabric Loot API (v2), Fabric Loot Tables (v1), Fabric Message API (v1), Fabric Mining Level API (v1), Fabric Models (v0), Fabric Networking API (v1), Fabric Networking (v0), Fabric Object Builder API (v1), Fabric Particles (v1), Fabric Registry Sync (v0), Fabric Renderer API (v1), Fabric Renderer - Indigo, Fabric Renderer Registries (v1), Fabric Rendering Data Attachment (v1), Fabric Rendering Fluids (v1), Fabric Rendering (v0), Fabric Rendering (v1), Fabric Resource Conditions API (v1), Fabric Resource Loader (v0), Fabric Screen API (v1), Fabric Screen Handler API (v1), Fabric Textures (v0), Fabric Transfer API (v1), Fabric Transitive Access Wideners (v1), Fabric Loader, Wurst Client, Xaero's Minimap, Xaero's World Map)
[10:28:53] [Render thread/INFO]: Loading Xaero's Minimap - Stage 2/2
[10:28:54] [Render thread/ERROR]: suppressed exception
java.net.SocketTimeoutException: Read timed out
	at jdk.internal.reflect.NativeConstructorAccessorImpl.newInstance0(Native Method) ~[?:?]
	at jdk.internal.reflect.NativeConstructorAccessorImpl.newInstance(NativeConstructorAccessorImpl.java:77) ~[?:?]
	at jdk.internal.reflect.DelegatingConstructorAccessorImpl.newInstance(DelegatingConstructorAccessorImpl.java:45) ~[?:?]
	at java.lang.reflect.Constructor.newInstanceWithCaller(Constructor.java:499) ~[?:?]
	at java.lang.reflect.Constructor.newInstance(Constructor.java:480) ~[?:?]
	at sun.net.www.protocol.http.HttpURLConnection$10.run(HttpURLConnection.java:2048) ~[?:?]
	at sun.net.www.protocol.http.HttpURLConnection$10.run(HttpURLConnection.java:2043) ~[?:?]
	at java.security.AccessController.doPrivileged(AccessController.java:569) ~[?:?]
	at sun.net.www.protocol.http.HttpURLConnection.getChainedException(HttpURLConnection.java:2042) ~[?:?]
	at sun.net.www.protocol.http.HttpURLConnection.getInputStream0(HttpURLConnection.java:1609) ~[?:?]
	at sun.net.www.protocol.http.HttpURLConnection.getInputStream(HttpURLConnection.java:1589) ~[?:?]
	at xaero.common.misc.Internet.checkModVersion(Internet.java:53) [Xaeros_Minimap_22.15.1_Fabric_1.19.1.jar:?]
	at xaero.minimap.XaeroMinimap.tryLoadLater(XaeroMinimap.java:239) [Xaeros_Minimap_22.15.1_Fabric_1.19.1.jar:?]
	at net.minecraft.class_310.handler$zni001$onTickStart(class_310.java:6956) [client-intermediary.jar:?]
	at net.minecraft.class_310.method_1574(class_310.java) [client-intermediary.jar:?]
	at net.minecraft.class_310.method_1523(class_310.java:1135) [client-intermediary.jar:?]
	at net.minecraft.class_310.method_1514(class_310.java:768) [client-intermediary.jar:?]
	at net.minecraft.client.main.Main.method_44604(Main.java:244) [client-intermediary.jar:?]
	at net.minecraft.client.main.Main.main(Main.java:51) [client-intermediary.jar:?]
	at net.fabricmc.loader.impl.game.minecraft.MinecraftGameProvider.launch(MinecraftGameProvider.java:461) [fabric-loader-0.14.9.jar:?]
	at net.fabricmc.loader.impl.launch.knot.Knot.launch(Knot.java:74) [fabric-loader-0.14.9.jar:?]
	at net.fabricmc.loader.impl.launch.knot.KnotClient.main(KnotClient.java:23) [fabric-loader-0.14.9.jar:?]
	at jdk.internal.reflect.NativeMethodAccessorImpl.invoke0(Native Method) ~[?:?]
	at jdk.internal.reflect.NativeMethodAccessorImpl.invoke(NativeMethodAccessorImpl.java:77) ~[?:?]
	at jdk.internal.reflect.DelegatingMethodAccessorImpl.invoke(DelegatingMethodAccessorImpl.java:43) ~[?:?]
	at java.lang.reflect.Method.invoke(Method.java:568) ~[?:?]
	at org.multimc.onesix.OneSixLauncher.launchWithMainClass(OneSixLauncher.java:210) [NewLaunch.jar:?]
	at org.multimc.onesix.OneSixLauncher.launch(OneSixLauncher.java:245) [NewLaunch.jar:?]
	at org.multimc.EntryPoint.listen(EntryPoint.java:143) [NewLaunch.jar:?]
	at org.multimc.EntryPoint.main(EntryPoint.java:34) [NewLaunch.jar:?]
Caused by: java.net.SocketTimeoutException: Read timed out
	at sun.nio.ch.NioSocketImpl.timedRead(NioSocketImpl.java:283) ~[?:?]
	at sun.nio.ch.NioSocketImpl.implRead(NioSocketImpl.java:309) ~[?:?]
	at sun.nio.ch.NioSocketImpl.read(NioSocketImpl.java:350) ~[?:?]
	at sun.nio.ch.NioSocketImpl$1.read(NioSocketImpl.java:803) ~[?:?]
	at java.net.Socket$SocketInputStream.read(Socket.java:966) ~[?:?]
	at java.io.BufferedInputStream.fill(BufferedInputStream.java:244) ~[?:?]
	at java.io.BufferedInputStream.read1(BufferedInputStream.java:284) ~[?:?]
	at java.io.BufferedInputStream.read(BufferedInputStream.java:343) ~[?:?]
	at sun.net.www.http.HttpClient.parseHTTPHeader(HttpClient.java:825) ~[?:?]
	at sun.net.www.http.HttpClient.parseHTTP(HttpClient.java:760) ~[?:?]
	at sun.net.www.protocol.http.HttpURLConnection.getInputStream0(HttpURLConnection.java:1688) ~[?:?]
	at sun.net.www.protocol.http.HttpURLConnection.getInputStream(HttpURLConnection.java:1589) ~[?:?]
	at sun.net.www.protocol.http.HttpURLConnection.getHeaderField(HttpURLConnection.java:3236) ~[?:?]
	at java.net.URLConnection.getHeaderFieldLong(URLConnection.java:637) ~[?:?]
	at java.net.URLConnection.getContentLengthLong(URLConnection.java:509) ~[?:?]
	at xaero.common.misc.Internet.checkModVersion(Internet.java:51) ~[Xaeros_Minimap_22.15.1_Fabric_1.19.1.jar:?]
	... 18 more
[10:28:54] [Render thread/INFO]: Xaero's Minimap: World Map found!
[10:28:54] [Render thread/INFO]: No Optifine!
[10:28:54] [Render thread/INFO]: Xaero's Minimap: No Vivecraft!
[10:28:54] [Render thread/INFO]: Loading Xaero's World Map - Stage 2/2
[10:28:54] [Render thread/INFO]: New world map region cache hash code: 687554333
[10:28:54] [Render thread/INFO]: Xaero's WorldMap Mod: Xaero's minimap found!
[10:28:54] [Render thread/INFO]: No Optifine!
[10:28:54] [Render thread/INFO]: Xaero's World Map: No Vivecraft!
[10:28:57] [Render thread/WARN]: Missing sound for event: minecraft:item.goat_horn.play
[10:28:57] [Render thread/WARN]: Missing sound for event: minecraft:entity.goat.screaming.horn_break
[10:28:57] [Render thread/INFO]: OpenAL initialized on device VirtIO SoundCard
[10:28:57] [Render thread/INFO]: Sound engine started
[10:28:57] [Render thread/INFO]: Created: 1024x1024x0 minecraft:textures/atlas/blocks.png-atlas
[10:28:58] [Render thread/INFO]: Created: 256x128x0 minecraft:textures/atlas/signs.png-atlas
[10:28:58] [Render thread/INFO]: Created: 1024x512x0 minecraft:textures/atlas/banner_patterns.png-atlas
[10:28:58] [Render thread/INFO]: Created: 1024x512x0 minecraft:textures/atlas/shield_patterns.png-atlas
[10:28:58] [Render thread/INFO]: Created: 256x256x0 minecraft:textures/atlas/chest.png-atlas
[10:28:58] [Render thread/INFO]: Created: 512x256x0 minecraft:textures/atlas/beds.png-atlas
[10:28:58] [Render thread/INFO]: Created: 512x256x0 minecraft:textures/atlas/shulker_boxes.png-atlas
[10:28:59] [Render thread/WARN]: Shader rendertype_entity_translucent_emissive could not find sampler named Sampler2 in the specified shader program.
[10:29:00] [Render thread/INFO]: Created: 512x256x0 minecraft:textures/atlas/particles.png-atlas
[10:29:00] [Render thread/INFO]: Created: 256x256x0 minecraft:textures/atlas/paintings.png-atlas
[10:29:00] [Render thread/INFO]: Created: 256x128x0 minecraft:textures/atlas/mob_effects.png-atlas
[10:29:00] [Render thread/INFO]: Successfully reloaded the minimap shaders!
[10:29:00] [Render thread/INFO]: Successfully reloaded the world map shaders!
[10:29:16] [Worker-Bootstrap-6/INFO]: 4283 Datafixer optimizations took 36605 milliseconds
[10:29:24] [LanServerDetector #8/ERROR]: Caught previously unhandled exception :
java.lang.AssertionError: java.net.BindException: Cannot assign requested address
	at sun.nio.ch.DatagramChannelImpl.drop(DatagramChannelImpl.java:1592) ~[?:?]
	at sun.nio.ch.MembershipKeyImpl.drop(MembershipKeyImpl.java:147) ~[?:?]
	at sun.nio.ch.DatagramSocketAdaptor.leaveGroup(DatagramSocketAdaptor.java:553) ~[?:?]
	at sun.nio.ch.DatagramSocketAdaptor.leaveGroup(DatagramSocketAdaptor.java:493) ~[?:?]
	at java.net.MulticastSocket.leaveGroup(MulticastSocket.java:353) ~[?:?]
	at net.minecraft.class_1134$class_1135.run(class_1134.java:103) ~[client-intermediary.jar:?]
Caused by: java.net.BindException: Cannot assign requested address
	at sun.nio.ch.Net.joinOrDrop4(Native Method) ~[?:?]
	at sun.nio.ch.Net.drop4(Net.java:707) ~[?:?]
	at sun.nio.ch.DatagramChannelImpl.drop(DatagramChannelImpl.java:1587) ~[?:?]
	... 5 more
[10:29:25] [LanServerDetector #9/ERROR]: Caught previously unhandled exception :
java.lang.AssertionError: java.net.BindException: Cannot assign requested address
	at sun.nio.ch.DatagramChannelImpl.drop(DatagramChannelImpl.java:1592) ~[?:?]
	at sun.nio.ch.MembershipKeyImpl.drop(MembershipKeyImpl.java:147) ~[?:?]
	at sun.nio.ch.DatagramSocketAdaptor.leaveGroup(DatagramSocketAdaptor.java:553) ~[?:?]
	at sun.nio.ch.DatagramSocketAdaptor.leaveGroup(DatagramSocketAdaptor.java:493) ~[?:?]
	at java.net.MulticastSocket.leaveGroup(MulticastSocket.java:353) ~[?:?]
	at net.minecraft.class_1134$class_1135.run(class_1134.java:103) ~[client-intermediary.jar:?]
Caused by: java.net.BindException: Cannot assign requested address
	at sun.nio.ch.Net.joinOrDrop4(Native Method) ~[?:?]
	at sun.nio.ch.Net.drop4(Net.java:707) ~[?:?]
	at sun.nio.ch.DatagramChannelImpl.drop(DatagramChannelImpl.java:1587) ~[?:?]
	... 5 more
[10:29:25] [LanServerDetector #10/ERROR]: Caught previously unhandled exception :
java.lang.AssertionError: java.net.BindException: Cannot assign requested address
	at sun.nio.ch.DatagramChannelImpl.drop(DatagramChannelImpl.java:1592) ~[?:?]
	at sun.nio.ch.MembershipKeyImpl.drop(MembershipKeyImpl.java:147) ~[?:?]
	at sun.nio.ch.DatagramSocketAdaptor.leaveGroup(DatagramSocketAdaptor.java:553) ~[?:?]
	at sun.nio.ch.DatagramSocketAdaptor.leaveGroup(DatagramSocketAdaptor.java:493) ~[?:?]
	at java.net.MulticastSocket.leaveGroup(MulticastSocket.java:353) ~[?:?]
	at net.minecraft.class_1134$class_1135.run(class_1134.java:103) ~[client-intermediary.jar:?]
Caused by: java.net.BindException: Cannot assign requested address
	at sun.nio.ch.Net.joinOrDrop4(Native Method) ~[?:?]
	at sun.nio.ch.Net.drop4(Net.java:707) ~[?:?]
	at sun.nio.ch.DatagramChannelImpl.drop(DatagramChannelImpl.java:1587) ~[?:?]
	... 5 more
[10:29:25] [LanServerDetector #11/ERROR]: Caught previously unhandled exception :
java.lang.AssertionError: java.net.BindException: Cannot assign requested address
	at sun.nio.ch.DatagramChannelImpl.drop(DatagramChannelImpl.java:1592) ~[?:?]
	at sun.nio.ch.MembershipKeyImpl.drop(MembershipKeyImpl.java:147) ~[?:?]
	at sun.nio.ch.DatagramSocketAdaptor.leaveGroup(DatagramSocketAdaptor.java:553) ~[?:?]
	at sun.nio.ch.DatagramSocketAdaptor.leaveGroup(DatagramSocketAdaptor.java:493) ~[?:?]
	at java.net.MulticastSocket.leaveGroup(MulticastSocket.java:353) ~[?:?]
	at net.minecraft.class_1134$class_1135.run(class_1134.java:103) ~[client-intermediary.jar:?]
Caused by: java.net.BindException: Cannot assign requested address
	at sun.nio.ch.Net.joinOrDrop4(Native Method) ~[?:?]
	at sun.nio.ch.Net.drop4(Net.java:707) ~[?:?]
	at sun.nio.ch.DatagramChannelImpl.drop(DatagramChannelImpl.java:1587) ~[?:?]
	... 5 more
[10:29:30] [LanServerDetector #12/ERROR]: Caught previously unhandled exception :
java.lang.AssertionError: java.net.BindException: Cannot assign requested address
	at sun.nio.ch.DatagramChannelImpl.drop(DatagramChannelImpl.java:1592) ~[?:?]
	at sun.nio.ch.MembershipKeyImpl.drop(MembershipKeyImpl.java:147) ~[?:?]
	at sun.nio.ch.DatagramSocketAdaptor.leaveGroup(DatagramSocketAdaptor.java:553) ~[?:?]
	at sun.nio.ch.DatagramSocketAdaptor.leaveGroup(DatagramSocketAdaptor.java:493) ~[?:?]
	at java.net.MulticastSocket.leaveGroup(MulticastSocket.java:353) ~[?:?]
	at net.minecraft.class_1134$class_1135.run(class_1134.java:103) ~[client-intermediary.jar:?]
Caused by: java.net.BindException: Cannot assign requested address
	at sun.nio.ch.Net.joinOrDrop4(Native Method) ~[?:?]
	at sun.nio.ch.Net.drop4(Net.java:707) ~[?:?]
	at sun.nio.ch.DatagramChannelImpl.drop(DatagramChannelImpl.java:1587) ~[?:?]
	... 5 more
[10:30:11] [Render thread/INFO]: Connecting to play.survivewith.us, 25565
[10:30:12] [Render thread/INFO]: New minimap session initialized!
[10:30:12] [Render thread/INFO]: New world map session initialized!
[10:30:12] [Render thread/INFO]: [STDOUT]: Baritone world data dir: /home/gavinboor/.local/share/multimc/instances/Baritone - Wurst/.minecraft/baritone/play.survivewith.us/minecraft/overworld_384
[10:30:12] [Render thread/INFO]: [STDOUT]: Cached world directory: /home/gavinboor/.local/share/multimc/instances/Baritone - Wurst/.minecraft/baritone/play.survivewith.us/minecraft/overworld_384/cache
[10:30:12] [Render thread/INFO]: [STDOUT]: Would save waypoints to /home/gavinboor/.local/share/multimc/instances/Baritone - Wurst/.minecraft/baritone/play.survivewith.us/minecraft/overworld_384/waypoints
[10:30:12] [Render thread/INFO]: [STDOUT]: Telemetry sending attempt blocked.
[10:30:12] [Render thread/INFO]: [STDOUT]: Telemetry sending attempt blocked.
[10:30:12] [Render thread/WARN]: Not all defined tags for registry ResourceKey[minecraft:root / minecraft:block] are present in data pack: minecraft:ancient_city_replaceable, minecraft:mangrove_logs_can_grow_through, minecraft:mangrove_roots_can_grow_through, minecraft:nether_carver_replaceables, minecraft:overworld_carver_replaceables
[10:30:13] [Render thread/INFO]: Loaded 848 advancements
[10:30:13] [Render thread/INFO]: [System] [CHAT] 
[10:30:13] [Render thread/INFO]: [System] [CHAT] 
[10:30:13] [Render thread/INFO]: [System] [CHAT] Welcome back to SurviveWithUs YELLOW, CodeOverload!
[10:30:13] [Render thread/INFO]: [System] [CHAT] 
[10:30:13] [Render thread/INFO]: [System] [CHAT] §bYou're currently receiving an §6§lXP§b or §6§lMoney Boost!§b Click §bhere §bto §bview §byour §6§l/boosts!
[10:30:13] [Render thread/INFO]: [System] [CHAT] 
[10:30:13] [pool-2-thread-1/INFO]: [STDOUT]: Loading region -3,14 from disk /home/gavinboor/.local/share/multimc/instances/Baritone - Wurst/.minecraft/baritone/play.survivewith.us/minecraft/overworld_384/cache
[10:30:13] [Render thread/INFO]: Reloading entity icon resources...
[10:30:13] [Render thread/INFO]: Done!
[10:30:13] [Render thread/INFO]: [STDOUT]: Brightness started at 0.5
[10:30:14] [pool-2-thread-1/INFO]: [STDOUT]: Loaded region successfully in 652ms
[10:30:14] [WurstUpdater/INFO]: [STDOUT]: [Updater] Current version: 7.28
[10:30:14] [WurstUpdater/INFO]: [STDOUT]: [Updater] Latest version: 7.28
[10:30:17] [Render thread/INFO]: [System] [CHAT] [Forager] NORMALGAMERDUDE> Who is this guy.
[10:30:18] [Render thread/ERROR]: Error saving option Brightness: DynamicException[Value 16.0 outside of range [0.0:1.0] Optional[16.0]]
[10:30:18] [Render thread/INFO]: [System] [CHAT] [SithLord] DarthPandaa> WB
[10:30:19] [Render thread/ERROR]: Error saving option Brightness: DynamicException[Value 16.0 outside of range [0.0:1.0] Optional[16.0]]
[10:30:20] [Render thread/ERROR]: Error saving option Brightness: DynamicException[Value 16.0 outside of range [0.0:1.0] Optional[16.0]]
[10:30:23] [Render thread/INFO]: [System] [CHAT] [Binary] CodeOverload> im a pro
[10:30:23] [Render thread/INFO]: [System] [CHAT] [MVP] ITS_EZKI> wb
[10:30:24] [Render thread/INFO]: [System] [CHAT] [SithLord] DarthPandaa> its felix
[10:30:25] [Render thread/INFO]: [System] [CHAT] [Binary] CodeOverload> ty
[10:30:31] [Render thread/INFO]: [System] [CHAT] [Forager] NORMALGAMERDUDE> Codeoverload.
[10:30:34] [Render thread/INFO]: [System] [CHAT] [Binary] CodeOverload> yes?
[10:30:35] [Render thread/INFO]: [System] [CHAT] [Forager] NORMALGAMERDUDE> Wanna help us.
[10:30:39] [Render thread/INFO]: [System] [CHAT] [Binary] CodeOverload> with?
[10:30:41] [Render thread/INFO]: [System] [CHAT] [Forager] NORMALGAMERDUDE> Do you have a funow?
[10:30:41] [Render thread/INFO]: [System] [CHAT] Remember to /vote to get your next /rank and unlock epic rewards!
[10:30:42] [Render thread/INFO]: [System] [CHAT] [MVP] Unbent> I cant use my bow why??
[10:30:42] [pool-2-thread-2/INFO]: [STDOUT]: Saving region -3,14 to disk /home/gavinboor/.local/share/multimc/instances/Baritone - Wurst/.minecraft/baritone/play.survivewith.us/minecraft/overworld_384/cache
[10:30:42] [pool-2-thread-2/INFO]: [STDOUT]: Saved region successfully
[10:30:42] [pool-2-thread-2/INFO]: [STDOUT]: World save took 229ms
[10:30:44] [Render thread/INFO]: [System] [CHAT] [Binary] CodeOverload> yes i do
[10:30:51] [Render thread/INFO]: [System] [CHAT] [Forager] NORMALGAMERDUDE> Om ggg.
[10:30:55] [Render thread/INFO]: [System] [CHAT] [Forager] NORMALGAMERDUDE> I fot it.
[10:31:00] [Render thread/INFO]: [System] [CHAT] [Forager] NORMALGAMERDUDE> I got a pink oneee.
[10:31:12] [Render thread/INFO]: [System] [CHAT] [Forager] NORMALGAMERDUDE> Ss this.
[10:31:17] [Render thread/INFO]: [System] [CHAT] [Binary] CodeOverload> pink what?
[10:31:19] [Render thread/INFO]: [System] [CHAT] [Binary] CodeOverload> panda?
[10:31:19] [Render thread/INFO]: [System] [CHAT] Want to support the server, get /crate keys and your next /rank? Don't forget to /vote!
[10:31:22] [Render thread/INFO]: [System] [CHAT] [Forager] NORMALGAMERDUDE> Pink sheep.
[10:31:24] [Render thread/INFO]: [System] [CHAT] [Binary] CodeOverload> oh
[10:31:28] [Render thread/INFO]: [System] [CHAT] [MVP] ITS_EZKI> :O
[10:31:36] [Render thread/INFO]: [System] [CHAT] [MVP] Unbent> Panda!!
[10:31:39] [Render thread/INFO]: [System] [CHAT] [MVP] Unbent> ??
[10:31:47] [Render thread/INFO]: [System] [CHAT] [SithLord] DarthPandaa> hi!
[10:31:53] [Render thread/INFO]: [System] [CHAT] [Binary] CodeOverload> idk if there are more panda variants
[10:31:55] [Render thread/INFO]: [System] [CHAT] [MVP] Unbent> Not you sorry.
[10:32:10] [Render thread/INFO]: [System] [CHAT] [SithLord] DarthPandaa> theres only brown and black pandas
[10:32:11] [Render thread/INFO]: [System] [CHAT] [SithLord] DarthPandaa> i think
[10:32:12] [Render thread/INFO]: [System] [CHAT] [MVP] Unbent> It is black/white and brow/white.
[10:32:13] [Render thread/INFO]: [System] [CHAT] [Binary] CodeOverload> oh
[10:32:28] [Render thread/ERROR]: Error saving option Brightness: DynamicException[Value 16.0 outside of range [0.0:1.0] Optional[16.0]]
[10:32:30] [Render thread/ERROR]: Error saving option Brightness: DynamicException[Value 16.0 outside of range [0.0:1.0] Optional[16.0]]
[10:32:30] [Render thread/ERROR]: Error saving option Brightness: DynamicException[Value 16.0 outside of range [0.0:1.0] Optional[16.0]]
[10:32:30] [Render thread/ERROR]: Error saving option Brightness: DynamicException[Value 16.0 outside of range [0.0:1.0] Optional[16.0]]
[10:32:30] [Render thread/ERROR]: Error saving option Brightness: DynamicException[Value 16.0 outside of range [0.0:1.0] Optional[16.0]]
[10:32:30] [Render thread/ERROR]: Error saving option Brightness: DynamicException[Value 16.0 outside of range [0.0:1.0] Optional[16.0]]
[10:32:30] [Render thread/ERROR]: Error saving option Brightness: DynamicException[Value 16.0 outside of range [0.0:1.0] Optional[16.0]]
[10:32:30] [Render thread/ERROR]: Error saving option Brightness: DynamicException[Value 16.0 outside of range [0.0:1.0] Optional[16.0]]
[10:32:30] [Render thread/ERROR]: Error saving option Brightness: DynamicException[Value 16.0 outside of range [0.0:1.0] Optional[16.0]]
[10:32:30] [Render thread/ERROR]: Error saving option Brightness: DynamicException[Value 16.0 outside of range [0.0:1.0] Optional[16.0]]
[10:32:30] [Render thread/ERROR]: Error saving option Brightness: DynamicException[Value 16.0 outside of range [0.0:1.0] Optional[16.0]]
[10:32:30] [Render thread/ERROR]: Error saving option Brightness: DynamicException[Value 16.0 outside of range [0.0:1.0] Optional[16.0]]
[10:32:30] [Render thread/ERROR]: Error saving option Brightness: DynamicException[Value 16.0 outside of range [0.0:1.0] Optional[16.0]]
[10:32:30] [Render thread/ERROR]: Error saving option Brightness: DynamicException[Value 16.0 outside of range [0.0:1.0] Optional[16.0]]
[10:32:30] [Render thread/ERROR]: Error saving option Brightness: DynamicException[Value 16.0 outside of range [0.0:1.0] Optional[16.0]]
[10:32:30] [Render thread/ERROR]: Error saving option Brightness: DynamicException[Value 16.0 outside of range [0.0:1.0] Optional[16.0]]
[10:32:30] [Render thread/ERROR]: Error saving option Brightness: DynamicException[Value 16.0 outside of range [0.0:1.0] Optional[16.0]]
[10:32:30] [Render thread/ERROR]: Error saving option Brightness: DynamicException[Value 16.0 outside of range [0.0:1.0] Optional[16.0]]
[10:32:30] [Render thread/ERROR]: Error saving option Brightness: DynamicException[Value 16.0 outside of range [0.0:1.0] Optional[16.0]]
[10:32:30] [Render thread/ERROR]: Error saving option Brightness: DynamicException[Value 16.0 outside of range [0.0:1.0] Optional[16.0]]
[10:32:30] [Render thread/ERROR]: Error saving option Brightness: DynamicException[Value 16.0 outside of range [0.0:1.0] Optional[16.0]]
[10:32:30] [Render thread/ERROR]: Error saving option Brightness: DynamicException[Value 16.0 outside of range [0.0:1.0] Optional[16.0]]
[10:32:30] [Render thread/ERROR]: Error saving option Brightness: DynamicException[Value 16.0 outside of range [0.0:1.0] Optional[16.0]]
[10:32:30] [Render thread/ERROR]: Error saving option Brightness: DynamicException[Value 16.0 outside of range [0.0:1.0] Optional[16.0]]
[10:32:31] [Render thread/ERROR]: Error saving option Brightness: DynamicException[Value 16.0 outside of range [0.0:1.0] Optional[16.0]]
[10:32:35] [Render thread/ERROR]: Error saving option Brightness: DynamicException[Value 16.0 outside of range [0.0:1.0] Optional[16.0]]
[10:32:36] [Render thread/ERROR]: Error saving option Brightness: DynamicException[Value 16.0 outside of range [0.0:1.0] Optional[16.0]]
[10:32:37] [Render thread/ERROR]: Error saving option Brightness: DynamicException[Value 16.0 outside of range [0.0:1.0] Optional[16.0]]
[10:32:37] [Render thread/ERROR]: Error saving option Brightness: DynamicException[Value 16.0 outside of range [0.0:1.0] Optional[16.0]]
[10:32:42] [Render thread/INFO]: [System] [CHAT] [Forager] NORMALGAMERDUDE> Got him trapped.
[10:33:05] [Render thread/INFO]: [System] [CHAT] [Forager] NORMALGAMERDUDE> We need to get it back.
[10:33:10] [Render thread/INFO]: [System] [CHAT] [-] [❤LOTSOF] INKY
[10:33:27] [Render thread/INFO]: [System] [CHAT] [Forager] NORMALGAMERDUDE> Set home here if you have one.
[10:33:33] [Render thread/INFO]: [System] [CHAT] [+] [Custom+] INKY
[10:33:37] [Render thread/INFO]: [System] [CHAT] [MVP] ITS_EZKI> wb
[10:33:40] [Render thread/INFO]: [System] [CHAT] [❤LOTSOF] INKY> ty
[10:35:06] [Render thread/INFO]: [System] [CHAT] [Forager] NORMALGAMERDUDE> Does foxes kill sheep.
[10:35:12] [Render thread/INFO]: [System] [CHAT] [MVP] Unbent> No.
[10:35:35] [Render thread/INFO]: [System] [CHAT] [Forager] NORMALGAMERDUDE> We need to get shhep dead.
[10:35:56] [Render thread/INFO]: [System] [CHAT] [Forager] NORMALGAMERDUDE> Get emmmm.
[10:36:29] [Render thread/INFO]: [System] [CHAT] [MVP] Unbent> Spawn wolf insted.
[10:37:15] [Render thread/INFO]: [System] [CHAT] [-] arcturns
[10:37:57] [Render thread/INFO]: [System] [CHAT] [Forager] NORMALGAMERDUDE> I got a fricking brown panda in the first onewe.
[10:38:31] [Render thread/INFO]: [System] [CHAT] [-] WhoIsCarmen
[10:38:55] [Render thread/INFO]: [System] [CHAT] [Forager] NORMALGAMERDUDE> Guys.
[10:39:02] [Render thread/INFO]: [System] [CHAT] [MVP] Unbent> Yes.
[10:39:05] [Render thread/INFO]: [System] [CHAT] [Forager] NORMALGAMERDUDE> Tpa.
[10:39:12] [Render thread/INFO]: [System] [CHAT] [MVP] Unbent> Why?
[10:39:19] [Render thread/INFO]: [System] [CHAT] [Forager] NORMALGAMERDUDE> I got a brown panda.
[10:39:28] [Render thread/INFO]: [System] [CHAT] [MVP] ITS_EZKI> oh cool
[10:39:29] [Render thread/INFO]: [System] [CHAT] [MVP] Unbent> Coming.
[10:39:49] [Render thread/INFO]: [System] [CHAT] [-] Skaliva
[10:40:09] [Render thread/INFO]: [System] [CHAT] [Forager] NORMALGAMERDUDE> How is it.
[10:40:17] [Render thread/INFO]: [System] [CHAT] [MVP] Unbent> What are you gonna do now?
[10:40:21] [Render thread/INFO]: [System] [CHAT] [Forager] NORMALGAMERDUDE> Idk.
[10:40:25] [Render thread/INFO]: [System] [CHAT] [Forager] NORMALGAMERDUDE> Leave them here.
[10:40:31] [Render thread/INFO]: [System] [CHAT] [MVP] Unbent> It is brown I guess.
[10:40:41] [Render thread/INFO]: [System] [CHAT] [MVP] Unbent> Alone?
[10:40:42] [pool-2-thread-2/INFO]: [STDOUT]: Saving region -3,14 to disk /home/gavinboor/.local/share/multimc/instances/Baritone - Wurst/.minecraft/baritone/play.survivewith.us/minecraft/overworld_384/cache
[10:40:43] [pool-2-thread-2/INFO]: [STDOUT]: Saved region successfully
[10:40:43] [pool-2-thread-2/INFO]: [STDOUT]: World save took 257ms
[10:40:47] [Render thread/INFO]: [System] [CHAT] [Forager] NORMALGAMERDUDE> Yea.
[10:40:48] [Render thread/INFO]: [System] [CHAT] [MVP] Unbent> Thats sad.
[10:41:00] [Render thread/INFO]: [System] [CHAT] [Forager] NORMALGAMERDUDE> I trhink we should do it in the overworld.
[10:41:10] [Render thread/INFO]: [System] [CHAT] [MVP] Unbent> Yes.
[10:41:15] [Render thread/INFO]: [System] [CHAT] UsadaPekora has voted for the server and made progress towards the [Mountaineer] rank and has received a /crate key, you can vote too with /vote!
[10:41:25] [Render thread/INFO]: [System] [CHAT] [Forager] NORMALGAMERDUDE> Alr find somewhere.
[10:41:42] [Render thread/INFO]: [System] [CHAT] [+] [Elite] MC
[10:41:43] [Render thread/INFO]: [System] [CHAT] [MVP] Unbent> Help pls.
[10:41:45] [Render thread/INFO]: [System] [CHAT] [MVP] Unbent> wb.
[10:41:46] [Render thread/INFO]: [System] [CHAT] [MVP] ITS_EZKI> wb
[10:41:48] [Render thread/INFO]: [System] [CHAT] [Elite] MC> I joined using ChatCraft from my iOS device! Download it on the App Store!
[10:41:51] [Render thread/INFO]: [System] [CHAT] [Elite] MC> Ty
[10:42:24] [Render thread/INFO]: [System] [CHAT] [MVP] Unbent> I gtg fore now.
[10:42:33] [Render thread/INFO]: [System] [CHAT] [MVP] Unbent> Mabey back later.
[10:42:36] [Render thread/INFO]: [System] [CHAT] [MVP] Unbent> Bye.
[10:42:46] [Render thread/INFO]: [System] [CHAT] [MVP] ITS_EZKI> bye
[10:42:48] [Render thread/INFO]: [System] [CHAT] [-] [MVP] Unbent
[10:42:54] [Render thread/INFO]: [System] [CHAT] [-] [Elite] MC
[10:43:08] [Render thread/INFO]: [System] [CHAT] [Forager] NORMALGAMERDUDE> Oh man.
[10:43:14] [Render thread/INFO]: [System] [CHAT] [+] Skaliva
[10:43:21] [Render thread/INFO]: [System] [CHAT] [MVP] ITS_EZKI> wb
[10:43:34] [Render thread/INFO]: [System] [CHAT] [Forager] NORMALGAMERDUDE> İmma go play vani̇lla.
[10:43:45] [Render thread/INFO]: [System] [CHAT] [-] NORMALGAMERDUDE
[10:44:05] [Render thread/INFO]: [System] [CHAT] DarthPandaa has gone AFK!
[10:44:07] [Render thread/INFO]: [System] [CHAT] DarthPandaa is no longer AFK!
[10:44:13] [Render thread/INFO]: [System] [CHAT] [MVP] ITS_EZKI> WB
[10:44:41] [Render thread/INFO]: [System] [CHAT] DarthPandaa has gone AFK!
[10:49:01] [Render thread/INFO]: [System] [CHAT] [-] [MVP] ITS_EZKI
[10:49:02] [Render thread/INFO]: [System] [CHAT] [+] [MVP] ITS_EZKI
