[22:04:01] [main/INFO]: Loading Minecraft 1.19.2 with Fabric Loader 0.14.9
[22:04:01] [ForkJoinPool-1-worker-2/WARN]: Mod wurst uses the version v7.27.3-MC1.19.2 which isn't compatible with Loader's extended semantic version format (Could not parse version number component 'v7'!), SemVer is recommended for reliably evaluating dependencies and prioritizing newer version
[22:04:01] [ForkJoinPool-1-worker-7/WARN]: Mod wurst uses the version v7.28-MC1.19.2 which isn't compatible with Loader's extended semantic version format (Could not parse version number component 'v7'!), SemVer is recommended for reliably evaluating dependencies and prioritizing newer version
[22:04:01] [main/INFO]: Loading 57 mods:
	- baritone 1.5.3-621-gaddd1fc7
	- fabric-api 0.61.0+1.19.2
	- fabric-api-base 0.4.11+e62f51a390 via fabric-api
	- fabric-api-lookup-api-v1 1.6.9+9ff28f4090 via fabric-api
	- fabric-biome-api-v1 9.0.17+aeb40ebe90 via fabric-api
	- fabric-blockrenderlayer-v1 1.1.20+aeb40ebe90 via fabric-api
	- fabric-client-tags-api-v1 1.0.1+b35fea8390 via fabric-api
	- fabric-command-api-v1 1.2.11+f71b366f90 via fabric-api
	- fabric-command-api-v2 2.1.7+0c17ea9690 via fabric-api
	- fabric-commands-v0 0.2.28+df3654b390 via fabric-api
	- fabric-containers-v0 0.1.34+df3654b390 via fabric-api
	- fabric-content-registries-v0 3.3.0+624e468e90 via fabric-api
	- fabric-convention-tags-v1 1.1.1+7cd20a1490 via fabric-api
	- fabric-crash-report-info-v1 0.2.5+aeb40ebe90 via fabric-api
	- fabric-data-generation-api-v1 5.1.9+a680b9b490 via fabric-api
	- fabric-dimensions-v1 2.1.31+0dd10df690 via fabric-api
	- fabric-entity-events-v1 1.4.18+9ff28f4090 via fabric-api
	- fabric-events-interaction-v0 0.4.28+aeb40ebe90 via fabric-api
	- fabric-events-lifecycle-v0 0.2.28+df3654b390 via fabric-api
	- fabric-game-rule-api-v1 1.0.21+aeb40ebe90 via fabric-api
	- fabric-item-api-v1 1.5.7+35a03c4390 via fabric-api
	- fabric-item-groups-v0 0.3.29+4e8ca3fd90 via fabric-api
	- fabric-key-binding-api-v1 1.0.20+aeb40ebe90 via fabric-api
	- fabric-keybindings-v0 0.2.18+df3654b390 via fabric-api
	- fabric-lifecycle-events-v1 2.1.2+aeb40ebe90 via fabric-api
	- fabric-loot-api-v2 1.1.3+83a8659290 via fabric-api
	- fabric-loot-tables-v1 1.1.6+9e7660c690 via fabric-api
	- fabric-message-api-v1 5.0.3+176380a290 via fabric-api
	- fabric-mining-level-api-v1 2.1.14+33fbc73890 via fabric-api
	- fabric-models-v0 0.3.17+aeb40ebe90 via fabric-api
	- fabric-networking-api-v1 1.2.4+5eb68ef290 via fabric-api
	- fabric-networking-v0 0.3.21+df3654b390 via fabric-api
	- fabric-object-builder-api-v1 4.0.11+aeb40ebe90 via fabric-api
	- fabric-particles-v1 1.0.10+aeb40ebe90 via fabric-api
	- fabric-registry-sync-v0 0.9.25+726b652090 via fabric-api
	- fabric-renderer-api-v1 1.0.10+aeb40ebe90 via fabric-api
	- fabric-renderer-indigo 0.6.12+aeb40ebe90 via fabric-api
	- fabric-renderer-registries-v1 3.2.20+df3654b390 via fabric-api
	- fabric-rendering-data-attachment-v1 0.3.14+aeb40ebe90 via fabric-api
	- fabric-rendering-fluids-v1 3.0.7+aeb40ebe90 via fabric-api
	- fabric-rendering-v0 1.1.22+df3654b390 via fabric-api
	- fabric-rendering-v1 1.10.16+aeb40ebe90 via fabric-api
	- fabric-resource-conditions-api-v1 2.0.11+e62f51a390 via fabric-api
	- fabric-resource-loader-v0 0.6.1+aeb40ebe90 via fabric-api
	- fabric-screen-api-v1 1.0.26+f05effaf90 via fabric-api
	- fabric-screen-handler-api-v1 1.3.0+1cc24b1b90 via fabric-api
	- fabric-textures-v0 1.0.20+aeb40ebe90 via fabric-api
	- fabric-transfer-api-v1 2.1.0+8f88597390 via fabric-api
	- fabric-transitive-access-wideners-v1 1.3.0+42d99c3290 via fabric-api
	- fabricloader 0.14.9
	- java 17
	- litematica 0.12.3
	- malilib 0.13.0
	- minecraft 1.19.2
	- wurst v7.28-MC1.19.2
	- xaerominimap 22.15.1
	- xaeroworldmap 1.28.0
[22:04:01] [main/INFO]: SpongePowered MIXIN Subsystem Version=0.8.5 Source=file:/home/gavinboor/.local/share/multimc/libraries/net/fabricmc/sponge-mixin/0.11.4+mixin.0.8.5/sponge-mixin-0.11.4+mixin.0.8.5.jar Service=Knot/Fabric Env=CLIENT
[22:04:01] [main/INFO]: Compatibility level set to JAVA_17
[22:04:02] [main/WARN]: Error loading class: me/jellysquid/mods/sodium/client/render/occlusion/BlockOcclusionCache (java.lang.ClassNotFoundException: me/jellysquid/mods/sodium/client/render/occlusion/BlockOcclusionCache)
[22:04:03] [main/WARN]: Configuration conflict: there is more than one oshi.properties file on the classpath
[22:04:03] [main/WARN]: Configuration conflict: there is more than one oshi.architecture.properties file on the classpath
[22:04:06] [main/INFO]: Building optimized datafixer
[22:04:11] [Render thread/INFO]: Environment: authHost='https://authserver.mojang.com', accountsHost='https://api.mojang.com', sessionHost='https://sessionserver.mojang.com', servicesHost='https://api.minecraftservices.com', name='PROD'
[22:04:14] [Render thread/INFO]: Setting user: CodeOverload
[22:04:14] [Render thread/INFO]: [STDOUT]: Starting Wurst Client...
[22:04:16] [Render thread/INFO]: [Indigo] Registering Indigo renderer!
[22:04:17] [Render thread/INFO]: Loading Xaero's Minimap - Stage 1/2
[22:04:19] [Render thread/INFO]: Loading Xaero's World Map - Stage 1/2
[22:04:20] [Render thread/ERROR]: suppressed exception
java.net.SocketTimeoutException: Read timed out
	at jdk.internal.reflect.NativeConstructorAccessorImpl.newInstance0(Native Method) ~[?:?]
	at jdk.internal.reflect.NativeConstructorAccessorImpl.newInstance(NativeConstructorAccessorImpl.java:77) ~[?:?]
	at jdk.internal.reflect.DelegatingConstructorAccessorImpl.newInstance(DelegatingConstructorAccessorImpl.java:45) ~[?:?]
	at java.lang.reflect.Constructor.newInstanceWithCaller(Constructor.java:499) ~[?:?]
	at java.lang.reflect.Constructor.newInstance(Constructor.java:480) ~[?:?]
	at sun.net.www.protocol.http.HttpURLConnection$10.run(HttpURLConnection.java:2048) ~[?:?]
	at sun.net.www.protocol.http.HttpURLConnection$10.run(HttpURLConnection.java:2043) ~[?:?]
	at java.security.AccessController.doPrivileged(AccessController.java:569) ~[?:?]
	at sun.net.www.protocol.http.HttpURLConnection.getChainedException(HttpURLConnection.java:2042) ~[?:?]
	at sun.net.www.protocol.http.HttpURLConnection.getInputStream0(HttpURLConnection.java:1609) ~[?:?]
	at sun.net.www.protocol.http.HttpURLConnection.getInputStream(HttpURLConnection.java:1589) ~[?:?]
	at xaero.map.misc.Internet.checkModVersion(Internet.java:53) ~[XaerosWorldMap_1.28.0_Fabric_1.19.1.jar:?]
	at xaero.map.WorldMap.loadClient(WorldMap.java:187) ~[XaerosWorldMap_1.28.0_Fabric_1.19.1.jar:?]
	at xaero.map.WorldMap.onInitializeClient(WorldMap.java:57) ~[XaerosWorldMap_1.28.0_Fabric_1.19.1.jar:?]
	at net.fabricmc.loader.impl.entrypoint.EntrypointUtils.invoke0(EntrypointUtils.java:47) [fabric-loader-0.14.9.jar:?]
	at net.fabricmc.loader.impl.entrypoint.EntrypointUtils.invoke(EntrypointUtils.java:35) [fabric-loader-0.14.9.jar:?]
	at net.fabricmc.loader.impl.game.minecraft.Hooks.startClient(Hooks.java:53) [fabric-loader-0.14.9.jar:?]
	at net.minecraft.class_310.<init>(class_310.java:459) [client-intermediary.jar:?]
	at net.minecraft.client.main.Main.method_44604(Main.java:205) [client-intermediary.jar:?]
	at net.minecraft.client.main.Main.main(Main.java:51) [client-intermediary.jar:?]
	at net.fabricmc.loader.impl.game.minecraft.MinecraftGameProvider.launch(MinecraftGameProvider.java:461) [fabric-loader-0.14.9.jar:?]
	at net.fabricmc.loader.impl.launch.knot.Knot.launch(Knot.java:74) [fabric-loader-0.14.9.jar:?]
	at net.fabricmc.loader.impl.launch.knot.KnotClient.main(KnotClient.java:23) [fabric-loader-0.14.9.jar:?]
	at jdk.internal.reflect.NativeMethodAccessorImpl.invoke0(Native Method) ~[?:?]
	at jdk.internal.reflect.NativeMethodAccessorImpl.invoke(NativeMethodAccessorImpl.java:77) ~[?:?]
	at jdk.internal.reflect.DelegatingMethodAccessorImpl.invoke(DelegatingMethodAccessorImpl.java:43) ~[?:?]
	at java.lang.reflect.Method.invoke(Method.java:568) ~[?:?]
	at org.multimc.onesix.OneSixLauncher.launchWithMainClass(OneSixLauncher.java:210) [NewLaunch.jar:?]
	at org.multimc.onesix.OneSixLauncher.launch(OneSixLauncher.java:245) [NewLaunch.jar:?]
	at org.multimc.EntryPoint.listen(EntryPoint.java:143) [NewLaunch.jar:?]
	at org.multimc.EntryPoint.main(EntryPoint.java:34) [NewLaunch.jar:?]
Caused by: java.net.SocketTimeoutException: Read timed out
	at sun.nio.ch.NioSocketImpl.timedRead(NioSocketImpl.java:283) ~[?:?]
	at sun.nio.ch.NioSocketImpl.implRead(NioSocketImpl.java:309) ~[?:?]
	at sun.nio.ch.NioSocketImpl.read(NioSocketImpl.java:350) ~[?:?]
	at sun.nio.ch.NioSocketImpl$1.read(NioSocketImpl.java:803) ~[?:?]
	at java.net.Socket$SocketInputStream.read(Socket.java:966) ~[?:?]
	at java.io.BufferedInputStream.fill(BufferedInputStream.java:244) ~[?:?]
	at java.io.BufferedInputStream.read1(BufferedInputStream.java:284) ~[?:?]
	at java.io.BufferedInputStream.read(BufferedInputStream.java:343) ~[?:?]
	at sun.net.www.http.HttpClient.parseHTTPHeader(HttpClient.java:825) ~[?:?]
	at sun.net.www.http.HttpClient.parseHTTP(HttpClient.java:760) ~[?:?]
	at sun.net.www.protocol.http.HttpURLConnection.getInputStream0(HttpURLConnection.java:1688) ~[?:?]
	at sun.net.www.protocol.http.HttpURLConnection.getInputStream(HttpURLConnection.java:1589) ~[?:?]
	at sun.net.www.protocol.http.HttpURLConnection.getHeaderField(HttpURLConnection.java:3236) ~[?:?]
	at java.net.URLConnection.getHeaderFieldLong(URLConnection.java:637) ~[?:?]
	at java.net.URLConnection.getContentLengthLong(URLConnection.java:509) ~[?:?]
	at xaero.map.misc.Internet.checkModVersion(Internet.java:51) ~[XaerosWorldMap_1.28.0_Fabric_1.19.1.jar:?]
	... 19 more
[22:04:21] [Render thread/INFO]: Backend library: LWJGL version 3.3.1 SNAPSHOT
[22:04:25] [Render thread/WARN]: ERROR : Couldn't load Narrator library
java.lang.UnsatisfiedLinkError: Unable to load library 'fliteWrapper':
libfliteWrapper.so: cannot open shared object file: No such file or directory
libfliteWrapper.so: cannot open shared object file: No such file or directory
Native library (linux-x86-64/libfliteWrapper.so) not found in resource path (/home/gavinboor/.local/share/multimc/bin/jars/NewLaunch.jar:/home/gavinboor/.local/share/multimc/libraries/org/lwjgl/lwjgl-glfw/3.3.1/lwjgl-glfw-3.3.1.jar:/home/gavinboor/.local/share/multimc/libraries/org/lwjgl/lwjgl-jemalloc/3.3.1/lwjgl-jemalloc-3.3.1.jar:/home/gavinboor/.local/share/multimc/libraries/org/lwjgl/lwjgl-openal/3.3.1/lwjgl-openal-3.3.1.jar:/home/gavinboor/.local/share/multimc/libraries/org/lwjgl/lwjgl-opengl/3.3.1/lwjgl-opengl-3.3.1.jar:/home/gavinboor/.local/share/multimc/libraries/org/lwjgl/lwjgl-stb/3.3.1/lwjgl-stb-3.3.1.jar:/home/gavinboor/.local/share/multimc/libraries/org/lwjgl/lwjgl-tinyfd/3.3.1/lwjgl-tinyfd-3.3.1.jar:/home/gavinboor/.local/share/multimc/libraries/org/lwjgl/lwjgl/3.3.1/lwjgl-3.3.1.jar:/home/gavinboor/.local/share/multimc/libraries/com/mojang/logging/1.0.0/logging-1.0.0.jar:/home/gavinboor/.local/share/multimc/libraries/com/mojang/blocklist/1.0.10/blocklist-1.0.10.jar:/home/gavinboor/.local/share/multimc/libraries/com/mojang/patchy/2.2.10/patchy-2.2.10.jar:/home/gavinboor/.local/share/multimc/libraries/com/github/oshi/oshi-core/5.8.5/oshi-core-5.8.5.jar:/home/gavinboor/.local/share/multimc/libraries/net/java/dev/jna/jna/5.10.0/jna-5.10.0.jar:/home/gavinboor/.local/share/multimc/libraries/net/java/dev/jna/jna-platform/5.10.0/jna-platform-5.10.0.jar:/home/gavinboor/.local/share/multimc/libraries/org/slf4j/slf4j-api/1.8.0-beta4/slf4j-api-1.8.0-beta4.jar:/home/gavinboor/.local/share/multimc/libraries/org/apache/logging/log4j/log4j-slf4j18-impl/2.16.0/log4j-slf4j18-impl-2.16.0.jar:/home/gavinboor/.local/share/multimc/libraries/com/ibm/icu/icu4j/70.1/icu4j-70.1.jar:/home/gavinboor/.local/share/multimc/libraries/com/mojang/javabridge/1.2.24/javabridge-1.2.24.jar:/home/gavinboor/.local/share/multimc/libraries/net/sf/jopt-simple/jopt-simple/5.0.4/jopt-simple-5.0.4.jar:/home/gavinboor/.local/share/multimc/libraries/io/netty/netty-common/4.1.77.Final/netty-common-4.1.77.Final.jar:/home/gavinboor/.local/share/multimc/libraries/io/netty/netty-buffer/4.1.77.Final/netty-buffer-4.1.77.Final.jar:/home/gavinboor/.local/share/multimc/libraries/io/netty/netty-codec/4.1.77.Final/netty-codec-4.1.77.Final.jar:/home/gavinboor/.local/share/multimc/libraries/io/netty/netty-handler/4.1.77.Final/netty-handler-4.1.77.Final.jar:/home/gavinboor/.local/share/multimc/libraries/io/netty/netty-resolver/4.1.77.Final/netty-resolver-4.1.77.Final.jar:/home/gavinboor/.local/share/multimc/libraries/io/netty/netty-transport/4.1.77.Final/netty-transport-4.1.77.Final.jar:/home/gavinboor/.local/share/multimc/libraries/io/netty/netty-transport-native-unix-common/4.1.77.Final/netty-transport-native-unix-common-4.1.77.Final.jar:/home/gavinboor/.local/share/multimc/libraries/io/netty/netty-transport-classes-epoll/4.1.77.Final/netty-transport-classes-epoll-4.1.77.Final.jar:/home/gavinboor/.local/share/multimc/libraries/io/netty/netty-transport-native-epoll/4.1.77.Final/netty-transport-native-epoll-4.1.77.Final-linux-x86_64.jar:/home/gavinboor/.local/share/multimc/libraries/com/google/guava/failureaccess/1.0.1/failureaccess-1.0.1.jar:/home/gavinboor/.local/share/multimc/libraries/com/google/guava/guava/31.0.1-jre/guava-31.0.1-jre.jar:/home/gavinboor/.local/share/multimc/libraries/org/apache/commons/commons-lang3/3.12.0/commons-lang3-3.12.0.jar:/home/gavinboor/.local/share/multimc/libraries/commons-io/commons-io/2.11.0/commons-io-2.11.0.jar:/home/gavinboor/.local/share/multimc/libraries/commons-codec/commons-codec/1.15/commons-codec-1.15.jar:/home/gavinboor/.local/share/multimc/libraries/com/mojang/brigadier/1.0.18/brigadier-1.0.18.jar:/home/gavinboor/.local/share/multimc/libraries/com/mojang/datafixerupper/5.0.28/datafixerupper-5.0.28.jar:/home/gavinboor/.local/share/multimc/libraries/com/google/code/gson/gson/2.8.9/gson-2.8.9.jar:/home/gavinboor/.local/share/multimc/libraries/com/mojang/authlib/3.11.49/authlib-3.11.49.jar:/home/gavinboor/.local/share/multimc/libraries/org/apache/commons/commons-compress/1.21/commons-compress-1.21.jar:/home/gavinboor/.local/share/multimc/libraries/org/apache/httpcomponents/httpclient/4.5.13/httpclient-4.5.13.jar:/home/gavinboor/.local/share/multimc/libraries/commons-logging/commons-logging/1.2/commons-logging-1.2.jar:/home/gavinboor/.local/share/multimc/libraries/org/apache/httpcomponents/httpcore/4.4.14/httpcore-4.4.14.jar:/home/gavinboor/.local/share/multimc/libraries/it/unimi/dsi/fastutil/8.5.6/fastutil-8.5.6.jar:/home/gavinboor/.local/share/multimc/libraries/org/apache/logging/log4j/log4j-api/2.16.0/log4j-api-2.16.0.jar:/home/gavinboor/.local/share/multimc/libraries/org/apache/logging/log4j/log4j-core/2.16.0/log4j-core-2.16.0.jar:/home/gavinboor/.local/share/multimc/libraries/com/mojang/text2speech/1.13.9/text2speech-1.13.9.jar:/home/gavinboor/.local/share/multimc/libraries/net/fabricmc/intermediary/1.19.2/intermediary-1.19.2.jar:/home/gavinboor/.local/share/multimc/libraries/net/fabricmc/tiny-mappings-parser/0.3.0+build.17/tiny-mappings-parser-0.3.0+build.17.jar:/home/gavinboor/.local/share/multimc/libraries/net/fabricmc/sponge-mixin/0.11.4+mixin.0.8.5/sponge-mixin-0.11.4+mixin.0.8.5.jar:/home/gavinboor/.local/share/multimc/libraries/net/fabricmc/tiny-remapper/0.8.2/tiny-remapper-0.8.2.jar:/home/gavinboor/.local/share/multimc/libraries/net/fabricmc/access-widener/2.1.0/access-widener-2.1.0.jar:/home/gavinboor/.local/share/multimc/libraries/org/ow2/asm/asm/9.3/asm-9.3.jar:/home/gavinboor/.local/share/multimc/libraries/org/ow2/asm/asm-analysis/9.3/asm-analysis-9.3.jar:/home/gavinboor/.local/share/multimc/libraries/org/ow2/asm/asm-commons/9.3/asm-commons-9.3.jar:/home/gavinboor/.local/share/multimc/libraries/org/ow2/asm/asm-tree/9.3/asm-tree-9.3.jar:/home/gavinboor/.local/share/multimc/libraries/org/ow2/asm/asm-util/9.3/asm-util-9.3.jar:/home/gavinboor/.local/share/multimc/libraries/net/fabricmc/fabric-loader/0.14.9/fabric-loader-0.14.9.jar:/home/gavinboor/.local/share/multimc/libraries/com/mojang/minecraft/1.19.2/minecraft-1.19.2-client.jar)
	at com.sun.jna.NativeLibrary.loadLibrary(NativeLibrary.java:301) ~[jna-5.10.0.jar:?]
	at com.sun.jna.NativeLibrary.getInstance(NativeLibrary.java:461) ~[jna-5.10.0.jar:?]
	at com.sun.jna.NativeLibrary.getInstance(NativeLibrary.java:403) ~[jna-5.10.0.jar:?]
	at com.mojang.text2speech.NarratorLinux.<clinit>(NarratorLinux.java:18) [text2speech-1.13.9.jar:?]
	at com.mojang.text2speech.Narrator.getNarrator(Narrator.java:21) [text2speech-1.13.9.jar:?]
	at net.minecraft.class_333.<init>(class_333.java:19) [client-intermediary.jar:?]
	at net.minecraft.class_310.<init>(class_310.java:637) [client-intermediary.jar:?]
	at net.minecraft.client.main.Main.method_44604(Main.java:205) [client-intermediary.jar:?]
	at net.minecraft.client.main.Main.main(Main.java:51) [client-intermediary.jar:?]
	at net.fabricmc.loader.impl.game.minecraft.MinecraftGameProvider.launch(MinecraftGameProvider.java:461) [fabric-loader-0.14.9.jar:?]
	at net.fabricmc.loader.impl.launch.knot.Knot.launch(Knot.java:74) [fabric-loader-0.14.9.jar:?]
	at net.fabricmc.loader.impl.launch.knot.KnotClient.main(KnotClient.java:23) [fabric-loader-0.14.9.jar:?]
	at jdk.internal.reflect.NativeMethodAccessorImpl.invoke0(Native Method) ~[?:?]
	at jdk.internal.reflect.NativeMethodAccessorImpl.invoke(NativeMethodAccessorImpl.java:77) ~[?:?]
	at jdk.internal.reflect.DelegatingMethodAccessorImpl.invoke(DelegatingMethodAccessorImpl.java:43) ~[?:?]
	at java.lang.reflect.Method.invoke(Method.java:568) ~[?:?]
	at org.multimc.onesix.OneSixLauncher.launchWithMainClass(OneSixLauncher.java:210) [NewLaunch.jar:?]
	at org.multimc.onesix.OneSixLauncher.launch(OneSixLauncher.java:245) [NewLaunch.jar:?]
	at org.multimc.EntryPoint.listen(EntryPoint.java:143) [NewLaunch.jar:?]
	at org.multimc.EntryPoint.main(EntryPoint.java:34) [NewLaunch.jar:?]
	Suppressed: java.lang.UnsatisfiedLinkError: libfliteWrapper.so: cannot open shared object file: No such file or directory
		at com.sun.jna.Native.open(Native Method) ~[jna-5.10.0.jar:?]
		at com.sun.jna.NativeLibrary.loadLibrary(NativeLibrary.java:191) ~[jna-5.10.0.jar:?]
		at com.sun.jna.NativeLibrary.getInstance(NativeLibrary.java:461) ~[jna-5.10.0.jar:?]
		at com.sun.jna.NativeLibrary.getInstance(NativeLibrary.java:403) ~[jna-5.10.0.jar:?]
		at com.mojang.text2speech.NarratorLinux.<clinit>(NarratorLinux.java:18) [text2speech-1.13.9.jar:?]
		at com.mojang.text2speech.Narrator.getNarrator(Narrator.java:21) [text2speech-1.13.9.jar:?]
		at net.minecraft.class_333.<init>(class_333.java:19) [client-intermediary.jar:?]
		at net.minecraft.class_310.<init>(class_310.java:637) [client-intermediary.jar:?]
		at net.minecraft.client.main.Main.method_44604(Main.java:205) [client-intermediary.jar:?]
		at net.minecraft.client.main.Main.main(Main.java:51) [client-intermediary.jar:?]
		at net.fabricmc.loader.impl.game.minecraft.MinecraftGameProvider.launch(MinecraftGameProvider.java:461) [fabric-loader-0.14.9.jar:?]
		at net.fabricmc.loader.impl.launch.knot.Knot.launch(Knot.java:74) [fabric-loader-0.14.9.jar:?]
		at net.fabricmc.loader.impl.launch.knot.KnotClient.main(KnotClient.java:23) [fabric-loader-0.14.9.jar:?]
		at jdk.internal.reflect.NativeMethodAccessorImpl.invoke0(Native Method) ~[?:?]
		at jdk.internal.reflect.NativeMethodAccessorImpl.invoke(NativeMethodAccessorImpl.java:77) ~[?:?]
		at jdk.internal.reflect.DelegatingMethodAccessorImpl.invoke(DelegatingMethodAccessorImpl.java:43) ~[?:?]
		at java.lang.reflect.Method.invoke(Method.java:568) ~[?:?]
		at org.multimc.onesix.OneSixLauncher.launchWithMainClass(OneSixLauncher.java:210) [NewLaunch.jar:?]
		at org.multimc.onesix.OneSixLauncher.launch(OneSixLauncher.java:245) [NewLaunch.jar:?]
		at org.multimc.EntryPoint.listen(EntryPoint.java:143) [NewLaunch.jar:?]
		at org.multimc.EntryPoint.main(EntryPoint.java:34) [NewLaunch.jar:?]
	Suppressed: java.lang.UnsatisfiedLinkError: libfliteWrapper.so: cannot open shared object file: No such file or directory
		at com.sun.jna.Native.open(Native Method) ~[jna-5.10.0.jar:?]
		at com.sun.jna.NativeLibrary.loadLibrary(NativeLibrary.java:204) ~[jna-5.10.0.jar:?]
		at com.sun.jna.NativeLibrary.getInstance(NativeLibrary.java:461) ~[jna-5.10.0.jar:?]
		at com.sun.jna.NativeLibrary.getInstance(NativeLibrary.java:403) ~[jna-5.10.0.jar:?]
		at com.mojang.text2speech.NarratorLinux.<clinit>(NarratorLinux.java:18) [text2speech-1.13.9.jar:?]
		at com.mojang.text2speech.Narrator.getNarrator(Narrator.java:21) [text2speech-1.13.9.jar:?]
		at net.minecraft.class_333.<init>(class_333.java:19) [client-intermediary.jar:?]
		at net.minecraft.class_310.<init>(class_310.java:637) [client-intermediary.jar:?]
		at net.minecraft.client.main.Main.method_44604(Main.java:205) [client-intermediary.jar:?]
		at net.minecraft.client.main.Main.main(Main.java:51) [client-intermediary.jar:?]
		at net.fabricmc.loader.impl.game.minecraft.MinecraftGameProvider.launch(MinecraftGameProvider.java:461) [fabric-loader-0.14.9.jar:?]
		at net.fabricmc.loader.impl.launch.knot.Knot.launch(Knot.java:74) [fabric-loader-0.14.9.jar:?]
		at net.fabricmc.loader.impl.launch.knot.KnotClient.main(KnotClient.java:23) [fabric-loader-0.14.9.jar:?]
		at jdk.internal.reflect.NativeMethodAccessorImpl.invoke0(Native Method) ~[?:?]
		at jdk.internal.reflect.NativeMethodAccessorImpl.invoke(NativeMethodAccessorImpl.java:77) ~[?:?]
		at jdk.internal.reflect.DelegatingMethodAccessorImpl.invoke(DelegatingMethodAccessorImpl.java:43) ~[?:?]
		at java.lang.reflect.Method.invoke(Method.java:568) ~[?:?]
		at org.multimc.onesix.OneSixLauncher.launchWithMainClass(OneSixLauncher.java:210) [NewLaunch.jar:?]
		at org.multimc.onesix.OneSixLauncher.launch(OneSixLauncher.java:245) [NewLaunch.jar:?]
		at org.multimc.EntryPoint.listen(EntryPoint.java:143) [NewLaunch.jar:?]
		at org.multimc.EntryPoint.main(EntryPoint.java:34) [NewLaunch.jar:?]
	Suppressed: java.io.IOException: Native library (linux-x86-64/libfliteWrapper.so) not found in resource path (/home/gavinboor/.local/share/multimc/bin/jars/NewLaunch.jar:/home/gavinboor/.local/share/multimc/libraries/org/lwjgl/lwjgl-glfw/3.3.1/lwjgl-glfw-3.3.1.jar:/home/gavinboor/.local/share/multimc/libraries/org/lwjgl/lwjgl-jemalloc/3.3.1/lwjgl-jemalloc-3.3.1.jar:/home/gavinboor/.local/share/multimc/libraries/org/lwjgl/lwjgl-openal/3.3.1/lwjgl-openal-3.3.1.jar:/home/gavinboor/.local/share/multimc/libraries/org/lwjgl/lwjgl-opengl/3.3.1/lwjgl-opengl-3.3.1.jar:/home/gavinboor/.local/share/multimc/libraries/org/lwjgl/lwjgl-stb/3.3.1/lwjgl-stb-3.3.1.jar:/home/gavinboor/.local/share/multimc/libraries/org/lwjgl/lwjgl-tinyfd/3.3.1/lwjgl-tinyfd-3.3.1.jar:/home/gavinboor/.local/share/multimc/libraries/org/lwjgl/lwjgl/3.3.1/lwjgl-3.3.1.jar:/home/gavinboor/.local/share/multimc/libraries/com/mojang/logging/1.0.0/logging-1.0.0.jar:/home/gavinboor/.local/share/multimc/libraries/com/mojang/blocklist/1.0.10/blocklist-1.0.10.jar:/home/gavinboor/.local/share/multimc/libraries/com/mojang/patchy/2.2.10/patchy-2.2.10.jar:/home/gavinboor/.local/share/multimc/libraries/com/github/oshi/oshi-core/5.8.5/oshi-core-5.8.5.jar:/home/gavinboor/.local/share/multimc/libraries/net/java/dev/jna/jna/5.10.0/jna-5.10.0.jar:/home/gavinboor/.local/share/multimc/libraries/net/java/dev/jna/jna-platform/5.10.0/jna-platform-5.10.0.jar:/home/gavinboor/.local/share/multimc/libraries/org/slf4j/slf4j-api/1.8.0-beta4/slf4j-api-1.8.0-beta4.jar:/home/gavinboor/.local/share/multimc/libraries/org/apache/logging/log4j/log4j-slf4j18-impl/2.16.0/log4j-slf4j18-impl-2.16.0.jar:/home/gavinboor/.local/share/multimc/libraries/com/ibm/icu/icu4j/70.1/icu4j-70.1.jar:/home/gavinboor/.local/share/multimc/libraries/com/mojang/javabridge/1.2.24/javabridge-1.2.24.jar:/home/gavinboor/.local/share/multimc/libraries/net/sf/jopt-simple/jopt-simple/5.0.4/jopt-simple-5.0.4.jar:/home/gavinboor/.local/share/multimc/libraries/io/netty/netty-common/4.1.77.Final/netty-common-4.1.77.Final.jar:/home/gavinboor/.local/share/multimc/libraries/io/netty/netty-buffer/4.1.77.Final/netty-buffer-4.1.77.Final.jar:/home/gavinboor/.local/share/multimc/libraries/io/netty/netty-codec/4.1.77.Final/netty-codec-4.1.77.Final.jar:/home/gavinboor/.local/share/multimc/libraries/io/netty/netty-handler/4.1.77.Final/netty-handler-4.1.77.Final.jar:/home/gavinboor/.local/share/multimc/libraries/io/netty/netty-resolver/4.1.77.Final/netty-resolver-4.1.77.Final.jar:/home/gavinboor/.local/share/multimc/libraries/io/netty/netty-transport/4.1.77.Final/netty-transport-4.1.77.Final.jar:/home/gavinboor/.local/share/multimc/libraries/io/netty/netty-transport-native-unix-common/4.1.77.Final/netty-transport-native-unix-common-4.1.77.Final.jar:/home/gavinboor/.local/share/multimc/libraries/io/netty/netty-transport-classes-epoll/4.1.77.Final/netty-transport-classes-epoll-4.1.77.Final.jar:/home/gavinboor/.local/share/multimc/libraries/io/netty/netty-transport-native-epoll/4.1.77.Final/netty-transport-native-epoll-4.1.77.Final-linux-x86_64.jar:/home/gavinboor/.local/share/multimc/libraries/com/google/guava/failureaccess/1.0.1/failureaccess-1.0.1.jar:/home/gavinboor/.local/share/multimc/libraries/com/google/guava/guava/31.0.1-jre/guava-31.0.1-jre.jar:/home/gavinboor/.local/share/multimc/libraries/org/apache/commons/commons-lang3/3.12.0/commons-lang3-3.12.0.jar:/home/gavinboor/.local/share/multimc/libraries/commons-io/commons-io/2.11.0/commons-io-2.11.0.jar:/home/gavinboor/.local/share/multimc/libraries/commons-codec/commons-codec/1.15/commons-codec-1.15.jar:/home/gavinboor/.local/share/multimc/libraries/com/mojang/brigadier/1.0.18/brigadier-1.0.18.jar:/home/gavinboor/.local/share/multimc/libraries/com/mojang/datafixerupper/5.0.28/datafixerupper-5.0.28.jar:/home/gavinboor/.local/share/multimc/libraries/com/google/code/gson/gson/2.8.9/gson-2.8.9.jar:/home/gavinboor/.local/share/multimc/libraries/com/mojang/authlib/3.11.49/authlib-3.11.49.jar:/home/gavinboor/.local/share/multimc/libraries/org/apache/commons/commons-compress/1.21/commons-compress-1.21.jar:/home/gavinboor/.local/share/multimc/libraries/org/apache/httpcomponents/httpclient/4.5.13/httpclient-4.5.13.jar:/home/gavinboor/.local/share/multimc/libraries/commons-logging/commons-logging/1.2/commons-logging-1.2.jar:/home/gavinboor/.local/share/multimc/libraries/org/apache/httpcomponents/httpcore/4.4.14/httpcore-4.4.14.jar:/home/gavinboor/.local/share/multimc/libraries/it/unimi/dsi/fastutil/8.5.6/fastutil-8.5.6.jar:/home/gavinboor/.local/share/multimc/libraries/org/apache/logging/log4j/log4j-api/2.16.0/log4j-api-2.16.0.jar:/home/gavinboor/.local/share/multimc/libraries/org/apache/logging/log4j/log4j-core/2.16.0/log4j-core-2.16.0.jar:/home/gavinboor/.local/share/multimc/libraries/com/mojang/text2speech/1.13.9/text2speech-1.13.9.jar:/home/gavinboor/.local/share/multimc/libraries/net/fabricmc/intermediary/1.19.2/intermediary-1.19.2.jar:/home/gavinboor/.local/share/multimc/libraries/net/fabricmc/tiny-mappings-parser/0.3.0+build.17/tiny-mappings-parser-0.3.0+build.17.jar:/home/gavinboor/.local/share/multimc/libraries/net/fabricmc/sponge-mixin/0.11.4+mixin.0.8.5/sponge-mixin-0.11.4+mixin.0.8.5.jar:/home/gavinboor/.local/share/multimc/libraries/net/fabricmc/tiny-remapper/0.8.2/tiny-remapper-0.8.2.jar:/home/gavinboor/.local/share/multimc/libraries/net/fabricmc/access-widener/2.1.0/access-widener-2.1.0.jar:/home/gavinboor/.local/share/multimc/libraries/org/ow2/asm/asm/9.3/asm-9.3.jar:/home/gavinboor/.local/share/multimc/libraries/org/ow2/asm/asm-analysis/9.3/asm-analysis-9.3.jar:/home/gavinboor/.local/share/multimc/libraries/org/ow2/asm/asm-commons/9.3/asm-commons-9.3.jar:/home/gavinboor/.local/share/multimc/libraries/org/ow2/asm/asm-tree/9.3/asm-tree-9.3.jar:/home/gavinboor/.local/share/multimc/libraries/org/ow2/asm/asm-util/9.3/asm-util-9.3.jar:/home/gavinboor/.local/share/multimc/libraries/net/fabricmc/fabric-loader/0.14.9/fabric-loader-0.14.9.jar:/home/gavinboor/.local/share/multimc/libraries/com/mojang/minecraft/1.19.2/minecraft-1.19.2-client.jar)
		at com.sun.jna.Native.extractFromResourcePath(Native.java:1145) ~[jna-5.10.0.jar:?]
		at com.sun.jna.NativeLibrary.loadLibrary(NativeLibrary.java:275) ~[jna-5.10.0.jar:?]
		at com.sun.jna.NativeLibrary.getInstance(NativeLibrary.java:461) ~[jna-5.10.0.jar:?]
		at com.sun.jna.NativeLibrary.getInstance(NativeLibrary.java:403) ~[jna-5.10.0.jar:?]
		at com.mojang.text2speech.NarratorLinux.<clinit>(NarratorLinux.java:18) [text2speech-1.13.9.jar:?]
		at com.mojang.text2speech.Narrator.getNarrator(Narrator.java:21) [text2speech-1.13.9.jar:?]
		at net.minecraft.class_333.<init>(class_333.java:19) [client-intermediary.jar:?]
		at net.minecraft.class_310.<init>(class_310.java:637) [client-intermediary.jar:?]
		at net.minecraft.client.main.Main.method_44604(Main.java:205) [client-intermediary.jar:?]
		at net.minecraft.client.main.Main.main(Main.java:51) [client-intermediary.jar:?]
		at net.fabricmc.loader.impl.game.minecraft.MinecraftGameProvider.launch(MinecraftGameProvider.java:461) [fabric-loader-0.14.9.jar:?]
		at net.fabricmc.loader.impl.launch.knot.Knot.launch(Knot.java:74) [fabric-loader-0.14.9.jar:?]
		at net.fabricmc.loader.impl.launch.knot.KnotClient.main(KnotClient.java:23) [fabric-loader-0.14.9.jar:?]
		at jdk.internal.reflect.NativeMethodAccessorImpl.invoke0(Native Method) ~[?:?]
		at jdk.internal.reflect.NativeMethodAccessorImpl.invoke(NativeMethodAccessorImpl.java:77) ~[?:?]
		at jdk.internal.reflect.DelegatingMethodAccessorImpl.invoke(DelegatingMethodAccessorImpl.java:43) ~[?:?]
		at java.lang.reflect.Method.invoke(Method.java:568) ~[?:?]
		at org.multimc.onesix.OneSixLauncher.launchWithMainClass(OneSixLauncher.java:210) [NewLaunch.jar:?]
		at org.multimc.onesix.OneSixLauncher.launch(OneSixLauncher.java:245) [NewLaunch.jar:?]
		at org.multimc.EntryPoint.listen(EntryPoint.java:143) [NewLaunch.jar:?]
		at org.multimc.EntryPoint.main(EntryPoint.java:34) [NewLaunch.jar:?]
[22:04:25] [Render thread/INFO]: Reloading ResourceManager: Default, Fabric Mods (Fabric API, Fabric API Base, Fabric API Lookup API (v1), Fabric Biome API (v1), Fabric BlockRenderLayer Registration (v1), Fabric Client Tags, Fabric Command API (v1), Fabric Command API (v2), Fabric Commands (v0), Fabric Containers (v0), Fabric Content Registries (v0), Fabric Convention Tags, Fabric Crash Report Info (v1), Fabric Data Generation API (v1), Fabric Dimensions API (v1), Fabric Entity Events (v1), Fabric Events Interaction (v0), Fabric Events Lifecycle (v0), Fabric Game Rule API (v1), Fabric Item API (v1), Fabric Item Groups (v0), Fabric Key Binding API (v1), Fabric Key Bindings (v0), Fabric Lifecycle Events (v1), Fabric Loot API (v2), Fabric Loot Tables (v1), Fabric Message API (v1), Fabric Mining Level API (v1), Fabric Models (v0), Fabric Networking API (v1), Fabric Networking (v0), Fabric Object Builder API (v1), Fabric Particles (v1), Fabric Registry Sync (v0), Fabric Renderer API (v1), Fabric Renderer - Indigo, Fabric Renderer Registries (v1), Fabric Rendering Data Attachment (v1), Fabric Rendering Fluids (v1), Fabric Rendering (v0), Fabric Rendering (v1), Fabric Resource Conditions API (v1), Fabric Resource Loader (v0), Fabric Screen API (v1), Fabric Screen Handler API (v1), Fabric Textures (v0), Fabric Transfer API (v1), Fabric Transitive Access Wideners (v1), Fabric Loader, Litematica, MaLiLib, Wurst Client, Xaero's Minimap, Xaero's World Map)
[22:04:26] [Render thread/INFO]: Loading Xaero's Minimap - Stage 2/2
[22:04:30] [Render thread/ERROR]: suppressed exception
java.net.SocketTimeoutException: Connect timed out
	at jdk.internal.reflect.NativeConstructorAccessorImpl.newInstance0(Native Method) ~[?:?]
	at jdk.internal.reflect.NativeConstructorAccessorImpl.newInstance(NativeConstructorAccessorImpl.java:77) ~[?:?]
	at jdk.internal.reflect.DelegatingConstructorAccessorImpl.newInstance(DelegatingConstructorAccessorImpl.java:45) ~[?:?]
	at java.lang.reflect.Constructor.newInstanceWithCaller(Constructor.java:499) ~[?:?]
	at java.lang.reflect.Constructor.newInstance(Constructor.java:480) ~[?:?]
	at sun.net.www.protocol.http.HttpURLConnection$10.run(HttpURLConnection.java:2048) ~[?:?]
	at sun.net.www.protocol.http.HttpURLConnection$10.run(HttpURLConnection.java:2043) ~[?:?]
	at java.security.AccessController.doPrivileged(AccessController.java:569) ~[?:?]
	at sun.net.www.protocol.http.HttpURLConnection.getChainedException(HttpURLConnection.java:2042) ~[?:?]
	at sun.net.www.protocol.http.HttpURLConnection.getInputStream0(HttpURLConnection.java:1609) ~[?:?]
	at sun.net.www.protocol.http.HttpURLConnection.getInputStream(HttpURLConnection.java:1589) ~[?:?]
	at xaero.common.misc.Internet.checkModVersion(Internet.java:53) [Xaeros_Minimap_22.15.1_Fabric_1.19.1.jar:?]
	at xaero.minimap.XaeroMinimap.tryLoadLater(XaeroMinimap.java:239) [Xaeros_Minimap_22.15.1_Fabric_1.19.1.jar:?]
	at net.minecraft.class_310.handler$zoo001$onTickStart(class_310.java:7956) [client-intermediary.jar:?]
	at net.minecraft.class_310.method_1574(class_310.java) [client-intermediary.jar:?]
	at net.minecraft.class_310.method_1523(class_310.java:1135) [client-intermediary.jar:?]
	at net.minecraft.class_310.method_1514(class_310.java:768) [client-intermediary.jar:?]
	at net.minecraft.client.main.Main.method_44604(Main.java:244) [client-intermediary.jar:?]
	at net.minecraft.client.main.Main.main(Main.java:51) [client-intermediary.jar:?]
	at net.fabricmc.loader.impl.game.minecraft.MinecraftGameProvider.launch(MinecraftGameProvider.java:461) [fabric-loader-0.14.9.jar:?]
	at net.fabricmc.loader.impl.launch.knot.Knot.launch(Knot.java:74) [fabric-loader-0.14.9.jar:?]
	at net.fabricmc.loader.impl.launch.knot.KnotClient.main(KnotClient.java:23) [fabric-loader-0.14.9.jar:?]
	at jdk.internal.reflect.NativeMethodAccessorImpl.invoke0(Native Method) ~[?:?]
	at jdk.internal.reflect.NativeMethodAccessorImpl.invoke(NativeMethodAccessorImpl.java:77) ~[?:?]
	at jdk.internal.reflect.DelegatingMethodAccessorImpl.invoke(DelegatingMethodAccessorImpl.java:43) ~[?:?]
	at java.lang.reflect.Method.invoke(Method.java:568) ~[?:?]
	at org.multimc.onesix.OneSixLauncher.launchWithMainClass(OneSixLauncher.java:210) [NewLaunch.jar:?]
	at org.multimc.onesix.OneSixLauncher.launch(OneSixLauncher.java:245) [NewLaunch.jar:?]
	at org.multimc.EntryPoint.listen(EntryPoint.java:143) [NewLaunch.jar:?]
	at org.multimc.EntryPoint.main(EntryPoint.java:34) [NewLaunch.jar:?]
Caused by: java.net.SocketTimeoutException: Connect timed out
	at sun.nio.ch.NioSocketImpl.timedFinishConnect(NioSocketImpl.java:546) ~[?:?]
	at sun.nio.ch.NioSocketImpl.connect(NioSocketImpl.java:597) ~[?:?]
	at java.net.Socket.connect(Socket.java:633) ~[?:?]
	at sun.net.NetworkClient.doConnect(NetworkClient.java:178) ~[?:?]
	at sun.net.www.http.HttpClient.openServer(HttpClient.java:532) ~[?:?]
	at sun.net.www.http.HttpClient.openServer(HttpClient.java:637) ~[?:?]
	at sun.net.www.http.HttpClient.<init>(HttpClient.java:280) ~[?:?]
	at sun.net.www.http.HttpClient.New(HttpClient.java:385) ~[?:?]
	at sun.net.www.http.HttpClient.New(HttpClient.java:407) ~[?:?]
	at sun.net.www.protocol.http.HttpURLConnection.getNewHttpClient(HttpURLConnection.java:1309) ~[?:?]
	at sun.net.www.protocol.http.HttpURLConnection.plainConnect0(HttpURLConnection.java:1242) ~[?:?]
	at sun.net.www.protocol.http.HttpURLConnection.plainConnect(HttpURLConnection.java:1128) ~[?:?]
	at sun.net.www.protocol.http.HttpURLConnection.connect(HttpURLConnection.java:1057) ~[?:?]
	at sun.net.www.protocol.http.HttpURLConnection.getInputStream0(HttpURLConnection.java:1665) ~[?:?]
	at sun.net.www.protocol.http.HttpURLConnection.getInputStream(HttpURLConnection.java:1589) ~[?:?]
	at sun.net.www.protocol.http.HttpURLConnection.getHeaderField(HttpURLConnection.java:3236) ~[?:?]
	at java.net.URLConnection.getHeaderFieldLong(URLConnection.java:637) ~[?:?]
	at java.net.URLConnection.getContentLengthLong(URLConnection.java:509) ~[?:?]
	at xaero.common.misc.Internet.checkModVersion(Internet.java:51) ~[Xaeros_Minimap_22.15.1_Fabric_1.19.1.jar:?]
	... 18 more
[22:04:30] [Render thread/INFO]: Xaero's Minimap: World Map found!
[22:04:30] [Render thread/INFO]: No Optifine!
[22:04:30] [Render thread/INFO]: Xaero's Minimap: No Vivecraft!
[22:04:30] [Render thread/INFO]: Loading Xaero's World Map - Stage 2/2
[22:04:30] [Render thread/INFO]: New world map region cache hash code: 687554333
[22:04:30] [Render thread/INFO]: Xaero's WorldMap Mod: Xaero's minimap found!
[22:04:30] [Render thread/INFO]: No Optifine!
[22:04:30] [Render thread/INFO]: Xaero's World Map: No Vivecraft!
[22:04:30] [Render thread/WARN]: Missing sound for event: minecraft:item.goat_horn.play
[22:04:30] [Render thread/WARN]: Missing sound for event: minecraft:entity.goat.screaming.horn_break
[22:04:31] [Render thread/INFO]: OpenAL initialized on device VirtIO SoundCard
[22:04:31] [Render thread/INFO]: Sound engine started
[22:04:31] [Render thread/INFO]: Created: 1024x1024x0 minecraft:textures/atlas/blocks.png-atlas
[22:04:31] [Render thread/INFO]: Created: 256x128x0 minecraft:textures/atlas/signs.png-atlas
[22:04:31] [Render thread/INFO]: Created: 1024x512x0 minecraft:textures/atlas/banner_patterns.png-atlas
[22:04:31] [Render thread/INFO]: Created: 1024x512x0 minecraft:textures/atlas/shield_patterns.png-atlas
[22:04:31] [Render thread/INFO]: Created: 256x256x0 minecraft:textures/atlas/chest.png-atlas
[22:04:31] [Render thread/INFO]: Created: 512x256x0 minecraft:textures/atlas/beds.png-atlas
[22:04:31] [Render thread/INFO]: Created: 512x256x0 minecraft:textures/atlas/shulker_boxes.png-atlas
[22:04:34] [Worker-Main-12/ERROR]: Failed to retrieve profile key pair
com.mojang.authlib.exceptions.MinecraftClientException: Failed to POST https://api.minecraftservices.com/player/certificates
	at com.mojang.authlib.minecraft.client.MinecraftClient.postInternal(MinecraftClient.java:112) ~[authlib-3.11.49.jar:?]
	at com.mojang.authlib.minecraft.client.MinecraftClient.post(MinecraftClient.java:54) ~[authlib-3.11.49.jar:?]
	at com.mojang.authlib.yggdrasil.YggdrasilUserApiService.getKeyPair(YggdrasilUserApiService.java:73) ~[authlib-3.11.49.jar:?]
	at net.minecraft.class_7434.method_43605(class_7434.java:121) ~[client-intermediary.jar:?]
	at net.minecraft.class_7434.method_44291(class_7434.java:69) ~[client-intermediary.jar:?]
	at java.util.concurrent.CompletableFuture$AsyncSupply.run(CompletableFuture.java:1768) [?:?]
	at java.util.concurrent.CompletableFuture$AsyncSupply.exec(CompletableFuture.java:1760) [?:?]
	at java.util.concurrent.ForkJoinTask.doExec(ForkJoinTask.java:373) [?:?]
	at java.util.concurrent.ForkJoinPool$WorkQueue.topLevelExec(ForkJoinPool.java:1182) [?:?]
	at java.util.concurrent.ForkJoinPool.scan(ForkJoinPool.java:1655) [?:?]
	at java.util.concurrent.ForkJoinPool.runWorker(ForkJoinPool.java:1622) [?:?]
	at java.util.concurrent.ForkJoinWorkerThread.run(ForkJoinWorkerThread.java:165) [?:?]
Caused by: java.net.SocketTimeoutException: Connect timed out
	at sun.nio.ch.NioSocketImpl.timedFinishConnect(NioSocketImpl.java:546) ~[?:?]
	at sun.nio.ch.NioSocketImpl.connect(NioSocketImpl.java:597) ~[?:?]
	at java.net.SocksSocketImpl.connect(SocksSocketImpl.java:327) ~[?:?]
	at java.net.Socket.connect(Socket.java:633) ~[?:?]
	at sun.security.ssl.SSLSocketImpl.connect(SSLSocketImpl.java:304) ~[?:?]
	at sun.net.NetworkClient.doConnect(NetworkClient.java:178) ~[?:?]
	at sun.net.www.http.HttpClient.openServer(HttpClient.java:532) ~[?:?]
	at sun.net.www.http.HttpClient.openServer(HttpClient.java:637) ~[?:?]
	at sun.net.www.protocol.https.HttpsClient.<init>(HttpsClient.java:266) ~[?:?]
	at sun.net.www.protocol.https.HttpsClient.New(HttpsClient.java:380) ~[?:?]
	at sun.net.www.protocol.https.AbstractDelegateHttpsURLConnection.getNewHttpClient(AbstractDelegateHttpsURLConnection.java:193) ~[?:?]
	at sun.net.www.protocol.http.HttpURLConnection.plainConnect0(HttpURLConnection.java:1287) ~[?:?]
	at sun.net.www.protocol.http.HttpURLConnection.plainConnect(HttpURLConnection.java:1128) ~[?:?]
	at sun.net.www.protocol.https.AbstractDelegateHttpsURLConnection.connect(AbstractDelegateHttpsURLConnection.java:179) ~[?:?]
	at sun.net.www.protocol.http.HttpURLConnection.getOutputStream0(HttpURLConnection.java:1430) ~[?:?]
	at sun.net.www.protocol.http.HttpURLConnection.getOutputStream(HttpURLConnection.java:1401) ~[?:?]
	at sun.net.www.protocol.https.HttpsURLConnectionImpl.getOutputStream(HttpsURLConnectionImpl.java:220) ~[?:?]
	at com.mojang.authlib.minecraft.client.MinecraftClient.postInternal(MinecraftClient.java:109) ~[authlib-3.11.49.jar:?]
	... 11 more
[22:04:34] [Render thread/WARN]: Shader rendertype_entity_translucent_emissive could not find sampler named Sampler2 in the specified shader program.
[22:04:34] [Render thread/INFO]: Created: 512x256x0 minecraft:textures/atlas/particles.png-atlas
[22:04:34] [Render thread/INFO]: Created: 256x256x0 minecraft:textures/atlas/paintings.png-atlas
[22:04:34] [Render thread/INFO]: Created: 256x128x0 minecraft:textures/atlas/mob_effects.png-atlas
[22:04:34] [Render thread/INFO]: Successfully reloaded the minimap shaders!
[22:04:34] [Render thread/INFO]: Successfully reloaded the world map shaders!
[22:04:39] [Server Pinger #1/ERROR]: Can't ping play.survivewith.us: Unknown host
[22:04:42] [Server Pinger #2/ERROR]: Can't ping play.survivewith.us: Unknown host
[22:04:42] [Server Pinger #3/ERROR]: Can't ping play.survivewith.us: Unknown host
[22:04:43] [Server Pinger #3/ERROR]: Can't ping play.survivewith.us: Unknown host
[22:04:48] [Worker-Bootstrap-9/INFO]: 4283 Datafixer optimizations took 42435 milliseconds
[22:05:10] [Server Pinger #0/ERROR]: Can't ping play.survivewith.us: Unknown host
[22:05:12] [Server Pinger #1/ERROR]: Can't ping play.survivewith.us: Unknown host
[22:05:12] [Server Pinger #2/ERROR]: Can't ping play.survivewith.us: Unknown host
[22:05:13] [Server Pinger #4/ERROR]: Can't ping play.survivewith.us: Unknown host
[22:05:13] [Server Pinger #3/ERROR]: Can't ping play.survivewith.us: Unknown host
[22:05:35] [LanServerDetector #13/ERROR]: Caught previously unhandled exception :
java.lang.AssertionError: java.net.BindException: Cannot assign requested address
	at sun.nio.ch.DatagramChannelImpl.drop(DatagramChannelImpl.java:1592) ~[?:?]
	at sun.nio.ch.MembershipKeyImpl.drop(MembershipKeyImpl.java:147) ~[?:?]
	at sun.nio.ch.DatagramSocketAdaptor.leaveGroup(DatagramSocketAdaptor.java:553) ~[?:?]
	at sun.nio.ch.DatagramSocketAdaptor.leaveGroup(DatagramSocketAdaptor.java:493) ~[?:?]
	at java.net.MulticastSocket.leaveGroup(MulticastSocket.java:353) ~[?:?]
	at net.minecraft.class_1134$class_1135.run(class_1134.java:103) ~[client-intermediary.jar:?]
Caused by: java.net.BindException: Cannot assign requested address
	at sun.nio.ch.Net.joinOrDrop4(Native Method) ~[?:?]
	at sun.nio.ch.Net.drop4(Net.java:707) ~[?:?]
	at sun.nio.ch.DatagramChannelImpl.drop(DatagramChannelImpl.java:1587) ~[?:?]
	... 5 more
[22:05:35] [LanServerDetector #14/ERROR]: Caught previously unhandled exception :
java.lang.AssertionError: java.net.BindException: Cannot assign requested address
	at sun.nio.ch.DatagramChannelImpl.drop(DatagramChannelImpl.java:1592) ~[?:?]
	at sun.nio.ch.MembershipKeyImpl.drop(MembershipKeyImpl.java:147) ~[?:?]
	at sun.nio.ch.DatagramSocketAdaptor.leaveGroup(DatagramSocketAdaptor.java:553) ~[?:?]
	at sun.nio.ch.DatagramSocketAdaptor.leaveGroup(DatagramSocketAdaptor.java:493) ~[?:?]
	at java.net.MulticastSocket.leaveGroup(MulticastSocket.java:353) ~[?:?]
	at net.minecraft.class_1134$class_1135.run(class_1134.java:103) ~[client-intermediary.jar:?]
Caused by: java.net.BindException: Cannot assign requested address
	at sun.nio.ch.Net.joinOrDrop4(Native Method) ~[?:?]
	at sun.nio.ch.Net.drop4(Net.java:707) ~[?:?]
	at sun.nio.ch.DatagramChannelImpl.drop(DatagramChannelImpl.java:1587) ~[?:?]
	... 5 more
[22:05:35] [LanServerDetector #15/ERROR]: Caught previously unhandled exception :
java.lang.AssertionError: java.net.BindException: Cannot assign requested address
	at sun.nio.ch.DatagramChannelImpl.drop(DatagramChannelImpl.java:1592) ~[?:?]
	at sun.nio.ch.MembershipKeyImpl.drop(MembershipKeyImpl.java:147) ~[?:?]
	at sun.nio.ch.DatagramSocketAdaptor.leaveGroup(DatagramSocketAdaptor.java:553) ~[?:?]
	at sun.nio.ch.DatagramSocketAdaptor.leaveGroup(DatagramSocketAdaptor.java:493) ~[?:?]
	at java.net.MulticastSocket.leaveGroup(MulticastSocket.java:353) ~[?:?]
	at net.minecraft.class_1134$class_1135.run(class_1134.java:103) ~[client-intermediary.jar:?]
Caused by: java.net.BindException: Cannot assign requested address
	at sun.nio.ch.Net.joinOrDrop4(Native Method) ~[?:?]
	at sun.nio.ch.Net.drop4(Net.java:707) ~[?:?]
	at sun.nio.ch.DatagramChannelImpl.drop(DatagramChannelImpl.java:1587) ~[?:?]
	... 5 more
[22:05:35] [LanServerDetector #16/ERROR]: Caught previously unhandled exception :
java.lang.AssertionError: java.net.BindException: Cannot assign requested address
	at sun.nio.ch.DatagramChannelImpl.drop(DatagramChannelImpl.java:1592) ~[?:?]
	at sun.nio.ch.MembershipKeyImpl.drop(MembershipKeyImpl.java:147) ~[?:?]
	at sun.nio.ch.DatagramSocketAdaptor.leaveGroup(DatagramSocketAdaptor.java:553) ~[?:?]
	at sun.nio.ch.DatagramSocketAdaptor.leaveGroup(DatagramSocketAdaptor.java:493) ~[?:?]
	at java.net.MulticastSocket.leaveGroup(MulticastSocket.java:353) ~[?:?]
	at net.minecraft.class_1134$class_1135.run(class_1134.java:103) ~[client-intermediary.jar:?]
Caused by: java.net.BindException: Cannot assign requested address
	at sun.nio.ch.Net.joinOrDrop4(Native Method) ~[?:?]
	at sun.nio.ch.Net.drop4(Net.java:707) ~[?:?]
	at sun.nio.ch.DatagramChannelImpl.drop(DatagramChannelImpl.java:1587) ~[?:?]
	... 5 more
[22:05:35] [LanServerDetector #17/ERROR]: Caught previously unhandled exception :
java.lang.AssertionError: java.net.BindException: Cannot assign requested address
	at sun.nio.ch.DatagramChannelImpl.drop(DatagramChannelImpl.java:1592) ~[?:?]
	at sun.nio.ch.MembershipKeyImpl.drop(MembershipKeyImpl.java:147) ~[?:?]
	at sun.nio.ch.DatagramSocketAdaptor.leaveGroup(DatagramSocketAdaptor.java:553) ~[?:?]
	at sun.nio.ch.DatagramSocketAdaptor.leaveGroup(DatagramSocketAdaptor.java:493) ~[?:?]
	at java.net.MulticastSocket.leaveGroup(MulticastSocket.java:353) ~[?:?]
	at net.minecraft.class_1134$class_1135.run(class_1134.java:103) ~[client-intermediary.jar:?]
Caused by: java.net.BindException: Cannot assign requested address
	at sun.nio.ch.Net.joinOrDrop4(Native Method) ~[?:?]
	at sun.nio.ch.Net.drop4(Net.java:707) ~[?:?]
	at sun.nio.ch.DatagramChannelImpl.drop(DatagramChannelImpl.java:1587) ~[?:?]
	... 5 more
[22:05:36] [LanServerDetector #18/ERROR]: Caught previously unhandled exception :
java.lang.AssertionError: java.net.BindException: Cannot assign requested address
	at sun.nio.ch.DatagramChannelImpl.drop(DatagramChannelImpl.java:1592) ~[?:?]
	at sun.nio.ch.MembershipKeyImpl.drop(MembershipKeyImpl.java:147) ~[?:?]
	at sun.nio.ch.DatagramSocketAdaptor.leaveGroup(DatagramSocketAdaptor.java:553) ~[?:?]
	at sun.nio.ch.DatagramSocketAdaptor.leaveGroup(DatagramSocketAdaptor.java:493) ~[?:?]
	at java.net.MulticastSocket.leaveGroup(MulticastSocket.java:353) ~[?:?]
	at net.minecraft.class_1134$class_1135.run(class_1134.java:103) ~[client-intermediary.jar:?]
Caused by: java.net.BindException: Cannot assign requested address
	at sun.nio.ch.Net.joinOrDrop4(Native Method) ~[?:?]
	at sun.nio.ch.Net.drop4(Net.java:707) ~[?:?]
	at sun.nio.ch.DatagramChannelImpl.drop(DatagramChannelImpl.java:1587) ~[?:?]
	... 5 more
[22:05:36] [LanServerDetector #19/ERROR]: Caught previously unhandled exception :
java.lang.AssertionError: java.net.BindException: Cannot assign requested address
	at sun.nio.ch.DatagramChannelImpl.drop(DatagramChannelImpl.java:1592) ~[?:?]
	at sun.nio.ch.MembershipKeyImpl.drop(MembershipKeyImpl.java:147) ~[?:?]
	at sun.nio.ch.DatagramSocketAdaptor.leaveGroup(DatagramSocketAdaptor.java:553) ~[?:?]
	at sun.nio.ch.DatagramSocketAdaptor.leaveGroup(DatagramSocketAdaptor.java:493) ~[?:?]
	at java.net.MulticastSocket.leaveGroup(MulticastSocket.java:353) ~[?:?]
	at net.minecraft.class_1134$class_1135.run(class_1134.java:103) ~[client-intermediary.jar:?]
Caused by: java.net.BindException: Cannot assign requested address
	at sun.nio.ch.Net.joinOrDrop4(Native Method) ~[?:?]
	at sun.nio.ch.Net.drop4(Net.java:707) ~[?:?]
	at sun.nio.ch.DatagramChannelImpl.drop(DatagramChannelImpl.java:1587) ~[?:?]
	... 5 more
[22:05:36] [LanServerDetector #20/ERROR]: Caught previously unhandled exception :
java.lang.AssertionError: java.net.BindException: Cannot assign requested address
	at sun.nio.ch.DatagramChannelImpl.drop(DatagramChannelImpl.java:1592) ~[?:?]
	at sun.nio.ch.MembershipKeyImpl.drop(MembershipKeyImpl.java:147) ~[?:?]
	at sun.nio.ch.DatagramSocketAdaptor.leaveGroup(DatagramSocketAdaptor.java:553) ~[?:?]
	at sun.nio.ch.DatagramSocketAdaptor.leaveGroup(DatagramSocketAdaptor.java:493) ~[?:?]
	at java.net.MulticastSocket.leaveGroup(MulticastSocket.java:353) ~[?:?]
	at net.minecraft.class_1134$class_1135.run(class_1134.java:103) ~[client-intermediary.jar:?]
Caused by: java.net.BindException: Cannot assign requested address
	at sun.nio.ch.Net.joinOrDrop4(Native Method) ~[?:?]
	at sun.nio.ch.Net.drop4(Net.java:707) ~[?:?]
	at sun.nio.ch.DatagramChannelImpl.drop(DatagramChannelImpl.java:1587) ~[?:?]
	... 5 more
[22:05:36] [LanServerDetector #21/ERROR]: Caught previously unhandled exception :
java.lang.AssertionError: java.net.BindException: Cannot assign requested address
	at sun.nio.ch.DatagramChannelImpl.drop(DatagramChannelImpl.java:1592) ~[?:?]
	at sun.nio.ch.MembershipKeyImpl.drop(MembershipKeyImpl.java:147) ~[?:?]
	at sun.nio.ch.DatagramSocketAdaptor.leaveGroup(DatagramSocketAdaptor.java:553) ~[?:?]
	at sun.nio.ch.DatagramSocketAdaptor.leaveGroup(DatagramSocketAdaptor.java:493) ~[?:?]
	at java.net.MulticastSocket.leaveGroup(MulticastSocket.java:353) ~[?:?]
	at net.minecraft.class_1134$class_1135.run(class_1134.java:103) ~[client-intermediary.jar:?]
Caused by: java.net.BindException: Cannot assign requested address
	at sun.nio.ch.Net.joinOrDrop4(Native Method) ~[?:?]
	at sun.nio.ch.Net.drop4(Net.java:707) ~[?:?]
	at sun.nio.ch.DatagramChannelImpl.drop(DatagramChannelImpl.java:1587) ~[?:?]
	... 5 more
[22:05:38] [Render thread/INFO]: Connecting to play.survivewith.us, 25565
[22:05:40] [Render thread/INFO]: New minimap session initialized!
[22:05:40] [Render thread/INFO]: New world map session initialized!
[22:05:40] [Render thread/INFO]: [STDOUT]: Baritone world data dir: /home/gavinboor/.local/share/multimc/instances/Baritone - Wurst/.minecraft/baritone/play.survivewith.us/minecraft/overworld_384
[22:05:40] [Render thread/INFO]: [STDOUT]: Cached world directory: /home/gavinboor/.local/share/multimc/instances/Baritone - Wurst/.minecraft/baritone/play.survivewith.us/minecraft/overworld_384/cache
[22:05:40] [Render thread/INFO]: [STDOUT]: Would save waypoints to /home/gavinboor/.local/share/multimc/instances/Baritone - Wurst/.minecraft/baritone/play.survivewith.us/minecraft/overworld_384/waypoints
[22:05:40] [Render thread/INFO]: Using 3 total BufferBuilder caches
[22:05:40] [Render thread/WARN]: Unable to read property: east with value: false for blockstate: {Name:"minecraft:cobblestone_wall",Properties:{east:"false",north:"false",south:"false",up:"false",west:"false"}}
[22:05:40] [Render thread/WARN]: Unable to read property: south with value: false for blockstate: {Name:"minecraft:cobblestone_wall",Properties:{east:"false",north:"false",south:"false",up:"false",west:"false"}}
[22:05:40] [Render thread/WARN]: Unable to read property: north with value: false for blockstate: {Name:"minecraft:cobblestone_wall",Properties:{east:"false",north:"false",south:"false",up:"false",west:"false"}}
[22:05:40] [Render thread/WARN]: Unable to read property: west with value: false for blockstate: {Name:"minecraft:cobblestone_wall",Properties:{east:"false",north:"false",south:"false",up:"false",west:"false"}}
[22:05:40] [Render thread/WARN]: Unable to read property: east with value: false for blockstate: {Name:"minecraft:mossy_cobblestone_wall",Properties:{east:"false",north:"false",south:"false",up:"false",west:"false"}}
[22:05:40] [Render thread/WARN]: Unable to read property: south with value: false for blockstate: {Name:"minecraft:mossy_cobblestone_wall",Properties:{east:"false",north:"false",south:"false",up:"false",west:"false"}}
[22:05:40] [Render thread/WARN]: Unable to read property: north with value: false for blockstate: {Name:"minecraft:mossy_cobblestone_wall",Properties:{east:"false",north:"false",south:"false",up:"false",west:"false"}}
[22:05:40] [Render thread/WARN]: Unable to read property: west with value: false for blockstate: {Name:"minecraft:mossy_cobblestone_wall",Properties:{east:"false",north:"false",south:"false",up:"false",west:"false"}}
[22:05:40] [Render thread/INFO]: [STDOUT]: Telemetry sending attempt blocked.
[22:05:40] [Render thread/INFO]: [STDOUT]: Telemetry sending attempt blocked.
[22:05:41] [Render thread/WARN]: Not all defined tags for registry ResourceKey[minecraft:root / minecraft:block] are present in data pack: minecraft:ancient_city_replaceable, minecraft:mangrove_logs_can_grow_through, minecraft:mangrove_roots_can_grow_through, minecraft:nether_carver_replaceables, minecraft:overworld_carver_replaceables
[22:05:41] [LanServerDetector #22/ERROR]: Caught previously unhandled exception :
java.lang.AssertionError: java.net.BindException: Cannot assign requested address
	at sun.nio.ch.DatagramChannelImpl.drop(DatagramChannelImpl.java:1592) ~[?:?]
	at sun.nio.ch.MembershipKeyImpl.drop(MembershipKeyImpl.java:147) ~[?:?]
	at sun.nio.ch.DatagramSocketAdaptor.leaveGroup(DatagramSocketAdaptor.java:553) ~[?:?]
	at sun.nio.ch.DatagramSocketAdaptor.leaveGroup(DatagramSocketAdaptor.java:493) ~[?:?]
	at java.net.MulticastSocket.leaveGroup(MulticastSocket.java:353) ~[?:?]
	at net.minecraft.class_1134$class_1135.run(class_1134.java:103) ~[client-intermediary.jar:?]
Caused by: java.net.BindException: Cannot assign requested address
	at sun.nio.ch.Net.joinOrDrop4(Native Method) ~[?:?]
	at sun.nio.ch.Net.drop4(Net.java:707) ~[?:?]
	at sun.nio.ch.DatagramChannelImpl.drop(DatagramChannelImpl.java:1587) ~[?:?]
	... 5 more
[22:05:41] [Render thread/INFO]: [System] [CHAT] 
[22:05:41] [Render thread/INFO]: [System] [CHAT] 
[22:05:41] [Render thread/INFO]: [System] [CHAT] Welcome back to SurviveWithUs YELLOW, CodeOverload!
[22:05:41] [Render thread/INFO]: [System] [CHAT] 
[22:05:41] [Render thread/INFO]: [System] [CHAT] bYou're currently receiving an 6lXPb or 6lMoney Boost!b Click bhere bto bview byour 6l/boosts!
[22:05:41] [Render thread/INFO]: [System] [CHAT] 
[22:05:41] [Render thread/INFO]: Loaded 848 advancements
[22:05:41] [pool-2-thread-1/INFO]: [STDOUT]: Loading region -4,-18 from disk /home/gavinboor/.local/share/multimc/instances/Baritone - Wurst/.minecraft/baritone/play.survivewith.us/minecraft/overworld_384/cache
[22:05:41] [Render thread/INFO]: [System] [CHAT] [-] [CrazyrabbiT] UsadaPekora
[22:05:41] [pool-2-thread-1/INFO]: [STDOUT]: Loaded region successfully in 59ms
[22:05:41] [Render thread/INFO]: Reloading entity icon resources...
[22:05:41] [Render thread/INFO]: Done!
[22:05:41] [pool-2-thread-1/INFO]: [STDOUT]: Loading region -3,-18 from disk /home/gavinboor/.local/share/multimc/instances/Baritone - Wurst/.minecraft/baritone/play.survivewith.us/minecraft/overworld_384/cache
[22:05:41] [pool-2-thread-1/INFO]: [STDOUT]: Loaded region successfully in 28ms
[22:05:41] [Render thread/INFO]: [STDOUT]: Brightness started at 0.5
[22:05:42] [pool-2-thread-1/INFO]: [STDOUT]: Loading region -4,-19 from disk /home/gavinboor/.local/share/multimc/instances/Baritone - Wurst/.minecraft/baritone/play.survivewith.us/minecraft/overworld_384/cache
[22:05:42] [pool-2-thread-1/INFO]: [STDOUT]: Loaded region successfully in 11ms
[22:05:42] [pool-2-thread-1/INFO]: [STDOUT]: Loading region -3,-19 from disk /home/gavinboor/.local/share/multimc/instances/Baritone - Wurst/.minecraft/baritone/play.survivewith.us/minecraft/overworld_384/cache
[22:05:42] [pool-2-thread-1/INFO]: [STDOUT]: Loaded region successfully in 5ms
[22:05:43] [WurstUpdater/INFO]: [STDOUT]: [Updater] Current version: 7.28
[22:05:43] [WurstUpdater/INFO]: [STDOUT]: [Updater] Latest version: 7.28
[22:05:44] [Render thread/INFO]: [System] [CHAT] [Binary] CodeOverload> baka
[22:05:51] [Render thread/INFO]: [System] [CHAT] [LessOf] Toaster> done yet?
[22:05:53] [Render thread/INFO]: [System] [CHAT] You can't do that here!
[22:05:53] [Render thread/INFO]: Minimap session finalized.
[22:05:53] [Render thread/INFO]: Finalizing world map session...
[22:05:53] [Thread-1/INFO]: World map force-cleaned!
[22:05:53] [Render thread/INFO]: World map session finalized.
[22:05:53] [Render thread/INFO]: [STDOUT]: Telemetry sending attempt blocked.
[22:05:53] [Render thread/INFO]: [STDOUT]: Disconnected: empty[style={}, siblings=[literal{You have been kicked from the server for: 
}[style={color=red}], literal{Breaking blocks too fast.}[style={color=dark_red}]]]
[22:05:55] [Render thread/INFO]: Connecting to play.survivewith.us, 25565
[22:05:56] [Render thread/INFO]: New minimap session initialized!
[22:05:56] [Render thread/INFO]: New world map session initialized!
[22:05:56] [Render thread/INFO]: [STDOUT]: Baritone world data dir: /home/gavinboor/.local/share/multimc/instances/Baritone - Wurst/.minecraft/baritone/play.survivewith.us/minecraft/overworld_384
[22:05:56] [pool-2-thread-3/INFO]: [STDOUT]: Started saving the world in a new thread
[22:05:56] [Render thread/INFO]: Using 3 total BufferBuilder caches
[22:05:56] [Render thread/INFO]: [STDOUT]: Telemetry sending attempt blocked.
[22:05:56] [Render thread/INFO]: [STDOUT]: Telemetry sending attempt blocked.
[22:05:56] [pool-2-thread-3/INFO]: [STDOUT]: Saving region -3,-19 to disk /home/gavinboor/.local/share/multimc/instances/Baritone - Wurst/.minecraft/baritone/play.survivewith.us/minecraft/overworld_384/cache
[22:05:56] [ForkJoinPool.commonPool-worker-9/INFO]: [STDOUT]: Saving region -4,-19 to disk /home/gavinboor/.local/share/multimc/instances/Baritone - Wurst/.minecraft/baritone/play.survivewith.us/minecraft/overworld_384/cache
[22:05:56] [ForkJoinPool.commonPool-worker-3/INFO]: [STDOUT]: Saving region -3,-18 to disk /home/gavinboor/.local/share/multimc/instances/Baritone - Wurst/.minecraft/baritone/play.survivewith.us/minecraft/overworld_384/cache
[22:05:56] [ForkJoinPool.commonPool-worker-2/INFO]: [STDOUT]: Saving region -4,-18 to disk /home/gavinboor/.local/share/multimc/instances/Baritone - Wurst/.minecraft/baritone/play.survivewith.us/minecraft/overworld_384/cache
[22:05:56] [pool-2-thread-3/INFO]: [STDOUT]: Saved region successfully
[22:05:56] [ForkJoinPool.commonPool-worker-9/INFO]: [STDOUT]: Saved region successfully
[22:05:56] [ForkJoinPool.commonPool-worker-3/INFO]: [STDOUT]: Saved region successfully
[22:05:56] [ForkJoinPool.commonPool-worker-2/INFO]: [STDOUT]: Saved region successfully
[22:05:56] [pool-2-thread-3/INFO]: [STDOUT]: World save took 49ms
[22:05:56] [Render thread/WARN]: Not all defined tags for registry ResourceKey[minecraft:root / minecraft:block] are present in data pack: minecraft:ancient_city_replaceable, minecraft:mangrove_logs_can_grow_through, minecraft:mangrove_roots_can_grow_through, minecraft:nether_carver_replaceables, minecraft:overworld_carver_replaceables
[22:05:56] [Render thread/INFO]: [System] [CHAT] 
[22:05:56] [Render thread/INFO]: [System] [CHAT] 
[22:05:56] [Render thread/INFO]: [System] [CHAT] Welcome back to SurviveWithUs YELLOW, CodeOverload!
[22:05:56] [Render thread/INFO]: [System] [CHAT] 
[22:05:56] [Render thread/INFO]: [System] [CHAT] bYou're currently receiving an 6lXPb or 6lMoney Boost!b Click bhere bto bview byour 6l/boosts!
[22:05:56] [Render thread/INFO]: [System] [CHAT] 
[22:05:56] [pool-2-thread-1/INFO]: [STDOUT]: Loading region -4,-18 from disk /home/gavinboor/.local/share/multimc/instances/Baritone - Wurst/.minecraft/baritone/play.survivewith.us/minecraft/overworld_384/cache
[22:05:56] [pool-2-thread-1/INFO]: [STDOUT]: Loaded region successfully in 22ms
[22:05:56] [Render thread/INFO]: Loaded 848 advancements
[22:05:56] [pool-2-thread-1/INFO]: [STDOUT]: Loading region -3,-18 from disk /home/gavinboor/.local/share/multimc/instances/Baritone - Wurst/.minecraft/baritone/play.survivewith.us/minecraft/overworld_384/cache
[22:05:56] [pool-2-thread-1/INFO]: [STDOUT]: Loaded region successfully in 10ms
[22:05:57] [Render thread/INFO]: Minimap session finalized.
[22:05:57] [Render thread/INFO]: Finalizing world map session...
[22:05:57] [Thread-1/INFO]: World map force-cleaned!
[22:05:57] [pool-2-thread-1/INFO]: [STDOUT]: Loading region -4,-19 from disk /home/gavinboor/.local/share/multimc/instances/Baritone - Wurst/.minecraft/baritone/play.survivewith.us/minecraft/overworld_384/cache
[22:05:57] [pool-2-thread-1/INFO]: [STDOUT]: Loaded region successfully in 5ms
[22:05:57] [Render thread/INFO]: World map session finalized.
[22:05:57] [Render thread/INFO]: [STDOUT]: Telemetry sending attempt blocked.
[22:05:57] [Render thread/INFO]: [STDOUT]: Disconnected: empty[style={}, siblings=[literal{You have been kicked from the server for: 
}[style={color=red}], literal{Breaking blocks too fast.}[style={color=dark_red}]]]
[22:05:57] [pool-2-thread-1/INFO]: [STDOUT]: Loading region -3,-19 from disk /home/gavinboor/.local/share/multimc/instances/Baritone - Wurst/.minecraft/baritone/play.survivewith.us/minecraft/overworld_384/cache
[22:05:57] [pool-2-thread-1/INFO]: [STDOUT]: Loaded region successfully in 3ms
[22:06:01] [Render thread/INFO]: Connecting to 172.240.250.116, 25702
[22:06:02] [Render thread/INFO]: New minimap session initialized!
[22:06:02] [Render thread/INFO]: New world map session initialized!
[22:06:02] [pool-2-thread-4/INFO]: [STDOUT]: Started saving the world in a new thread
[22:06:02] [Render thread/INFO]: [STDOUT]: Baritone world data dir: /home/gavinboor/.local/share/multimc/instances/Baritone - Wurst/.minecraft/baritone/172.240.250.116:25702/minecraft/overworld_384
[22:06:02] [Render thread/INFO]: [STDOUT]: Cached world directory: /home/gavinboor/.local/share/multimc/instances/Baritone - Wurst/.minecraft/baritone/172.240.250.116:25702/minecraft/overworld_384/cache
[22:06:02] [pool-2-thread-4/INFO]: [STDOUT]: Saving region -3,-19 to disk /home/gavinboor/.local/share/multimc/instances/Baritone - Wurst/.minecraft/baritone/play.survivewith.us/minecraft/overworld_384/cache
[22:06:02] [ForkJoinPool.commonPool-worker-3/INFO]: [STDOUT]: Saving region -4,-19 to disk /home/gavinboor/.local/share/multimc/instances/Baritone - Wurst/.minecraft/baritone/play.survivewith.us/minecraft/overworld_384/cache
[22:06:02] [ForkJoinPool.commonPool-worker-9/INFO]: [STDOUT]: Saving region -4,-18 to disk /home/gavinboor/.local/share/multimc/instances/Baritone - Wurst/.minecraft/baritone/play.survivewith.us/minecraft/overworld_384/cache
[22:06:02] [Render thread/INFO]: [STDOUT]: Would save waypoints to /home/gavinboor/.local/share/multimc/instances/Baritone - Wurst/.minecraft/baritone/172.240.250.116:25702/minecraft/overworld_384/waypoints
[22:06:02] [ForkJoinPool.commonPool-worker-2/INFO]: [STDOUT]: Saving region -3,-18 to disk /home/gavinboor/.local/share/multimc/instances/Baritone - Wurst/.minecraft/baritone/play.survivewith.us/minecraft/overworld_384/cache
[22:06:02] [Render thread/INFO]: Using 3 total BufferBuilder caches
[22:06:02] [pool-2-thread-4/INFO]: [STDOUT]: Saved region successfully
[22:06:02] [Render thread/INFO]: [STDOUT]: Telemetry sending attempt blocked.
[22:06:02] [ForkJoinPool.commonPool-worker-3/INFO]: [STDOUT]: Saved region successfully
[22:06:02] [ForkJoinPool.commonPool-worker-2/INFO]: [STDOUT]: Saved region successfully
[22:06:02] [ForkJoinPool.commonPool-worker-9/INFO]: [STDOUT]: Saved region successfully
[22:06:02] [pool-2-thread-4/INFO]: [STDOUT]: World save took 38ms
[22:06:02] [Render thread/WARN]: Not all defined tags for registry ResourceKey[minecraft:root / minecraft:item] are present in data pack: minecraft:carpets, minecraft:occludes_vibration_signals
[22:06:02] [Render thread/WARN]: Not all defined tags for registry ResourceKey[minecraft:root / minecraft:block] are present in data pack: minecraft:carpets, minecraft:polar_bears_spawnable_on_in_frozen_ocean
[22:06:03] [Render thread/INFO]: Loaded 416 advancements
[22:06:04] [pool-2-thread-3/INFO]: [STDOUT]: Loading region 0,-4 from disk /home/gavinboor/.local/share/multimc/instances/Baritone - Wurst/.minecraft/baritone/172.240.250.116:25702/minecraft/overworld_384/cache
[22:06:04] [pool-2-thread-3/INFO]: [STDOUT]: Loaded region successfully in 181ms
[22:06:04] [pool-2-thread-3/INFO]: [STDOUT]: Loading region 0,-3 from disk /home/gavinboor/.local/share/multimc/instances/Baritone - Wurst/.minecraft/baritone/172.240.250.116:25702/minecraft/overworld_384/cache
[22:06:04] [pool-2-thread-3/INFO]: [STDOUT]: Loaded region successfully in 206ms
[22:06:10] [pool-2-thread-2/INFO]: [STDOUT]: World save took 0ms
[22:06:12] [Render thread/INFO]: Minimap session finalized.
[22:06:12] [Render thread/INFO]: Finalizing world map session...
[22:06:13] [Thread-1/INFO]: World map force-cleaned!
[22:06:13] [Render thread/INFO]: World map session finalized.
[22:06:15] [Render thread/INFO]: Connecting to play.survivewith.us, 25565
[22:06:16] [Render thread/INFO]: New minimap session initialized!
[22:06:16] [Render thread/INFO]: New world map session initialized!
[22:06:16] [pool-2-thread-4/INFO]: [STDOUT]: Started saving the world in a new thread
[22:06:16] [Render thread/INFO]: [STDOUT]: Baritone world data dir: /home/gavinboor/.local/share/multimc/instances/Baritone - Wurst/.minecraft/baritone/play.survivewith.us/minecraft/overworld_384
[22:06:16] [pool-2-thread-4/INFO]: [STDOUT]: Saving region 0,-3 to disk /home/gavinboor/.local/share/multimc/instances/Baritone - Wurst/.minecraft/baritone/172.240.250.116:25702/minecraft/overworld_384/cache
[22:06:16] [ForkJoinPool.commonPool-worker-2/INFO]: [STDOUT]: Saving region 0,-4 to disk /home/gavinboor/.local/share/multimc/instances/Baritone - Wurst/.minecraft/baritone/172.240.250.116:25702/minecraft/overworld_384/cache
[22:06:16] [Render thread/INFO]: Using 3 total BufferBuilder caches
[22:06:16] [Render thread/INFO]: [STDOUT]: Telemetry sending attempt blocked.
[22:06:16] [Render thread/INFO]: [STDOUT]: Telemetry sending attempt blocked.
[22:06:16] [Render thread/WARN]: Not all defined tags for registry ResourceKey[minecraft:root / minecraft:game_event] are present in data pack: minecraft:allay_can_listen, minecraft:shrieker_can_listen, minecraft:warden_can_listen
[22:06:16] [Render thread/WARN]: Not all defined tags for registry ResourceKey[minecraft:root / minecraft:item] are present in data pack: forge:armors, forge:armors/boots, forge:armors/chestplates, forge:armors/helmets, forge:armors/leggings, forge:barrels, forge:barrels/wooden, forge:bones, forge:bookshelves, forge:chests, forge:chests/ender, forge:chests/trapped, forge:chests/wooden, forge:cobblestone, forge:cobblestone/deepslate, forge:cobblestone/infested, forge:cobblestone/mossy, forge:cobblestone/normal, forge:crops, forge:crops/beetroot, forge:crops/carrot, forge:crops/nether_wart, forge:crops/potato, forge:crops/wheat, forge:dusts, forge:dusts/glowstone, forge:dusts/prismarine, forge:dusts/redstone, forge:dyes, forge:dyes/black, forge:dyes/blue, forge:dyes/brown, forge:dyes/cyan, forge:dyes/gray, forge:dyes/green, forge:dyes/light_blue, forge:dyes/light_gray, forge:dyes/lime, forge:dyes/magenta, forge:dyes/orange, forge:dyes/pink, forge:dyes/purple, forge:dyes/red, forge:dyes/white, forge:dyes/yellow, forge:eggs, forge:enchanting_fuels, forge:end_stones, forge:ender_pearls, forge:feathers, forge:fence_gates, forge:fence_gates/wooden, forge:fences, forge:fences/nether_brick, forge:fences/wooden, forge:gems, forge:gems/amethyst, forge:gems/diamond, forge:gems/emerald, forge:gems/lapis, forge:gems/prismarine, forge:gems/quartz, forge:glass, forge:glass/black, forge:glass/blue, forge:glass/brown, forge:glass/colorless, forge:glass/cyan, forge:glass/gray, forge:glass/green, forge:glass/light_blue, forge:glass/light_gray, forge:glass/lime, forge:glass/magenta, forge:glass/orange, forge:glass/pink, forge:glass/purple, forge:glass/red, forge:glass/silica, forge:glass/tinted, forge:glass/white, forge:glass/yellow, forge:glass_panes, forge:glass_panes/black, forge:glass_panes/blue, forge:glass_panes/brown, forge:glass_panes/colorless, forge:glass_panes/cyan, forge:glass_panes/gray, forge:glass_panes/green, forge:glass_panes/light_blue, forge:glass_panes/light_gray, forge:glass_panes/lime, forge:glass_panes/magenta, forge:glass_panes/orange, forge:glass_panes/pink, forge:glass_panes/purple, forge:glass_panes/red, forge:glass_panes/white, forge:glass_panes/yellow, forge:gravel, forge:gunpowder, forge:heads, forge:ingots, forge:ingots/brick, forge:ingots/copper, forge:ingots/gold, forge:ingots/iron, forge:ingots/nether_brick, forge:ingots/netherite, forge:leather, forge:mushrooms, forge:nether_stars, forge:netherrack, forge:nuggets, forge:nuggets/gold, forge:nuggets/iron, forge:obsidian, forge:ore_bearing_ground/deepslate, forge:ore_bearing_ground/netherrack, forge:ore_bearing_ground/stone, forge:ore_rates/dense, forge:ore_rates/singular, forge:ore_rates/sparse, forge:ores, forge:ores/coal, forge:ores/copper, forge:ores/diamond, forge:ores/emerald, forge:ores/gold, forge:ores/iron, forge:ores/lapis, forge:ores/netherite_scrap, forge:ores/quartz, forge:ores/redstone, forge:ores_in_ground/deepslate, forge:ores_in_ground/netherrack, forge:ores_in_ground/stone, forge:raw_materials, forge:raw_materials/copper, forge:raw_materials/gold, forge:raw_materials/iron, forge:rods, forge:rods/blaze, forge:rods/wooden, forge:sand, forge:sand/colorless, forge:sand/red, forge:sandstone, forge:seeds, forge:seeds/beetroot, forge:seeds/melon, forge:seeds/pumpkin, forge:seeds/wheat, forge:shears, forge:slimeballs, forge:stained_glass, forge:stained_glass_panes, forge:stone, forge:storage_blocks, forge:storage_blocks/amethyst, forge:storage_blocks/coal, forge:storage_blocks/copper, forge:storage_blocks/diamond, forge:storage_blocks/emerald, forge:storage_blocks/gold, forge:storage_blocks/iron, forge:storage_blocks/lapis, forge:storage_blocks/netherite, forge:storage_blocks/quartz, forge:storage_blocks/raw_copper, forge:storage_blocks/raw_gold, forge:storage_blocks/raw_iron, forge:storage_blocks/redstone, forge:string, forge:tools, forge:tools/axes, forge:tools/bows, forge:tools/crossbows, forge:tools/fishing_rods, forge:tools/hoes, forge:tools/pickaxes, forge:tools/shields, forge:tools/shovels, forge:tools/swords, forge:tools/tridents, minecraft:chest_boats, minecraft:compasses, minecraft:completes_find_tree_tutorial, minecraft:dampens_vibrations, minecraft:mangrove_logs, minecraft:overworld_natural_logs, minecraft:wart_blocks, minecraft:wool_carpets
[22:06:16] [Render thread/WARN]: Not all defined tags for registry ResourceKey[minecraft:root / minecraft:entity_type] are present in data pack: forge:bosses, minecraft:frog_food
[22:06:16] [Render thread/WARN]: Not all defined tags for registry ResourceKey[minecraft:root / minecraft:fluid] are present in data pack: forge:milk
[22:06:16] [Render thread/WARN]: Not all defined tags for registry ResourceKey[minecraft:root / minecraft:block] are present in data pack: forge:barrels, forge:barrels/wooden, forge:bookshelves, forge:chests, forge:chests/ender, forge:chests/trapped, forge:chests/wooden, forge:cobblestone, forge:cobblestone/deepslate, forge:cobblestone/infested, forge:cobblestone/mossy, forge:cobblestone/normal, forge:end_stones, forge:enderman_place_on_blacklist, forge:fence_gates, forge:fence_gates/wooden, forge:fences, forge:fences/nether_brick, forge:fences/wooden, forge:glass, forge:glass/black, forge:glass/blue, forge:glass/brown, forge:glass/colorless, forge:glass/cyan, forge:glass/gray, forge:glass/green, forge:glass/light_blue, forge:glass/light_gray, forge:glass/lime, forge:glass/magenta, forge:glass/orange, forge:glass/pink, forge:glass/purple, forge:glass/red, forge:glass/silica, forge:glass/tinted, forge:glass/white, forge:glass/yellow, forge:glass_panes, forge:glass_panes/black, forge:glass_panes/blue, forge:glass_panes/brown, forge:glass_panes/colorless, forge:glass_panes/cyan, forge:glass_panes/gray, forge:glass_panes/green, forge:glass_panes/light_blue, forge:glass_panes/light_gray, forge:glass_panes/lime, forge:glass_panes/magenta, forge:glass_panes/orange, forge:glass_panes/pink, forge:glass_panes/purple, forge:glass_panes/red, forge:glass_panes/white, forge:glass_panes/yellow, forge:gravel, forge:netherrack, forge:obsidian, forge:ore_bearing_ground/deepslate, forge:ore_bearing_ground/netherrack, forge:ore_bearing_ground/stone, forge:ore_rates/dense, forge:ore_rates/singular, forge:ore_rates/sparse, forge:ores, forge:ores/coal, forge:ores/copper, forge:ores/diamond, forge:ores/emerald, forge:ores/gold, forge:ores/iron, forge:ores/lapis, forge:ores/netherite_scrap, forge:ores/quartz, forge:ores/redstone, forge:ores_in_ground/deepslate, forge:ores_in_ground/netherrack, forge:ores_in_ground/stone, forge:sand, forge:sand/colorless, forge:sand/red, forge:sandstone, forge:stained_glass, forge:stained_glass_panes, forge:stone, forge:storage_blocks, forge:storage_blocks/amethyst, forge:storage_blocks/coal, forge:storage_blocks/copper, forge:storage_blocks/diamond, forge:storage_blocks/emerald, forge:storage_blocks/gold, forge:storage_blocks/iron, forge:storage_blocks/lapis, forge:storage_blocks/netherite, forge:storage_blocks/quartz, forge:storage_blocks/raw_copper, forge:storage_blocks/raw_gold, forge:storage_blocks/raw_iron, forge:storage_blocks/redstone, minecraft:ancient_city_replaceable, minecraft:completes_find_tree_tutorial, minecraft:convertable_to_mud, minecraft:dampens_vibrations, minecraft:dead_bush_may_place_on, minecraft:dragon_transparent, minecraft:frog_prefer_jump_to, minecraft:frogs_spawnable_on, minecraft:mangrove_logs, minecraft:mangrove_logs_can_grow_through, minecraft:mangrove_roots_can_grow_through, minecraft:nether_carver_replaceables, minecraft:overworld_carver_replaceables, minecraft:overworld_natural_logs, minecraft:polar_bears_spawnable_on_alternate, minecraft:sculk_replaceable, minecraft:sculk_replaceable_world_gen, minecraft:snaps_goat_horn, minecraft:snow_layer_can_survive_on, minecraft:snow_layer_cannot_survive_on, minecraft:wool_carpets
[22:06:16] [ForkJoinPool.commonPool-worker-2/INFO]: [STDOUT]: Saved region successfully
[22:06:16] [pool-2-thread-4/INFO]: [STDOUT]: Saved region successfully
[22:06:16] [pool-2-thread-4/INFO]: [STDOUT]: World save took 262ms
[22:06:16] [Render thread/INFO]: [System] [CHAT] 
[22:06:16] [Render thread/INFO]: [System] [CHAT] 
[22:06:16] [Render thread/INFO]: [System] [CHAT] Welcome back to SurviveWithUs YELLOW, CodeOverload!
[22:06:16] [Render thread/INFO]: [System] [CHAT] 
[22:06:16] [Render thread/INFO]: [System] [CHAT] bYou're currently receiving an 6lXPb or 6lMoney Boost!b Click bhere bto bview byour 6l/boosts!
[22:06:16] [Render thread/INFO]: [System] [CHAT] 
[22:06:16] [Render thread/INFO]: Loaded 848 advancements
[22:06:20] [Render thread/INFO]: [System] [CHAT] [Binary] CodeOverload> ok tere
[22:06:22] [Render thread/INFO]: [System] [CHAT] [Binary] CodeOverload> der
[22:06:32] [pool-2-thread-5/INFO]: [STDOUT]: World save took 1ms
[22:06:37] [Render thread/INFO]: [System] [CHAT] HADES has gone AFK!
[22:06:39] [Render thread/INFO]: [System] [CHAT] [LessOf] Toaster> thanks
[22:06:46] [Render thread/INFO]: [System] [CHAT] Remember to /vote to get your next /rank and unlock epic rewards!
[22:08:06] [Render thread/INFO]: [System] [CHAT] [Binary] CodeOverload> you did not
[22:08:26] [Render thread/INFO]: [System] [CHAT] [Binary] CodeOverload> you put bandit over all the good ones..
[22:08:35] [Render thread/ERROR]: Error saving option Brightness: DynamicException[Value 16.0 outside of range [0.0:1.0] Optional[16.0]]
[22:08:36] [Render thread/ERROR]: Error saving option Brightness: DynamicException[Value 16.0 outside of range [0.0:1.0] Optional[16.0]]
[22:08:37] [Render thread/ERROR]: ########## GL ERROR ##########
[22:08:37] [Render thread/ERROR]: @ Render
[22:08:37] [Render thread/ERROR]: 65540: Invalid scancode -1
[22:08:44] [Render thread/ERROR]: Error saving option Brightness: DynamicException[Value 16.0 outside of range [0.0:1.0] Optional[16.0]]
[22:08:47] [Render thread/ERROR]: Error saving option Brightness: DynamicException[Value 16.0 outside of range [0.0:1.0] Optional[16.0]]
[22:08:55] [Render thread/ERROR]: Error saving option Brightness: DynamicException[Value 16.0 outside of range [0.0:1.0] Optional[16.0]]
[22:08:56] [Render thread/ERROR]: Error saving option Brightness: DynamicException[Value 16.0 outside of range [0.0:1.0] Optional[16.0]]
[22:08:57] [Render thread/ERROR]: Error saving option Brightness: DynamicException[Value 16.0 outside of range [0.0:1.0] Optional[16.0]]
[22:08:57] [Render thread/ERROR]: Error saving option Brightness: DynamicException[Value 16.0 outside of range [0.0:1.0] Optional[16.0]]
[22:10:25] [Render thread/INFO]: [System] [CHAT] [LessOf] Toaster> better that way
[22:11:19] [Render thread/INFO]: [System] [CHAT] [+] [MVP] forgingboar
[22:11:20] [Render thread/INFO]: [System] [CHAT] [LessOf] Toaster> wb
[22:11:29] [Render thread/INFO]: [System] [CHAT] [MVP] forgingboar> ty
[22:11:42] [Render thread/INFO]: [System] [CHAT] [Binary] CodeOverload> hey
[22:11:48] [Render thread/INFO]: [System] [CHAT] [MVP] forgingboar> what
[22:11:50] [Render thread/INFO]: [System] [CHAT] [Binary] CodeOverload> i might make a mapart
[22:11:54] [Render thread/INFO]: [System] [CHAT] [LessOf] Toaster> of?
[22:11:55] [Render thread/INFO]: [System] [CHAT] [MVP] forgingboar> nice
[22:12:02] [Render thread/INFO]: [System] [CHAT] [Binary] CodeOverload> guess
[22:12:05] [Render thread/INFO]: [System] [CHAT] [MVP] forgingboar> doom
[22:12:06] [Render thread/INFO]: [System] [CHAT] [Binary] CodeOverload> once its done
[22:12:13] [Render thread/INFO]: [System] [CHAT] [Binary] CodeOverload> not tonight tho
[22:12:28] [Render thread/INFO]: [System] [CHAT] [Binary] CodeOverload> i shall do it 2mr
[22:12:28] [Render thread/INFO]: [System] [CHAT] [MVP] forgingboar> linkin park
[22:12:32] [Render thread/INFO]: [System] [CHAT] [Binary] CodeOverload> poof
[22:13:26] [Render thread/INFO]: [System] [CHAT] [-] [MVP] forgingboar
[22:13:59] [Render thread/INFO]: Minimap session finalized.
[22:13:59] [Render thread/INFO]: Finalizing world map session...
[22:13:59] [Thread-1/INFO]: World map force-cleaned!
[22:13:59] [Render thread/INFO]: World map session finalized.
[22:14:01] [Render thread/INFO]: Connecting to play.survivewith.us, 25565
[22:14:01] [Render thread/INFO]: New minimap session initialized!
[22:14:01] [Render thread/INFO]: New world map session initialized!
[22:14:01] [Render thread/INFO]: [STDOUT]: Baritone world data dir: /home/gavinboor/.local/share/multimc/instances/Baritone - Wurst/.minecraft/baritone/play.survivewith.us/minecraft/overworld_384
[22:14:01] [pool-2-thread-6/INFO]: [STDOUT]: Started saving the world in a new thread
[22:14:01] [pool-2-thread-6/INFO]: [STDOUT]: Saving region -3,-19 to disk /home/gavinboor/.local/share/multimc/instances/Baritone - Wurst/.minecraft/baritone/play.survivewith.us/minecraft/overworld_384/cache
[22:14:01] [ForkJoinPool.commonPool-worker-6/INFO]: [STDOUT]: Saving region -4,-18 to disk /home/gavinboor/.local/share/multimc/instances/Baritone - Wurst/.minecraft/baritone/play.survivewith.us/minecraft/overworld_384/cache
[22:14:01] [ForkJoinPool.commonPool-worker-11/INFO]: [STDOUT]: Saving region -3,-18 to disk /home/gavinboor/.local/share/multimc/instances/Baritone - Wurst/.minecraft/baritone/play.survivewith.us/minecraft/overworld_384/cache
[22:14:01] [ForkJoinPool.commonPool-worker-1/INFO]: [STDOUT]: Saving region -4,-19 to disk /home/gavinboor/.local/share/multimc/instances/Baritone - Wurst/.minecraft/baritone/play.survivewith.us/minecraft/overworld_384/cache
[22:14:01] [Render thread/INFO]: Using 3 total BufferBuilder caches
[22:14:01] [pool-2-thread-6/INFO]: [STDOUT]: Saved region successfully
[22:14:01] [ForkJoinPool.commonPool-worker-1/INFO]: [STDOUT]: Saved region successfully
[22:14:01] [Render thread/INFO]: [STDOUT]: Telemetry sending attempt blocked.
[22:14:01] [Render thread/INFO]: [STDOUT]: Telemetry sending attempt blocked.
[22:14:01] [ForkJoinPool.commonPool-worker-11/INFO]: [STDOUT]: Saved region successfully
[22:14:01] [ForkJoinPool.commonPool-worker-6/INFO]: [STDOUT]: Saved region successfully
[22:14:01] [pool-2-thread-6/INFO]: [STDOUT]: World save took 24ms
[22:14:02] [Render thread/WARN]: Not all defined tags for registry ResourceKey[minecraft:root / minecraft:game_event] are present in data pack: minecraft:allay_can_listen, minecraft:shrieker_can_listen, minecraft:warden_can_listen
[22:14:02] [Render thread/WARN]: Not all defined tags for registry ResourceKey[minecraft:root / minecraft:item] are present in data pack: forge:armors, forge:armors/boots, forge:armors/chestplates, forge:armors/helmets, forge:armors/leggings, forge:barrels, forge:barrels/wooden, forge:bones, forge:bookshelves, forge:chests, forge:chests/ender, forge:chests/trapped, forge:chests/wooden, forge:cobblestone, forge:cobblestone/deepslate, forge:cobblestone/infested, forge:cobblestone/mossy, forge:cobblestone/normal, forge:crops, forge:crops/beetroot, forge:crops/carrot, forge:crops/nether_wart, forge:crops/potato, forge:crops/wheat, forge:dusts, forge:dusts/glowstone, forge:dusts/prismarine, forge:dusts/redstone, forge:dyes, forge:dyes/black, forge:dyes/blue, forge:dyes/brown, forge:dyes/cyan, forge:dyes/gray, forge:dyes/green, forge:dyes/light_blue, forge:dyes/light_gray, forge:dyes/lime, forge:dyes/magenta, forge:dyes/orange, forge:dyes/pink, forge:dyes/purple, forge:dyes/red, forge:dyes/white, forge:dyes/yellow, forge:eggs, forge:enchanting_fuels, forge:end_stones, forge:ender_pearls, forge:feathers, forge:fence_gates, forge:fence_gates/wooden, forge:fences, forge:fences/nether_brick, forge:fences/wooden, forge:gems, forge:gems/amethyst, forge:gems/diamond, forge:gems/emerald, forge:gems/lapis, forge:gems/prismarine, forge:gems/quartz, forge:glass, forge:glass/black, forge:glass/blue, forge:glass/brown, forge:glass/colorless, forge:glass/cyan, forge:glass/gray, forge:glass/green, forge:glass/light_blue, forge:glass/light_gray, forge:glass/lime, forge:glass/magenta, forge:glass/orange, forge:glass/pink, forge:glass/purple, forge:glass/red, forge:glass/silica, forge:glass/tinted, forge:glass/white, forge:glass/yellow, forge:glass_panes, forge:glass_panes/black, forge:glass_panes/blue, forge:glass_panes/brown, forge:glass_panes/colorless, forge:glass_panes/cyan, forge:glass_panes/gray, forge:glass_panes/green, forge:glass_panes/light_blue, forge:glass_panes/light_gray, forge:glass_panes/lime, forge:glass_panes/magenta, forge:glass_panes/orange, forge:glass_panes/pink, forge:glass_panes/purple, forge:glass_panes/red, forge:glass_panes/white, forge:glass_panes/yellow, forge:gravel, forge:gunpowder, forge:heads, forge:ingots, forge:ingots/brick, forge:ingots/copper, forge:ingots/gold, forge:ingots/iron, forge:ingots/nether_brick, forge:ingots/netherite, forge:leather, forge:mushrooms, forge:nether_stars, forge:netherrack, forge:nuggets, forge:nuggets/gold, forge:nuggets/iron, forge:obsidian, forge:ore_bearing_ground/deepslate, forge:ore_bearing_ground/netherrack, forge:ore_bearing_ground/stone, forge:ore_rates/dense, forge:ore_rates/singular, forge:ore_rates/sparse, forge:ores, forge:ores/coal, forge:ores/copper, forge:ores/diamond, forge:ores/emerald, forge:ores/gold, forge:ores/iron, forge:ores/lapis, forge:ores/netherite_scrap, forge:ores/quartz, forge:ores/redstone, forge:ores_in_ground/deepslate, forge:ores_in_ground/netherrack, forge:ores_in_ground/stone, forge:raw_materials, forge:raw_materials/copper, forge:raw_materials/gold, forge:raw_materials/iron, forge:rods, forge:rods/blaze, forge:rods/wooden, forge:sand, forge:sand/colorless, forge:sand/red, forge:sandstone, forge:seeds, forge:seeds/beetroot, forge:seeds/melon, forge:seeds/pumpkin, forge:seeds/wheat, forge:shears, forge:slimeballs, forge:stained_glass, forge:stained_glass_panes, forge:stone, forge:storage_blocks, forge:storage_blocks/amethyst, forge:storage_blocks/coal, forge:storage_blocks/copper, forge:storage_blocks/diamond, forge:storage_blocks/emerald, forge:storage_blocks/gold, forge:storage_blocks/iron, forge:storage_blocks/lapis, forge:storage_blocks/netherite, forge:storage_blocks/quartz, forge:storage_blocks/raw_copper, forge:storage_blocks/raw_gold, forge:storage_blocks/raw_iron, forge:storage_blocks/redstone, forge:string, forge:tools, forge:tools/axes, forge:tools/bows, forge:tools/crossbows, forge:tools/fishing_rods, forge:tools/hoes, forge:tools/pickaxes, forge:tools/shields, forge:tools/shovels, forge:tools/swords, forge:tools/tridents, minecraft:chest_boats, minecraft:compasses, minecraft:completes_find_tree_tutorial, minecraft:dampens_vibrations, minecraft:mangrove_logs, minecraft:overworld_natural_logs, minecraft:wart_blocks, minecraft:wool_carpets
[22:14:02] [Render thread/WARN]: Not all defined tags for registry ResourceKey[minecraft:root / minecraft:entity_type] are present in data pack: forge:bosses, minecraft:frog_food
[22:14:02] [Render thread/WARN]: Not all defined tags for registry ResourceKey[minecraft:root / minecraft:fluid] are present in data pack: forge:milk
[22:14:02] [Render thread/WARN]: Not all defined tags for registry ResourceKey[minecraft:root / minecraft:block] are present in data pack: forge:barrels, forge:barrels/wooden, forge:bookshelves, forge:chests, forge:chests/ender, forge:chests/trapped, forge:chests/wooden, forge:cobblestone, forge:cobblestone/deepslate, forge:cobblestone/infested, forge:cobblestone/mossy, forge:cobblestone/normal, forge:end_stones, forge:enderman_place_on_blacklist, forge:fence_gates, forge:fence_gates/wooden, forge:fences, forge:fences/nether_brick, forge:fences/wooden, forge:glass, forge:glass/black, forge:glass/blue, forge:glass/brown, forge:glass/colorless, forge:glass/cyan, forge:glass/gray, forge:glass/green, forge:glass/light_blue, forge:glass/light_gray, forge:glass/lime, forge:glass/magenta, forge:glass/orange, forge:glass/pink, forge:glass/purple, forge:glass/red, forge:glass/silica, forge:glass/tinted, forge:glass/white, forge:glass/yellow, forge:glass_panes, forge:glass_panes/black, forge:glass_panes/blue, forge:glass_panes/brown, forge:glass_panes/colorless, forge:glass_panes/cyan, forge:glass_panes/gray, forge:glass_panes/green, forge:glass_panes/light_blue, forge:glass_panes/light_gray, forge:glass_panes/lime, forge:glass_panes/magenta, forge:glass_panes/orange, forge:glass_panes/pink, forge:glass_panes/purple, forge:glass_panes/red, forge:glass_panes/white, forge:glass_panes/yellow, forge:gravel, forge:netherrack, forge:obsidian, forge:ore_bearing_ground/deepslate, forge:ore_bearing_ground/netherrack, forge:ore_bearing_ground/stone, forge:ore_rates/dense, forge:ore_rates/singular, forge:ore_rates/sparse, forge:ores, forge:ores/coal, forge:ores/copper, forge:ores/diamond, forge:ores/emerald, forge:ores/gold, forge:ores/iron, forge:ores/lapis, forge:ores/netherite_scrap, forge:ores/quartz, forge:ores/redstone, forge:ores_in_ground/deepslate, forge:ores_in_ground/netherrack, forge:ores_in_ground/stone, forge:sand, forge:sand/colorless, forge:sand/red, forge:sandstone, forge:stained_glass, forge:stained_glass_panes, forge:stone, forge:storage_blocks, forge:storage_blocks/amethyst, forge:storage_blocks/coal, forge:storage_blocks/copper, forge:storage_blocks/diamond, forge:storage_blocks/emerald, forge:storage_blocks/gold, forge:storage_blocks/iron, forge:storage_blocks/lapis, forge:storage_blocks/netherite, forge:storage_blocks/quartz, forge:storage_blocks/raw_copper, forge:storage_blocks/raw_gold, forge:storage_blocks/raw_iron, forge:storage_blocks/redstone, minecraft:ancient_city_replaceable, minecraft:completes_find_tree_tutorial, minecraft:convertable_to_mud, minecraft:dampens_vibrations, minecraft:dead_bush_may_place_on, minecraft:dragon_transparent, minecraft:frog_prefer_jump_to, minecraft:frogs_spawnable_on, minecraft:mangrove_logs, minecraft:mangrove_logs_can_grow_through, minecraft:mangrove_roots_can_grow_through, minecraft:nether_carver_replaceables, minecraft:overworld_carver_replaceables, minecraft:overworld_natural_logs, minecraft:polar_bears_spawnable_on_alternate, minecraft:sculk_replaceable, minecraft:sculk_replaceable_world_gen, minecraft:snaps_goat_horn, minecraft:snow_layer_can_survive_on, minecraft:snow_layer_cannot_survive_on, minecraft:wool_carpets
[22:14:02] [Render thread/INFO]: [System] [CHAT] 
[22:14:02] [Render thread/INFO]: [System] [CHAT] 
[22:14:02] [Render thread/INFO]: [System] [CHAT] Welcome back to SurviveWithUs YELLOW, CodeOverload!
[22:14:02] [Render thread/INFO]: [System] [CHAT] 
[22:14:02] [Render thread/INFO]: Loaded 848 advancements
[22:14:02] [pool-2-thread-1/INFO]: [STDOUT]: Loading region -4,-18 from disk /home/gavinboor/.local/share/multimc/instances/Baritone - Wurst/.minecraft/baritone/play.survivewith.us/minecraft/overworld_384/cache
[22:14:02] [Render thread/INFO]: [System] [CHAT] bYou're currently receiving an 6lXPb or 6lMoney Boost!b Click bhere bto bview byour 6l/boosts!
[22:14:02] [Render thread/INFO]: [System] [CHAT] 
[22:14:02] [pool-2-thread-1/INFO]: [STDOUT]: Loaded region successfully in 22ms
[22:14:02] [pool-2-thread-1/INFO]: [STDOUT]: Loading region -3,-18 from disk /home/gavinboor/.local/share/multimc/instances/Baritone - Wurst/.minecraft/baritone/play.survivewith.us/minecraft/overworld_384/cache
[22:14:02] [pool-2-thread-1/INFO]: [STDOUT]: Loaded region successfully in 6ms
[22:14:02] [pool-2-thread-1/INFO]: [STDOUT]: Loading region -4,-19 from disk /home/gavinboor/.local/share/multimc/instances/Baritone - Wurst/.minecraft/baritone/play.survivewith.us/minecraft/overworld_384/cache
[22:14:02] [pool-2-thread-1/INFO]: [STDOUT]: Loaded region successfully in 5ms
[22:14:02] [pool-2-thread-1/INFO]: [STDOUT]: Loading region -3,-19 from disk /home/gavinboor/.local/share/multimc/instances/Baritone - Wurst/.minecraft/baritone/play.survivewith.us/minecraft/overworld_384/cache
[22:14:02] [pool-2-thread-1/INFO]: [STDOUT]: Loaded region successfully in 2ms
[22:14:31] [Render thread/INFO]: [System] [CHAT] Remember to /vote to get your next /rank and unlock epic rewards!
[22:14:33] [Render thread/INFO]: [System] [CHAT] You can't attack other players here!
[22:14:37] [Render thread/INFO]: Minimap session finalized.
[22:14:37] [Render thread/INFO]: Finalizing world map session...
[22:14:37] [Thread-1/INFO]: World map force-cleaned!
[22:14:37] [Render thread/INFO]: World map session finalized.
[22:14:39] [Render thread/INFO]: Stopping!
