[20:10:58] [main/INFO]: Loading Minecraft 1.19.2 with Fabric Loader 0.14.9
[20:10:58] [ForkJoinPool-1-worker-7/WARN]: Mod wurst uses the version v7.28-MC1.19.2 which isn't compatible with Loader's extended semantic version format (Could not parse version number component 'v7'!), SemVer is recommended for reliably evaluating dependencies and prioritizing newer version
[20:10:58] [ForkJoinPool-1-worker-2/WARN]: Mod wurst uses the version v7.27.3-MC1.19.2 which isn't compatible with Loader's extended semantic version format (Could not parse version number component 'v7'!), SemVer is recommended for reliably evaluating dependencies and prioritizing newer version
[20:10:58] [main/INFO]: Loading 55 mods:
	- baritone 1.5.3-621-gaddd1fc7
	- fabric-api 0.61.0+1.19.2
	- fabric-api-base 0.4.11+e62f51a390 via fabric-api
	- fabric-api-lookup-api-v1 1.6.9+9ff28f4090 via fabric-api
	- fabric-biome-api-v1 9.0.17+aeb40ebe90 via fabric-api
	- fabric-blockrenderlayer-v1 1.1.20+aeb40ebe90 via fabric-api
	- fabric-client-tags-api-v1 1.0.1+b35fea8390 via fabric-api
	- fabric-command-api-v1 1.2.11+f71b366f90 via fabric-api
	- fabric-command-api-v2 2.1.7+0c17ea9690 via fabric-api
	- fabric-commands-v0 0.2.28+df3654b390 via fabric-api
	- fabric-containers-v0 0.1.34+df3654b390 via fabric-api
	- fabric-content-registries-v0 3.3.0+624e468e90 via fabric-api
	- fabric-convention-tags-v1 1.1.1+7cd20a1490 via fabric-api
	- fabric-crash-report-info-v1 0.2.5+aeb40ebe90 via fabric-api
	- fabric-data-generation-api-v1 5.1.9+a680b9b490 via fabric-api
	- fabric-dimensions-v1 2.1.31+0dd10df690 via fabric-api
	- fabric-entity-events-v1 1.4.18+9ff28f4090 via fabric-api
	- fabric-events-interaction-v0 0.4.28+aeb40ebe90 via fabric-api
	- fabric-events-lifecycle-v0 0.2.28+df3654b390 via fabric-api
	- fabric-game-rule-api-v1 1.0.21+aeb40ebe90 via fabric-api
	- fabric-item-api-v1 1.5.7+35a03c4390 via fabric-api
	- fabric-item-groups-v0 0.3.29+4e8ca3fd90 via fabric-api
	- fabric-key-binding-api-v1 1.0.20+aeb40ebe90 via fabric-api
	- fabric-keybindings-v0 0.2.18+df3654b390 via fabric-api
	- fabric-lifecycle-events-v1 2.1.2+aeb40ebe90 via fabric-api
	- fabric-loot-api-v2 1.1.3+83a8659290 via fabric-api
	- fabric-loot-tables-v1 1.1.6+9e7660c690 via fabric-api
	- fabric-message-api-v1 5.0.3+176380a290 via fabric-api
	- fabric-mining-level-api-v1 2.1.14+33fbc73890 via fabric-api
	- fabric-models-v0 0.3.17+aeb40ebe90 via fabric-api
	- fabric-networking-api-v1 1.2.4+5eb68ef290 via fabric-api
	- fabric-networking-v0 0.3.21+df3654b390 via fabric-api
	- fabric-object-builder-api-v1 4.0.11+aeb40ebe90 via fabric-api
	- fabric-particles-v1 1.0.10+aeb40ebe90 via fabric-api
	- fabric-registry-sync-v0 0.9.25+726b652090 via fabric-api
	- fabric-renderer-api-v1 1.0.10+aeb40ebe90 via fabric-api
	- fabric-renderer-indigo 0.6.12+aeb40ebe90 via fabric-api
	- fabric-renderer-registries-v1 3.2.20+df3654b390 via fabric-api
	- fabric-rendering-data-attachment-v1 0.3.14+aeb40ebe90 via fabric-api
	- fabric-rendering-fluids-v1 3.0.7+aeb40ebe90 via fabric-api
	- fabric-rendering-v0 1.1.22+df3654b390 via fabric-api
	- fabric-rendering-v1 1.10.16+aeb40ebe90 via fabric-api
	- fabric-resource-conditions-api-v1 2.0.11+e62f51a390 via fabric-api
	- fabric-resource-loader-v0 0.6.1+aeb40ebe90 via fabric-api
	- fabric-screen-api-v1 1.0.26+f05effaf90 via fabric-api
	- fabric-screen-handler-api-v1 1.3.0+1cc24b1b90 via fabric-api
	- fabric-textures-v0 1.0.20+aeb40ebe90 via fabric-api
	- fabric-transfer-api-v1 2.1.0+8f88597390 via fabric-api
	- fabric-transitive-access-wideners-v1 1.3.0+42d99c3290 via fabric-api
	- fabricloader 0.14.9
	- java 17
	- minecraft 1.19.2
	- wurst v7.28-MC1.19.2
	- xaerominimap 22.15.1
	- xaeroworldmap 1.28.0
[20:10:58] [main/INFO]: SpongePowered MIXIN Subsystem Version=0.8.5 Source=file:/home/gavinboor/.local/share/multimc/libraries/net/fabricmc/sponge-mixin/0.11.4+mixin.0.8.5/sponge-mixin-0.11.4+mixin.0.8.5.jar Service=Knot/Fabric Env=CLIENT
[20:10:58] [main/INFO]: Compatibility level set to JAVA_17
[20:10:59] [main/WARN]: Error loading class: me/jellysquid/mods/sodium/client/render/occlusion/BlockOcclusionCache (java.lang.ClassNotFoundException: me/jellysquid/mods/sodium/client/render/occlusion/BlockOcclusionCache)
[20:11:00] [main/WARN]: Configuration conflict: there is more than one oshi.properties file on the classpath
[20:11:00] [main/WARN]: Configuration conflict: there is more than one oshi.architecture.properties file on the classpath
[20:11:03] [main/INFO]: Building optimized datafixer
[20:11:08] [Render thread/INFO]: Environment: authHost='https://authserver.mojang.com', accountsHost='https://api.mojang.com', sessionHost='https://sessionserver.mojang.com', servicesHost='https://api.minecraftservices.com', name='PROD'
[20:11:11] [Render thread/INFO]: Setting user: CodeOverload
[20:11:12] [Render thread/INFO]: [STDOUT]: Starting Wurst Client...
[20:11:14] [Render thread/INFO]: [Indigo] Registering Indigo renderer!
[20:11:15] [Render thread/INFO]: Loading Xaero's Minimap - Stage 1/2
[20:11:17] [Render thread/INFO]: Loading Xaero's World Map - Stage 1/2
[20:11:19] [Render thread/INFO]: Backend library: LWJGL version 3.3.1 SNAPSHOT
[20:11:23] [Render thread/WARN]: ERROR : Couldn't load Narrator library
java.lang.UnsatisfiedLinkError: Unable to load library 'fliteWrapper':
libfliteWrapper.so: cannot open shared object file: No such file or directory
libfliteWrapper.so: cannot open shared object file: No such file or directory
Native library (linux-x86-64/libfliteWrapper.so) not found in resource path (/home/gavinboor/.local/share/multimc/bin/jars/NewLaunch.jar:/home/gavinboor/.local/share/multimc/libraries/org/lwjgl/lwjgl-glfw/3.3.1/lwjgl-glfw-3.3.1.jar:/home/gavinboor/.local/share/multimc/libraries/org/lwjgl/lwjgl-jemalloc/3.3.1/lwjgl-jemalloc-3.3.1.jar:/home/gavinboor/.local/share/multimc/libraries/org/lwjgl/lwjgl-openal/3.3.1/lwjgl-openal-3.3.1.jar:/home/gavinboor/.local/share/multimc/libraries/org/lwjgl/lwjgl-opengl/3.3.1/lwjgl-opengl-3.3.1.jar:/home/gavinboor/.local/share/multimc/libraries/org/lwjgl/lwjgl-stb/3.3.1/lwjgl-stb-3.3.1.jar:/home/gavinboor/.local/share/multimc/libraries/org/lwjgl/lwjgl-tinyfd/3.3.1/lwjgl-tinyfd-3.3.1.jar:/home/gavinboor/.local/share/multimc/libraries/org/lwjgl/lwjgl/3.3.1/lwjgl-3.3.1.jar:/home/gavinboor/.local/share/multimc/libraries/com/mojang/logging/1.0.0/logging-1.0.0.jar:/home/gavinboor/.local/share/multimc/libraries/com/mojang/blocklist/1.0.10/blocklist-1.0.10.jar:/home/gavinboor/.local/share/multimc/libraries/com/mojang/patchy/2.2.10/patchy-2.2.10.jar:/home/gavinboor/.local/share/multimc/libraries/com/github/oshi/oshi-core/5.8.5/oshi-core-5.8.5.jar:/home/gavinboor/.local/share/multimc/libraries/net/java/dev/jna/jna/5.10.0/jna-5.10.0.jar:/home/gavinboor/.local/share/multimc/libraries/net/java/dev/jna/jna-platform/5.10.0/jna-platform-5.10.0.jar:/home/gavinboor/.local/share/multimc/libraries/org/slf4j/slf4j-api/1.8.0-beta4/slf4j-api-1.8.0-beta4.jar:/home/gavinboor/.local/share/multimc/libraries/org/apache/logging/log4j/log4j-slf4j18-impl/2.16.0/log4j-slf4j18-impl-2.16.0.jar:/home/gavinboor/.local/share/multimc/libraries/com/ibm/icu/icu4j/70.1/icu4j-70.1.jar:/home/gavinboor/.local/share/multimc/libraries/com/mojang/javabridge/1.2.24/javabridge-1.2.24.jar:/home/gavinboor/.local/share/multimc/libraries/net/sf/jopt-simple/jopt-simple/5.0.4/jopt-simple-5.0.4.jar:/home/gavinboor/.local/share/multimc/libraries/io/netty/netty-common/4.1.77.Final/netty-common-4.1.77.Final.jar:/home/gavinboor/.local/share/multimc/libraries/io/netty/netty-buffer/4.1.77.Final/netty-buffer-4.1.77.Final.jar:/home/gavinboor/.local/share/multimc/libraries/io/netty/netty-codec/4.1.77.Final/netty-codec-4.1.77.Final.jar:/home/gavinboor/.local/share/multimc/libraries/io/netty/netty-handler/4.1.77.Final/netty-handler-4.1.77.Final.jar:/home/gavinboor/.local/share/multimc/libraries/io/netty/netty-resolver/4.1.77.Final/netty-resolver-4.1.77.Final.jar:/home/gavinboor/.local/share/multimc/libraries/io/netty/netty-transport/4.1.77.Final/netty-transport-4.1.77.Final.jar:/home/gavinboor/.local/share/multimc/libraries/io/netty/netty-transport-native-unix-common/4.1.77.Final/netty-transport-native-unix-common-4.1.77.Final.jar:/home/gavinboor/.local/share/multimc/libraries/io/netty/netty-transport-classes-epoll/4.1.77.Final/netty-transport-classes-epoll-4.1.77.Final.jar:/home/gavinboor/.local/share/multimc/libraries/io/netty/netty-transport-native-epoll/4.1.77.Final/netty-transport-native-epoll-4.1.77.Final-linux-x86_64.jar:/home/gavinboor/.local/share/multimc/libraries/com/google/guava/failureaccess/1.0.1/failureaccess-1.0.1.jar:/home/gavinboor/.local/share/multimc/libraries/com/google/guava/guava/31.0.1-jre/guava-31.0.1-jre.jar:/home/gavinboor/.local/share/multimc/libraries/org/apache/commons/commons-lang3/3.12.0/commons-lang3-3.12.0.jar:/home/gavinboor/.local/share/multimc/libraries/commons-io/commons-io/2.11.0/commons-io-2.11.0.jar:/home/gavinboor/.local/share/multimc/libraries/commons-codec/commons-codec/1.15/commons-codec-1.15.jar:/home/gavinboor/.local/share/multimc/libraries/com/mojang/brigadier/1.0.18/brigadier-1.0.18.jar:/home/gavinboor/.local/share/multimc/libraries/com/mojang/datafixerupper/5.0.28/datafixerupper-5.0.28.jar:/home/gavinboor/.local/share/multimc/libraries/com/google/code/gson/gson/2.8.9/gson-2.8.9.jar:/home/gavinboor/.local/share/multimc/libraries/com/mojang/authlib/3.11.49/authlib-3.11.49.jar:/home/gavinboor/.local/share/multimc/libraries/org/apache/commons/commons-compress/1.21/commons-compress-1.21.jar:/home/gavinboor/.local/share/multimc/libraries/org/apache/httpcomponents/httpclient/4.5.13/httpclient-4.5.13.jar:/home/gavinboor/.local/share/multimc/libraries/commons-logging/commons-logging/1.2/commons-logging-1.2.jar:/home/gavinboor/.local/share/multimc/libraries/org/apache/httpcomponents/httpcore/4.4.14/httpcore-4.4.14.jar:/home/gavinboor/.local/share/multimc/libraries/it/unimi/dsi/fastutil/8.5.6/fastutil-8.5.6.jar:/home/gavinboor/.local/share/multimc/libraries/org/apache/logging/log4j/log4j-api/2.16.0/log4j-api-2.16.0.jar:/home/gavinboor/.local/share/multimc/libraries/org/apache/logging/log4j/log4j-core/2.16.0/log4j-core-2.16.0.jar:/home/gavinboor/.local/share/multimc/libraries/com/mojang/text2speech/1.13.9/text2speech-1.13.9.jar:/home/gavinboor/.local/share/multimc/libraries/net/fabricmc/intermediary/1.19.2/intermediary-1.19.2.jar:/home/gavinboor/.local/share/multimc/libraries/net/fabricmc/tiny-mappings-parser/0.3.0+build.17/tiny-mappings-parser-0.3.0+build.17.jar:/home/gavinboor/.local/share/multimc/libraries/net/fabricmc/sponge-mixin/0.11.4+mixin.0.8.5/sponge-mixin-0.11.4+mixin.0.8.5.jar:/home/gavinboor/.local/share/multimc/libraries/net/fabricmc/tiny-remapper/0.8.2/tiny-remapper-0.8.2.jar:/home/gavinboor/.local/share/multimc/libraries/net/fabricmc/access-widener/2.1.0/access-widener-2.1.0.jar:/home/gavinboor/.local/share/multimc/libraries/org/ow2/asm/asm/9.3/asm-9.3.jar:/home/gavinboor/.local/share/multimc/libraries/org/ow2/asm/asm-analysis/9.3/asm-analysis-9.3.jar:/home/gavinboor/.local/share/multimc/libraries/org/ow2/asm/asm-commons/9.3/asm-commons-9.3.jar:/home/gavinboor/.local/share/multimc/libraries/org/ow2/asm/asm-tree/9.3/asm-tree-9.3.jar:/home/gavinboor/.local/share/multimc/libraries/org/ow2/asm/asm-util/9.3/asm-util-9.3.jar:/home/gavinboor/.local/share/multimc/libraries/net/fabricmc/fabric-loader/0.14.9/fabric-loader-0.14.9.jar:/home/gavinboor/.local/share/multimc/libraries/com/mojang/minecraft/1.19.2/minecraft-1.19.2-client.jar)
	at com.sun.jna.NativeLibrary.loadLibrary(NativeLibrary.java:301) ~[jna-5.10.0.jar:?]
	at com.sun.jna.NativeLibrary.getInstance(NativeLibrary.java:461) ~[jna-5.10.0.jar:?]
	at com.sun.jna.NativeLibrary.getInstance(NativeLibrary.java:403) ~[jna-5.10.0.jar:?]
	at com.mojang.text2speech.NarratorLinux.<clinit>(NarratorLinux.java:18) [text2speech-1.13.9.jar:?]
	at com.mojang.text2speech.Narrator.getNarrator(Narrator.java:21) [text2speech-1.13.9.jar:?]
	at net.minecraft.class_333.<init>(class_333.java:19) [client-intermediary.jar:?]
	at net.minecraft.class_310.<init>(class_310.java:637) [client-intermediary.jar:?]
	at net.minecraft.client.main.Main.method_44604(Main.java:205) [client-intermediary.jar:?]
	at net.minecraft.client.main.Main.main(Main.java:51) [client-intermediary.jar:?]
	at net.fabricmc.loader.impl.game.minecraft.MinecraftGameProvider.launch(MinecraftGameProvider.java:461) [fabric-loader-0.14.9.jar:?]
	at net.fabricmc.loader.impl.launch.knot.Knot.launch(Knot.java:74) [fabric-loader-0.14.9.jar:?]
	at net.fabricmc.loader.impl.launch.knot.KnotClient.main(KnotClient.java:23) [fabric-loader-0.14.9.jar:?]
	at jdk.internal.reflect.NativeMethodAccessorImpl.invoke0(Native Method) ~[?:?]
	at jdk.internal.reflect.NativeMethodAccessorImpl.invoke(NativeMethodAccessorImpl.java:77) ~[?:?]
	at jdk.internal.reflect.DelegatingMethodAccessorImpl.invoke(DelegatingMethodAccessorImpl.java:43) ~[?:?]
	at java.lang.reflect.Method.invoke(Method.java:568) ~[?:?]
	at org.multimc.onesix.OneSixLauncher.launchWithMainClass(OneSixLauncher.java:210) [NewLaunch.jar:?]
	at org.multimc.onesix.OneSixLauncher.launch(OneSixLauncher.java:245) [NewLaunch.jar:?]
	at org.multimc.EntryPoint.listen(EntryPoint.java:143) [NewLaunch.jar:?]
	at org.multimc.EntryPoint.main(EntryPoint.java:34) [NewLaunch.jar:?]
	Suppressed: java.lang.UnsatisfiedLinkError: libfliteWrapper.so: cannot open shared object file: No such file or directory
		at com.sun.jna.Native.open(Native Method) ~[jna-5.10.0.jar:?]
		at com.sun.jna.NativeLibrary.loadLibrary(NativeLibrary.java:191) ~[jna-5.10.0.jar:?]
		at com.sun.jna.NativeLibrary.getInstance(NativeLibrary.java:461) ~[jna-5.10.0.jar:?]
		at com.sun.jna.NativeLibrary.getInstance(NativeLibrary.java:403) ~[jna-5.10.0.jar:?]
		at com.mojang.text2speech.NarratorLinux.<clinit>(NarratorLinux.java:18) [text2speech-1.13.9.jar:?]
		at com.mojang.text2speech.Narrator.getNarrator(Narrator.java:21) [text2speech-1.13.9.jar:?]
		at net.minecraft.class_333.<init>(class_333.java:19) [client-intermediary.jar:?]
		at net.minecraft.class_310.<init>(class_310.java:637) [client-intermediary.jar:?]
		at net.minecraft.client.main.Main.method_44604(Main.java:205) [client-intermediary.jar:?]
		at net.minecraft.client.main.Main.main(Main.java:51) [client-intermediary.jar:?]
		at net.fabricmc.loader.impl.game.minecraft.MinecraftGameProvider.launch(MinecraftGameProvider.java:461) [fabric-loader-0.14.9.jar:?]
		at net.fabricmc.loader.impl.launch.knot.Knot.launch(Knot.java:74) [fabric-loader-0.14.9.jar:?]
		at net.fabricmc.loader.impl.launch.knot.KnotClient.main(KnotClient.java:23) [fabric-loader-0.14.9.jar:?]
		at jdk.internal.reflect.NativeMethodAccessorImpl.invoke0(Native Method) ~[?:?]
		at jdk.internal.reflect.NativeMethodAccessorImpl.invoke(NativeMethodAccessorImpl.java:77) ~[?:?]
		at jdk.internal.reflect.DelegatingMethodAccessorImpl.invoke(DelegatingMethodAccessorImpl.java:43) ~[?:?]
		at java.lang.reflect.Method.invoke(Method.java:568) ~[?:?]
		at org.multimc.onesix.OneSixLauncher.launchWithMainClass(OneSixLauncher.java:210) [NewLaunch.jar:?]
		at org.multimc.onesix.OneSixLauncher.launch(OneSixLauncher.java:245) [NewLaunch.jar:?]
		at org.multimc.EntryPoint.listen(EntryPoint.java:143) [NewLaunch.jar:?]
		at org.multimc.EntryPoint.main(EntryPoint.java:34) [NewLaunch.jar:?]
	Suppressed: java.lang.UnsatisfiedLinkError: libfliteWrapper.so: cannot open shared object file: No such file or directory
		at com.sun.jna.Native.open(Native Method) ~[jna-5.10.0.jar:?]
		at com.sun.jna.NativeLibrary.loadLibrary(NativeLibrary.java:204) ~[jna-5.10.0.jar:?]
		at com.sun.jna.NativeLibrary.getInstance(NativeLibrary.java:461) ~[jna-5.10.0.jar:?]
		at com.sun.jna.NativeLibrary.getInstance(NativeLibrary.java:403) ~[jna-5.10.0.jar:?]
		at com.mojang.text2speech.NarratorLinux.<clinit>(NarratorLinux.java:18) [text2speech-1.13.9.jar:?]
		at com.mojang.text2speech.Narrator.getNarrator(Narrator.java:21) [text2speech-1.13.9.jar:?]
		at net.minecraft.class_333.<init>(class_333.java:19) [client-intermediary.jar:?]
		at net.minecraft.class_310.<init>(class_310.java:637) [client-intermediary.jar:?]
		at net.minecraft.client.main.Main.method_44604(Main.java:205) [client-intermediary.jar:?]
		at net.minecraft.client.main.Main.main(Main.java:51) [client-intermediary.jar:?]
		at net.fabricmc.loader.impl.game.minecraft.MinecraftGameProvider.launch(MinecraftGameProvider.java:461) [fabric-loader-0.14.9.jar:?]
		at net.fabricmc.loader.impl.launch.knot.Knot.launch(Knot.java:74) [fabric-loader-0.14.9.jar:?]
		at net.fabricmc.loader.impl.launch.knot.KnotClient.main(KnotClient.java:23) [fabric-loader-0.14.9.jar:?]
		at jdk.internal.reflect.NativeMethodAccessorImpl.invoke0(Native Method) ~[?:?]
		at jdk.internal.reflect.NativeMethodAccessorImpl.invoke(NativeMethodAccessorImpl.java:77) ~[?:?]
		at jdk.internal.reflect.DelegatingMethodAccessorImpl.invoke(DelegatingMethodAccessorImpl.java:43) ~[?:?]
		at java.lang.reflect.Method.invoke(Method.java:568) ~[?:?]
		at org.multimc.onesix.OneSixLauncher.launchWithMainClass(OneSixLauncher.java:210) [NewLaunch.jar:?]
		at org.multimc.onesix.OneSixLauncher.launch(OneSixLauncher.java:245) [NewLaunch.jar:?]
		at org.multimc.EntryPoint.listen(EntryPoint.java:143) [NewLaunch.jar:?]
		at org.multimc.EntryPoint.main(EntryPoint.java:34) [NewLaunch.jar:?]
	Suppressed: java.io.IOException: Native library (linux-x86-64/libfliteWrapper.so) not found in resource path (/home/gavinboor/.local/share/multimc/bin/jars/NewLaunch.jar:/home/gavinboor/.local/share/multimc/libraries/org/lwjgl/lwjgl-glfw/3.3.1/lwjgl-glfw-3.3.1.jar:/home/gavinboor/.local/share/multimc/libraries/org/lwjgl/lwjgl-jemalloc/3.3.1/lwjgl-jemalloc-3.3.1.jar:/home/gavinboor/.local/share/multimc/libraries/org/lwjgl/lwjgl-openal/3.3.1/lwjgl-openal-3.3.1.jar:/home/gavinboor/.local/share/multimc/libraries/org/lwjgl/lwjgl-opengl/3.3.1/lwjgl-opengl-3.3.1.jar:/home/gavinboor/.local/share/multimc/libraries/org/lwjgl/lwjgl-stb/3.3.1/lwjgl-stb-3.3.1.jar:/home/gavinboor/.local/share/multimc/libraries/org/lwjgl/lwjgl-tinyfd/3.3.1/lwjgl-tinyfd-3.3.1.jar:/home/gavinboor/.local/share/multimc/libraries/org/lwjgl/lwjgl/3.3.1/lwjgl-3.3.1.jar:/home/gavinboor/.local/share/multimc/libraries/com/mojang/logging/1.0.0/logging-1.0.0.jar:/home/gavinboor/.local/share/multimc/libraries/com/mojang/blocklist/1.0.10/blocklist-1.0.10.jar:/home/gavinboor/.local/share/multimc/libraries/com/mojang/patchy/2.2.10/patchy-2.2.10.jar:/home/gavinboor/.local/share/multimc/libraries/com/github/oshi/oshi-core/5.8.5/oshi-core-5.8.5.jar:/home/gavinboor/.local/share/multimc/libraries/net/java/dev/jna/jna/5.10.0/jna-5.10.0.jar:/home/gavinboor/.local/share/multimc/libraries/net/java/dev/jna/jna-platform/5.10.0/jna-platform-5.10.0.jar:/home/gavinboor/.local/share/multimc/libraries/org/slf4j/slf4j-api/1.8.0-beta4/slf4j-api-1.8.0-beta4.jar:/home/gavinboor/.local/share/multimc/libraries/org/apache/logging/log4j/log4j-slf4j18-impl/2.16.0/log4j-slf4j18-impl-2.16.0.jar:/home/gavinboor/.local/share/multimc/libraries/com/ibm/icu/icu4j/70.1/icu4j-70.1.jar:/home/gavinboor/.local/share/multimc/libraries/com/mojang/javabridge/1.2.24/javabridge-1.2.24.jar:/home/gavinboor/.local/share/multimc/libraries/net/sf/jopt-simple/jopt-simple/5.0.4/jopt-simple-5.0.4.jar:/home/gavinboor/.local/share/multimc/libraries/io/netty/netty-common/4.1.77.Final/netty-common-4.1.77.Final.jar:/home/gavinboor/.local/share/multimc/libraries/io/netty/netty-buffer/4.1.77.Final/netty-buffer-4.1.77.Final.jar:/home/gavinboor/.local/share/multimc/libraries/io/netty/netty-codec/4.1.77.Final/netty-codec-4.1.77.Final.jar:/home/gavinboor/.local/share/multimc/libraries/io/netty/netty-handler/4.1.77.Final/netty-handler-4.1.77.Final.jar:/home/gavinboor/.local/share/multimc/libraries/io/netty/netty-resolver/4.1.77.Final/netty-resolver-4.1.77.Final.jar:/home/gavinboor/.local/share/multimc/libraries/io/netty/netty-transport/4.1.77.Final/netty-transport-4.1.77.Final.jar:/home/gavinboor/.local/share/multimc/libraries/io/netty/netty-transport-native-unix-common/4.1.77.Final/netty-transport-native-unix-common-4.1.77.Final.jar:/home/gavinboor/.local/share/multimc/libraries/io/netty/netty-transport-classes-epoll/4.1.77.Final/netty-transport-classes-epoll-4.1.77.Final.jar:/home/gavinboor/.local/share/multimc/libraries/io/netty/netty-transport-native-epoll/4.1.77.Final/netty-transport-native-epoll-4.1.77.Final-linux-x86_64.jar:/home/gavinboor/.local/share/multimc/libraries/com/google/guava/failureaccess/1.0.1/failureaccess-1.0.1.jar:/home/gavinboor/.local/share/multimc/libraries/com/google/guava/guava/31.0.1-jre/guava-31.0.1-jre.jar:/home/gavinboor/.local/share/multimc/libraries/org/apache/commons/commons-lang3/3.12.0/commons-lang3-3.12.0.jar:/home/gavinboor/.local/share/multimc/libraries/commons-io/commons-io/2.11.0/commons-io-2.11.0.jar:/home/gavinboor/.local/share/multimc/libraries/commons-codec/commons-codec/1.15/commons-codec-1.15.jar:/home/gavinboor/.local/share/multimc/libraries/com/mojang/brigadier/1.0.18/brigadier-1.0.18.jar:/home/gavinboor/.local/share/multimc/libraries/com/mojang/datafixerupper/5.0.28/datafixerupper-5.0.28.jar:/home/gavinboor/.local/share/multimc/libraries/com/google/code/gson/gson/2.8.9/gson-2.8.9.jar:/home/gavinboor/.local/share/multimc/libraries/com/mojang/authlib/3.11.49/authlib-3.11.49.jar:/home/gavinboor/.local/share/multimc/libraries/org/apache/commons/commons-compress/1.21/commons-compress-1.21.jar:/home/gavinboor/.local/share/multimc/libraries/org/apache/httpcomponents/httpclient/4.5.13/httpclient-4.5.13.jar:/home/gavinboor/.local/share/multimc/libraries/commons-logging/commons-logging/1.2/commons-logging-1.2.jar:/home/gavinboor/.local/share/multimc/libraries/org/apache/httpcomponents/httpcore/4.4.14/httpcore-4.4.14.jar:/home/gavinboor/.local/share/multimc/libraries/it/unimi/dsi/fastutil/8.5.6/fastutil-8.5.6.jar:/home/gavinboor/.local/share/multimc/libraries/org/apache/logging/log4j/log4j-api/2.16.0/log4j-api-2.16.0.jar:/home/gavinboor/.local/share/multimc/libraries/org/apache/logging/log4j/log4j-core/2.16.0/log4j-core-2.16.0.jar:/home/gavinboor/.local/share/multimc/libraries/com/mojang/text2speech/1.13.9/text2speech-1.13.9.jar:/home/gavinboor/.local/share/multimc/libraries/net/fabricmc/intermediary/1.19.2/intermediary-1.19.2.jar:/home/gavinboor/.local/share/multimc/libraries/net/fabricmc/tiny-mappings-parser/0.3.0+build.17/tiny-mappings-parser-0.3.0+build.17.jar:/home/gavinboor/.local/share/multimc/libraries/net/fabricmc/sponge-mixin/0.11.4+mixin.0.8.5/sponge-mixin-0.11.4+mixin.0.8.5.jar:/home/gavinboor/.local/share/multimc/libraries/net/fabricmc/tiny-remapper/0.8.2/tiny-remapper-0.8.2.jar:/home/gavinboor/.local/share/multimc/libraries/net/fabricmc/access-widener/2.1.0/access-widener-2.1.0.jar:/home/gavinboor/.local/share/multimc/libraries/org/ow2/asm/asm/9.3/asm-9.3.jar:/home/gavinboor/.local/share/multimc/libraries/org/ow2/asm/asm-analysis/9.3/asm-analysis-9.3.jar:/home/gavinboor/.local/share/multimc/libraries/org/ow2/asm/asm-commons/9.3/asm-commons-9.3.jar:/home/gavinboor/.local/share/multimc/libraries/org/ow2/asm/asm-tree/9.3/asm-tree-9.3.jar:/home/gavinboor/.local/share/multimc/libraries/org/ow2/asm/asm-util/9.3/asm-util-9.3.jar:/home/gavinboor/.local/share/multimc/libraries/net/fabricmc/fabric-loader/0.14.9/fabric-loader-0.14.9.jar:/home/gavinboor/.local/share/multimc/libraries/com/mojang/minecraft/1.19.2/minecraft-1.19.2-client.jar)
		at com.sun.jna.Native.extractFromResourcePath(Native.java:1145) ~[jna-5.10.0.jar:?]
		at com.sun.jna.NativeLibrary.loadLibrary(NativeLibrary.java:275) ~[jna-5.10.0.jar:?]
		at com.sun.jna.NativeLibrary.getInstance(NativeLibrary.java:461) ~[jna-5.10.0.jar:?]
		at com.sun.jna.NativeLibrary.getInstance(NativeLibrary.java:403) ~[jna-5.10.0.jar:?]
		at com.mojang.text2speech.NarratorLinux.<clinit>(NarratorLinux.java:18) [text2speech-1.13.9.jar:?]
		at com.mojang.text2speech.Narrator.getNarrator(Narrator.java:21) [text2speech-1.13.9.jar:?]
		at net.minecraft.class_333.<init>(class_333.java:19) [client-intermediary.jar:?]
		at net.minecraft.class_310.<init>(class_310.java:637) [client-intermediary.jar:?]
		at net.minecraft.client.main.Main.method_44604(Main.java:205) [client-intermediary.jar:?]
		at net.minecraft.client.main.Main.main(Main.java:51) [client-intermediary.jar:?]
		at net.fabricmc.loader.impl.game.minecraft.MinecraftGameProvider.launch(MinecraftGameProvider.java:461) [fabric-loader-0.14.9.jar:?]
		at net.fabricmc.loader.impl.launch.knot.Knot.launch(Knot.java:74) [fabric-loader-0.14.9.jar:?]
		at net.fabricmc.loader.impl.launch.knot.KnotClient.main(KnotClient.java:23) [fabric-loader-0.14.9.jar:?]
		at jdk.internal.reflect.NativeMethodAccessorImpl.invoke0(Native Method) ~[?:?]
		at jdk.internal.reflect.NativeMethodAccessorImpl.invoke(NativeMethodAccessorImpl.java:77) ~[?:?]
		at jdk.internal.reflect.DelegatingMethodAccessorImpl.invoke(DelegatingMethodAccessorImpl.java:43) ~[?:?]
		at java.lang.reflect.Method.invoke(Method.java:568) ~[?:?]
		at org.multimc.onesix.OneSixLauncher.launchWithMainClass(OneSixLauncher.java:210) [NewLaunch.jar:?]
		at org.multimc.onesix.OneSixLauncher.launch(OneSixLauncher.java:245) [NewLaunch.jar:?]
		at org.multimc.EntryPoint.listen(EntryPoint.java:143) [NewLaunch.jar:?]
		at org.multimc.EntryPoint.main(EntryPoint.java:34) [NewLaunch.jar:?]
[20:11:23] [Render thread/INFO]: Reloading ResourceManager: Default, Fabric Mods (Fabric API, Fabric API Base, Fabric API Lookup API (v1), Fabric Biome API (v1), Fabric BlockRenderLayer Registration (v1), Fabric Client Tags, Fabric Command API (v1), Fabric Command API (v2), Fabric Commands (v0), Fabric Containers (v0), Fabric Content Registries (v0), Fabric Convention Tags, Fabric Crash Report Info (v1), Fabric Data Generation API (v1), Fabric Dimensions API (v1), Fabric Entity Events (v1), Fabric Events Interaction (v0), Fabric Events Lifecycle (v0), Fabric Game Rule API (v1), Fabric Item API (v1), Fabric Item Groups (v0), Fabric Key Binding API (v1), Fabric Key Bindings (v0), Fabric Lifecycle Events (v1), Fabric Loot API (v2), Fabric Loot Tables (v1), Fabric Message API (v1), Fabric Mining Level API (v1), Fabric Models (v0), Fabric Networking API (v1), Fabric Networking (v0), Fabric Object Builder API (v1), Fabric Particles (v1), Fabric Registry Sync (v0), Fabric Renderer API (v1), Fabric Renderer - Indigo, Fabric Renderer Registries (v1), Fabric Rendering Data Attachment (v1), Fabric Rendering Fluids (v1), Fabric Rendering (v0), Fabric Rendering (v1), Fabric Resource Conditions API (v1), Fabric Resource Loader (v0), Fabric Screen API (v1), Fabric Screen Handler API (v1), Fabric Textures (v0), Fabric Transfer API (v1), Fabric Transitive Access Wideners (v1), Fabric Loader, Wurst Client, Xaero's Minimap, Xaero's World Map)
[20:11:25] [Render thread/INFO]: Loading Xaero's Minimap - Stage 2/2
[20:11:27] [Render thread/INFO]: Xaero's Minimap: World Map found!
[20:11:27] [Render thread/INFO]: No Optifine!
[20:11:27] [Render thread/INFO]: Xaero's Minimap: No Vivecraft!
[20:11:27] [Render thread/INFO]: Loading Xaero's World Map - Stage 2/2
[20:11:27] [Render thread/INFO]: New world map region cache hash code: 687554333
[20:11:27] [Render thread/INFO]: Xaero's WorldMap Mod: Xaero's minimap found!
[20:11:27] [Render thread/INFO]: No Optifine!
[20:11:27] [Render thread/INFO]: Xaero's World Map: No Vivecraft!
[20:11:31] [Render thread/WARN]: Missing sound for event: minecraft:item.goat_horn.play
[20:11:31] [Render thread/WARN]: Missing sound for event: minecraft:entity.goat.screaming.horn_break
[20:11:31] [Render thread/INFO]: OpenAL initialized on device VirtIO SoundCard
[20:11:31] [Render thread/INFO]: Sound engine started
[20:11:32] [Render thread/INFO]: Created: 1024x1024x0 minecraft:textures/atlas/blocks.png-atlas
[20:11:32] [Render thread/INFO]: Created: 256x128x0 minecraft:textures/atlas/signs.png-atlas
[20:11:32] [Render thread/INFO]: Created: 1024x512x0 minecraft:textures/atlas/banner_patterns.png-atlas
[20:11:32] [Render thread/INFO]: Created: 1024x512x0 minecraft:textures/atlas/shield_patterns.png-atlas
[20:11:32] [Render thread/INFO]: Created: 256x256x0 minecraft:textures/atlas/chest.png-atlas
[20:11:32] [Render thread/INFO]: Created: 512x256x0 minecraft:textures/atlas/beds.png-atlas
[20:11:32] [Render thread/INFO]: Created: 512x256x0 minecraft:textures/atlas/shulker_boxes.png-atlas
[20:11:36] [Render thread/WARN]: Shader rendertype_entity_translucent_emissive could not find sampler named Sampler2 in the specified shader program.
[20:11:37] [Render thread/INFO]: Created: 512x256x0 minecraft:textures/atlas/particles.png-atlas
[20:11:37] [Render thread/INFO]: Created: 256x256x0 minecraft:textures/atlas/paintings.png-atlas
[20:11:37] [Render thread/INFO]: Created: 256x128x0 minecraft:textures/atlas/mob_effects.png-atlas
[20:11:37] [Render thread/INFO]: Successfully reloaded the minimap shaders!
[20:11:37] [Render thread/INFO]: Successfully reloaded the world map shaders!
[20:11:53] [Worker-Bootstrap-5/INFO]: 4283 Datafixer optimizations took 50208 milliseconds
[20:12:08] [Render thread/INFO]: Connecting to play.survivewith.us, 25565
[20:12:16] [Render thread/INFO]: New minimap session initialized!
[20:12:16] [Render thread/INFO]: New world map session initialized!
[20:12:16] [Render thread/INFO]: [STDOUT]: Baritone world data dir: /home/gavinboor/.local/share/multimc/instances/Baritone - Wurst/.minecraft/baritone/play.survivewith.us/minecraft/overworld_384
[20:12:16] [Render thread/INFO]: [STDOUT]: Cached world directory: /home/gavinboor/.local/share/multimc/instances/Baritone - Wurst/.minecraft/baritone/play.survivewith.us/minecraft/overworld_384/cache
[20:12:16] [Render thread/INFO]: [STDOUT]: Would save waypoints to /home/gavinboor/.local/share/multimc/instances/Baritone - Wurst/.minecraft/baritone/play.survivewith.us/minecraft/overworld_384/waypoints
[20:12:16] [Render thread/INFO]: [STDOUT]: Telemetry sending attempt blocked.
[20:12:16] [Render thread/INFO]: [STDOUT]: Telemetry sending attempt blocked.
[20:12:16] [Render thread/WARN]: Not all defined tags for registry ResourceKey[minecraft:root / minecraft:block] are present in data pack: minecraft:ancient_city_replaceable, minecraft:mangrove_logs_can_grow_through, minecraft:mangrove_roots_can_grow_through, minecraft:nether_carver_replaceables, minecraft:overworld_carver_replaceables
[20:12:17] [Render thread/INFO]: [System] [CHAT] 
[20:12:17] [Render thread/INFO]: [System] [CHAT] 
[20:12:17] [Render thread/INFO]: [System] [CHAT] Welcome back to SurviveWithUs YELLOW, CodeOverload!
[20:12:17] [Render thread/INFO]: [System] [CHAT] 
[20:12:17] [Render thread/INFO]: [System] [CHAT] §bYou're currently receiving an §6§lXP§b or §6§lMoney Boost!§b Click §bhere §bto §bview §byour §6§l/boosts!
[20:12:17] [Render thread/INFO]: [System] [CHAT] 
[20:12:17] [Render thread/INFO]: Loaded 848 advancements
[20:12:17] [pool-2-thread-1/INFO]: [STDOUT]: Loading region -3,14 from disk /home/gavinboor/.local/share/multimc/instances/Baritone - Wurst/.minecraft/baritone/play.survivewith.us/minecraft/overworld_384/cache
[20:12:17] [Render thread/INFO]: Reloading entity icon resources...
[20:12:17] [Render thread/INFO]: Done!
[20:12:17] [Render thread/INFO]: [STDOUT]: Brightness started at 0.5
[20:12:17] [pool-2-thread-1/INFO]: [STDOUT]: Loaded region successfully in 309ms
[20:12:19] [pool-2-thread-1/INFO]: [STDOUT]: Loading region -4,14 from disk /home/gavinboor/.local/share/multimc/instances/Baritone - Wurst/.minecraft/baritone/play.survivewith.us/minecraft/overworld_384/cache
[20:12:19] [pool-2-thread-1/INFO]: [STDOUT]: Loaded region successfully in 122ms
[20:12:20] [Render thread/INFO]: [System] [CHAT] §9Foxyfinds§e wants to make it daytime, click here if you do too!
[20:12:20] [Render thread/INFO]: [System] [CHAT] Voting ends in 60 seconds!
[20:12:21] [Render thread/INFO]: [System] [CHAT] [MVP] Foxyfinds> wb.
[20:12:26] [Render thread/INFO]: [System] [CHAT] [Binary] CodeOverload> ty
[20:12:29] [Render thread/INFO]: [System] [CHAT] [MVP] Foxyfinds> Yw.
[20:12:34] [WurstUpdater/INFO]: [STDOUT]: [Updater] Current version: 7.28
[20:12:34] [WurstUpdater/INFO]: [STDOUT]: [Updater] Latest version: 7.28
[20:12:38] [Render thread/INFO]: [System] [CHAT] [-] Twister03
[20:12:46] [Render thread/INFO]: [System] [CHAT] Remember to /vote to get your next /rank and unlock epic rewards!
[20:12:46] [pool-2-thread-2/INFO]: [STDOUT]: Saving region -4,14 to disk /home/gavinboor/.local/share/multimc/instances/Baritone - Wurst/.minecraft/baritone/play.survivewith.us/minecraft/overworld_384/cache
[20:12:46] [ForkJoinPool.commonPool-worker-1/INFO]: [STDOUT]: Saving region -3,14 to disk /home/gavinboor/.local/share/multimc/instances/Baritone - Wurst/.minecraft/baritone/play.survivewith.us/minecraft/overworld_384/cache
[20:12:46] [pool-2-thread-2/INFO]: [STDOUT]: Saved region successfully
[20:12:47] [ForkJoinPool.commonPool-worker-1/INFO]: [STDOUT]: Saved region successfully
[20:12:47] [pool-2-thread-2/INFO]: [STDOUT]: World save took 519ms
[20:13:18] [Render thread/INFO]: [System] [CHAT] Daytime voting has ended! 2 players voted. Not enough! You can try to /voteday again in 10 minutes.
[20:13:43] [Render thread/INFO]: [System] [CHAT] thewitherking1 has voted for the server and made progress towards the [Forager] rank and has received a /crate key, you can vote too with /vote!
[20:14:58] [Render thread/INFO]: [System] [CHAT] You've all voted for the server a total of 100 times today, here's some bonus keys!
[20:14:58] [Render thread/INFO]: [System] [CHAT] You have received 1 SurvivorKey keys!
[20:14:58] [Render thread/INFO]: [System] [CHAT] You have received 1 MobSpawnerPack keys!
[20:14:58] [Render thread/INFO]: [System] [CHAT] You have received 2 DailyKey keys!
[20:16:46] [Render thread/INFO]: [System] [CHAT] [-] [Cartographer] Morzone
[20:17:25] [Render thread/INFO]: [System] [CHAT] [MVP] Foxyfinds> Hi.
[20:18:59] [Render thread/INFO]: [System] [CHAT] [Binary] CodeOverload> hi inky
[20:19:05] [Render thread/INFO]: [System] [CHAT] [❤LOTSOF] INKY> I remeber know why I took a break from my storage room
[20:19:06] [Render thread/INFO]: [System] [CHAT] [❤LOTSOF] INKY> Yes?
[20:19:14] [Render thread/INFO]: [System] [CHAT] [Binary] CodeOverload> im just saying hi lol
[20:19:23] [Render thread/INFO]: [System] [CHAT] [❤LOTSOF] INKY> Hi
[20:19:36] [Render thread/INFO]: [System] [CHAT] [Binary] CodeOverload> how was ur day
[20:19:40] [Render thread/INFO]: [System] [CHAT] [❤LOTSOF] INKY> I read soemthing else reading my typos and chcat
[20:19:45] [Render thread/INFO]: [System] [CHAT] [Binary] CodeOverload> (assuming its at least afternoon)
[20:19:54] [Render thread/INFO]: [System] [CHAT] [Binary] CodeOverload> oh
[20:19:59] [Render thread/INFO]: [System] [CHAT] [❤LOTSOF] INKY> It is like 8 pm?
[20:20:05] [Render thread/INFO]: [System] [CHAT] [Binary] CodeOverload> for me anyway
[20:20:21] [Render thread/INFO]: [System] [CHAT] [MVP] Foxyfinds> For me its 8:21 pm.
[20:20:24] [Render thread/INFO]: [System] [CHAT] [Binary] CodeOverload> same
[20:20:25] [Render thread/INFO]: [System] [CHAT] [❤LOTSOF] INKY> Ditto
[20:20:31] [Render thread/INFO]: [System] [CHAT] [Binary] CodeOverload> timezone besties XD
[20:20:50] [Render thread/INFO]: [System] [CHAT] [Binary] CodeOverload> brb
[20:20:54] [Render thread/INFO]: [System] [CHAT] [❤LOTSOF] INKY> I got my elevator fixed
[20:21:01] [Render thread/INFO]: [System] [CHAT] [MVP] Foxyfinds> Nice!
[20:21:27] [Render thread/INFO]: [System] [CHAT] [❤LOTSOF] INKY> It is a pain but it is a legit elevator so it is worth it
[20:21:44] [Render thread/INFO]: [System] [CHAT] [MVP] Foxyfinds> Yeah.
[20:22:12] [Render thread/INFO]: [System] [CHAT] sstrok15 has gone AFK!
[20:22:47] [pool-2-thread-2/INFO]: [STDOUT]: Saving region -3,14 to disk /home/gavinboor/.local/share/multimc/instances/Baritone - Wurst/.minecraft/baritone/play.survivewith.us/minecraft/overworld_384/cache
[20:22:47] [pool-2-thread-2/INFO]: [STDOUT]: Saved region successfully
[20:22:47] [pool-2-thread-2/INFO]: [STDOUT]: World save took 205ms
[20:22:58] [Render thread/INFO]: [System] [CHAT] [+] [Custom+] Morzone
[20:23:01] [Render thread/INFO]: [System] [CHAT] [MVP] Foxyfinds> WB!
[20:23:07] [Render thread/INFO]: [System] [CHAT] [Cartographer] Morzone> ok I give up on optifine
[20:23:17] [Render thread/INFO]: [System] [CHAT] [MVP] Foxyfinds> Hi morzone.
[20:23:22] [Render thread/INFO]: [System] [CHAT] [Cartographer] Morzone> heya foxy
[20:23:28] [Render thread/INFO]: [System] [CHAT] thewitherking1 has made the advancement [Ice Bucket Challenge]
[20:23:39] [Render thread/INFO]: [System] [CHAT] [❤LOTSOF] INKY> This is only the second time it broke though. The first time was someone with a fun bow
[20:23:46] [Render thread/INFO]: [System] [CHAT] [Binary] CodeOverload> back
[20:23:50] [Render thread/INFO]: [System] [CHAT] [MVP] Foxyfinds> Wb.
[20:23:52] [Render thread/INFO]: [System] [CHAT] [Cartographer] Morzone> you breaking thigns inky?
[20:23:54] [Render thread/INFO]: [System] [CHAT] [❤LOTSOF] INKY> wb
[20:23:57] [Render thread/INFO]: [System] [CHAT] [Binary] CodeOverload> thanks
[20:24:06] [Render thread/INFO]: [System] [CHAT] [MVP] Foxyfinds> How did it break this time.
[20:24:07] [Render thread/INFO]: [System] [CHAT] [Binary] CodeOverload> how did it break?
[20:24:10] [Render thread/INFO]: [System] [CHAT] [❤LOTSOF] INKY> I tripped the waterlag and broke my elevator
[20:24:14] [Render thread/INFO]: [System] [CHAT] [Cartographer] Morzone> rip
[20:24:18] [Render thread/INFO]: [System] [CHAT] [MVP] Foxyfinds> Oh.
[20:24:22] [Render thread/INFO]: [System] [CHAT] [❤LOTSOF] INKY> It is fixed now
[20:24:26] [Render thread/INFO]: [System] [CHAT] [MVP] Foxyfinds> Good!
[20:24:58] [Render thread/INFO]: [System] [CHAT] [❤LOTSOF] INKY> The redstone to it is a bit weird.
[20:24:59] [Render thread/INFO]: [System] [CHAT] [+] [Custom+] Toaster
[20:25:00] [Render thread/INFO]: [System] [CHAT] [Cartographer] Morzone> WB
[20:25:02] [Render thread/INFO]: [System] [CHAT] [MVP] Foxyfinds> wb.
[20:25:03] [Render thread/INFO]: [System] [CHAT] [❤LOTSOF] INKY> wb
[20:25:05] [Render thread/INFO]: [System] [CHAT] [❤LessOf] Toaster> ty :D
[20:25:05] [Render thread/INFO]: [System] [CHAT] [❤LOTSOF] INKY> brb
[20:25:08] [Render thread/INFO]: [System] [CHAT] [❤LessOf] Toaster> ;-;
[20:25:22] [Render thread/INFO]: [System] [CHAT] [❤LOTSOF] INKY> Toast lift is fixed btw
[20:25:26] [Render thread/INFO]: [System] [CHAT] [❤LessOf] Toaster> yay :D
[20:27:04] [Render thread/INFO]: [System] [CHAT] [-] [MVP] Foxyfinds
[20:28:08] [Render thread/INFO]: [System] [CHAT] [+] [MVP] Foxyfinds
[20:28:10] [Render thread/INFO]: [System] [CHAT] [Cartographer] Morzone> wb
[20:28:13] [Render thread/INFO]: [System] [CHAT] [MVP] Foxyfinds> Thx.
[20:28:27] [Render thread/INFO]: [System] [CHAT] [MVP] Foxyfinds> Sorry my computer died but I'm back.
[20:29:32] [Render thread/INFO]: [System] [CHAT] [❤LOTSOF] INKY> Back
[20:29:34] [Render thread/INFO]: [System] [CHAT] [MVP] Foxyfinds> Wb.
[20:29:36] [Render thread/INFO]: [System] [CHAT] [Cartographer] Morzone> front
[20:29:47] [Render thread/INFO]: [System] [CHAT] [❤LOTSOF] INKY> Side to side
[20:29:55] [Render thread/INFO]: [System] [CHAT] [Cartographer] Morzone> cha cha real smooth
[20:30:10] [Render thread/INFO]: [System] [CHAT] [❤LOTSOF] INKY> I did :p
[20:31:14] [Render thread/INFO]: [System] [CHAT] To>> Toaster: i have good news
[20:31:17] [Render thread/INFO]: [System] [CHAT] Want to support the server, get /crate keys and your next /rank? Don't forget to /vote!
[20:31:29] [Render thread/INFO]: [System] [CHAT] [-] [MVP] Foxyfinds
[20:32:13] [Render thread/INFO]: [System] [CHAT] [+] Aye_Dream
[20:32:16] [Render thread/INFO]: [System] [CHAT] [Cartographer] Morzone> wb
[20:32:19] [Render thread/INFO]: [System] [CHAT] [❤LOTSOF] INKY> wb
[20:32:47] [pool-2-thread-2/INFO]: [STDOUT]: Saving region -3,14 to disk /home/gavinboor/.local/share/multimc/instances/Baritone - Wurst/.minecraft/baritone/play.survivewith.us/minecraft/overworld_384/cache
[20:32:47] [pool-2-thread-2/INFO]: [STDOUT]: Saved region successfully
[20:32:47] [pool-2-thread-2/INFO]: [STDOUT]: World save took 353ms
[20:33:24] [Render thread/INFO]: [System] [CHAT] To>> Toaster: if you want, we can be friends again, but there are some rules
[20:33:32] [Render thread/INFO]: [System] [CHAT] From>> Toaster: rules?
[20:33:45] [Render thread/INFO]: [System] [CHAT] To>> Toaster: limitations rather
[20:33:50] [Render thread/INFO]: [System] [CHAT] From>> Toaster: go ahead
[20:34:03] [Render thread/INFO]: [System] [CHAT] To>> Toaster: for example, no flirting (this should be obvious)
[20:35:01] [Render thread/INFO]: [System] [CHAT] To>> Toaster: um another would be nothing innapropriate in regards to each other
[20:35:08] [Render thread/INFO]: [System] [CHAT] From>> Toaster: yea, im past those
[20:35:18] [Render thread/INFO]: [System] [CHAT] To>> Toaster: okie then
[20:35:26] [Render thread/INFO]: [System] [CHAT] To>> Toaster: that's all i have
[20:35:37] [Render thread/INFO]: [System] [CHAT] [+] [Rich] HADES
[20:35:38] [Render thread/INFO]: [System] [CHAT] [Cartographer] Morzone> wb
[20:35:42] [Render thread/INFO]: [System] [CHAT] [Rich] HADES> ty
[20:35:43] [Render thread/INFO]: [System] [CHAT] [Rich] HADES> I joined using ChatCraft from my Android device! Download it for free!
[20:36:18] [Render thread/INFO]: [System] [CHAT] From>> Toaster: hm, friends is a broad term. i think we should just keep it as fellow players. nothing too deep
[20:38:08] [Render thread/INFO]: [System] [CHAT] [+] Aye_Nightmare
[20:38:10] [Render thread/INFO]: [System] [CHAT] [Cartographer] Morzone> wb
[20:38:24] [Render thread/INFO]: [System] [CHAT] [-] [Rich] HADES
[20:39:25] [Render thread/INFO]: [System] [CHAT] From>> Toaster: anything wrong?
[20:39:46] [Render thread/INFO]: [System] [CHAT] To>> Toaster: nah my mom keeps walking by
[20:39:55] [Render thread/INFO]: [System] [CHAT] To>> Toaster: i was gonna say as you wish
[20:40:23] [Render thread/INFO]: [System] [CHAT] From>> Toaster: alrighty
[20:42:47] [pool-2-thread-2/INFO]: [STDOUT]: Saving region -3,14 to disk /home/gavinboor/.local/share/multimc/instances/Baritone - Wurst/.minecraft/baritone/play.survivewith.us/minecraft/overworld_384/cache
[20:42:47] [pool-2-thread-2/INFO]: [STDOUT]: Saved region successfully
[20:42:47] [pool-2-thread-2/INFO]: [STDOUT]: World save took 207ms
[20:44:17] [Render thread/INFO]: [System] [CHAT] You have $544,273,946 and $442,328 in your shop.
[20:44:27] [Render thread/INFO]: [System] [CHAT] [Binary] CodeOverload> anyone here wanna build me an autosorter?
[20:44:36] [Render thread/INFO]: [System] [CHAT] [Binary] CodeOverload> i need one for mass amounts and fast sorting
[20:44:36] [Render thread/INFO]: [System] [CHAT] [Cartographer] Morzone> don't know how to make one
[20:45:07] [Render thread/INFO]: [System] [CHAT] [Binary] CodeOverload> oof
[20:45:10] [Render thread/INFO]: [System] [CHAT] [Binary] CodeOverload> inky
[20:45:18] [Render thread/INFO]: [System] [CHAT] [Binary] CodeOverload> ur good at redstone (i think)
[20:45:20] [Render thread/INFO]: [System] [CHAT] [❤LOTSOF] INKY> No way I am about to. I left mine in the process of being rebuilt
[20:45:30] [Render thread/INFO]: [System] [CHAT] [Binary] CodeOverload> oh xd
[20:45:32] [Render thread/INFO]: [System] [CHAT] [❤LOTSOF] INKY> Oh wait
[20:45:39] [Render thread/INFO]: [System] [CHAT] [❤LOTSOF] INKY> Redstone?
[20:45:43] [Render thread/INFO]: [System] [CHAT] [❤LOTSOF] INKY> Never heard of it
[20:45:45] [Render thread/INFO]: [System] [CHAT] [Binary] CodeOverload> yes
[20:45:48] [Render thread/INFO]: [System] [CHAT] [Binary] CodeOverload> hm?
[20:45:56] [Render thread/INFO]: [System] [CHAT] [Binary] CodeOverload> ur grass machines were pog
[20:46:35] [Render thread/INFO]: [System] [CHAT] [❤LOTSOF] INKY> I had a hamster on a wheel. Don't tell Spiro
[20:46:43] [Render thread/INFO]: [System] [CHAT] [Binary] CodeOverload> great so i guess ill have to watch a yt video
[20:46:45] [Render thread/INFO]: [System] [CHAT] [Binary] CodeOverload> wait waht
[20:46:46] [Render thread/INFO]: [System] [CHAT] [Binary] CodeOverload> xd
[20:46:53] [Render thread/INFO]: [System] [CHAT] [❤LessOf] Toaster> [+] [Owner] Spiro
[20:46:56] [Render thread/INFO]: [System] [CHAT] [Binary] CodeOverload> he def reads chats
[20:47:13] [Render thread/INFO]: [System] [CHAT] You can now fly by double-jumping!
[20:48:40] [Render thread/INFO]: [System] [CHAT] From>> Toaster: i do have 1 request though. Through out the time you were gone. Darthy and i made some renovations and improved alot in the base. And i do want to ask to be able to claim the entierty of the base. ofcourse ill give you trust to it all,
[20:48:58] [Render thread/INFO]: [System] [CHAT] [-] Aye_Dream
[20:49:03] [Render thread/INFO]: [System] [CHAT] From>> Toaster: in regards to the vex farm, ill work on making a new one.
[20:51:04] [Render thread/INFO]: [System] [CHAT] To>> Toaster: i'll think about it..
[20:52:39] [Render thread/INFO]: [System] [CHAT] From>> Toaster: if it takes some material convincing, i can offer a few block spawners for ur new base area. not that im kicking you out, as i said youll have trust to the base, but since you said you dont 'live' at it anymore i can provide mass block
[20:52:44] [Render thread/INFO]: [System] [CHAT] From>> Toaster: spawners for ur new lcoation
[20:52:47] [pool-2-thread-2/INFO]: [STDOUT]: Saving region -3,14 to disk /home/gavinboor/.local/share/multimc/instances/Baritone - Wurst/.minecraft/baritone/play.survivewith.us/minecraft/overworld_384/cache
[20:52:48] [pool-2-thread-2/INFO]: [STDOUT]: Saved region successfully
[20:52:48] [pool-2-thread-2/INFO]: [STDOUT]: World save took 218ms
[20:54:46] [Render thread/INFO]: [System] [CHAT] To>> Toaster: why do you want the claim if you still use it?
[20:54:50] [Render thread/INFO]: [System] [CHAT] You don't have a home with that name!
[20:54:52] [pool-2-thread-1/INFO]: [STDOUT]: Loading region -17,-17 from disk /home/gavinboor/.local/share/multimc/instances/Baritone - Wurst/.minecraft/baritone/play.survivewith.us/minecraft/overworld_384/cache
[20:54:53] [pool-2-thread-1/INFO]: [STDOUT]: Loaded region successfully in 115ms
[20:54:55] [pool-2-thread-1/INFO]: [STDOUT]: Loading region -17,-18 from disk /home/gavinboor/.local/share/multimc/instances/Baritone - Wurst/.minecraft/baritone/play.survivewith.us/minecraft/overworld_384/cache
[20:54:55] [pool-2-thread-1/INFO]: [STDOUT]: Loaded region successfully in 94ms
[20:54:56] [pool-2-thread-1/INFO]: [STDOUT]: Loading region -18,-18 from disk /home/gavinboor/.local/share/multimc/instances/Baritone - Wurst/.minecraft/baritone/play.survivewith.us/minecraft/overworld_384/cache
[20:54:56] [pool-2-thread-1/INFO]: [STDOUT]: Loaded region successfully in 91ms
[20:55:00] [Render thread/INFO]: [System] [CHAT] You have trusted Toaster to this claim!
[20:55:16] [Render thread/INFO]: [System] [CHAT] To>> Toaster: im just trying to figure out why
[20:55:44] [Render thread/INFO]: [System] [CHAT] [+] Aye_Dream
[20:55:46] [Render thread/INFO]: [System] [CHAT] [Cartographer] Morzone> wb
[20:55:54] [Render thread/INFO]: [System] [CHAT] From>> Toaster: i can list reasons, main reason is for security. one example is the wither skele farm. also if anything happens to you, for example, stop playing, untrust me etc then ill lose everything ive worked for in my swu life span
[20:56:00] [Render thread/INFO]: [System] [CHAT] [+] [MVP] forgingboar
[20:56:02] [Render thread/INFO]: [System] [CHAT] [Cartographer] Morzone> wb
[20:56:07] [Render thread/INFO]: [System] [CHAT] To>> Toaster: there are a few parts that will take some HEAVY convincing mostly because I am proud of my original build, such as wither skeles and iron
[20:56:09] [Render thread/INFO]: [System] [CHAT] [-] thewitherking1
[20:56:13] [Render thread/INFO]: [System] [CHAT] [MVP] forgingboar> ty
[20:56:27] [Render thread/INFO]: [System] [CHAT] From>> Toaster: you built the structures for them, but i mostly provided all the eggs etc
[20:56:39] [Render thread/INFO]: [System] [CHAT] From>> Toaster: keep in mind you also took all of the mob spawn eggs
[20:56:47] [Render thread/INFO]: [System] [CHAT] From>> Toaster: and i havnt asked for those back
[20:56:50] [Render thread/INFO]: [System] [CHAT] [MVP] forgingboar> anyone else lagging?
[20:56:51] [Render thread/INFO]: [System] [CHAT] To>> Toaster: they aren't worth much
[20:56:57] [Render thread/INFO]: [System] [CHAT] [Cartographer] Morzone> nope
[20:57:16] [Render thread/INFO]: [System] [CHAT] From>> Toaster: doesnt matter what its worth, thats why i havnt asked for those back. the main point is the base, ofcourse as i said you will have full /trust ofit
[20:57:32] [Render thread/INFO]: [System] [CHAT] To>> Toaster: but then it's not mine legally
[20:57:35] [Render thread/INFO]: [System] [CHAT] [-] Aye_Dream
[20:58:01] [Render thread/INFO]: [System] [CHAT] To>> Toaster: if it were yours then yes id give it back but I still feel I should have some kind of "attachment" to it legally
[20:58:26] [Render thread/INFO]: [System] [CHAT] From>> Toaster: but the thing is, its not yours or mine, its OURS and for the entierty of my time playing yellow youve had it claimed and since the recent turn of events i feel like i should have what i worked so hard for
[20:58:57] [Render thread/INFO]: [System] [CHAT] From>> Toaster: im not saying i claim owner ship im just saying i would feel more secure about the base if i had it claimed
[20:59:25] [Render thread/INFO]: Minimap session finalized.
[20:59:25] [Render thread/INFO]: Finalizing world map session...
[20:59:25] [Thread-1/INFO]: World map force-cleaned!
[20:59:25] [Render thread/INFO]: World map session finalized.
[20:59:29] [Render thread/INFO]: Connecting to play.survivewith.us, 25565
[20:59:30] [Render thread/INFO]: New minimap session initialized!
[20:59:30] [Render thread/INFO]: New world map session initialized!
[20:59:30] [Render thread/INFO]: [STDOUT]: Baritone world data dir: /home/gavinboor/.local/share/multimc/instances/Baritone - Wurst/.minecraft/baritone/play.survivewith.us/minecraft/overworld_384
[20:59:30] [pool-2-thread-3/INFO]: [STDOUT]: Started saving the world in a new thread
[20:59:30] [pool-2-thread-3/INFO]: [STDOUT]: Saving region -17,-17 to disk /home/gavinboor/.local/share/multimc/instances/Baritone - Wurst/.minecraft/baritone/play.survivewith.us/minecraft/overworld_384/cache
[20:59:30] [ForkJoinPool.commonPool-worker-16/INFO]: [STDOUT]: Saving region -17,-18 to disk /home/gavinboor/.local/share/multimc/instances/Baritone - Wurst/.minecraft/baritone/play.survivewith.us/minecraft/overworld_384/cache
[20:59:30] [Render thread/INFO]: [STDOUT]: Telemetry sending attempt blocked.
[20:59:30] [ForkJoinPool.commonPool-worker-15/INFO]: [STDOUT]: Saving region -18,-18 to disk /home/gavinboor/.local/share/multimc/instances/Baritone - Wurst/.minecraft/baritone/play.survivewith.us/minecraft/overworld_384/cache
[20:59:30] [Render thread/INFO]: [STDOUT]: Telemetry sending attempt blocked.
[20:59:30] [ForkJoinPool.commonPool-worker-17/INFO]: [STDOUT]: Saving region -3,14 to disk /home/gavinboor/.local/share/multimc/instances/Baritone - Wurst/.minecraft/baritone/play.survivewith.us/minecraft/overworld_384/cache
[20:59:30] [ForkJoinPool.commonPool-worker-15/INFO]: [STDOUT]: Saved region successfully
[20:59:30] [ForkJoinPool.commonPool-worker-16/INFO]: [STDOUT]: Saved region successfully
[20:59:30] [pool-2-thread-3/INFO]: [STDOUT]: Saved region successfully
[20:59:30] [Render thread/WARN]: Not all defined tags for registry ResourceKey[minecraft:root / minecraft:block] are present in data pack: minecraft:ancient_city_replaceable, minecraft:mangrove_logs_can_grow_through, minecraft:mangrove_roots_can_grow_through, minecraft:nether_carver_replaceables, minecraft:overworld_carver_replaceables
[20:59:30] [ForkJoinPool.commonPool-worker-17/INFO]: [STDOUT]: Saved region successfully
[20:59:30] [pool-2-thread-3/INFO]: [STDOUT]: World save took 224ms
[20:59:30] [Render thread/INFO]: Loaded 848 advancements
[20:59:30] [Render thread/INFO]: [System] [CHAT] 
[20:59:30] [Render thread/INFO]: [System] [CHAT] 
[20:59:30] [Render thread/INFO]: [System] [CHAT] Welcome back to SurviveWithUs YELLOW, CodeOverload!
[20:59:30] [Render thread/INFO]: [System] [CHAT] 
[20:59:30] [Render thread/INFO]: [System] [CHAT] §bYou're currently receiving an §6§lXP§b or §6§lMoney Boost!§b Click §bhere §bto §bview §byour §6§l/boosts!
[20:59:30] [Render thread/INFO]: [System] [CHAT] 
[20:59:30] [pool-2-thread-1/INFO]: [STDOUT]: Loading region -3,14 from disk /home/gavinboor/.local/share/multimc/instances/Baritone - Wurst/.minecraft/baritone/play.survivewith.us/minecraft/overworld_384/cache
[20:59:30] [pool-2-thread-1/INFO]: [STDOUT]: Loaded region successfully in 208ms
[20:59:32] [Render thread/INFO]: [System] [CHAT] [MVP] forgingboar> wb
[20:59:45] [Render thread/INFO]: [System] [CHAT] [Binary] CodeOverload> ty
[20:59:50] [Render thread/INFO]: [System] [CHAT] From>> Toaster: but the thing is, its not yours or mine, its OURS and for the entierty of my time playing yellow youve had it claimed and since the recent turn of events i feel like i should have what i worked so hard for
[20:59:53] [Render thread/INFO]: [System] [CHAT] From>> Toaster: im not saying i claim owner ship im just saying i would feel more secure about the base if i had it claimed
[21:00:00] [Render thread/INFO]: [System] [CHAT] Remember to /vote to get your next /rank and unlock epic rewards!
[21:00:04] [Render thread/INFO]: [System] [CHAT] From>> Toaster: just incase u didnt read it
[21:00:11] [Render thread/INFO]: [System] [CHAT] To>> Toaster: i wish duo claims were a thing
[21:00:52] [Render thread/INFO]: [System] [CHAT] From>> Toaster: please make ur desicion hastly.
[21:00:55] [Render thread/INFO]: [System] [CHAT] To>> Toaster: im on a normal schedule now, so you shouldn't have to worry about anything happening
[21:00:59] [Render thread/INFO]: [System] [CHAT] To>> Toaster: why hastily
[21:01:06] [Render thread/INFO]: [System] [CHAT] To>> Toaster: im not going anywhere
[21:01:18] [Render thread/INFO]: [System] [CHAT] Want to support the server, get /crate keys and your next /rank? Don't forget to /vote!
[21:01:24] [Render thread/INFO]: [System] [CHAT] From>> Toaster: i dont have all night, my parents want me to go to bed soon
[21:01:41] [Render thread/INFO]: [System] [CHAT] From>> Toaster: if it also comes down to this i can give you mythic items you dont have, like qbh wither soul etc
[21:02:12] [Render thread/INFO]: [System] [CHAT] To>> Toaster: i would also pay to keep it
[21:02:37] [Render thread/INFO]: [System] [CHAT] To>> Toaster: like you said i also appreciate all the hard work put into it
[21:02:44] [Render thread/INFO]: [System] [CHAT] sstrok15 is no longer AFK!
[21:02:46] [Render thread/INFO]: [System] [CHAT] [MVP] forgingboar> wb
[21:02:47] [Render thread/INFO]: [System] [CHAT] [Cartographer] Morzone> wb
[21:02:48] [pool-2-thread-2/INFO]: [STDOUT]: Saving region -3,14 to disk /home/gavinboor/.local/share/multimc/instances/Baritone - Wurst/.minecraft/baritone/play.survivewith.us/minecraft/overworld_384/cache
[21:02:48] [pool-2-thread-2/INFO]: [STDOUT]: Saved region successfully
[21:02:48] [pool-2-thread-2/INFO]: [STDOUT]: World save took 198ms
[21:03:09] [Render thread/INFO]: [System] [CHAT] From>> Toaster: ill also give you my bal which is
[21:03:13] [Render thread/INFO]: [System] [CHAT] From>> Toaster: 170m
[21:03:15] [Render thread/INFO]: [System] [CHAT] To>> Toaster: if i give you 100m will you just leave the situation how it is
[21:03:21] [Render thread/INFO]: [System] [CHAT] From>> Toaster: no.
[21:03:25] [Render thread/INFO]: [System] [CHAT] To>> Toaster: 200
[21:03:27] [Render thread/INFO]: [System] [CHAT] [MVP] sstrok15> ty
[21:03:29] [Render thread/INFO]: [System] [CHAT] From>> Toaster: i wont take 5b
[21:03:35] [Render thread/INFO]: [System] [CHAT] To>> Toaster: bruh what
[21:03:41] [Render thread/INFO]: [System] [CHAT] [MVP] sstrok15> morzzz
[21:03:54] [Render thread/INFO]: [System] [CHAT] To>> Toaster: well I don't wanna give it up tho..
[21:03:59] [Render thread/INFO]: [System] [CHAT] From>> Toaster: as i said, we can co owner it but i just want to have it claimed
[21:04:13] [Render thread/INFO]: [System] [CHAT] To>> Toaster: why cant i just keep it then
[21:04:29] [Render thread/INFO]: [System] [CHAT] [MVP] sstrok15> morzone
[21:04:31] [Render thread/INFO]: [System] [CHAT] To>> Toaster: can i just keep the parts I need then?
[21:04:37] [Render thread/INFO]: [System] [CHAT] From>> Toaster: like?
[21:04:40] [Render thread/INFO]: [System] [CHAT] [Cartographer] Morzone> hi
[21:04:47] [Render thread/INFO]: [System] [CHAT] [MVP] sstrok15> can i get the sequel :3
[21:04:50] [Render thread/INFO]: [System] [CHAT] To>> Toaster: skeles, bunnies, and iron
[21:04:54] [Render thread/INFO]: [System] [CHAT] [Cartographer] Morzone> yes you can
[21:04:55] [Render thread/INFO]: [System] [CHAT] From>> Toaster: the iron golem farm was 100% you
[21:04:59] [Render thread/INFO]: [System] [CHAT] [MVP] sstrok15> yaya
[21:05:00] [Render thread/INFO]: [System] [CHAT] From>> Toaster: you can keep the rabbits
[21:05:17] [Render thread/INFO]: [System] [CHAT] To>> Toaster: i originally made the wither farm too
[21:05:27] [Render thread/INFO]: [System] [CHAT] From>> Toaster: correct, but most of the spawners there are mine
[21:05:37] [Render thread/INFO]: [System] [CHAT] From>> Toaster: i added alot of eggs while u were gone
[21:05:40] [Render thread/INFO]: [System] [CHAT] To>> Toaster: then just let me pay you for them -_-
[21:05:44] [Render thread/INFO]: [System] [CHAT] [MVP] sstrok15> ty :D
[21:06:00] [Render thread/INFO]: [System] [CHAT] From>> Toaster: alright, 500m for the entierty of the skele farm
[21:06:06] [Render thread/INFO]: [System] [CHAT] [Binary] CodeOverload> bruh waht
[21:06:15] [Render thread/INFO]: [System] [CHAT] From>> Toaster: least ill go is 300
[21:06:23] [Render thread/INFO]: [System] [CHAT] To>> Toaster: fine
[21:06:49] [Render thread/INFO]: [System] [CHAT] [MVP] sstrok15> tysm this is an amazing story :3
[21:06:51] [Render thread/INFO]: [System] [CHAT] [MVP] forgingboar> man
[21:06:55] [Render thread/INFO]: [System] [CHAT] [MVP] forgingboar> hell is boring
[21:06:55] [Render thread/INFO]: [System] [CHAT] [Cartographer] Morzone> <3
[21:06:58] [Render thread/INFO]: [System] [CHAT] [MVP] sstrok15> <3
[21:07:00] [Render thread/INFO]: [System] [CHAT] [-] [MVP] sstrok15
[21:07:04] [Render thread/INFO]: [System] [CHAT] You have given $300000000 to Toaster
[21:07:07] [Render thread/INFO]: [System] [CHAT] From>> Toaster: this is the sequence, you unclaim, i reclaim i give you spawners
[21:07:17] [Render thread/INFO]: [System] [CHAT] From>> Toaster: thanks, then you reclaim wither farm
[21:07:18] [Render thread/INFO]: [System] [CHAT] [Cartographer] Morzone> if anyone else wants copies of my books 'A Tiny Story' and 'A Big Story' they're free :D
[21:07:25] [Render thread/INFO]: [System] [CHAT] [MVP] forgingboar> what are they about
[21:07:29] [Render thread/INFO]: [System] [CHAT] You don't have a home with that name!
[21:07:33] [pool-2-thread-1/INFO]: [STDOUT]: Loading region -17,-18 from disk /home/gavinboor/.local/share/multimc/instances/Baritone - Wurst/.minecraft/baritone/play.survivewith.us/minecraft/overworld_384/cache
[21:07:33] [pool-2-thread-1/INFO]: [STDOUT]: Loaded region successfully in 76ms
[21:07:33] [Render thread/WARN]: Received passengers for unknown entity
[21:07:33] [pool-2-thread-1/INFO]: [STDOUT]: Loading region -18,-18 from disk /home/gavinboor/.local/share/multimc/instances/Baritone - Wurst/.minecraft/baritone/play.survivewith.us/minecraft/overworld_384/cache
[21:07:33] [pool-2-thread-1/INFO]: [STDOUT]: Loaded region successfully in 79ms
[21:07:37] [Render thread/INFO]: [System] [CHAT] From>> Toaster: its faster if you shift delete the full claim in /claims
[21:07:41] [Render thread/INFO]: [System] [CHAT] [Cartographer] Morzone> one is about tiny and one is about big
[21:07:41] [Render thread/INFO]: [System] [CHAT] §9§e§lT§d§lo§b§la§6§ls§e§lt§0§ler§e would like you to teleport to them: §aAccept §c Deny
[21:07:46] [Render thread/INFO]: [System] [CHAT] [Binary] CodeOverload> thats risky
[21:07:51] [pool-2-thread-1/INFO]: [STDOUT]: Loading region -17,-17 from disk /home/gavinboor/.local/share/multimc/instances/Baritone - Wurst/.minecraft/baritone/play.survivewith.us/minecraft/overworld_384/cache
[21:07:51] [pool-2-thread-1/INFO]: [STDOUT]: Loaded region successfully in 104ms
[21:07:52] [pool-2-thread-1/INFO]: [STDOUT]: Loading region -18,-17 from disk /home/gavinboor/.local/share/multimc/instances/Baritone - Wurst/.minecraft/baritone/play.survivewith.us/minecraft/overworld_384/cache
[21:07:52] [pool-2-thread-1/INFO]: [STDOUT]: Loaded region successfully in 54ms
[21:07:55] [Render thread/INFO]: [System] [CHAT] You can now fly by double-jumping!
[21:07:56] [Render thread/INFO]: [System] [CHAT] [❤LessOf] Toaster> then choose the sequence
[21:08:15] [Render thread/INFO]: [System] [CHAT] [Binary] CodeOverload> ill just unclaim i guess
[21:08:23] [Render thread/INFO]: [System] [CHAT] [-] Aye_Nightmare
[21:08:24] [Render thread/INFO]: [System] [CHAT] [Debug]: Chunk borders: shown
[21:08:26] [Render thread/INFO]: [System] [CHAT] You can now fly by double-jumping!
[21:08:31] [Render thread/INFO]: [System] [CHAT] [❤LessOf] Toaster> tell me once youve done so
[21:08:34] [Render thread/INFO]: [System] [CHAT] [Binary] CodeOverload> imma start in corner
[21:08:36] [Render thread/INFO]: [System] [CHAT] You have successfully unclaimed this chunk.
[21:08:39] [Render thread/ERROR]: Error saving option Brightness: DynamicException[Value 16.0 outside of range [0.0:1.0] Optional[16.0]]
[21:08:40] [Render thread/ERROR]: Error saving option Brightness: DynamicException[Value 16.0 outside of range [0.0:1.0] Optional[16.0]]
[21:08:40] [Render thread/INFO]: [System] [CHAT] You are entering dangerous territory
[21:08:41] [Render thread/ERROR]: Error saving option Brightness: DynamicException[Value 16.0 outside of range [0.0:1.0] Optional[16.0]]
[21:08:41] [Render thread/ERROR]: Error saving option Brightness: DynamicException[Value 16.0 outside of range [0.0:1.0] Optional[16.0]]
[21:08:41] [Render thread/INFO]: [System] [CHAT] [❤LessOf] Toaster> should i follow you
[21:08:45] [Render thread/INFO]: [System] [CHAT] You have successfully unclaimed this chunk.
[21:08:46] [Render thread/INFO]: [System] [CHAT] [Binary] CodeOverload> yes
[21:08:48] [Render thread/INFO]: [System] [CHAT] §9§e§lT§d§lo§b§la§6§ls§e§lt§0§ler§e would like to teleport to you: §aAccept §c Deny
[21:08:48] [Render thread/INFO]: [System] [CHAT] You are entering dangerous territory
[21:08:50] [Render thread/INFO]: [System] [CHAT] You have successfully unclaimed this chunk.
[21:08:59] [Render thread/INFO]: [System] [CHAT] You are entering dangerous territory
[21:09:09] [Render thread/INFO]: [System] [CHAT] [MVP] forgingboar> hi
[21:09:10] [Render thread/INFO]: [System] [CHAT] You have successfully unclaimed this chunk.
[21:09:12] [Render thread/INFO]: [System] [CHAT] You have successfully unclaimed this chunk.
[21:09:15] [Render thread/INFO]: [System] [CHAT] You are entering dangerous territory
[21:09:15] [Render thread/INFO]: [System] [CHAT] You have successfully unclaimed this chunk.
[21:09:21] [Render thread/INFO]: [System] [CHAT] You have successfully unclaimed this chunk.
[21:09:23] [Render thread/INFO]: [System] [CHAT] You are entering dangerous territory
[21:09:24] [Render thread/INFO]: [System] [CHAT] You have successfully unclaimed this chunk.
[21:09:27] [Render thread/INFO]: [System] [CHAT] You have successfully unclaimed this chunk.
[21:09:29] [Render thread/INFO]: [System] [CHAT] You are entering dangerous territory
[21:09:30] [Render thread/INFO]: [System] [CHAT] You have successfully unclaimed this chunk.
[21:09:33] [Render thread/INFO]: [System] [CHAT] You are entering dangerous territory
[21:09:34] [Render thread/INFO]: [System] [CHAT] You have successfully unclaimed this chunk.
[21:09:37] [Render thread/INFO]: [System] [CHAT] [MVP] forgingboar> thank you morzone
[21:09:38] [Render thread/INFO]: [System] [CHAT] You are entering dangerous territory
[21:09:39] [Render thread/INFO]: [System] [CHAT] You have successfully unclaimed this chunk.
[21:09:42] [Render thread/INFO]: [System] [CHAT] You are entering dangerous territory
[21:09:42] [Render thread/INFO]: [System] [CHAT] You have successfully unclaimed this chunk.
[21:09:43] [Render thread/INFO]: [System] [CHAT] You have successfully unclaimed this chunk.
[21:09:47] [Render thread/INFO]: [System] [CHAT] You have successfully unclaimed this chunk.
[21:09:49] [Render thread/INFO]: [System] [CHAT] You have successfully unclaimed this chunk.
[21:09:52] [Render thread/INFO]: [System] [CHAT] You are entering dangerous territory
[21:09:55] [Render thread/INFO]: [System] [CHAT] You have successfully unclaimed this chunk.
[21:09:56] [Render thread/INFO]: [System] [CHAT] You have successfully unclaimed this chunk.
[21:10:01] [Render thread/INFO]: [System] [CHAT] You have successfully unclaimed this chunk.
[21:10:02] [Render thread/INFO]: [System] [CHAT] You have successfully unclaimed this chunk.
[21:10:06] [Render thread/INFO]: [System] [CHAT] You have successfully unclaimed this chunk.
[21:10:11] [Render thread/INFO]: [System] [CHAT] Available Commands: 1/17
[21:10:11] [Render thread/INFO]: [System] [CHAT] Afk: Let other players know you've gone afk.
[21:10:11] [Render thread/INFO]: [System] [CHAT] Back: Teleport to where you previously were.
[21:10:11] [Render thread/INFO]: [System] [CHAT] Backpack: Opens your backpack.
[21:10:11] [Render thread/INFO]: [System] [CHAT] Balance: Find out how much money you have.
[21:10:11] [Render thread/INFO]: [System] [CHAT] Blacklist: Blacklist a player from doing things in your claim.
[21:10:14] [Render thread/INFO]: [System] [CHAT] You have successfully unclaimed this chunk.
[21:10:19] [Render thread/INFO]: [System] [CHAT] You don't own this claim
[21:10:23] [Render thread/INFO]: [System] [CHAT] Welcome to my little claim inside of Changed and Felix's Base. Dont try and violate the rules in place Thanks <3
[21:10:23] [Render thread/INFO]: [System] [CHAT] You don't own this claim
[21:10:35] [Render thread/INFO]: [System] [CHAT] You have successfully unclaimed this chunk.
[21:10:39] [Render thread/INFO]: [System] [CHAT] You have successfully unclaimed this chunk.
[21:10:43] [Render thread/INFO]: [System] [CHAT] You have successfully unclaimed this chunk.
[21:10:47] [Render thread/INFO]: [System] [CHAT] You have successfully unclaimed this chunk.
[21:10:50] [Render thread/INFO]: [System] [CHAT] You have successfully unclaimed this chunk.
[21:10:53] [Render thread/INFO]: [System] [CHAT] You have successfully unclaimed this chunk.
[21:10:57] [Render thread/INFO]: [System] [CHAT] You have successfully unclaimed this chunk.
[21:11:01] [Render thread/INFO]: [System] [CHAT] You have successfully unclaimed this chunk.
[21:11:04] [Render thread/INFO]: [System] [CHAT] You have successfully unclaimed this chunk.
[21:11:07] [Render thread/INFO]: [System] [CHAT] You have successfully unclaimed this chunk.
[21:11:10] [Render thread/INFO]: [System] [CHAT] You have successfully unclaimed this chunk.
[21:11:13] [Render thread/INFO]: [System] [CHAT] You have successfully unclaimed this chunk.
[21:11:16] [Render thread/INFO]: [System] [CHAT] You have successfully unclaimed this chunk.
[21:11:20] [Render thread/INFO]: [System] [CHAT] You have successfully unclaimed this chunk.
[21:11:25] [Render thread/INFO]: [System] [CHAT] You have successfully unclaimed this chunk.
[21:11:32] [Render thread/INFO]: [System] [CHAT] e
[21:11:35] [Render thread/INFO]: [System] [CHAT] [Cartographer] Morzone> anyone here good at making letter banners?
[21:11:50] [Render thread/INFO]: [System] [CHAT] From>> Toaster: you can shift unclaim the rest
[21:11:53] [Render thread/INFO]: [System] [CHAT] Available Commands: 1/17
[21:11:53] [Render thread/INFO]: [System] [CHAT] Afk: Let other players know you've gone afk.
[21:11:53] [Render thread/INFO]: [System] [CHAT] Back: Teleport to where you previously were.
[21:11:53] [Render thread/INFO]: [System] [CHAT] Backpack: Opens your backpack.
[21:11:53] [Render thread/INFO]: [System] [CHAT] Balance: Find out how much money you have.
[21:11:53] [Render thread/INFO]: [System] [CHAT] Blacklist: Blacklist a player from doing things in your claim.
[21:11:56] [Render thread/INFO]: [System] [CHAT] [Binary] CodeOverload> sure?
[21:11:59] [Render thread/INFO]: [System] [CHAT] [+] TKDninjaboy
[21:12:02] [Render thread/INFO]: [System] [CHAT] [❤LessOf] Toaster> yep
[21:12:27] [Render thread/INFO]: [System] [CHAT] [Cartographer] Morzone> can you make me a set that says 'spleef' ?
[21:12:36] [Render thread/INFO]: [System] [CHAT] §cAre you sure you want to remove that claim? Click here to confirm.
[21:12:39] [Render thread/INFO]: [System] [CHAT] You have deleted that claim!
[21:12:41] [Render thread/INFO]: [System] [CHAT] You are now claiming the chunks you walk into. This will turn off in 30 seconds.
[21:12:41] [Render thread/INFO]: [System] [CHAT] You have successfully claimed this chunk! You've used 117 out of 4613 claims.
[21:12:42] [Render thread/INFO]: [System] [CHAT] [Cartographer] Morzone> green background magenta lettering
[21:12:42] [Render thread/INFO]: [System] [CHAT] You have successfully claimed this chunk! You've used 118 out of 4613 claims.
[21:12:43] [Render thread/INFO]: [System] [CHAT] You have successfully claimed this chunk! You've used 119 out of 4613 claims.
[21:12:46] [Render thread/INFO]: [System] [CHAT] You have successfully claimed this chunk! You've used 120 out of 4613 claims.
[21:12:48] [pool-2-thread-2/INFO]: [STDOUT]: Saving region -18,-17 to disk /home/gavinboor/.local/share/multimc/instances/Baritone - Wurst/.minecraft/baritone/play.survivewith.us/minecraft/overworld_384/cache
[21:12:48] [ForkJoinPool.commonPool-worker-19/INFO]: [STDOUT]: Saving region -3,14 to disk /home/gavinboor/.local/share/multimc/instances/Baritone - Wurst/.minecraft/baritone/play.survivewith.us/minecraft/overworld_384/cache
[21:12:48] [ForkJoinPool.commonPool-worker-18/INFO]: [STDOUT]: Saving region -18,-18 to disk /home/gavinboor/.local/share/multimc/instances/Baritone - Wurst/.minecraft/baritone/play.survivewith.us/minecraft/overworld_384/cache
[21:12:48] [ForkJoinPool.commonPool-worker-20/INFO]: [STDOUT]: Saving region -17,-18 to disk /home/gavinboor/.local/share/multimc/instances/Baritone - Wurst/.minecraft/baritone/play.survivewith.us/minecraft/overworld_384/cache
[21:12:48] [ForkJoinPool.commonPool-worker-21/INFO]: [STDOUT]: Saving region -17,-17 to disk /home/gavinboor/.local/share/multimc/instances/Baritone - Wurst/.minecraft/baritone/play.survivewith.us/minecraft/overworld_384/cache
[21:12:48] [pool-2-thread-2/INFO]: [STDOUT]: Saved region successfully
[21:12:48] [ForkJoinPool.commonPool-worker-18/INFO]: [STDOUT]: Saved region successfully
[21:12:48] [ForkJoinPool.commonPool-worker-20/INFO]: [STDOUT]: Saved region successfully
[21:12:48] [ForkJoinPool.commonPool-worker-21/INFO]: [STDOUT]: Saved region successfully
[21:12:48] [ForkJoinPool.commonPool-worker-19/INFO]: [STDOUT]: Saved region successfully
[21:12:48] [pool-2-thread-2/INFO]: [STDOUT]: World save took 300ms
[21:13:01] [Render thread/INFO]: [System] [CHAT] [Cartographer] Morzone> or maybe blue background and green lettering?
[21:13:03] [Render thread/INFO]: [System] [CHAT] [Cartographer] Morzone> hm
[21:13:06] [Render thread/INFO]: [System] [CHAT] You are no longer claiming.
[21:13:14] [Render thread/INFO]: [System] [CHAT] You are no longer claiming.
[21:13:27] [Render thread/INFO]: [System] [CHAT] You are now claiming the chunks you walk into. This will turn off in 30 seconds.
[21:13:27] [Render thread/INFO]: [System] [CHAT] You have successfully claimed this chunk! You've used 121 out of 4613 claims.
[21:13:27] [Render thread/INFO]: [System] [CHAT] You have successfully claimed this chunk! You've used 122 out of 4613 claims.
[21:13:29] [Render thread/INFO]: [System] [CHAT] From>> Toaster: are you okay with just keeping this chunk of the skele farm
[21:13:31] [Render thread/INFO]: [System] [CHAT] You have successfully claimed this chunk! You've used 123 out of 4613 claims.
[21:13:32] [Render thread/INFO]: [System] [CHAT] You have successfully claimed this chunk! You've used 124 out of 4613 claims.
[21:13:35] [Render thread/INFO]: [System] [CHAT] You are no longer claiming.
[21:13:55] [Render thread/INFO]: [System] [CHAT] To>> Toaster: the agreement was the entirety
[21:13:58] [Render thread/INFO]: [System] [CHAT] You are no longer claiming.
[21:14:00] [Render thread/INFO]: [System] [CHAT] From>> Toaster: alright
[21:14:03] [Render thread/INFO]: [System] [CHAT] You are now claiming the chunks you walk into. This will turn off in 30 seconds.
[21:14:03] [Render thread/INFO]: [System] [CHAT] You have successfully claimed this chunk! You've used 125 out of 4613 claims.
[21:14:04] [Render thread/INFO]: [System] [CHAT] You have successfully claimed this chunk! You've used 126 out of 4613 claims.
[21:14:06] [Render thread/INFO]: [System] [CHAT] You have successfully claimed this chunk! You've used 127 out of 4613 claims.
[21:14:06] [Render thread/INFO]: [System] [CHAT] You have successfully claimed this chunk! You've used 128 out of 4613 claims.
[21:14:06] [Render thread/WARN]: Unable to play empty soundEvent: minecraft:entity.salmon.ambient
[21:14:08] [Render thread/INFO]: [System] [CHAT] You have successfully claimed this chunk! You've used 129 out of 4613 claims.
[21:14:08] [Render thread/INFO]: [System] [CHAT] You have successfully claimed this chunk! You've used 130 out of 4613 claims.
[21:14:10] [Render thread/INFO]: [System] [CHAT] You have successfully claimed this chunk! You've used 131 out of 4613 claims.
[21:14:11] [Render thread/INFO]: [System] [CHAT] You have successfully claimed this chunk! You've used 132 out of 4613 claims.
[21:14:12] [Render thread/INFO]: [System] [CHAT] You have successfully claimed this chunk! You've used 133 out of 4613 claims.
[21:14:13] [Render thread/INFO]: [System] [CHAT] You have successfully claimed this chunk! You've used 134 out of 4613 claims.
[21:14:16] [Render thread/INFO]: [System] [CHAT] You are no longer claiming.
[21:14:22] [Render thread/INFO]: [System] [CHAT] From>> Toaster: are u keepping the sheps?
[21:14:31] [Render thread/INFO]: [System] [CHAT] To>> Toaster: id like to
[21:14:34] [Render thread/INFO]: [System] [CHAT] From>> Toaster: k
[21:14:34] [Render thread/INFO]: [System] [CHAT] You are no longer claiming.
[21:14:38] [Render thread/INFO]: [System] [CHAT] TKDninjaboy has voted for the server on all 7 sites and has unlocked their BONUS in /vote, you can too by /vote'ing!
[21:14:40] [Render thread/INFO]: [System] [CHAT] [Binary] CodeOverload> a friend
[21:15:05] [Render thread/INFO]: [System] [CHAT] [Binary] CodeOverload> do i get access to the new vex farm once its done?
[21:15:08] [Render thread/INFO]: [System] [CHAT] [❤LessOf] Toaster> ofcourse
[21:15:12] [Render thread/INFO]: [System] [CHAT] You are now claiming the chunks you walk into. This will turn off in 30 seconds.
[21:15:12] [Render thread/INFO]: [System] [CHAT] [Explorer] TKDninjaboy> codeoverload
[21:15:13] [Render thread/INFO]: [System] [CHAT] You have successfully claimed this chunk! You've used 135 out of 4613 claims.
[21:15:25] [Render thread/INFO]: [System] [CHAT] [Explorer] TKDninjaboy> what is a legacykey
[21:15:29] [Render thread/INFO]: [System] [CHAT] [❤LessOf] Toaster> use /legacy
[21:15:29] [Render thread/INFO]: [System] [CHAT] You are no longer claiming.
[21:15:30] [Render thread/INFO]: [System] [CHAT] [Cartographer] Morzone> ./legacy
[21:15:32] [Render thread/INFO]: [System] [CHAT] [Explorer] TKDninjaboy> kk
[21:15:40] [Render thread/INFO]: [System] [CHAT] [Cartographer] Morzone> its a crate key
[21:15:45] [Render thread/INFO]: [System] [CHAT] You are no longer claiming.
[21:16:10] [Render thread/INFO]: [System] [CHAT] [Binary] CodeOverload> when is jet ever online
[21:16:19] [Render thread/INFO]: [System] [CHAT] [Cartographer] Morzone> jet?
[21:16:22] [Render thread/INFO]: [System] [CHAT] [❤LessOf] Toaster> i cant tell you an exact date
[21:16:24] [Render thread/INFO]: [System] [CHAT] [Binary] CodeOverload> i need him to build me an autosorter
[21:16:29] [Render thread/INFO]: [System] [CHAT] [❤LessOf] Toaster> alright
[21:16:58] [Render thread/INFO]: [System] [CHAT] TKDninjaboy has reached the goal [Sky's the Limit]
[21:17:56] [Render thread/INFO]: [System] [CHAT] [Binary] CodeOverload> imma start building one
[21:18:00] [Render thread/INFO]: [System] [CHAT] [Binary] CodeOverload> see how it goes lol
[21:18:00] [Render thread/INFO]: [System] [CHAT] [MVP] forgingboar> building wha
[21:18:02] [pool-2-thread-1/INFO]: [STDOUT]: Loading region -3,14 from disk /home/gavinboor/.local/share/multimc/instances/Baritone - Wurst/.minecraft/baritone/play.survivewith.us/minecraft/overworld_384/cache
[21:18:02] [Render thread/INFO]: [System] [CHAT] [Debug]: Chunk borders: hidden
[21:18:03] [pool-2-thread-1/INFO]: [STDOUT]: Loaded region successfully in 339ms
[21:18:03] [pool-2-thread-1/INFO]: [STDOUT]: Loading region -4,14 from disk /home/gavinboor/.local/share/multimc/instances/Baritone - Wurst/.minecraft/baritone/play.survivewith.us/minecraft/overworld_384/cache
[21:18:03] [pool-2-thread-1/INFO]: [STDOUT]: Loaded region successfully in 77ms
[21:18:06] [Render thread/INFO]: [System] [CHAT] [Binary] CodeOverload> autosorter
[21:18:11] [Render thread/INFO]: [System] [CHAT] [MVP] forgingboar> just use youtube
[21:18:17] [Render thread/INFO]: [System] [CHAT] [Binary] CodeOverload> no duh
[21:18:25] [Render thread/INFO]: [System] [CHAT] [Binary] CodeOverload> but i was gonna pay someone to do it
[21:19:10] [Render thread/INFO]: [System] [CHAT] TKDninjaboy has made the advancement [Enchanter]
[21:19:21] [Render thread/INFO]: [System] [CHAT] [Explorer] TKDninjaboy> hey codeoverload
[21:19:27] [Render thread/INFO]: [System] [CHAT] [Binary] CodeOverload> wha
[21:19:45] [Render thread/INFO]: [System] [CHAT] [Explorer] TKDninjaboy> can i use ur wither skeleton farm for a min for xp
[21:19:52] [Render thread/INFO]: [System] [CHAT] [❤LessOf] Toaster> no
[21:19:57] [Render thread/INFO]: [System] [CHAT] [❤LessOf] Toaster> unless u want him to
[21:20:11] [Render thread/INFO]: [System] [CHAT] [❤LessOf] Toaster> unless u want him to
[21:20:13] [Render thread/INFO]: [System] [CHAT] [❤LessOf] Toaster> opos
[21:20:13] [Render thread/INFO]: [System] [CHAT] [Binary] CodeOverload> i did yesterday
[21:20:20] [Render thread/INFO]: [System] [CHAT] [Explorer] TKDninjaboy> ok its ok
[21:20:26] [Render thread/INFO]: [System] [CHAT] You can now fly by double-jumping!
[21:21:04] [Render thread/INFO]: [System] [CHAT] [❤LessOf] Toaster> almost done claiming
[21:21:25] [Render thread/INFO]: [System] [CHAT] [❤LessOf] Toaster> almost done claiming
[21:21:28] [Render thread/INFO]: [System] [CHAT] [❤LessOf] Toaster> opos
[21:21:29] [Render thread/INFO]: [System] [CHAT] TKDninjaboy has made the advancement [Spooky Scary Skeleton]
[21:21:31] [Render thread/INFO]: [System] [CHAT] [Binary] CodeOverload> lol
[21:21:59] [Render thread/INFO]: [System] [CHAT] [Debug]: Hitboxes: shown
[21:22:48] [pool-2-thread-2/INFO]: [STDOUT]: Saving region -4,14 to disk /home/gavinboor/.local/share/multimc/instances/Baritone - Wurst/.minecraft/baritone/play.survivewith.us/minecraft/overworld_384/cache
[21:22:48] [ForkJoinPool.commonPool-worker-23/INFO]: [STDOUT]: Saving region -18,-18 to disk /home/gavinboor/.local/share/multimc/instances/Baritone - Wurst/.minecraft/baritone/play.survivewith.us/minecraft/overworld_384/cache
[21:22:48] [ForkJoinPool.commonPool-worker-25/INFO]: [STDOUT]: Saving region -17,-17 to disk /home/gavinboor/.local/share/multimc/instances/Baritone - Wurst/.minecraft/baritone/play.survivewith.us/minecraft/overworld_384/cache
[21:22:48] [ForkJoinPool.commonPool-worker-24/INFO]: [STDOUT]: Saving region -17,-18 to disk /home/gavinboor/.local/share/multimc/instances/Baritone - Wurst/.minecraft/baritone/play.survivewith.us/minecraft/overworld_384/cache
[21:22:48] [ForkJoinPool.commonPool-worker-27/INFO]: [STDOUT]: Saving region -18,-17 to disk /home/gavinboor/.local/share/multimc/instances/Baritone - Wurst/.minecraft/baritone/play.survivewith.us/minecraft/overworld_384/cache
[21:22:48] [ForkJoinPool.commonPool-worker-26/INFO]: [STDOUT]: Saving region -3,14 to disk /home/gavinboor/.local/share/multimc/instances/Baritone - Wurst/.minecraft/baritone/play.survivewith.us/minecraft/overworld_384/cache
[21:22:48] [pool-2-thread-2/INFO]: [STDOUT]: Saved region successfully
[21:22:48] [ForkJoinPool.commonPool-worker-23/INFO]: [STDOUT]: Saved region successfully
[21:22:48] [ForkJoinPool.commonPool-worker-27/INFO]: [STDOUT]: Saved region successfully
[21:22:48] [ForkJoinPool.commonPool-worker-24/INFO]: [STDOUT]: Saved region successfully
[21:22:48] [ForkJoinPool.commonPool-worker-25/INFO]: [STDOUT]: Saved region successfully
[21:22:48] [ForkJoinPool.commonPool-worker-26/INFO]: [STDOUT]: Saved region successfully
[21:22:48] [pool-2-thread-2/INFO]: [STDOUT]: World save took 251ms
[21:23:40] [Render thread/INFO]: [System] [CHAT] [❤LessOf] Toaster> oh god
[21:25:08] [Render thread/INFO]: [System] [CHAT] You are now claiming the chunks you walk into. This will turn off in 30 seconds.
[21:25:10] [Render thread/INFO]: [System] [CHAT] You are no longer claiming.
[21:25:25] [Render thread/INFO]: [System] [CHAT] You can now fly by double-jumping!
[21:25:39] [Render thread/INFO]: [System] [CHAT] You are no longer claiming.
[21:26:33] [Render thread/INFO]: [System] [CHAT] You can now fly by double-jumping!
[21:26:59] [Render thread/INFO]: [System] [CHAT] [❤LessOf] Toaster> code the grass farm is claimed
[21:27:06] [Render thread/INFO]: [System] [CHAT] [Baritone] > ?
[21:27:06] [Render thread/INFO]: [System] [CHAT] [Baritone] All Baritone commands (clickable):
[21:27:06] [Render thread/INFO]: [System] [CHAT] [Baritone] help - View all commands or help on specific ones
[21:27:06] [Render thread/INFO]: [System] [CHAT] [Baritone] set - View or change settings
[21:27:06] [Render thread/INFO]: [System] [CHAT] [Baritone] modified - List modified settings
[21:27:06] [Render thread/INFO]: [System] [CHAT] [Baritone] reset - Reset all settings or just one
[21:27:06] [Render thread/INFO]: [System] [CHAT] [Baritone] goal - Set or clear the goal
[21:27:06] [Render thread/INFO]: [System] [CHAT] [Baritone] goto - Go to a coordinate or block
[21:27:06] [Render thread/INFO]: [System] [CHAT] [Baritone] path - Start heading towards the goal
[21:27:06] [Render thread/INFO]: [System] [CHAT] [Baritone] proc - View process state information
[21:27:06] [Render thread/INFO]: [System] [CHAT] [Baritone] << | >> 1/5
[21:27:11] [Render thread/INFO]: [System] [CHAT] [Binary] CodeOverload> hm?
[21:27:14] [Render thread/INFO]: [System] [CHAT] [Binary] CodeOverload> how
[21:27:19] [Render thread/INFO]: [System] [CHAT] [❤LessOf] Toaster> maybe you missed it
[21:27:24] [Render thread/WARN]: Received passengers for unknown entity
[21:27:26] [pool-2-thread-1/INFO]: [STDOUT]: Loading region -17,-18 from disk /home/gavinboor/.local/share/multimc/instances/Baritone - Wurst/.minecraft/baritone/play.survivewith.us/minecraft/overworld_384/cache
[21:27:26] [pool-2-thread-1/INFO]: [STDOUT]: Loaded region successfully in 87ms
[21:27:26] [pool-2-thread-1/INFO]: [STDOUT]: Loading region -18,-18 from disk /home/gavinboor/.local/share/multimc/instances/Baritone - Wurst/.minecraft/baritone/play.survivewith.us/minecraft/overworld_384/cache
[21:27:26] [pool-2-thread-1/INFO]: [STDOUT]: Loaded region successfully in 65ms
[21:27:26] [pool-2-thread-1/INFO]: [STDOUT]: Loading region -17,-17 from disk /home/gavinboor/.local/share/multimc/instances/Baritone - Wurst/.minecraft/baritone/play.survivewith.us/minecraft/overworld_384/cache
[21:27:26] [pool-2-thread-1/INFO]: [STDOUT]: Loaded region successfully in 104ms
[21:27:28] [pool-2-thread-1/INFO]: [STDOUT]: Loading region -18,-17 from disk /home/gavinboor/.local/share/multimc/instances/Baritone - Wurst/.minecraft/baritone/play.survivewith.us/minecraft/overworld_384/cache
[21:27:28] [pool-2-thread-1/INFO]: [STDOUT]: Loaded region successfully in 56ms
[21:27:30] [Render thread/INFO]: [System] [CHAT] You can't do that here!
[21:27:39] [Render thread/INFO]: [System] [CHAT] You can't do that here!
[21:27:40] [Render thread/INFO]: [System] [CHAT] TKDninjaboy has gone AFK!
[21:27:47] [Render thread/INFO]: [System] [CHAT] You don't own this claim
[21:27:49] [Render thread/INFO]: [System] [CHAT] [❤LessOf] Toaster> ah
[21:27:51] [Render thread/INFO]: [System] [CHAT] You don't own this claim
[21:27:53] [Render thread/INFO]: [System] [CHAT] [❤LessOf] Toaster> this chunk
[21:27:55] [Render thread/INFO]: [System] [CHAT] [❤LessOf] Toaster> right here
[21:28:00] [Render thread/INFO]: [System] [CHAT] You have successfully unclaimed this chunk.
[21:28:05] [Render thread/INFO]: [System] [CHAT] You have successfully unclaimed this chunk.
[21:28:08] [Render thread/INFO]: [System] [CHAT] You don't own this claim
[21:28:11] [Render thread/INFO]: [System] [CHAT] [❤LessOf] Toaster> thanks
[21:28:11] [Render thread/INFO]: [System] [CHAT] You don't own this claim
[21:28:13] [Render thread/INFO]: [System] [CHAT] You've used 133 out of 4613 claims.
[21:28:25] [Render thread/INFO]: [System] [CHAT] [Binary] CodeOverload> ok
[21:28:31] [Render thread/INFO]: [System] [CHAT] [❤LessOf] Toaster> ill get ur spawners ready
[21:28:49] [Render thread/INFO]: [System] [CHAT] [+] [Custom+] Randumb
[21:28:51] [Render thread/INFO]: [System] [CHAT] [Cartographer] Morzone> WB
[21:28:52] [Render thread/INFO]: [System] [CHAT] [MVP] forgingboar> WB
[21:28:55] [Render thread/INFO]: [System] [CHAT] [-] [☠] Randumb
[21:29:27] [Render thread/INFO]: [System] [CHAT] [MVP] forgingboar> rip
[21:30:05] [Render thread/INFO]: [System] [CHAT] You can now fly by double-jumping!
[21:30:48] [Render thread/INFO]: [System] [CHAT] [MVP] forgingboar> question
[21:30:49] [Render thread/INFO]: [System] [CHAT] [MVP] forgingboar> code
[21:30:57] [Render thread/INFO]: [System] [CHAT] [MVP] forgingboar> i need your opinion on this
[21:31:04] [Render thread/INFO]: [System] [CHAT] §9forgingboar§e would like you to teleport to them: §aAccept §c Deny
[21:31:08] [pool-2-thread-4/INFO]: [STDOUT]: Started saving the world in a new thread
[21:31:08] [pool-2-thread-4/INFO]: [STDOUT]: Saving region -4,14 to disk /home/gavinboor/.local/share/multimc/instances/Baritone - Wurst/.minecraft/baritone/play.survivewith.us/minecraft/overworld_384/cache
[21:31:08] [ForkJoinPool.commonPool-worker-29/INFO]: [STDOUT]: Saving region -3,14 to disk /home/gavinboor/.local/share/multimc/instances/Baritone - Wurst/.minecraft/baritone/play.survivewith.us/minecraft/overworld_384/cache
[21:31:08] [Render thread/INFO]: [STDOUT]: Baritone world data dir: /home/gavinboor/.local/share/multimc/instances/Baritone - Wurst/.minecraft/baritone/play.survivewith.us/minecraft/the_nether_128
[21:31:08] [ForkJoinPool.commonPool-worker-30/INFO]: [STDOUT]: Saving region -18,-17 to disk /home/gavinboor/.local/share/multimc/instances/Baritone - Wurst/.minecraft/baritone/play.survivewith.us/minecraft/overworld_384/cache
[21:31:08] [ForkJoinPool.commonPool-worker-28/INFO]: [STDOUT]: Saving region -18,-18 to disk /home/gavinboor/.local/share/multimc/instances/Baritone - Wurst/.minecraft/baritone/play.survivewith.us/minecraft/overworld_384/cache
[21:31:08] [Render thread/INFO]: [STDOUT]: Cached world directory: /home/gavinboor/.local/share/multimc/instances/Baritone - Wurst/.minecraft/baritone/play.survivewith.us/minecraft/the_nether_128/cache
[21:31:08] [ForkJoinPool.commonPool-worker-31/INFO]: [STDOUT]: Saving region -17,-18 to disk /home/gavinboor/.local/share/multimc/instances/Baritone - Wurst/.minecraft/baritone/play.survivewith.us/minecraft/overworld_384/cache
[21:31:08] [ForkJoinPool.commonPool-worker-32/INFO]: [STDOUT]: Saving region -17,-17 to disk /home/gavinboor/.local/share/multimc/instances/Baritone - Wurst/.minecraft/baritone/play.survivewith.us/minecraft/overworld_384/cache
[21:31:08] [Render thread/INFO]: [STDOUT]: Would save waypoints to /home/gavinboor/.local/share/multimc/instances/Baritone - Wurst/.minecraft/baritone/play.survivewith.us/minecraft/the_nether_128/waypoints
[21:31:08] [pool-2-thread-4/INFO]: [STDOUT]: Saved region successfully
[21:31:08] [ForkJoinPool.commonPool-worker-30/INFO]: [STDOUT]: Saved region successfully
[21:31:08] [ForkJoinPool.commonPool-worker-28/INFO]: [STDOUT]: Saved region successfully
[21:31:08] [ForkJoinPool.commonPool-worker-31/INFO]: [STDOUT]: Saved region successfully
[21:31:08] [ForkJoinPool.commonPool-worker-32/INFO]: [STDOUT]: Saved region successfully
[21:31:08] [ForkJoinPool.commonPool-worker-29/INFO]: [STDOUT]: Saved region successfully
[21:31:08] [pool-2-thread-4/INFO]: [STDOUT]: World save took 290ms
[21:31:13] [Render thread/INFO]: [System] [CHAT] [MVP] forgingboar> what floor should be here
[21:31:14] [Render thread/INFO]: [System] [CHAT] [+] [MVP] Tsunami
[21:31:16] [Render thread/INFO]: [System] [CHAT] [Cartographer] Morzone> wb
[21:31:17] [Render thread/INFO]: [System] [CHAT] [MVP] forgingboar> WB
[21:31:18] [Render thread/INFO]: [System] [CHAT] Want to support the server, get /crate keys and your next /rank? Don't forget to /vote!
[21:31:20] [Render thread/INFO]: [System] [CHAT] [MVP] Tsunami> yu
[21:31:21] [Render thread/INFO]: [System] [CHAT] [MVP] Tsunami> ty
[21:31:22] [Render thread/INFO]: [System] [CHAT] [Binary] CodeOverload> flor?
[21:31:24] [Render thread/INFO]: [System] [CHAT] [Binary] CodeOverload> like
[21:31:26] [Render thread/INFO]: [System] [CHAT] [MVP] forgingboar> yes
[21:31:26] [Render thread/INFO]: [System] [CHAT] [Binary] CodeOverload> block?
[21:31:27] [Render thread/INFO]: [System] [CHAT] [MVP] forgingboar> what type
[21:31:30] [Render thread/INFO]: [System] [CHAT] [MVP] forgingboar> yes
[21:31:38] [pool-2-thread-5/INFO]: [STDOUT]: Saving region 10,3 to disk /home/gavinboor/.local/share/multimc/instances/Baritone - Wurst/.minecraft/baritone/play.survivewith.us/minecraft/the_nether_128/cache
[21:31:38] [ForkJoinPool.commonPool-worker-32/INFO]: [STDOUT]: Saving region 10,4 to disk /home/gavinboor/.local/share/multimc/instances/Baritone - Wurst/.minecraft/baritone/play.survivewith.us/minecraft/the_nether_128/cache
[21:31:38] [ForkJoinPool.commonPool-worker-29/INFO]: [STDOUT]: Saving region 9,3 to disk /home/gavinboor/.local/share/multimc/instances/Baritone - Wurst/.minecraft/baritone/play.survivewith.us/minecraft/the_nether_128/cache
[21:31:38] [ForkJoinPool.commonPool-worker-31/INFO]: [STDOUT]: Saving region 9,4 to disk /home/gavinboor/.local/share/multimc/instances/Baritone - Wurst/.minecraft/baritone/play.survivewith.us/minecraft/the_nether_128/cache
[21:31:38] [pool-2-thread-5/INFO]: [STDOUT]: Saved region successfully
[21:31:38] [ForkJoinPool.commonPool-worker-29/INFO]: [STDOUT]: Saved region successfully
[21:31:38] [ForkJoinPool.commonPool-worker-32/INFO]: [STDOUT]: Saved region successfully
[21:31:38] [ForkJoinPool.commonPool-worker-31/INFO]: [STDOUT]: Saved region successfully
[21:31:38] [pool-2-thread-5/INFO]: [STDOUT]: World save took 62ms
[21:31:45] [Render thread/INFO]: [System] [CHAT] [MVP] forgingboar> bro
[21:31:47] [Render thread/INFO]: [System] [CHAT] [Binary] CodeOverload> old cobblestone texture
[21:31:54] [Render thread/INFO]: [System] [CHAT] [Binary] CodeOverload> on a actual note
[21:31:55] [Render thread/INFO]: [System] [CHAT] [-] [MVP] Tsunami
[21:31:58] [Render thread/INFO]: [System] [CHAT] [MVP] forgingboar> wdym old cobblestone texture
[21:32:07] [Render thread/INFO]: [System] [CHAT] [Binary] CodeOverload> do you know how ugly it was xd
[21:32:18] [Render thread/INFO]: [System] [CHAT] [MVP] forgingboar> some yes
[21:32:27] [Render thread/INFO]: [System] [CHAT] [+] [Custom+] bingbong
[21:32:29] [Render thread/INFO]: [System] [CHAT] [Binary] CodeOverload> id say
[21:32:34] [Render thread/INFO]: [System] [CHAT] [MVP] forgingboar> wb
[21:32:48] [pool-2-thread-2/INFO]: [STDOUT]: World save took 1ms
[21:32:56] [Render thread/INFO]: [System] [CHAT] [Binary] CodeOverload> redstone lamps
[21:33:02] [Render thread/INFO]: [System] [CHAT] [Binary] CodeOverload> ontop of white concrete maybe?
[21:33:06] [Render thread/INFO]: [System] [CHAT] [MVP] forgingboar> the whole floor?
[21:33:08] [Render thread/INFO]: [System] [CHAT] [Binary] CodeOverload> some kind of shape
[21:33:14] [Render thread/INFO]: [System] [CHAT] [MVP] forgingboar> wait
[21:33:14] [Render thread/INFO]: [System] [CHAT] [Binary] CodeOverload> nah like mostly white floor
[21:33:20] [Render thread/INFO]: [System] [CHAT] [Binary] CodeOverload> with lamps in a pattern
[21:33:21] [Render thread/INFO]: [System] [CHAT] [MVP] forgingboar> what about checkers black and white
[21:33:31] [Render thread/INFO]: [System] [CHAT] [Binary] CodeOverload> doesn't fit too well
[21:33:37] [Render thread/INFO]: [System] [CHAT] [MVP] forgingboar> i think grey concrete
[21:33:40] [Render thread/INFO]: [System] [CHAT] [Binary] CodeOverload> ur scheme doesn't match
[21:33:41] [Render thread/INFO]: [System] [CHAT] [MVP] forgingboar> what do you think
[21:33:44] [Render thread/INFO]: [System] [CHAT] [Binary] CodeOverload> you do you
[21:33:45] [Render thread/INFO]: [System] [CHAT] [Binary] CodeOverload> lol
[21:33:46] [Render thread/INFO]: [STDOUT]: Baritone world data dir: /home/gavinboor/.local/share/multimc/instances/Baritone - Wurst/.minecraft/baritone/play.survivewith.us/minecraft/overworld_384
[21:33:46] [pool-2-thread-6/INFO]: [STDOUT]: Started saving the world in a new thread
[21:33:46] [pool-2-thread-6/INFO]: [STDOUT]: World save took 0ms
[21:33:47] [Render thread/INFO]: [System] [CHAT] [MVP] forgingboar> im going for a doom look
[21:33:55] [Render thread/INFO]: [System] [CHAT] [Binary] CodeOverload> never played it
[21:35:05] [Render thread/INFO]: [System] [CHAT] [+] [Legend] Crazy☠RabbiT
[21:35:06] [Render thread/INFO]: [System] [CHAT] [Cartographer] Morzone> wb
[21:35:07] [Render thread/INFO]: [System] [CHAT] [❤LessOf] Toaster> wb
[21:35:09] [Render thread/INFO]: [System] [CHAT] [MVP] forgingboar> wb
[21:35:11] [Render thread/INFO]: [System] [CHAT] [Legend] Crazy☠RabbiT> I joined using ChatCraft from my Android device! Download it for free!
[21:35:14] [Render thread/INFO]: [System] [CHAT] [❤LessOf] Toaster> W
[21:35:17] [Render thread/INFO]: [System] [CHAT] [Legend] Crazy☠RabbiT> ty
[21:35:55] [Render thread/INFO]: [System] [CHAT] [+] [MVP] Nani
[21:35:56] [Render thread/INFO]: [System] [CHAT] [-] [MVP] forgingboar
[21:36:15] [Render thread/INFO]: [System] [CHAT] You can now fly by double-jumping!
[21:36:57] [Render thread/INFO]: [System] [CHAT] [-] [Legend] Crazy☠RabbiT
[21:37:37] [Render thread/INFO]: [System] [CHAT] [+] [MVP] forgingboar
[21:37:38] [Render thread/INFO]: [System] [CHAT] [Cartographer] Morzone> w
[21:37:39] [Render thread/INFO]: [System] [CHAT] [Cartographer] Morzone> wb
[21:37:43] [Render thread/INFO]: [System] [CHAT] [MVP] forgingboar> t
[21:37:43] [Render thread/INFO]: [System] [CHAT] [MVP] forgingboar> ty
[21:37:48] [Render thread/INFO]: [System] [CHAT] Available Commands: 1/17
[21:37:48] [Render thread/INFO]: [System] [CHAT] Afk: Let other players know you've gone afk.
[21:37:48] [Render thread/INFO]: [System] [CHAT] Back: Teleport to where you previously were.
[21:37:48] [Render thread/INFO]: [System] [CHAT] Backpack: Opens your backpack.
[21:37:48] [Render thread/INFO]: [System] [CHAT] Balance: Find out how much money you have.
[21:37:48] [Render thread/INFO]: [System] [CHAT] Blacklist: Blacklist a player from doing things in your claim.
[21:38:43] [Render thread/INFO]: [System] [CHAT] §9§e§lT§d§lo§b§la§6§ls§e§lt§0§ler§e would like to teleport to you: §aAccept §c Deny
[21:38:55] [Render thread/INFO]: [System] [CHAT] [Binary] CodeOverload> ow
[21:39:33] [Render thread/INFO]: [System] [CHAT] [Binary] CodeOverload> gracias
[21:39:36] [Render thread/INFO]: [System] [CHAT] You'll be able to fly again in: 21 seconds!
[21:39:41] [Render thread/INFO]: [System] [CHAT] [Binary] CodeOverload> i cant fly
[21:39:43] [Render thread/INFO]: [System] [CHAT] [Binary] CodeOverload> :///
[21:39:44] [Render thread/INFO]: [System] [CHAT] [❤LessOf] Toaster> wait a minute
[21:39:56] [Render thread/INFO]: [System] [CHAT] You'll be able to fly again in: 1 seconds!
[21:39:57] [Render thread/INFO]: [System] [CHAT] You'll be able to fly again in: 0 seconds!
[21:39:58] [Render thread/INFO]: [System] [CHAT] You can now fly by double-jumping!
[21:40:04] [Render thread/INFO]: [System] [CHAT] [❤LessOf] Toaster> alright
[21:40:11] [Render thread/INFO]: [System] [CHAT] [❤LessOf] Toaster> ill see myself out
[21:40:14] [Render thread/INFO]: [System] [CHAT] [Binary] CodeOverload> kk
[21:40:59] [Render thread/INFO]: [System] [CHAT] INKY has gone AFK!
[21:41:08] [Render thread/INFO]: [System] [CHAT] [-] [MVP] Nani
[21:41:21] [Render thread/INFO]: [System] [CHAT] [+] [MVP] Nani
[21:41:25] [pool-2-thread-1/INFO]: [STDOUT]: Loading region 0,16 from disk /home/gavinboor/.local/share/multimc/instances/Baritone - Wurst/.minecraft/baritone/play.survivewith.us/minecraft/overworld_384/cache
[21:41:25] [pool-2-thread-1/INFO]: [STDOUT]: Loaded region successfully in 208ms
[21:41:27] [pool-2-thread-1/INFO]: [STDOUT]: Loading region 1,16 from disk /home/gavinboor/.local/share/multimc/instances/Baritone - Wurst/.minecraft/baritone/play.survivewith.us/minecraft/overworld_384/cache
[21:41:27] [pool-2-thread-1/INFO]: [STDOUT]: Loaded region successfully in 49ms
[21:41:38] [pool-2-thread-5/INFO]: [STDOUT]: World save took 1ms
[21:41:41] [Render thread/INFO]: Stopping!
[21:41:41] [Render thread/INFO]: Minimap session finalized.
[21:41:41] [Render thread/INFO]: Finalizing world map session...
[21:41:41] [Thread-1/INFO]: World map force-cleaned!
[21:41:41] [Render thread/INFO]: World map session finalized.
