[13:07:29] [main/INFO]: Loading Minecraft 1.19.2 with Fabric Loader 0.14.9
[13:07:29] [ForkJoinPool-1-worker-2/WARN]: Mod wurst uses the version v7.27.3-MC1.19.2 which isn't compatible with Loader's extended semantic version format (Could not parse version number component 'v7'!), SemVer is recommended for reliably evaluating dependencies and prioritizing newer version
[13:07:29] [ForkJoinPool-1-worker-7/WARN]: Mod wurst uses the version v7.28-MC1.19.2 which isn't compatible with Loader's extended semantic version format (Could not parse version number component 'v7'!), SemVer is recommended for reliably evaluating dependencies and prioritizing newer version
[13:07:29] [main/INFO]: Loading 55 mods:
	- baritone 1.5.3-621-gaddd1fc7
	- fabric-api 0.61.0+1.19.2
	- fabric-api-base 0.4.11+e62f51a390 via fabric-api
	- fabric-api-lookup-api-v1 1.6.9+9ff28f4090 via fabric-api
	- fabric-biome-api-v1 9.0.17+aeb40ebe90 via fabric-api
	- fabric-blockrenderlayer-v1 1.1.20+aeb40ebe90 via fabric-api
	- fabric-client-tags-api-v1 1.0.1+b35fea8390 via fabric-api
	- fabric-command-api-v1 1.2.11+f71b366f90 via fabric-api
	- fabric-command-api-v2 2.1.7+0c17ea9690 via fabric-api
	- fabric-commands-v0 0.2.28+df3654b390 via fabric-api
	- fabric-containers-v0 0.1.34+df3654b390 via fabric-api
	- fabric-content-registries-v0 3.3.0+624e468e90 via fabric-api
	- fabric-convention-tags-v1 1.1.1+7cd20a1490 via fabric-api
	- fabric-crash-report-info-v1 0.2.5+aeb40ebe90 via fabric-api
	- fabric-data-generation-api-v1 5.1.9+a680b9b490 via fabric-api
	- fabric-dimensions-v1 2.1.31+0dd10df690 via fabric-api
	- fabric-entity-events-v1 1.4.18+9ff28f4090 via fabric-api
	- fabric-events-interaction-v0 0.4.28+aeb40ebe90 via fabric-api
	- fabric-events-lifecycle-v0 0.2.28+df3654b390 via fabric-api
	- fabric-game-rule-api-v1 1.0.21+aeb40ebe90 via fabric-api
	- fabric-item-api-v1 1.5.7+35a03c4390 via fabric-api
	- fabric-item-groups-v0 0.3.29+4e8ca3fd90 via fabric-api
	- fabric-key-binding-api-v1 1.0.20+aeb40ebe90 via fabric-api
	- fabric-keybindings-v0 0.2.18+df3654b390 via fabric-api
	- fabric-lifecycle-events-v1 2.1.2+aeb40ebe90 via fabric-api
	- fabric-loot-api-v2 1.1.3+83a8659290 via fabric-api
	- fabric-loot-tables-v1 1.1.6+9e7660c690 via fabric-api
	- fabric-message-api-v1 5.0.3+176380a290 via fabric-api
	- fabric-mining-level-api-v1 2.1.14+33fbc73890 via fabric-api
	- fabric-models-v0 0.3.17+aeb40ebe90 via fabric-api
	- fabric-networking-api-v1 1.2.4+5eb68ef290 via fabric-api
	- fabric-networking-v0 0.3.21+df3654b390 via fabric-api
	- fabric-object-builder-api-v1 4.0.11+aeb40ebe90 via fabric-api
	- fabric-particles-v1 1.0.10+aeb40ebe90 via fabric-api
	- fabric-registry-sync-v0 0.9.25+726b652090 via fabric-api
	- fabric-renderer-api-v1 1.0.10+aeb40ebe90 via fabric-api
	- fabric-renderer-indigo 0.6.12+aeb40ebe90 via fabric-api
	- fabric-renderer-registries-v1 3.2.20+df3654b390 via fabric-api
	- fabric-rendering-data-attachment-v1 0.3.14+aeb40ebe90 via fabric-api
	- fabric-rendering-fluids-v1 3.0.7+aeb40ebe90 via fabric-api
	- fabric-rendering-v0 1.1.22+df3654b390 via fabric-api
	- fabric-rendering-v1 1.10.16+aeb40ebe90 via fabric-api
	- fabric-resource-conditions-api-v1 2.0.11+e62f51a390 via fabric-api
	- fabric-resource-loader-v0 0.6.1+aeb40ebe90 via fabric-api
	- fabric-screen-api-v1 1.0.26+f05effaf90 via fabric-api
	- fabric-screen-handler-api-v1 1.3.0+1cc24b1b90 via fabric-api
	- fabric-textures-v0 1.0.20+aeb40ebe90 via fabric-api
	- fabric-transfer-api-v1 2.1.0+8f88597390 via fabric-api
	- fabric-transitive-access-wideners-v1 1.3.0+42d99c3290 via fabric-api
	- fabricloader 0.14.9
	- java 17
	- minecraft 1.19.2
	- wurst v7.28-MC1.19.2
	- xaerominimap 22.15.1
	- xaeroworldmap 1.28.0
[13:07:29] [main/INFO]: SpongePowered MIXIN Subsystem Version=0.8.5 Source=file:/home/gavinboor/.local/share/multimc/libraries/net/fabricmc/sponge-mixin/0.11.4+mixin.0.8.5/sponge-mixin-0.11.4+mixin.0.8.5.jar Service=Knot/Fabric Env=CLIENT
[13:07:29] [main/INFO]: Compatibility level set to JAVA_17
[13:07:30] [main/WARN]: Error loading class: me/jellysquid/mods/sodium/client/render/occlusion/BlockOcclusionCache (java.lang.ClassNotFoundException: me/jellysquid/mods/sodium/client/render/occlusion/BlockOcclusionCache)
[13:07:30] [main/WARN]: Configuration conflict: there is more than one oshi.properties file on the classpath
[13:07:30] [main/WARN]: Configuration conflict: there is more than one oshi.architecture.properties file on the classpath
[13:07:33] [main/INFO]: Building optimized datafixer
[13:07:34] [Render thread/INFO]: Environment: authHost='https://authserver.mojang.com', accountsHost='https://api.mojang.com', sessionHost='https://sessionserver.mojang.com', servicesHost='https://api.minecraftservices.com', name='PROD'
[13:07:35] [Render thread/INFO]: Setting user: CodeOverload
[13:07:35] [Render thread/INFO]: [STDOUT]: Starting Wurst Client...
[13:07:36] [Render thread/INFO]: [Indigo] Registering Indigo renderer!
[13:07:36] [Render thread/INFO]: Loading Xaero's Minimap - Stage 1/2
[13:07:38] [Render thread/INFO]: Loading Xaero's World Map - Stage 1/2
[13:07:40] [Render thread/INFO]: Backend library: LWJGL version 3.3.1 SNAPSHOT
[13:07:43] [Render thread/WARN]: ERROR : Couldn't load Narrator library
java.lang.UnsatisfiedLinkError: Unable to load library 'fliteWrapper':
libfliteWrapper.so: cannot open shared object file: No such file or directory
libfliteWrapper.so: cannot open shared object file: No such file or directory
Native library (linux-x86-64/libfliteWrapper.so) not found in resource path (/home/gavinboor/.local/share/multimc/bin/jars/NewLaunch.jar:/home/gavinboor/.local/share/multimc/libraries/org/lwjgl/lwjgl-glfw/3.3.1/lwjgl-glfw-3.3.1.jar:/home/gavinboor/.local/share/multimc/libraries/org/lwjgl/lwjgl-jemalloc/3.3.1/lwjgl-jemalloc-3.3.1.jar:/home/gavinboor/.local/share/multimc/libraries/org/lwjgl/lwjgl-openal/3.3.1/lwjgl-openal-3.3.1.jar:/home/gavinboor/.local/share/multimc/libraries/org/lwjgl/lwjgl-opengl/3.3.1/lwjgl-opengl-3.3.1.jar:/home/gavinboor/.local/share/multimc/libraries/org/lwjgl/lwjgl-stb/3.3.1/lwjgl-stb-3.3.1.jar:/home/gavinboor/.local/share/multimc/libraries/org/lwjgl/lwjgl-tinyfd/3.3.1/lwjgl-tinyfd-3.3.1.jar:/home/gavinboor/.local/share/multimc/libraries/org/lwjgl/lwjgl/3.3.1/lwjgl-3.3.1.jar:/home/gavinboor/.local/share/multimc/libraries/com/mojang/logging/1.0.0/logging-1.0.0.jar:/home/gavinboor/.local/share/multimc/libraries/com/mojang/blocklist/1.0.10/blocklist-1.0.10.jar:/home/gavinboor/.local/share/multimc/libraries/com/mojang/patchy/2.2.10/patchy-2.2.10.jar:/home/gavinboor/.local/share/multimc/libraries/com/github/oshi/oshi-core/5.8.5/oshi-core-5.8.5.jar:/home/gavinboor/.local/share/multimc/libraries/net/java/dev/jna/jna/5.10.0/jna-5.10.0.jar:/home/gavinboor/.local/share/multimc/libraries/net/java/dev/jna/jna-platform/5.10.0/jna-platform-5.10.0.jar:/home/gavinboor/.local/share/multimc/libraries/org/slf4j/slf4j-api/1.8.0-beta4/slf4j-api-1.8.0-beta4.jar:/home/gavinboor/.local/share/multimc/libraries/org/apache/logging/log4j/log4j-slf4j18-impl/2.16.0/log4j-slf4j18-impl-2.16.0.jar:/home/gavinboor/.local/share/multimc/libraries/com/ibm/icu/icu4j/70.1/icu4j-70.1.jar:/home/gavinboor/.local/share/multimc/libraries/com/mojang/javabridge/1.2.24/javabridge-1.2.24.jar:/home/gavinboor/.local/share/multimc/libraries/net/sf/jopt-simple/jopt-simple/5.0.4/jopt-simple-5.0.4.jar:/home/gavinboor/.local/share/multimc/libraries/io/netty/netty-common/4.1.77.Final/netty-common-4.1.77.Final.jar:/home/gavinboor/.local/share/multimc/libraries/io/netty/netty-buffer/4.1.77.Final/netty-buffer-4.1.77.Final.jar:/home/gavinboor/.local/share/multimc/libraries/io/netty/netty-codec/4.1.77.Final/netty-codec-4.1.77.Final.jar:/home/gavinboor/.local/share/multimc/libraries/io/netty/netty-handler/4.1.77.Final/netty-handler-4.1.77.Final.jar:/home/gavinboor/.local/share/multimc/libraries/io/netty/netty-resolver/4.1.77.Final/netty-resolver-4.1.77.Final.jar:/home/gavinboor/.local/share/multimc/libraries/io/netty/netty-transport/4.1.77.Final/netty-transport-4.1.77.Final.jar:/home/gavinboor/.local/share/multimc/libraries/io/netty/netty-transport-native-unix-common/4.1.77.Final/netty-transport-native-unix-common-4.1.77.Final.jar:/home/gavinboor/.local/share/multimc/libraries/io/netty/netty-transport-classes-epoll/4.1.77.Final/netty-transport-classes-epoll-4.1.77.Final.jar:/home/gavinboor/.local/share/multimc/libraries/io/netty/netty-transport-native-epoll/4.1.77.Final/netty-transport-native-epoll-4.1.77.Final-linux-x86_64.jar:/home/gavinboor/.local/share/multimc/libraries/com/google/guava/failureaccess/1.0.1/failureaccess-1.0.1.jar:/home/gavinboor/.local/share/multimc/libraries/com/google/guava/guava/31.0.1-jre/guava-31.0.1-jre.jar:/home/gavinboor/.local/share/multimc/libraries/org/apache/commons/commons-lang3/3.12.0/commons-lang3-3.12.0.jar:/home/gavinboor/.local/share/multimc/libraries/commons-io/commons-io/2.11.0/commons-io-2.11.0.jar:/home/gavinboor/.local/share/multimc/libraries/commons-codec/commons-codec/1.15/commons-codec-1.15.jar:/home/gavinboor/.local/share/multimc/libraries/com/mojang/brigadier/1.0.18/brigadier-1.0.18.jar:/home/gavinboor/.local/share/multimc/libraries/com/mojang/datafixerupper/5.0.28/datafixerupper-5.0.28.jar:/home/gavinboor/.local/share/multimc/libraries/com/google/code/gson/gson/2.8.9/gson-2.8.9.jar:/home/gavinboor/.local/share/multimc/libraries/com/mojang/authlib/3.11.49/authlib-3.11.49.jar:/home/gavinboor/.local/share/multimc/libraries/org/apache/commons/commons-compress/1.21/commons-compress-1.21.jar:/home/gavinboor/.local/share/multimc/libraries/org/apache/httpcomponents/httpclient/4.5.13/httpclient-4.5.13.jar:/home/gavinboor/.local/share/multimc/libraries/commons-logging/commons-logging/1.2/commons-logging-1.2.jar:/home/gavinboor/.local/share/multimc/libraries/org/apache/httpcomponents/httpcore/4.4.14/httpcore-4.4.14.jar:/home/gavinboor/.local/share/multimc/libraries/it/unimi/dsi/fastutil/8.5.6/fastutil-8.5.6.jar:/home/gavinboor/.local/share/multimc/libraries/org/apache/logging/log4j/log4j-api/2.16.0/log4j-api-2.16.0.jar:/home/gavinboor/.local/share/multimc/libraries/org/apache/logging/log4j/log4j-core/2.16.0/log4j-core-2.16.0.jar:/home/gavinboor/.local/share/multimc/libraries/com/mojang/text2speech/1.13.9/text2speech-1.13.9.jar:/home/gavinboor/.local/share/multimc/libraries/net/fabricmc/intermediary/1.19.2/intermediary-1.19.2.jar:/home/gavinboor/.local/share/multimc/libraries/net/fabricmc/tiny-mappings-parser/0.3.0+build.17/tiny-mappings-parser-0.3.0+build.17.jar:/home/gavinboor/.local/share/multimc/libraries/net/fabricmc/sponge-mixin/0.11.4+mixin.0.8.5/sponge-mixin-0.11.4+mixin.0.8.5.jar:/home/gavinboor/.local/share/multimc/libraries/net/fabricmc/tiny-remapper/0.8.2/tiny-remapper-0.8.2.jar:/home/gavinboor/.local/share/multimc/libraries/net/fabricmc/access-widener/2.1.0/access-widener-2.1.0.jar:/home/gavinboor/.local/share/multimc/libraries/org/ow2/asm/asm/9.3/asm-9.3.jar:/home/gavinboor/.local/share/multimc/libraries/org/ow2/asm/asm-analysis/9.3/asm-analysis-9.3.jar:/home/gavinboor/.local/share/multimc/libraries/org/ow2/asm/asm-commons/9.3/asm-commons-9.3.jar:/home/gavinboor/.local/share/multimc/libraries/org/ow2/asm/asm-tree/9.3/asm-tree-9.3.jar:/home/gavinboor/.local/share/multimc/libraries/org/ow2/asm/asm-util/9.3/asm-util-9.3.jar:/home/gavinboor/.local/share/multimc/libraries/net/fabricmc/fabric-loader/0.14.9/fabric-loader-0.14.9.jar:/home/gavinboor/.local/share/multimc/libraries/com/mojang/minecraft/1.19.2/minecraft-1.19.2-client.jar)
	at com.sun.jna.NativeLibrary.loadLibrary(NativeLibrary.java:301) ~[jna-5.10.0.jar:?]
	at com.sun.jna.NativeLibrary.getInstance(NativeLibrary.java:461) ~[jna-5.10.0.jar:?]
	at com.sun.jna.NativeLibrary.getInstance(NativeLibrary.java:403) ~[jna-5.10.0.jar:?]
	at com.mojang.text2speech.NarratorLinux.<clinit>(NarratorLinux.java:18) [text2speech-1.13.9.jar:?]
	at com.mojang.text2speech.Narrator.getNarrator(Narrator.java:21) [text2speech-1.13.9.jar:?]
	at net.minecraft.class_333.<init>(class_333.java:19) [client-intermediary.jar:?]
	at net.minecraft.class_310.<init>(class_310.java:637) [client-intermediary.jar:?]
	at net.minecraft.client.main.Main.method_44604(Main.java:205) [client-intermediary.jar:?]
	at net.minecraft.client.main.Main.main(Main.java:51) [client-intermediary.jar:?]
	at net.fabricmc.loader.impl.game.minecraft.MinecraftGameProvider.launch(MinecraftGameProvider.java:461) [fabric-loader-0.14.9.jar:?]
	at net.fabricmc.loader.impl.launch.knot.Knot.launch(Knot.java:74) [fabric-loader-0.14.9.jar:?]
	at net.fabricmc.loader.impl.launch.knot.KnotClient.main(KnotClient.java:23) [fabric-loader-0.14.9.jar:?]
	at jdk.internal.reflect.NativeMethodAccessorImpl.invoke0(Native Method) ~[?:?]
	at jdk.internal.reflect.NativeMethodAccessorImpl.invoke(NativeMethodAccessorImpl.java:77) ~[?:?]
	at jdk.internal.reflect.DelegatingMethodAccessorImpl.invoke(DelegatingMethodAccessorImpl.java:43) ~[?:?]
	at java.lang.reflect.Method.invoke(Method.java:568) ~[?:?]
	at org.multimc.onesix.OneSixLauncher.launchWithMainClass(OneSixLauncher.java:210) [NewLaunch.jar:?]
	at org.multimc.onesix.OneSixLauncher.launch(OneSixLauncher.java:245) [NewLaunch.jar:?]
	at org.multimc.EntryPoint.listen(EntryPoint.java:143) [NewLaunch.jar:?]
	at org.multimc.EntryPoint.main(EntryPoint.java:34) [NewLaunch.jar:?]
	Suppressed: java.lang.UnsatisfiedLinkError: libfliteWrapper.so: cannot open shared object file: No such file or directory
		at com.sun.jna.Native.open(Native Method) ~[jna-5.10.0.jar:?]
		at com.sun.jna.NativeLibrary.loadLibrary(NativeLibrary.java:191) ~[jna-5.10.0.jar:?]
		at com.sun.jna.NativeLibrary.getInstance(NativeLibrary.java:461) ~[jna-5.10.0.jar:?]
		at com.sun.jna.NativeLibrary.getInstance(NativeLibrary.java:403) ~[jna-5.10.0.jar:?]
		at com.mojang.text2speech.NarratorLinux.<clinit>(NarratorLinux.java:18) [text2speech-1.13.9.jar:?]
		at com.mojang.text2speech.Narrator.getNarrator(Narrator.java:21) [text2speech-1.13.9.jar:?]
		at net.minecraft.class_333.<init>(class_333.java:19) [client-intermediary.jar:?]
		at net.minecraft.class_310.<init>(class_310.java:637) [client-intermediary.jar:?]
		at net.minecraft.client.main.Main.method_44604(Main.java:205) [client-intermediary.jar:?]
		at net.minecraft.client.main.Main.main(Main.java:51) [client-intermediary.jar:?]
		at net.fabricmc.loader.impl.game.minecraft.MinecraftGameProvider.launch(MinecraftGameProvider.java:461) [fabric-loader-0.14.9.jar:?]
		at net.fabricmc.loader.impl.launch.knot.Knot.launch(Knot.java:74) [fabric-loader-0.14.9.jar:?]
		at net.fabricmc.loader.impl.launch.knot.KnotClient.main(KnotClient.java:23) [fabric-loader-0.14.9.jar:?]
		at jdk.internal.reflect.NativeMethodAccessorImpl.invoke0(Native Method) ~[?:?]
		at jdk.internal.reflect.NativeMethodAccessorImpl.invoke(NativeMethodAccessorImpl.java:77) ~[?:?]
		at jdk.internal.reflect.DelegatingMethodAccessorImpl.invoke(DelegatingMethodAccessorImpl.java:43) ~[?:?]
		at java.lang.reflect.Method.invoke(Method.java:568) ~[?:?]
		at org.multimc.onesix.OneSixLauncher.launchWithMainClass(OneSixLauncher.java:210) [NewLaunch.jar:?]
		at org.multimc.onesix.OneSixLauncher.launch(OneSixLauncher.java:245) [NewLaunch.jar:?]
		at org.multimc.EntryPoint.listen(EntryPoint.java:143) [NewLaunch.jar:?]
		at org.multimc.EntryPoint.main(EntryPoint.java:34) [NewLaunch.jar:?]
	Suppressed: java.lang.UnsatisfiedLinkError: libfliteWrapper.so: cannot open shared object file: No such file or directory
		at com.sun.jna.Native.open(Native Method) ~[jna-5.10.0.jar:?]
		at com.sun.jna.NativeLibrary.loadLibrary(NativeLibrary.java:204) ~[jna-5.10.0.jar:?]
		at com.sun.jna.NativeLibrary.getInstance(NativeLibrary.java:461) ~[jna-5.10.0.jar:?]
		at com.sun.jna.NativeLibrary.getInstance(NativeLibrary.java:403) ~[jna-5.10.0.jar:?]
		at com.mojang.text2speech.NarratorLinux.<clinit>(NarratorLinux.java:18) [text2speech-1.13.9.jar:?]
		at com.mojang.text2speech.Narrator.getNarrator(Narrator.java:21) [text2speech-1.13.9.jar:?]
		at net.minecraft.class_333.<init>(class_333.java:19) [client-intermediary.jar:?]
		at net.minecraft.class_310.<init>(class_310.java:637) [client-intermediary.jar:?]
		at net.minecraft.client.main.Main.method_44604(Main.java:205) [client-intermediary.jar:?]
		at net.minecraft.client.main.Main.main(Main.java:51) [client-intermediary.jar:?]
		at net.fabricmc.loader.impl.game.minecraft.MinecraftGameProvider.launch(MinecraftGameProvider.java:461) [fabric-loader-0.14.9.jar:?]
		at net.fabricmc.loader.impl.launch.knot.Knot.launch(Knot.java:74) [fabric-loader-0.14.9.jar:?]
		at net.fabricmc.loader.impl.launch.knot.KnotClient.main(KnotClient.java:23) [fabric-loader-0.14.9.jar:?]
		at jdk.internal.reflect.NativeMethodAccessorImpl.invoke0(Native Method) ~[?:?]
		at jdk.internal.reflect.NativeMethodAccessorImpl.invoke(NativeMethodAccessorImpl.java:77) ~[?:?]
		at jdk.internal.reflect.DelegatingMethodAccessorImpl.invoke(DelegatingMethodAccessorImpl.java:43) ~[?:?]
		at java.lang.reflect.Method.invoke(Method.java:568) ~[?:?]
		at org.multimc.onesix.OneSixLauncher.launchWithMainClass(OneSixLauncher.java:210) [NewLaunch.jar:?]
		at org.multimc.onesix.OneSixLauncher.launch(OneSixLauncher.java:245) [NewLaunch.jar:?]
		at org.multimc.EntryPoint.listen(EntryPoint.java:143) [NewLaunch.jar:?]
		at org.multimc.EntryPoint.main(EntryPoint.java:34) [NewLaunch.jar:?]
	Suppressed: java.io.IOException: Native library (linux-x86-64/libfliteWrapper.so) not found in resource path (/home/gavinboor/.local/share/multimc/bin/jars/NewLaunch.jar:/home/gavinboor/.local/share/multimc/libraries/org/lwjgl/lwjgl-glfw/3.3.1/lwjgl-glfw-3.3.1.jar:/home/gavinboor/.local/share/multimc/libraries/org/lwjgl/lwjgl-jemalloc/3.3.1/lwjgl-jemalloc-3.3.1.jar:/home/gavinboor/.local/share/multimc/libraries/org/lwjgl/lwjgl-openal/3.3.1/lwjgl-openal-3.3.1.jar:/home/gavinboor/.local/share/multimc/libraries/org/lwjgl/lwjgl-opengl/3.3.1/lwjgl-opengl-3.3.1.jar:/home/gavinboor/.local/share/multimc/libraries/org/lwjgl/lwjgl-stb/3.3.1/lwjgl-stb-3.3.1.jar:/home/gavinboor/.local/share/multimc/libraries/org/lwjgl/lwjgl-tinyfd/3.3.1/lwjgl-tinyfd-3.3.1.jar:/home/gavinboor/.local/share/multimc/libraries/org/lwjgl/lwjgl/3.3.1/lwjgl-3.3.1.jar:/home/gavinboor/.local/share/multimc/libraries/com/mojang/logging/1.0.0/logging-1.0.0.jar:/home/gavinboor/.local/share/multimc/libraries/com/mojang/blocklist/1.0.10/blocklist-1.0.10.jar:/home/gavinboor/.local/share/multimc/libraries/com/mojang/patchy/2.2.10/patchy-2.2.10.jar:/home/gavinboor/.local/share/multimc/libraries/com/github/oshi/oshi-core/5.8.5/oshi-core-5.8.5.jar:/home/gavinboor/.local/share/multimc/libraries/net/java/dev/jna/jna/5.10.0/jna-5.10.0.jar:/home/gavinboor/.local/share/multimc/libraries/net/java/dev/jna/jna-platform/5.10.0/jna-platform-5.10.0.jar:/home/gavinboor/.local/share/multimc/libraries/org/slf4j/slf4j-api/1.8.0-beta4/slf4j-api-1.8.0-beta4.jar:/home/gavinboor/.local/share/multimc/libraries/org/apache/logging/log4j/log4j-slf4j18-impl/2.16.0/log4j-slf4j18-impl-2.16.0.jar:/home/gavinboor/.local/share/multimc/libraries/com/ibm/icu/icu4j/70.1/icu4j-70.1.jar:/home/gavinboor/.local/share/multimc/libraries/com/mojang/javabridge/1.2.24/javabridge-1.2.24.jar:/home/gavinboor/.local/share/multimc/libraries/net/sf/jopt-simple/jopt-simple/5.0.4/jopt-simple-5.0.4.jar:/home/gavinboor/.local/share/multimc/libraries/io/netty/netty-common/4.1.77.Final/netty-common-4.1.77.Final.jar:/home/gavinboor/.local/share/multimc/libraries/io/netty/netty-buffer/4.1.77.Final/netty-buffer-4.1.77.Final.jar:/home/gavinboor/.local/share/multimc/libraries/io/netty/netty-codec/4.1.77.Final/netty-codec-4.1.77.Final.jar:/home/gavinboor/.local/share/multimc/libraries/io/netty/netty-handler/4.1.77.Final/netty-handler-4.1.77.Final.jar:/home/gavinboor/.local/share/multimc/libraries/io/netty/netty-resolver/4.1.77.Final/netty-resolver-4.1.77.Final.jar:/home/gavinboor/.local/share/multimc/libraries/io/netty/netty-transport/4.1.77.Final/netty-transport-4.1.77.Final.jar:/home/gavinboor/.local/share/multimc/libraries/io/netty/netty-transport-native-unix-common/4.1.77.Final/netty-transport-native-unix-common-4.1.77.Final.jar:/home/gavinboor/.local/share/multimc/libraries/io/netty/netty-transport-classes-epoll/4.1.77.Final/netty-transport-classes-epoll-4.1.77.Final.jar:/home/gavinboor/.local/share/multimc/libraries/io/netty/netty-transport-native-epoll/4.1.77.Final/netty-transport-native-epoll-4.1.77.Final-linux-x86_64.jar:/home/gavinboor/.local/share/multimc/libraries/com/google/guava/failureaccess/1.0.1/failureaccess-1.0.1.jar:/home/gavinboor/.local/share/multimc/libraries/com/google/guava/guava/31.0.1-jre/guava-31.0.1-jre.jar:/home/gavinboor/.local/share/multimc/libraries/org/apache/commons/commons-lang3/3.12.0/commons-lang3-3.12.0.jar:/home/gavinboor/.local/share/multimc/libraries/commons-io/commons-io/2.11.0/commons-io-2.11.0.jar:/home/gavinboor/.local/share/multimc/libraries/commons-codec/commons-codec/1.15/commons-codec-1.15.jar:/home/gavinboor/.local/share/multimc/libraries/com/mojang/brigadier/1.0.18/brigadier-1.0.18.jar:/home/gavinboor/.local/share/multimc/libraries/com/mojang/datafixerupper/5.0.28/datafixerupper-5.0.28.jar:/home/gavinboor/.local/share/multimc/libraries/com/google/code/gson/gson/2.8.9/gson-2.8.9.jar:/home/gavinboor/.local/share/multimc/libraries/com/mojang/authlib/3.11.49/authlib-3.11.49.jar:/home/gavinboor/.local/share/multimc/libraries/org/apache/commons/commons-compress/1.21/commons-compress-1.21.jar:/home/gavinboor/.local/share/multimc/libraries/org/apache/httpcomponents/httpclient/4.5.13/httpclient-4.5.13.jar:/home/gavinboor/.local/share/multimc/libraries/commons-logging/commons-logging/1.2/commons-logging-1.2.jar:/home/gavinboor/.local/share/multimc/libraries/org/apache/httpcomponents/httpcore/4.4.14/httpcore-4.4.14.jar:/home/gavinboor/.local/share/multimc/libraries/it/unimi/dsi/fastutil/8.5.6/fastutil-8.5.6.jar:/home/gavinboor/.local/share/multimc/libraries/org/apache/logging/log4j/log4j-api/2.16.0/log4j-api-2.16.0.jar:/home/gavinboor/.local/share/multimc/libraries/org/apache/logging/log4j/log4j-core/2.16.0/log4j-core-2.16.0.jar:/home/gavinboor/.local/share/multimc/libraries/com/mojang/text2speech/1.13.9/text2speech-1.13.9.jar:/home/gavinboor/.local/share/multimc/libraries/net/fabricmc/intermediary/1.19.2/intermediary-1.19.2.jar:/home/gavinboor/.local/share/multimc/libraries/net/fabricmc/tiny-mappings-parser/0.3.0+build.17/tiny-mappings-parser-0.3.0+build.17.jar:/home/gavinboor/.local/share/multimc/libraries/net/fabricmc/sponge-mixin/0.11.4+mixin.0.8.5/sponge-mixin-0.11.4+mixin.0.8.5.jar:/home/gavinboor/.local/share/multimc/libraries/net/fabricmc/tiny-remapper/0.8.2/tiny-remapper-0.8.2.jar:/home/gavinboor/.local/share/multimc/libraries/net/fabricmc/access-widener/2.1.0/access-widener-2.1.0.jar:/home/gavinboor/.local/share/multimc/libraries/org/ow2/asm/asm/9.3/asm-9.3.jar:/home/gavinboor/.local/share/multimc/libraries/org/ow2/asm/asm-analysis/9.3/asm-analysis-9.3.jar:/home/gavinboor/.local/share/multimc/libraries/org/ow2/asm/asm-commons/9.3/asm-commons-9.3.jar:/home/gavinboor/.local/share/multimc/libraries/org/ow2/asm/asm-tree/9.3/asm-tree-9.3.jar:/home/gavinboor/.local/share/multimc/libraries/org/ow2/asm/asm-util/9.3/asm-util-9.3.jar:/home/gavinboor/.local/share/multimc/libraries/net/fabricmc/fabric-loader/0.14.9/fabric-loader-0.14.9.jar:/home/gavinboor/.local/share/multimc/libraries/com/mojang/minecraft/1.19.2/minecraft-1.19.2-client.jar)
		at com.sun.jna.Native.extractFromResourcePath(Native.java:1145) ~[jna-5.10.0.jar:?]
		at com.sun.jna.NativeLibrary.loadLibrary(NativeLibrary.java:275) ~[jna-5.10.0.jar:?]
		at com.sun.jna.NativeLibrary.getInstance(NativeLibrary.java:461) ~[jna-5.10.0.jar:?]
		at com.sun.jna.NativeLibrary.getInstance(NativeLibrary.java:403) ~[jna-5.10.0.jar:?]
		at com.mojang.text2speech.NarratorLinux.<clinit>(NarratorLinux.java:18) [text2speech-1.13.9.jar:?]
		at com.mojang.text2speech.Narrator.getNarrator(Narrator.java:21) [text2speech-1.13.9.jar:?]
		at net.minecraft.class_333.<init>(class_333.java:19) [client-intermediary.jar:?]
		at net.minecraft.class_310.<init>(class_310.java:637) [client-intermediary.jar:?]
		at net.minecraft.client.main.Main.method_44604(Main.java:205) [client-intermediary.jar:?]
		at net.minecraft.client.main.Main.main(Main.java:51) [client-intermediary.jar:?]
		at net.fabricmc.loader.impl.game.minecraft.MinecraftGameProvider.launch(MinecraftGameProvider.java:461) [fabric-loader-0.14.9.jar:?]
		at net.fabricmc.loader.impl.launch.knot.Knot.launch(Knot.java:74) [fabric-loader-0.14.9.jar:?]
		at net.fabricmc.loader.impl.launch.knot.KnotClient.main(KnotClient.java:23) [fabric-loader-0.14.9.jar:?]
		at jdk.internal.reflect.NativeMethodAccessorImpl.invoke0(Native Method) ~[?:?]
		at jdk.internal.reflect.NativeMethodAccessorImpl.invoke(NativeMethodAccessorImpl.java:77) ~[?:?]
		at jdk.internal.reflect.DelegatingMethodAccessorImpl.invoke(DelegatingMethodAccessorImpl.java:43) ~[?:?]
		at java.lang.reflect.Method.invoke(Method.java:568) ~[?:?]
		at org.multimc.onesix.OneSixLauncher.launchWithMainClass(OneSixLauncher.java:210) [NewLaunch.jar:?]
		at org.multimc.onesix.OneSixLauncher.launch(OneSixLauncher.java:245) [NewLaunch.jar:?]
		at org.multimc.EntryPoint.listen(EntryPoint.java:143) [NewLaunch.jar:?]
		at org.multimc.EntryPoint.main(EntryPoint.java:34) [NewLaunch.jar:?]
[13:07:43] [Render thread/INFO]: Reloading ResourceManager: Default, Fabric Mods (Fabric API, Fabric API Base, Fabric API Lookup API (v1), Fabric Biome API (v1), Fabric BlockRenderLayer Registration (v1), Fabric Client Tags, Fabric Command API (v1), Fabric Command API (v2), Fabric Commands (v0), Fabric Containers (v0), Fabric Content Registries (v0), Fabric Convention Tags, Fabric Crash Report Info (v1), Fabric Data Generation API (v1), Fabric Dimensions API (v1), Fabric Entity Events (v1), Fabric Events Interaction (v0), Fabric Events Lifecycle (v0), Fabric Game Rule API (v1), Fabric Item API (v1), Fabric Item Groups (v0), Fabric Key Binding API (v1), Fabric Key Bindings (v0), Fabric Lifecycle Events (v1), Fabric Loot API (v2), Fabric Loot Tables (v1), Fabric Message API (v1), Fabric Mining Level API (v1), Fabric Models (v0), Fabric Networking API (v1), Fabric Networking (v0), Fabric Object Builder API (v1), Fabric Particles (v1), Fabric Registry Sync (v0), Fabric Renderer API (v1), Fabric Renderer - Indigo, Fabric Renderer Registries (v1), Fabric Rendering Data Attachment (v1), Fabric Rendering Fluids (v1), Fabric Rendering (v0), Fabric Rendering (v1), Fabric Resource Conditions API (v1), Fabric Resource Loader (v0), Fabric Screen API (v1), Fabric Screen Handler API (v1), Fabric Textures (v0), Fabric Transfer API (v1), Fabric Transitive Access Wideners (v1), Fabric Loader, Wurst Client, Xaero's Minimap, Xaero's World Map)
[13:07:44] [Render thread/INFO]: Loading Xaero's Minimap - Stage 2/2
[13:07:45] [Render thread/INFO]: Xaero's Minimap: World Map found!
[13:07:45] [Render thread/INFO]: No Optifine!
[13:07:45] [Render thread/INFO]: Xaero's Minimap: No Vivecraft!
[13:07:45] [Render thread/INFO]: Loading Xaero's World Map - Stage 2/2
[13:07:45] [Render thread/INFO]: New world map region cache hash code: 687554333
[13:07:45] [Render thread/INFO]: Xaero's WorldMap Mod: Xaero's minimap found!
[13:07:45] [Render thread/INFO]: No Optifine!
[13:07:45] [Render thread/INFO]: Xaero's World Map: No Vivecraft!
[13:07:47] [Render thread/WARN]: Missing sound for event: minecraft:item.goat_horn.play
[13:07:47] [Render thread/WARN]: Missing sound for event: minecraft:entity.goat.screaming.horn_break
[13:07:47] [Render thread/INFO]: OpenAL initialized on device VirtIO SoundCard
[13:07:47] [Render thread/INFO]: Sound engine started
[13:07:48] [Render thread/INFO]: Created: 1024x1024x0 minecraft:textures/atlas/blocks.png-atlas
[13:07:48] [Render thread/INFO]: Created: 256x128x0 minecraft:textures/atlas/signs.png-atlas
[13:07:48] [Render thread/INFO]: Created: 1024x512x0 minecraft:textures/atlas/banner_patterns.png-atlas
[13:07:48] [Render thread/INFO]: Created: 1024x512x0 minecraft:textures/atlas/shield_patterns.png-atlas
[13:07:48] [Render thread/INFO]: Created: 256x256x0 minecraft:textures/atlas/chest.png-atlas
[13:07:48] [Render thread/INFO]: Created: 512x256x0 minecraft:textures/atlas/beds.png-atlas
[13:07:48] [Render thread/INFO]: Created: 512x256x0 minecraft:textures/atlas/shulker_boxes.png-atlas
[13:07:50] [Render thread/WARN]: Shader rendertype_entity_translucent_emissive could not find sampler named Sampler2 in the specified shader program.
[13:07:51] [Render thread/INFO]: Created: 512x256x0 minecraft:textures/atlas/particles.png-atlas
[13:07:51] [Render thread/INFO]: Created: 256x256x0 minecraft:textures/atlas/paintings.png-atlas
[13:07:51] [Render thread/INFO]: Created: 256x128x0 minecraft:textures/atlas/mob_effects.png-atlas
[13:07:51] [Render thread/INFO]: Successfully reloaded the minimap shaders!
[13:07:51] [Render thread/INFO]: Successfully reloaded the world map shaders!
[13:08:10] [Worker-Bootstrap-2/INFO]: 4283 Datafixer optimizations took 36907 milliseconds
[13:08:12] [Render thread/INFO]: Connecting to play.survivewith.us, 25565
[13:08:14] [Render thread/INFO]: New minimap session initialized!
[13:08:14] [Render thread/INFO]: New world map session initialized!
[13:08:15] [Render thread/INFO]: [STDOUT]: Baritone world data dir: /home/gavinboor/.local/share/multimc/instances/Baritone - Wurst/.minecraft/baritone/play.survivewith.us/minecraft/overworld_384
[13:08:15] [Render thread/INFO]: [STDOUT]: Cached world directory: /home/gavinboor/.local/share/multimc/instances/Baritone - Wurst/.minecraft/baritone/play.survivewith.us/minecraft/overworld_384/cache
[13:08:15] [Render thread/INFO]: [STDOUT]: Would save waypoints to /home/gavinboor/.local/share/multimc/instances/Baritone - Wurst/.minecraft/baritone/play.survivewith.us/minecraft/overworld_384/waypoints
[13:08:15] [Render thread/INFO]: [STDOUT]: Telemetry sending attempt blocked.
[13:08:15] [Render thread/INFO]: [STDOUT]: Telemetry sending attempt blocked.
[13:08:15] [Render thread/WARN]: Not all defined tags for registry ResourceKey[minecraft:root / minecraft:block] are present in data pack: minecraft:ancient_city_replaceable, minecraft:mangrove_logs_can_grow_through, minecraft:mangrove_roots_can_grow_through, minecraft:nether_carver_replaceables, minecraft:overworld_carver_replaceables
[13:08:15] [Render thread/INFO]: [System] [CHAT] 
[13:08:15] [Render thread/INFO]: [System] [CHAT] 
[13:08:15] [Render thread/INFO]: [System] [CHAT] Welcome back to SurviveWithUs YELLOW, CodeOverload!
[13:08:15] [Render thread/INFO]: [System] [CHAT] 
[13:08:15] [Render thread/INFO]: [System] [CHAT] Â§bYou're currently receiving an Â§6Â§lXPÂ§b or Â§6Â§lMoney Boost!Â§b Click Â§bhere Â§bto Â§bview Â§byour Â§6Â§l/boosts!
[13:08:15] [Render thread/INFO]: [System] [CHAT] 
[13:08:15] [Render thread/INFO]: Loaded 848 advancements
[13:08:15] [pool-2-thread-1/INFO]: [STDOUT]: Loading region -3,14 from disk /home/gavinboor/.local/share/multimc/instances/Baritone - Wurst/.minecraft/baritone/play.survivewith.us/minecraft/overworld_384/cache
[13:08:15] [Render thread/INFO]: [System] [CHAT] [MVP] Unbent> Fuck you.
[13:08:15] [Render thread/INFO]: [System] [CHAT] [MVP] Data_the_clown> Who dose.
[13:08:15] [Render thread/INFO]: [STDOUT]: Brightness started at 0.5
[13:08:16] [Render thread/INFO]: Reloading entity icon resources...
[13:08:16] [Render thread/INFO]: Done!
[13:08:16] [pool-2-thread-1/INFO]: [STDOUT]: Loaded region successfully in 233ms
[13:08:16] [WurstUpdater/INFO]: [STDOUT]: [Updater] Current version: 7.28
[13:08:16] [WurstUpdater/INFO]: [STDOUT]: [Updater] Latest version: 7.28
[13:08:16] [pool-2-thread-1/INFO]: [STDOUT]: Loading region -4,14 from disk /home/gavinboor/.local/share/multimc/instances/Baritone - Wurst/.minecraft/baritone/play.survivewith.us/minecraft/overworld_384/cache
[13:08:16] [pool-2-thread-1/INFO]: [STDOUT]: Loaded region successfully in 75ms
[13:08:18] [Render thread/INFO]: [System] [CHAT] [MVP] Foxyfinds> wb.
[13:08:19] [Render thread/INFO]: [System] [CHAT] [â¤LessOf] Toaster> yes please
[13:08:21] [Render thread/INFO]: [System] [CHAT] [MVP] Data_the_clown> You mean f u c k.
[13:08:24] [Render thread/INFO]: [System] [CHAT] [Journeyman] VinayakExists> Stupid vexes.
[13:08:26] [Render thread/INFO]: [System] [CHAT] [â¤LessOf] Toaster> yes please
[13:08:29] [Render thread/INFO]: [System] [CHAT] [Binary] CodeOverload> ty
[13:08:33] [Render thread/INFO]: [System] [CHAT] [MVP] Foxyfinds> Yw.
[13:08:41] [Render thread/INFO]: [System] [CHAT] [MVP] Data_the_clown> How do you kill this.
[13:08:44] [Render thread/INFO]: [System] [CHAT] Remember to /vote to get your next /rank and unlock epic rewards!
[13:08:45] [pool-2-thread-2/INFO]: [STDOUT]: Saving region -4,14 to disk /home/gavinboor/.local/share/multimc/instances/Baritone - Wurst/.minecraft/baritone/play.survivewith.us/minecraft/overworld_384/cache
[13:08:45] [ForkJoinPool.commonPool-worker-3/INFO]: [STDOUT]: Saving region -3,14 to disk /home/gavinboor/.local/share/multimc/instances/Baritone - Wurst/.minecraft/baritone/play.survivewith.us/minecraft/overworld_384/cache
[13:08:45] [pool-2-thread-2/INFO]: [STDOUT]: Saved region successfully
[13:08:45] [ForkJoinPool.commonPool-worker-3/INFO]: [STDOUT]: Saved region successfully
[13:08:45] [pool-2-thread-2/INFO]: [STDOUT]: World save took 279ms
[13:08:49] [Render thread/INFO]: [System] [CHAT] [â¤LessOf] Toaster> kill the minions first
[13:08:54] [Render thread/INFO]: [System] [CHAT] [â¤LessOf] Toaster> i already said it
[13:08:54] [Render thread/INFO]: [System] [CHAT] [Journeyman] VinayakExists> Idk but its sort of free money.
[13:09:00] [Render thread/INFO]: [System] [CHAT] [Journeyman] VinayakExists> Toaster can u help.
[13:09:10] [Render thread/INFO]: [System] [CHAT] [â¤LessOf] Toaster> yeah let me crank 90s on chatcraft
[13:10:15] [Render thread/INFO]: [System] [CHAT] [â¤LessOf] Toaster> unbent
[13:11:26] [Render thread/INFO]: [System] [CHAT] [-] [Rich] HADES
[13:11:33] [Render thread/INFO]: [System] [CHAT] [â¤LessOf] Toaster> L
[13:11:50] [Render thread/INFO]: [System] [CHAT] [MVP] Foxyfinds> Hey unbent can you tp real quick.
[13:12:00] [Render thread/INFO]: [System] [CHAT] [â¤LessOf] Toaster> unbent more like clownbent
[13:12:01] [Render thread/INFO]: [System] [CHAT] [MVP] Data_the_clown> Get her into the lava.
[13:12:09] [Render thread/INFO]: [System] [CHAT] [MVP] Data_the_clown> Toaster more like bread.
[13:12:15] [Render thread/INFO]: [System] [CHAT] [+] [MVP] Nani
[13:12:17] [Render thread/INFO]: [System] [CHAT] [MVP] Foxyfinds> wb.
[13:12:24] [Render thread/INFO]: [System] [CHAT] [+] [Sr.Mod] onceiwasacadet
[13:12:25] [Render thread/INFO]: [System] [CHAT] [â¤LessOf] Toaster> theres a huge difference you know
[13:12:28] [Render thread/INFO]: [System] [CHAT] [â¤LessOf] Toaster> wb cadet
[13:12:32] [Render thread/INFO]: [System] [CHAT] [Sr.Mod] [âˆžSempiternaLâˆž] onceiwasacadet> ty!
[13:12:33] [Render thread/INFO]: [System] [CHAT] [MVP] Foxyfinds> Wb.
[13:12:42] [Render thread/INFO]: [System] [CHAT] [Journeyman] VinayakExists> Hows she not ded.
[13:12:42] [Render thread/INFO]: [System] [CHAT] [+] [Custom+] HADES
[13:12:43] [Render thread/INFO]: [System] [CHAT] [Sr.Mod] [âˆžSempiternaLâˆž] onceiwasacadet> wb!
[13:12:48] [Render thread/INFO]: [System] [CHAT] [Rich] HADES> I joined using ChatCraft from my Android device! Download it for free!
[13:12:50] [Render thread/INFO]: [System] [CHAT] [Rich] HADES> ty!
[13:12:54] [Render thread/INFO]: [System] [CHAT] [â¤LessOf] Toaster> w chatcraft
[13:12:58] [Render thread/INFO]: [System] [CHAT] [â¤LessOf] Toaster> ðŸ˜Ž
[13:13:00] [Render thread/INFO]: [System] [CHAT] [Rich] HADES> frrrr
[13:13:02] [Render thread/INFO]: [System] [CHAT] [-] [Sr.Mod] onceiwasacadet
[13:13:19] [Render thread/INFO]: [System] [CHAT] [MVP] Data_the_clown> Get her into lava.
[13:13:28] [Render thread/INFO]: [System] [CHAT] [Journeyman] VinayakExists> Yes.
[13:13:36] [Render thread/INFO]: [System] [CHAT] [â¤LessOf] Toaster> she can just drink a fire res potion
[13:14:00] [Render thread/INFO]: [System] [CHAT] [MVP] Data_the_clown> Shut uppppppp.
[13:14:11] [Render thread/INFO]: [System] [CHAT] [â¤LessOf] Toaster> just tryna help
[13:14:30] [Render thread/INFO]: [System] [CHAT] [-] [â¤LessOf] Toaster
[13:14:32] [Render thread/INFO]: [System] [CHAT] [+] [â¤LessOf] Toaster
[13:14:34] [Render thread/INFO]: [System] [CHAT] [MVP] Foxyfinds> wb.
[13:14:37] [Render thread/INFO]: [System] [CHAT] [Rich] HADES> wv
[13:14:38] [Render thread/INFO]: [System] [CHAT] [â¤LessOf] Toaster> ty
[13:14:39] [Render thread/INFO]: [System] [CHAT] [Rich] HADES> wb
[13:14:48] [Render thread/INFO]: [System] [CHAT] [MVP] Foxyfinds> Yw.
[13:14:54] [Render thread/INFO]: [System] [CHAT] [Journeyman] VinayakExists> How much health.
[13:15:01] [Render thread/INFO]: [System] [CHAT] [Journeyman] VinayakExists> Does this stupid witch have.
[13:15:06] [Render thread/INFO]: [System] [CHAT] [MVP] Foxyfinds> Idk.
[13:15:11] [Render thread/INFO]: [System] [CHAT] [+] [MVP] forgingboar
[13:15:11] [Render thread/INFO]: [System] [CHAT] [Journeyman] VinayakExists> Weve been here for like 15 minutes.
[13:15:17] [Render thread/INFO]: [System] [CHAT] [Journeyman] VinayakExists> Just killin g it.
[13:15:18] [Render thread/INFO]: [System] [CHAT] [MVP] forgingboar> ok
[13:15:36] [Render thread/INFO]: [System] [CHAT] [Journeyman] VinayakExists> Thank god for unbreakabke legacy armour.
[13:15:42] [Render thread/INFO]: [System] [CHAT] [Journeyman] VinayakExists> Yes.
[13:15:45] [Render thread/INFO]: [System] [CHAT] [MVP] Foxyfinds> Yeah.
[13:15:46] [Render thread/INFO]: [System] [CHAT] [Journeyman] VinayakExists> Who killed it.
[13:15:47] [Render thread/INFO]: [System] [CHAT] [MVP] Data_the_clown> Yessssssss.
[13:15:55] [Render thread/INFO]: [System] [CHAT] [MVP] Unbent> Who killd it?
[13:15:59] [Render thread/INFO]: [System] [CHAT] [MVP] Foxyfinds> Idk.
[13:16:01] [Render thread/INFO]: [System] [CHAT] [â¤LessOf] Toaster> clown
[13:16:02] [Render thread/INFO]: [System] [CHAT] [Journeyman] VinayakExists> Not me.
[13:16:03] [Render thread/INFO]: [System] [CHAT] [â¤LessOf] Toaster> did u get that book
[13:16:06] [Render thread/INFO]: [System] [CHAT] [MVP] Data_the_clown> Yup.
[13:16:07] [Render thread/INFO]: [System] [CHAT] [MVP] Foxyfinds> Not me.
[13:16:10] [Render thread/INFO]: [System] [CHAT] [â¤LessOf] Toaster> gimme
[13:16:14] [Render thread/INFO]: [System] [CHAT] [Journeyman] VinayakExists> Data want to team with us>.
[13:16:16] [Render thread/INFO]: [System] [CHAT] [MVP] Data_the_clown> Who wants it.
[13:16:16] [Render thread/INFO]: [System] [CHAT] [MVP] forgingboar> you mean the sanderson sisters book
[13:16:18] [Render thread/INFO]: [System] [CHAT] [MVP] Unbent> What book?
[13:16:22] [Render thread/INFO]: [System] [CHAT] [MVP] Foxyfinds> Wow!
[13:16:22] [Render thread/INFO]: [System] [CHAT] [Journeyman] VinayakExists> Ill name my dog data.
[13:16:36] [Render thread/INFO]: [System] [CHAT] [MVP] Unbent> Me.
[13:16:38] [Render thread/INFO]: [System] [CHAT] [MVP] Data_the_clown> Sander son sister spell book.
[13:16:43] [Render thread/INFO]: [System] [CHAT] [MVP] Foxyfinds> Lol.
[13:16:43] [Render thread/INFO]: [System] [CHAT] [MVP] forgingboar> bro i got 2 of those
[13:16:47] [Render thread/INFO]: [System] [CHAT] [MVP] forgingboar> those are not rare
[13:16:56] [Render thread/INFO]: [System] [CHAT] [MVP] Foxyfinds> What do they do?
[13:17:03] [Render thread/INFO]: [System] [CHAT] [MVP] Unbent> What dose it do?
[13:17:05] [Render thread/INFO]: [System] [CHAT] [MVP] forgingboar> i dont remember
[13:17:08] [Render thread/INFO]: [System] [CHAT] [Journeyman] VinayakExists> Data.
[13:17:08] [Render thread/INFO]: [System] [CHAT] [â¤LessOf] Toaster> random potion effect
[13:17:13] [Render thread/INFO]: [System] [CHAT] [MVP] Foxyfinds> Oh.
[13:17:21] [Render thread/INFO]: [System] [CHAT] [MVP] Unbent> Can I have?
[13:17:23] [Render thread/INFO]: [System] [CHAT] [â¤LessOf] Toaster> its sandersons spell book
[13:17:25] [Render thread/INFO]: [System] [CHAT] [MVP] Data_the_clown> Ye sure.
[13:17:25] [Render thread/INFO]: [System] [CHAT] [MVP] Unbent> Data?
[13:17:27] [Render thread/INFO]: [System] [CHAT] [MVP] Foxyfinds> Lol.
[13:17:29] [Render thread/INFO]: [System] [CHAT] [MVP] forgingboar> toaster
[13:17:32] [Render thread/INFO]: [System] [CHAT] [â¤LessOf] Toaster> L
[13:17:36] [Render thread/INFO]: [System] [CHAT] [MVP] forgingboar> do you know who the sanderson sisters are
[13:17:41] [Render thread/INFO]: [System] [CHAT] [â¤LessOf] Toaster> ofcourse
[13:17:42] [Render thread/INFO]: [System] [CHAT] [â¤LessOf] Toaster> not
[13:17:43] [Render thread/INFO]: [System] [CHAT] [Journeyman] VinayakExists> Data.
[13:17:46] [Render thread/INFO]: [System] [CHAT] [MVP] forgingboar> disney
[13:17:46] [Render thread/INFO]: [System] [CHAT] [MVP] Data_the_clown> Did u get it unbent.
[13:17:49] [Render thread/INFO]: [System] [CHAT] [MVP] forgingboar> hocus pocus
[13:17:50] [Render thread/INFO]: [System] [CHAT] [MVP] Data_the_clown> I jsut wanted the keys.
[13:17:52] [Render thread/INFO]: [System] [CHAT] [â¤LessOf] Toaster> nope
[13:17:53] [Render thread/INFO]: [System] [CHAT] [Journeyman] VinayakExists> Data can I team with u.
[13:17:53] [Render thread/INFO]: [System] [CHAT] [MVP] Unbent> Yes.
[13:17:56] [Render thread/INFO]: [System] [CHAT] [â¤LessOf] Toaster> disney is for clowns
[13:17:57] [Render thread/INFO]: [System] [CHAT] [MVP] Foxyfinds> Yeah.
[13:18:01] [Render thread/INFO]: [System] [CHAT] [MVP] Data_the_clown> I dont have it anymore.
[13:18:01] [Render thread/INFO]: [System] [CHAT] [MVP] Foxyfinds> Wait what.
[13:18:02] [Render thread/INFO]: [System] [CHAT] [Journeyman] VinayakExists> Data I sent a friend request.
[13:18:11] [Render thread/INFO]: [System] [CHAT] [MVP] Data_the_clown> I dont no who you are.
[13:18:16] [Render thread/INFO]: [System] [CHAT] [Journeyman] VinayakExists> Oh lol.
[13:18:24] [Render thread/INFO]: [System] [CHAT] [MVP] Foxyfinds> Hey unbent I need to show you something about your house.
[13:18:31] [Render thread/INFO]: [System] [CHAT] [MVP] Unbent> Ok.
[13:18:34] [Render thread/INFO]: [System] [CHAT] [Journeyman] VinayakExists> I was the one who was helping u kill the witch.
[13:18:38] [Render thread/INFO]: [System] [CHAT] [-] VinayakExists
[13:18:45] [pool-2-thread-2/INFO]: [STDOUT]: World save took 1ms
[13:18:46] [Render thread/INFO]: [System] [CHAT] [MVP] Data_the_clown> I got absalutly sh it all.
[13:18:57] [Render thread/INFO]: [System] [CHAT] [MVP] Unbent> Ooo.
[13:19:07] [Render thread/INFO]: [System] [CHAT] [MVP] Foxyfinds> Ok do you want these blocks or not?
[13:19:22] [Render thread/INFO]: [System] [CHAT] Toaster has gone AFK!
[13:19:22] [Render thread/INFO]: [System] [CHAT] [MVP] Unbent> Yes.
[13:19:24] [Render thread/INFO]: [System] [CHAT] [MVP] Foxyfinds> Ok.
[13:19:38] [Render thread/INFO]: [System] [CHAT] [â¤LessOf] Toaster> if ezki coems back tell him that i miss him :3
[13:19:38] [Render thread/INFO]: [System] [CHAT] Toaster is no longer AFK!
[13:19:41] [Render thread/INFO]: [System] [CHAT] Toaster has gone AFK!
[13:19:44] [Render thread/INFO]: [System] [CHAT] [MVP] forgingboar> ok daddy toaster
[13:19:48] [Render thread/INFO]: [System] [CHAT] [â¤LessOf] Toaster> stop.
[13:19:48] [Render thread/INFO]: [System] [CHAT] Toaster is no longer AFK!
[13:19:50] [Render thread/INFO]: [System] [CHAT] [MVP] Data_the_clown> Can I ahve the book back.
[13:19:51] [Render thread/INFO]: [System] [CHAT] [MVP] forgingboar> ok
[13:19:57] [Render thread/INFO]: [System] [CHAT] [MVP] Unbent> Sure.
[13:19:58] [Render thread/INFO]: [System] [CHAT] Toaster has gone AFK!
[13:19:59] [Render thread/INFO]: [System] [CHAT] [MVP] Data_the_clown> Yay.
[13:20:12] [Render thread/INFO]: [System] [CHAT] [MVP] Data_the_clown> I didnt get anything from the crates.
[13:21:39] [Render thread/INFO]: [System] [CHAT] [MVP] .> Ok.
[13:22:09] [Render thread/INFO]: [System] [CHAT] [MVP] Sever> Resting.
[13:23:27] [Render thread/INFO]: [System] [CHAT] [MVP] Data_-_-_-_-_-_> Ok.
[13:23:31] [Render thread/INFO]: [System] [CHAT] [MVP] forgingboar> data
[13:23:37] [Render thread/INFO]: [System] [CHAT] [MVP] Data> Ye.
[13:23:41] [Render thread/INFO]: [System] [CHAT] [MVP] forgingboar> wait what
[13:23:46] [Render thread/INFO]: [System] [CHAT] [-] [MVP] Nani
[13:23:47] [Render thread/INFO]: [System] [CHAT] [MVP] Data> What.
[13:23:55] [Render thread/INFO]: [System] [CHAT] [MVP] forgingboar> nvm
[13:24:19] [Render thread/INFO]: [System] [CHAT] [MVP] Data> What is it.
[13:24:29] [Render thread/INFO]: [System] [CHAT] [MVP] forgingboar> nothing
[13:24:34] [Render thread/INFO]: [System] [CHAT] [MVP] Data> Ok.
[13:24:59] [Render thread/INFO]: [System] [CHAT] [MVP] Data> Dose anyone no the nuber for pest contole my apartments top floor is over ran with foxs.
[13:25:10] [Render thread/INFO]: [System] [CHAT] [MVP] forgingboar> alt f4
[13:25:17] [Render thread/INFO]: [System] [CHAT] [MVP] Foxyfinds> What?
[13:25:18] [Render thread/INFO]: [System] [CHAT] [-] [MVP] Data
[13:25:22] [Render thread/INFO]: [System] [CHAT] [MVP] forgingboar> what
[13:25:37] [Render thread/INFO]: [System] [CHAT] [MVP] Foxyfinds> Foxes?
[13:25:43] [Render thread/INFO]: [System] [CHAT] [MVP] forgingboar> idk man
[13:25:45] [Render thread/INFO]: [System] [CHAT] [MVP] forgingboar> your a fox
[13:26:03] [Render thread/INFO]: [System] [CHAT] [MVP] Foxyfinds> Im not is his base.
[13:26:14] [Render thread/INFO]: [System] [CHAT] [MVP] Foxyfinds> Idk.
[13:26:37] [Render thread/INFO]: [System] [CHAT] [+] [MVP] Data
[13:26:39] [Render thread/INFO]: [System] [CHAT] [MVP] Foxyfinds> wb.
[13:26:40] [Render thread/INFO]: [System] [CHAT] [MVP] Unbent> wb.
[13:26:40] [Render thread/INFO]: [System] [CHAT] [MVP] forgingboar> WB
[13:26:50] [Render thread/INFO]: [System] [CHAT] [MVP] Data> You lied.
