[17:39:41] [main/INFO]: Loading Minecraft 1.19.2 with Fabric Loader 0.14.9
[17:39:41] [ForkJoinPool-1-worker-7/WARN]: Mod wurst uses the version v7.28-MC1.19.2 which isn't compatible with Loader's extended semantic version format (Could not parse version number component 'v7'!), SemVer is recommended for reliably evaluating dependencies and prioritizing newer version
[17:39:41] [ForkJoinPool-1-worker-2/WARN]: Mod wurst uses the version v7.27.3-MC1.19.2 which isn't compatible with Loader's extended semantic version format (Could not parse version number component 'v7'!), SemVer is recommended for reliably evaluating dependencies and prioritizing newer version
[17:39:41] [main/INFO]: Loading 55 mods:
	- baritone 1.5.3-621-gaddd1fc7
	- fabric-api 0.61.0+1.19.2
	- fabric-api-base 0.4.11+e62f51a390 via fabric-api
	- fabric-api-lookup-api-v1 1.6.9+9ff28f4090 via fabric-api
	- fabric-biome-api-v1 9.0.17+aeb40ebe90 via fabric-api
	- fabric-blockrenderlayer-v1 1.1.20+aeb40ebe90 via fabric-api
	- fabric-client-tags-api-v1 1.0.1+b35fea8390 via fabric-api
	- fabric-command-api-v1 1.2.11+f71b366f90 via fabric-api
	- fabric-command-api-v2 2.1.7+0c17ea9690 via fabric-api
	- fabric-commands-v0 0.2.28+df3654b390 via fabric-api
	- fabric-containers-v0 0.1.34+df3654b390 via fabric-api
	- fabric-content-registries-v0 3.3.0+624e468e90 via fabric-api
	- fabric-convention-tags-v1 1.1.1+7cd20a1490 via fabric-api
	- fabric-crash-report-info-v1 0.2.5+aeb40ebe90 via fabric-api
	- fabric-data-generation-api-v1 5.1.9+a680b9b490 via fabric-api
	- fabric-dimensions-v1 2.1.31+0dd10df690 via fabric-api
	- fabric-entity-events-v1 1.4.18+9ff28f4090 via fabric-api
	- fabric-events-interaction-v0 0.4.28+aeb40ebe90 via fabric-api
	- fabric-events-lifecycle-v0 0.2.28+df3654b390 via fabric-api
	- fabric-game-rule-api-v1 1.0.21+aeb40ebe90 via fabric-api
	- fabric-item-api-v1 1.5.7+35a03c4390 via fabric-api
	- fabric-item-groups-v0 0.3.29+4e8ca3fd90 via fabric-api
	- fabric-key-binding-api-v1 1.0.20+aeb40ebe90 via fabric-api
	- fabric-keybindings-v0 0.2.18+df3654b390 via fabric-api
	- fabric-lifecycle-events-v1 2.1.2+aeb40ebe90 via fabric-api
	- fabric-loot-api-v2 1.1.3+83a8659290 via fabric-api
	- fabric-loot-tables-v1 1.1.6+9e7660c690 via fabric-api
	- fabric-message-api-v1 5.0.3+176380a290 via fabric-api
	- fabric-mining-level-api-v1 2.1.14+33fbc73890 via fabric-api
	- fabric-models-v0 0.3.17+aeb40ebe90 via fabric-api
	- fabric-networking-api-v1 1.2.4+5eb68ef290 via fabric-api
	- fabric-networking-v0 0.3.21+df3654b390 via fabric-api
	- fabric-object-builder-api-v1 4.0.11+aeb40ebe90 via fabric-api
	- fabric-particles-v1 1.0.10+aeb40ebe90 via fabric-api
	- fabric-registry-sync-v0 0.9.25+726b652090 via fabric-api
	- fabric-renderer-api-v1 1.0.10+aeb40ebe90 via fabric-api
	- fabric-renderer-indigo 0.6.12+aeb40ebe90 via fabric-api
	- fabric-renderer-registries-v1 3.2.20+df3654b390 via fabric-api
	- fabric-rendering-data-attachment-v1 0.3.14+aeb40ebe90 via fabric-api
	- fabric-rendering-fluids-v1 3.0.7+aeb40ebe90 via fabric-api
	- fabric-rendering-v0 1.1.22+df3654b390 via fabric-api
	- fabric-rendering-v1 1.10.16+aeb40ebe90 via fabric-api
	- fabric-resource-conditions-api-v1 2.0.11+e62f51a390 via fabric-api
	- fabric-resource-loader-v0 0.6.1+aeb40ebe90 via fabric-api
	- fabric-screen-api-v1 1.0.26+f05effaf90 via fabric-api
	- fabric-screen-handler-api-v1 1.3.0+1cc24b1b90 via fabric-api
	- fabric-textures-v0 1.0.20+aeb40ebe90 via fabric-api
	- fabric-transfer-api-v1 2.1.0+8f88597390 via fabric-api
	- fabric-transitive-access-wideners-v1 1.3.0+42d99c3290 via fabric-api
	- fabricloader 0.14.9
	- java 17
	- minecraft 1.19.2
	- wurst v7.28-MC1.19.2
	- xaerominimap 22.15.1
	- xaeroworldmap 1.28.0
[17:39:41] [main/INFO]: SpongePowered MIXIN Subsystem Version=0.8.5 Source=file:/home/gavinboor/.local/share/multimc/libraries/net/fabricmc/sponge-mixin/0.11.4+mixin.0.8.5/sponge-mixin-0.11.4+mixin.0.8.5.jar Service=Knot/Fabric Env=CLIENT
[17:39:41] [main/INFO]: Compatibility level set to JAVA_17
[17:39:42] [main/WARN]: Error loading class: me/jellysquid/mods/sodium/client/render/occlusion/BlockOcclusionCache (java.lang.ClassNotFoundException: me/jellysquid/mods/sodium/client/render/occlusion/BlockOcclusionCache)
[17:39:43] [main/WARN]: Configuration conflict: there is more than one oshi.properties file on the classpath
[17:39:43] [main/WARN]: Configuration conflict: there is more than one oshi.architecture.properties file on the classpath
[17:39:46] [main/INFO]: Building optimized datafixer
[17:39:51] [Render thread/INFO]: Environment: authHost='https://authserver.mojang.com', accountsHost='https://api.mojang.com', sessionHost='https://sessionserver.mojang.com', servicesHost='https://api.minecraftservices.com', name='PROD'
[17:39:53] [Render thread/INFO]: Setting user: CodeOverload
[17:39:54] [Render thread/INFO]: [STDOUT]: Starting Wurst Client...
[17:39:56] [Render thread/INFO]: [Indigo] Registering Indigo renderer!
[17:39:57] [Render thread/INFO]: Loading Xaero's Minimap - Stage 1/2
[17:39:58] [Render thread/INFO]: Loading Xaero's World Map - Stage 1/2
[17:39:59] [Render thread/INFO]: Backend library: LWJGL version 3.3.1 SNAPSHOT
[17:40:04] [Render thread/WARN]: ERROR : Couldn't load Narrator library
java.lang.UnsatisfiedLinkError: Unable to load library 'fliteWrapper':
libfliteWrapper.so: cannot open shared object file: No such file or directory
libfliteWrapper.so: cannot open shared object file: No such file or directory
Native library (linux-x86-64/libfliteWrapper.so) not found in resource path (/home/gavinboor/.local/share/multimc/bin/jars/NewLaunch.jar:/home/gavinboor/.local/share/multimc/libraries/org/lwjgl/lwjgl-glfw/3.3.1/lwjgl-glfw-3.3.1.jar:/home/gavinboor/.local/share/multimc/libraries/org/lwjgl/lwjgl-jemalloc/3.3.1/lwjgl-jemalloc-3.3.1.jar:/home/gavinboor/.local/share/multimc/libraries/org/lwjgl/lwjgl-openal/3.3.1/lwjgl-openal-3.3.1.jar:/home/gavinboor/.local/share/multimc/libraries/org/lwjgl/lwjgl-opengl/3.3.1/lwjgl-opengl-3.3.1.jar:/home/gavinboor/.local/share/multimc/libraries/org/lwjgl/lwjgl-stb/3.3.1/lwjgl-stb-3.3.1.jar:/home/gavinboor/.local/share/multimc/libraries/org/lwjgl/lwjgl-tinyfd/3.3.1/lwjgl-tinyfd-3.3.1.jar:/home/gavinboor/.local/share/multimc/libraries/org/lwjgl/lwjgl/3.3.1/lwjgl-3.3.1.jar:/home/gavinboor/.local/share/multimc/libraries/com/mojang/logging/1.0.0/logging-1.0.0.jar:/home/gavinboor/.local/share/multimc/libraries/com/mojang/blocklist/1.0.10/blocklist-1.0.10.jar:/home/gavinboor/.local/share/multimc/libraries/com/mojang/patchy/2.2.10/patchy-2.2.10.jar:/home/gavinboor/.local/share/multimc/libraries/com/github/oshi/oshi-core/5.8.5/oshi-core-5.8.5.jar:/home/gavinboor/.local/share/multimc/libraries/net/java/dev/jna/jna/5.10.0/jna-5.10.0.jar:/home/gavinboor/.local/share/multimc/libraries/net/java/dev/jna/jna-platform/5.10.0/jna-platform-5.10.0.jar:/home/gavinboor/.local/share/multimc/libraries/org/slf4j/slf4j-api/1.8.0-beta4/slf4j-api-1.8.0-beta4.jar:/home/gavinboor/.local/share/multimc/libraries/org/apache/logging/log4j/log4j-slf4j18-impl/2.16.0/log4j-slf4j18-impl-2.16.0.jar:/home/gavinboor/.local/share/multimc/libraries/com/ibm/icu/icu4j/70.1/icu4j-70.1.jar:/home/gavinboor/.local/share/multimc/libraries/com/mojang/javabridge/1.2.24/javabridge-1.2.24.jar:/home/gavinboor/.local/share/multimc/libraries/net/sf/jopt-simple/jopt-simple/5.0.4/jopt-simple-5.0.4.jar:/home/gavinboor/.local/share/multimc/libraries/io/netty/netty-common/4.1.77.Final/netty-common-4.1.77.Final.jar:/home/gavinboor/.local/share/multimc/libraries/io/netty/netty-buffer/4.1.77.Final/netty-buffer-4.1.77.Final.jar:/home/gavinboor/.local/share/multimc/libraries/io/netty/netty-codec/4.1.77.Final/netty-codec-4.1.77.Final.jar:/home/gavinboor/.local/share/multimc/libraries/io/netty/netty-handler/4.1.77.Final/netty-handler-4.1.77.Final.jar:/home/gavinboor/.local/share/multimc/libraries/io/netty/netty-resolver/4.1.77.Final/netty-resolver-4.1.77.Final.jar:/home/gavinboor/.local/share/multimc/libraries/io/netty/netty-transport/4.1.77.Final/netty-transport-4.1.77.Final.jar:/home/gavinboor/.local/share/multimc/libraries/io/netty/netty-transport-native-unix-common/4.1.77.Final/netty-transport-native-unix-common-4.1.77.Final.jar:/home/gavinboor/.local/share/multimc/libraries/io/netty/netty-transport-classes-epoll/4.1.77.Final/netty-transport-classes-epoll-4.1.77.Final.jar:/home/gavinboor/.local/share/multimc/libraries/io/netty/netty-transport-native-epoll/4.1.77.Final/netty-transport-native-epoll-4.1.77.Final-linux-x86_64.jar:/home/gavinboor/.local/share/multimc/libraries/com/google/guava/failureaccess/1.0.1/failureaccess-1.0.1.jar:/home/gavinboor/.local/share/multimc/libraries/com/google/guava/guava/31.0.1-jre/guava-31.0.1-jre.jar:/home/gavinboor/.local/share/multimc/libraries/org/apache/commons/commons-lang3/3.12.0/commons-lang3-3.12.0.jar:/home/gavinboor/.local/share/multimc/libraries/commons-io/commons-io/2.11.0/commons-io-2.11.0.jar:/home/gavinboor/.local/share/multimc/libraries/commons-codec/commons-codec/1.15/commons-codec-1.15.jar:/home/gavinboor/.local/share/multimc/libraries/com/mojang/brigadier/1.0.18/brigadier-1.0.18.jar:/home/gavinboor/.local/share/multimc/libraries/com/mojang/datafixerupper/5.0.28/datafixerupper-5.0.28.jar:/home/gavinboor/.local/share/multimc/libraries/com/google/code/gson/gson/2.8.9/gson-2.8.9.jar:/home/gavinboor/.local/share/multimc/libraries/com/mojang/authlib/3.11.49/authlib-3.11.49.jar:/home/gavinboor/.local/share/multimc/libraries/org/apache/commons/commons-compress/1.21/commons-compress-1.21.jar:/home/gavinboor/.local/share/multimc/libraries/org/apache/httpcomponents/httpclient/4.5.13/httpclient-4.5.13.jar:/home/gavinboor/.local/share/multimc/libraries/commons-logging/commons-logging/1.2/commons-logging-1.2.jar:/home/gavinboor/.local/share/multimc/libraries/org/apache/httpcomponents/httpcore/4.4.14/httpcore-4.4.14.jar:/home/gavinboor/.local/share/multimc/libraries/it/unimi/dsi/fastutil/8.5.6/fastutil-8.5.6.jar:/home/gavinboor/.local/share/multimc/libraries/org/apache/logging/log4j/log4j-api/2.16.0/log4j-api-2.16.0.jar:/home/gavinboor/.local/share/multimc/libraries/org/apache/logging/log4j/log4j-core/2.16.0/log4j-core-2.16.0.jar:/home/gavinboor/.local/share/multimc/libraries/com/mojang/text2speech/1.13.9/text2speech-1.13.9.jar:/home/gavinboor/.local/share/multimc/libraries/net/fabricmc/intermediary/1.19.2/intermediary-1.19.2.jar:/home/gavinboor/.local/share/multimc/libraries/net/fabricmc/tiny-mappings-parser/0.3.0+build.17/tiny-mappings-parser-0.3.0+build.17.jar:/home/gavinboor/.local/share/multimc/libraries/net/fabricmc/sponge-mixin/0.11.4+mixin.0.8.5/sponge-mixin-0.11.4+mixin.0.8.5.jar:/home/gavinboor/.local/share/multimc/libraries/net/fabricmc/tiny-remapper/0.8.2/tiny-remapper-0.8.2.jar:/home/gavinboor/.local/share/multimc/libraries/net/fabricmc/access-widener/2.1.0/access-widener-2.1.0.jar:/home/gavinboor/.local/share/multimc/libraries/org/ow2/asm/asm/9.3/asm-9.3.jar:/home/gavinboor/.local/share/multimc/libraries/org/ow2/asm/asm-analysis/9.3/asm-analysis-9.3.jar:/home/gavinboor/.local/share/multimc/libraries/org/ow2/asm/asm-commons/9.3/asm-commons-9.3.jar:/home/gavinboor/.local/share/multimc/libraries/org/ow2/asm/asm-tree/9.3/asm-tree-9.3.jar:/home/gavinboor/.local/share/multimc/libraries/org/ow2/asm/asm-util/9.3/asm-util-9.3.jar:/home/gavinboor/.local/share/multimc/libraries/net/fabricmc/fabric-loader/0.14.9/fabric-loader-0.14.9.jar:/home/gavinboor/.local/share/multimc/libraries/com/mojang/minecraft/1.19.2/minecraft-1.19.2-client.jar)
	at com.sun.jna.NativeLibrary.loadLibrary(NativeLibrary.java:301) ~[jna-5.10.0.jar:?]
	at com.sun.jna.NativeLibrary.getInstance(NativeLibrary.java:461) ~[jna-5.10.0.jar:?]
	at com.sun.jna.NativeLibrary.getInstance(NativeLibrary.java:403) ~[jna-5.10.0.jar:?]
	at com.mojang.text2speech.NarratorLinux.<clinit>(NarratorLinux.java:18) [text2speech-1.13.9.jar:?]
	at com.mojang.text2speech.Narrator.getNarrator(Narrator.java:21) [text2speech-1.13.9.jar:?]
	at net.minecraft.class_333.<init>(class_333.java:19) [client-intermediary.jar:?]
	at net.minecraft.class_310.<init>(class_310.java:637) [client-intermediary.jar:?]
	at net.minecraft.client.main.Main.method_44604(Main.java:205) [client-intermediary.jar:?]
	at net.minecraft.client.main.Main.main(Main.java:51) [client-intermediary.jar:?]
	at net.fabricmc.loader.impl.game.minecraft.MinecraftGameProvider.launch(MinecraftGameProvider.java:461) [fabric-loader-0.14.9.jar:?]
	at net.fabricmc.loader.impl.launch.knot.Knot.launch(Knot.java:74) [fabric-loader-0.14.9.jar:?]
	at net.fabricmc.loader.impl.launch.knot.KnotClient.main(KnotClient.java:23) [fabric-loader-0.14.9.jar:?]
	at jdk.internal.reflect.NativeMethodAccessorImpl.invoke0(Native Method) ~[?:?]
	at jdk.internal.reflect.NativeMethodAccessorImpl.invoke(NativeMethodAccessorImpl.java:77) ~[?:?]
	at jdk.internal.reflect.DelegatingMethodAccessorImpl.invoke(DelegatingMethodAccessorImpl.java:43) ~[?:?]
	at java.lang.reflect.Method.invoke(Method.java:568) ~[?:?]
	at org.multimc.onesix.OneSixLauncher.launchWithMainClass(OneSixLauncher.java:210) [NewLaunch.jar:?]
	at org.multimc.onesix.OneSixLauncher.launch(OneSixLauncher.java:245) [NewLaunch.jar:?]
	at org.multimc.EntryPoint.listen(EntryPoint.java:143) [NewLaunch.jar:?]
	at org.multimc.EntryPoint.main(EntryPoint.java:34) [NewLaunch.jar:?]
	Suppressed: java.lang.UnsatisfiedLinkError: libfliteWrapper.so: cannot open shared object file: No such file or directory
		at com.sun.jna.Native.open(Native Method) ~[jna-5.10.0.jar:?]
		at com.sun.jna.NativeLibrary.loadLibrary(NativeLibrary.java:191) ~[jna-5.10.0.jar:?]
		at com.sun.jna.NativeLibrary.getInstance(NativeLibrary.java:461) ~[jna-5.10.0.jar:?]
		at com.sun.jna.NativeLibrary.getInstance(NativeLibrary.java:403) ~[jna-5.10.0.jar:?]
		at com.mojang.text2speech.NarratorLinux.<clinit>(NarratorLinux.java:18) [text2speech-1.13.9.jar:?]
		at com.mojang.text2speech.Narrator.getNarrator(Narrator.java:21) [text2speech-1.13.9.jar:?]
		at net.minecraft.class_333.<init>(class_333.java:19) [client-intermediary.jar:?]
		at net.minecraft.class_310.<init>(class_310.java:637) [client-intermediary.jar:?]
		at net.minecraft.client.main.Main.method_44604(Main.java:205) [client-intermediary.jar:?]
		at net.minecraft.client.main.Main.main(Main.java:51) [client-intermediary.jar:?]
		at net.fabricmc.loader.impl.game.minecraft.MinecraftGameProvider.launch(MinecraftGameProvider.java:461) [fabric-loader-0.14.9.jar:?]
		at net.fabricmc.loader.impl.launch.knot.Knot.launch(Knot.java:74) [fabric-loader-0.14.9.jar:?]
		at net.fabricmc.loader.impl.launch.knot.KnotClient.main(KnotClient.java:23) [fabric-loader-0.14.9.jar:?]
		at jdk.internal.reflect.NativeMethodAccessorImpl.invoke0(Native Method) ~[?:?]
		at jdk.internal.reflect.NativeMethodAccessorImpl.invoke(NativeMethodAccessorImpl.java:77) ~[?:?]
		at jdk.internal.reflect.DelegatingMethodAccessorImpl.invoke(DelegatingMethodAccessorImpl.java:43) ~[?:?]
		at java.lang.reflect.Method.invoke(Method.java:568) ~[?:?]
		at org.multimc.onesix.OneSixLauncher.launchWithMainClass(OneSixLauncher.java:210) [NewLaunch.jar:?]
		at org.multimc.onesix.OneSixLauncher.launch(OneSixLauncher.java:245) [NewLaunch.jar:?]
		at org.multimc.EntryPoint.listen(EntryPoint.java:143) [NewLaunch.jar:?]
		at org.multimc.EntryPoint.main(EntryPoint.java:34) [NewLaunch.jar:?]
	Suppressed: java.lang.UnsatisfiedLinkError: libfliteWrapper.so: cannot open shared object file: No such file or directory
		at com.sun.jna.Native.open(Native Method) ~[jna-5.10.0.jar:?]
		at com.sun.jna.NativeLibrary.loadLibrary(NativeLibrary.java:204) ~[jna-5.10.0.jar:?]
		at com.sun.jna.NativeLibrary.getInstance(NativeLibrary.java:461) ~[jna-5.10.0.jar:?]
		at com.sun.jna.NativeLibrary.getInstance(NativeLibrary.java:403) ~[jna-5.10.0.jar:?]
		at com.mojang.text2speech.NarratorLinux.<clinit>(NarratorLinux.java:18) [text2speech-1.13.9.jar:?]
		at com.mojang.text2speech.Narrator.getNarrator(Narrator.java:21) [text2speech-1.13.9.jar:?]
		at net.minecraft.class_333.<init>(class_333.java:19) [client-intermediary.jar:?]
		at net.minecraft.class_310.<init>(class_310.java:637) [client-intermediary.jar:?]
		at net.minecraft.client.main.Main.method_44604(Main.java:205) [client-intermediary.jar:?]
		at net.minecraft.client.main.Main.main(Main.java:51) [client-intermediary.jar:?]
		at net.fabricmc.loader.impl.game.minecraft.MinecraftGameProvider.launch(MinecraftGameProvider.java:461) [fabric-loader-0.14.9.jar:?]
		at net.fabricmc.loader.impl.launch.knot.Knot.launch(Knot.java:74) [fabric-loader-0.14.9.jar:?]
		at net.fabricmc.loader.impl.launch.knot.KnotClient.main(KnotClient.java:23) [fabric-loader-0.14.9.jar:?]
		at jdk.internal.reflect.NativeMethodAccessorImpl.invoke0(Native Method) ~[?:?]
		at jdk.internal.reflect.NativeMethodAccessorImpl.invoke(NativeMethodAccessorImpl.java:77) ~[?:?]
		at jdk.internal.reflect.DelegatingMethodAccessorImpl.invoke(DelegatingMethodAccessorImpl.java:43) ~[?:?]
		at java.lang.reflect.Method.invoke(Method.java:568) ~[?:?]
		at org.multimc.onesix.OneSixLauncher.launchWithMainClass(OneSixLauncher.java:210) [NewLaunch.jar:?]
		at org.multimc.onesix.OneSixLauncher.launch(OneSixLauncher.java:245) [NewLaunch.jar:?]
		at org.multimc.EntryPoint.listen(EntryPoint.java:143) [NewLaunch.jar:?]
		at org.multimc.EntryPoint.main(EntryPoint.java:34) [NewLaunch.jar:?]
	Suppressed: java.io.IOException: Native library (linux-x86-64/libfliteWrapper.so) not found in resource path (/home/gavinboor/.local/share/multimc/bin/jars/NewLaunch.jar:/home/gavinboor/.local/share/multimc/libraries/org/lwjgl/lwjgl-glfw/3.3.1/lwjgl-glfw-3.3.1.jar:/home/gavinboor/.local/share/multimc/libraries/org/lwjgl/lwjgl-jemalloc/3.3.1/lwjgl-jemalloc-3.3.1.jar:/home/gavinboor/.local/share/multimc/libraries/org/lwjgl/lwjgl-openal/3.3.1/lwjgl-openal-3.3.1.jar:/home/gavinboor/.local/share/multimc/libraries/org/lwjgl/lwjgl-opengl/3.3.1/lwjgl-opengl-3.3.1.jar:/home/gavinboor/.local/share/multimc/libraries/org/lwjgl/lwjgl-stb/3.3.1/lwjgl-stb-3.3.1.jar:/home/gavinboor/.local/share/multimc/libraries/org/lwjgl/lwjgl-tinyfd/3.3.1/lwjgl-tinyfd-3.3.1.jar:/home/gavinboor/.local/share/multimc/libraries/org/lwjgl/lwjgl/3.3.1/lwjgl-3.3.1.jar:/home/gavinboor/.local/share/multimc/libraries/com/mojang/logging/1.0.0/logging-1.0.0.jar:/home/gavinboor/.local/share/multimc/libraries/com/mojang/blocklist/1.0.10/blocklist-1.0.10.jar:/home/gavinboor/.local/share/multimc/libraries/com/mojang/patchy/2.2.10/patchy-2.2.10.jar:/home/gavinboor/.local/share/multimc/libraries/com/github/oshi/oshi-core/5.8.5/oshi-core-5.8.5.jar:/home/gavinboor/.local/share/multimc/libraries/net/java/dev/jna/jna/5.10.0/jna-5.10.0.jar:/home/gavinboor/.local/share/multimc/libraries/net/java/dev/jna/jna-platform/5.10.0/jna-platform-5.10.0.jar:/home/gavinboor/.local/share/multimc/libraries/org/slf4j/slf4j-api/1.8.0-beta4/slf4j-api-1.8.0-beta4.jar:/home/gavinboor/.local/share/multimc/libraries/org/apache/logging/log4j/log4j-slf4j18-impl/2.16.0/log4j-slf4j18-impl-2.16.0.jar:/home/gavinboor/.local/share/multimc/libraries/com/ibm/icu/icu4j/70.1/icu4j-70.1.jar:/home/gavinboor/.local/share/multimc/libraries/com/mojang/javabridge/1.2.24/javabridge-1.2.24.jar:/home/gavinboor/.local/share/multimc/libraries/net/sf/jopt-simple/jopt-simple/5.0.4/jopt-simple-5.0.4.jar:/home/gavinboor/.local/share/multimc/libraries/io/netty/netty-common/4.1.77.Final/netty-common-4.1.77.Final.jar:/home/gavinboor/.local/share/multimc/libraries/io/netty/netty-buffer/4.1.77.Final/netty-buffer-4.1.77.Final.jar:/home/gavinboor/.local/share/multimc/libraries/io/netty/netty-codec/4.1.77.Final/netty-codec-4.1.77.Final.jar:/home/gavinboor/.local/share/multimc/libraries/io/netty/netty-handler/4.1.77.Final/netty-handler-4.1.77.Final.jar:/home/gavinboor/.local/share/multimc/libraries/io/netty/netty-resolver/4.1.77.Final/netty-resolver-4.1.77.Final.jar:/home/gavinboor/.local/share/multimc/libraries/io/netty/netty-transport/4.1.77.Final/netty-transport-4.1.77.Final.jar:/home/gavinboor/.local/share/multimc/libraries/io/netty/netty-transport-native-unix-common/4.1.77.Final/netty-transport-native-unix-common-4.1.77.Final.jar:/home/gavinboor/.local/share/multimc/libraries/io/netty/netty-transport-classes-epoll/4.1.77.Final/netty-transport-classes-epoll-4.1.77.Final.jar:/home/gavinboor/.local/share/multimc/libraries/io/netty/netty-transport-native-epoll/4.1.77.Final/netty-transport-native-epoll-4.1.77.Final-linux-x86_64.jar:/home/gavinboor/.local/share/multimc/libraries/com/google/guava/failureaccess/1.0.1/failureaccess-1.0.1.jar:/home/gavinboor/.local/share/multimc/libraries/com/google/guava/guava/31.0.1-jre/guava-31.0.1-jre.jar:/home/gavinboor/.local/share/multimc/libraries/org/apache/commons/commons-lang3/3.12.0/commons-lang3-3.12.0.jar:/home/gavinboor/.local/share/multimc/libraries/commons-io/commons-io/2.11.0/commons-io-2.11.0.jar:/home/gavinboor/.local/share/multimc/libraries/commons-codec/commons-codec/1.15/commons-codec-1.15.jar:/home/gavinboor/.local/share/multimc/libraries/com/mojang/brigadier/1.0.18/brigadier-1.0.18.jar:/home/gavinboor/.local/share/multimc/libraries/com/mojang/datafixerupper/5.0.28/datafixerupper-5.0.28.jar:/home/gavinboor/.local/share/multimc/libraries/com/google/code/gson/gson/2.8.9/gson-2.8.9.jar:/home/gavinboor/.local/share/multimc/libraries/com/mojang/authlib/3.11.49/authlib-3.11.49.jar:/home/gavinboor/.local/share/multimc/libraries/org/apache/commons/commons-compress/1.21/commons-compress-1.21.jar:/home/gavinboor/.local/share/multimc/libraries/org/apache/httpcomponents/httpclient/4.5.13/httpclient-4.5.13.jar:/home/gavinboor/.local/share/multimc/libraries/commons-logging/commons-logging/1.2/commons-logging-1.2.jar:/home/gavinboor/.local/share/multimc/libraries/org/apache/httpcomponents/httpcore/4.4.14/httpcore-4.4.14.jar:/home/gavinboor/.local/share/multimc/libraries/it/unimi/dsi/fastutil/8.5.6/fastutil-8.5.6.jar:/home/gavinboor/.local/share/multimc/libraries/org/apache/logging/log4j/log4j-api/2.16.0/log4j-api-2.16.0.jar:/home/gavinboor/.local/share/multimc/libraries/org/apache/logging/log4j/log4j-core/2.16.0/log4j-core-2.16.0.jar:/home/gavinboor/.local/share/multimc/libraries/com/mojang/text2speech/1.13.9/text2speech-1.13.9.jar:/home/gavinboor/.local/share/multimc/libraries/net/fabricmc/intermediary/1.19.2/intermediary-1.19.2.jar:/home/gavinboor/.local/share/multimc/libraries/net/fabricmc/tiny-mappings-parser/0.3.0+build.17/tiny-mappings-parser-0.3.0+build.17.jar:/home/gavinboor/.local/share/multimc/libraries/net/fabricmc/sponge-mixin/0.11.4+mixin.0.8.5/sponge-mixin-0.11.4+mixin.0.8.5.jar:/home/gavinboor/.local/share/multimc/libraries/net/fabricmc/tiny-remapper/0.8.2/tiny-remapper-0.8.2.jar:/home/gavinboor/.local/share/multimc/libraries/net/fabricmc/access-widener/2.1.0/access-widener-2.1.0.jar:/home/gavinboor/.local/share/multimc/libraries/org/ow2/asm/asm/9.3/asm-9.3.jar:/home/gavinboor/.local/share/multimc/libraries/org/ow2/asm/asm-analysis/9.3/asm-analysis-9.3.jar:/home/gavinboor/.local/share/multimc/libraries/org/ow2/asm/asm-commons/9.3/asm-commons-9.3.jar:/home/gavinboor/.local/share/multimc/libraries/org/ow2/asm/asm-tree/9.3/asm-tree-9.3.jar:/home/gavinboor/.local/share/multimc/libraries/org/ow2/asm/asm-util/9.3/asm-util-9.3.jar:/home/gavinboor/.local/share/multimc/libraries/net/fabricmc/fabric-loader/0.14.9/fabric-loader-0.14.9.jar:/home/gavinboor/.local/share/multimc/libraries/com/mojang/minecraft/1.19.2/minecraft-1.19.2-client.jar)
		at com.sun.jna.Native.extractFromResourcePath(Native.java:1145) ~[jna-5.10.0.jar:?]
		at com.sun.jna.NativeLibrary.loadLibrary(NativeLibrary.java:275) ~[jna-5.10.0.jar:?]
		at com.sun.jna.NativeLibrary.getInstance(NativeLibrary.java:461) ~[jna-5.10.0.jar:?]
		at com.sun.jna.NativeLibrary.getInstance(NativeLibrary.java:403) ~[jna-5.10.0.jar:?]
		at com.mojang.text2speech.NarratorLinux.<clinit>(NarratorLinux.java:18) [text2speech-1.13.9.jar:?]
		at com.mojang.text2speech.Narrator.getNarrator(Narrator.java:21) [text2speech-1.13.9.jar:?]
		at net.minecraft.class_333.<init>(class_333.java:19) [client-intermediary.jar:?]
		at net.minecraft.class_310.<init>(class_310.java:637) [client-intermediary.jar:?]
		at net.minecraft.client.main.Main.method_44604(Main.java:205) [client-intermediary.jar:?]
		at net.minecraft.client.main.Main.main(Main.java:51) [client-intermediary.jar:?]
		at net.fabricmc.loader.impl.game.minecraft.MinecraftGameProvider.launch(MinecraftGameProvider.java:461) [fabric-loader-0.14.9.jar:?]
		at net.fabricmc.loader.impl.launch.knot.Knot.launch(Knot.java:74) [fabric-loader-0.14.9.jar:?]
		at net.fabricmc.loader.impl.launch.knot.KnotClient.main(KnotClient.java:23) [fabric-loader-0.14.9.jar:?]
		at jdk.internal.reflect.NativeMethodAccessorImpl.invoke0(Native Method) ~[?:?]
		at jdk.internal.reflect.NativeMethodAccessorImpl.invoke(NativeMethodAccessorImpl.java:77) ~[?:?]
		at jdk.internal.reflect.DelegatingMethodAccessorImpl.invoke(DelegatingMethodAccessorImpl.java:43) ~[?:?]
		at java.lang.reflect.Method.invoke(Method.java:568) ~[?:?]
		at org.multimc.onesix.OneSixLauncher.launchWithMainClass(OneSixLauncher.java:210) [NewLaunch.jar:?]
		at org.multimc.onesix.OneSixLauncher.launch(OneSixLauncher.java:245) [NewLaunch.jar:?]
		at org.multimc.EntryPoint.listen(EntryPoint.java:143) [NewLaunch.jar:?]
		at org.multimc.EntryPoint.main(EntryPoint.java:34) [NewLaunch.jar:?]
[17:40:04] [Render thread/INFO]: Reloading ResourceManager: Default, Fabric Mods (Fabric API, Fabric API Base, Fabric API Lookup API (v1), Fabric Biome API (v1), Fabric BlockRenderLayer Registration (v1), Fabric Client Tags, Fabric Command API (v1), Fabric Command API (v2), Fabric Commands (v0), Fabric Containers (v0), Fabric Content Registries (v0), Fabric Convention Tags, Fabric Crash Report Info (v1), Fabric Data Generation API (v1), Fabric Dimensions API (v1), Fabric Entity Events (v1), Fabric Events Interaction (v0), Fabric Events Lifecycle (v0), Fabric Game Rule API (v1), Fabric Item API (v1), Fabric Item Groups (v0), Fabric Key Binding API (v1), Fabric Key Bindings (v0), Fabric Lifecycle Events (v1), Fabric Loot API (v2), Fabric Loot Tables (v1), Fabric Message API (v1), Fabric Mining Level API (v1), Fabric Models (v0), Fabric Networking API (v1), Fabric Networking (v0), Fabric Object Builder API (v1), Fabric Particles (v1), Fabric Registry Sync (v0), Fabric Renderer API (v1), Fabric Renderer - Indigo, Fabric Renderer Registries (v1), Fabric Rendering Data Attachment (v1), Fabric Rendering Fluids (v1), Fabric Rendering (v0), Fabric Rendering (v1), Fabric Resource Conditions API (v1), Fabric Resource Loader (v0), Fabric Screen API (v1), Fabric Screen Handler API (v1), Fabric Textures (v0), Fabric Transfer API (v1), Fabric Transitive Access Wideners (v1), Fabric Loader, Wurst Client, Xaero's Minimap, Xaero's World Map)
[17:40:05] [Render thread/INFO]: Loading Xaero's Minimap - Stage 2/2
[17:40:06] [Render thread/INFO]: Xaero's Minimap: World Map found!
[17:40:06] [Render thread/INFO]: No Optifine!
[17:40:06] [Render thread/INFO]: Xaero's Minimap: No Vivecraft!
[17:40:06] [Render thread/INFO]: Loading Xaero's World Map - Stage 2/2
[17:40:06] [Render thread/INFO]: New world map region cache hash code: 687554333
[17:40:06] [Render thread/INFO]: Xaero's WorldMap Mod: Xaero's minimap found!
[17:40:06] [Render thread/INFO]: No Optifine!
[17:40:06] [Render thread/INFO]: Xaero's World Map: No Vivecraft!
[17:40:09] [Render thread/WARN]: Missing sound for event: minecraft:item.goat_horn.play
[17:40:09] [Render thread/WARN]: Missing sound for event: minecraft:entity.goat.screaming.horn_break
[17:40:09] [Render thread/INFO]: OpenAL initialized on device VirtIO SoundCard
[17:40:09] [Render thread/INFO]: Sound engine started
[17:40:10] [Render thread/INFO]: Created: 1024x1024x0 minecraft:textures/atlas/blocks.png-atlas
[17:40:10] [Render thread/INFO]: Created: 256x128x0 minecraft:textures/atlas/signs.png-atlas
[17:40:10] [Render thread/INFO]: Created: 1024x512x0 minecraft:textures/atlas/banner_patterns.png-atlas
[17:40:10] [Render thread/INFO]: Created: 1024x512x0 minecraft:textures/atlas/shield_patterns.png-atlas
[17:40:10] [Render thread/INFO]: Created: 256x256x0 minecraft:textures/atlas/chest.png-atlas
[17:40:10] [Render thread/INFO]: Created: 512x256x0 minecraft:textures/atlas/beds.png-atlas
[17:40:10] [Render thread/INFO]: Created: 512x256x0 minecraft:textures/atlas/shulker_boxes.png-atlas
[17:40:13] [Render thread/WARN]: Shader rendertype_entity_translucent_emissive could not find sampler named Sampler2 in the specified shader program.
[17:40:13] [Render thread/INFO]: Created: 512x256x0 minecraft:textures/atlas/particles.png-atlas
[17:40:13] [Render thread/INFO]: Created: 256x256x0 minecraft:textures/atlas/paintings.png-atlas
[17:40:13] [Render thread/INFO]: Created: 256x128x0 minecraft:textures/atlas/mob_effects.png-atlas
[17:40:13] [Render thread/INFO]: Successfully reloaded the minimap shaders!
[17:40:13] [Render thread/INFO]: Successfully reloaded the world map shaders!
[17:40:29] [Worker-Bootstrap-9/INFO]: 4283 Datafixer optimizations took 42856 milliseconds
[17:41:18] [Render thread/INFO]: Connecting to play.survivewith.us, 25565
[17:41:20] [Render thread/INFO]: New minimap session initialized!
[17:41:20] [Render thread/INFO]: New world map session initialized!
[17:41:20] [Render thread/INFO]: [STDOUT]: Baritone world data dir: /home/gavinboor/.local/share/multimc/instances/Baritone - Wurst/.minecraft/baritone/play.survivewith.us/minecraft/overworld_384
[17:41:20] [Render thread/INFO]: [STDOUT]: Cached world directory: /home/gavinboor/.local/share/multimc/instances/Baritone - Wurst/.minecraft/baritone/play.survivewith.us/minecraft/overworld_384/cache
[17:41:20] [Render thread/INFO]: [STDOUT]: Would save waypoints to /home/gavinboor/.local/share/multimc/instances/Baritone - Wurst/.minecraft/baritone/play.survivewith.us/minecraft/overworld_384/waypoints
[17:41:20] [Render thread/INFO]: [STDOUT]: Telemetry sending attempt blocked.
[17:41:20] [Render thread/INFO]: [STDOUT]: Telemetry sending attempt blocked.
[17:41:21] [Render thread/WARN]: Not all defined tags for registry ResourceKey[minecraft:root / minecraft:block] are present in data pack: minecraft:ancient_city_replaceable, minecraft:mangrove_logs_can_grow_through, minecraft:mangrove_roots_can_grow_through, minecraft:nether_carver_replaceables, minecraft:overworld_carver_replaceables
[17:41:21] [Render thread/INFO]: [System] [CHAT] 
[17:41:21] [Render thread/INFO]: [System] [CHAT] 
[17:41:21] [Render thread/INFO]: [System] [CHAT] Welcome back to SurviveWithUs YELLOW, CodeOverload!
[17:41:21] [Render thread/INFO]: [System] [CHAT] 
[17:41:21] [Render thread/INFO]: [System] [CHAT] §bYou're currently receiving an §6§lXP§b or §6§lMoney Boost!§b Click §bhere §bto §bview §byour §6§l/boosts!
[17:41:21] [Render thread/INFO]: [System] [CHAT] 
[17:41:21] [Render thread/INFO]: Loaded 848 advancements
[17:41:21] [pool-2-thread-1/INFO]: [STDOUT]: Loading region 0,16 from disk /home/gavinboor/.local/share/multimc/instances/Baritone - Wurst/.minecraft/baritone/play.survivewith.us/minecraft/overworld_384/cache
[17:41:21] [Render thread/INFO]: [STDOUT]: Brightness started at 0.5
[17:41:21] [pool-2-thread-1/INFO]: [STDOUT]: Loaded region successfully in 173ms
[17:41:22] [Render thread/INFO]: Reloading entity icon resources...
[17:41:22] [Render thread/INFO]: Done!
[17:41:22] [WurstUpdater/INFO]: [STDOUT]: [Updater] Current version: 7.28
[17:41:22] [WurstUpdater/INFO]: [STDOUT]: [Updater] Latest version: 7.28
[17:41:22] [Render thread/INFO]: [System] [CHAT] You have received: $360.00
[17:41:22] [Render thread/INFO]: [System] [CHAT] You have received: $360.00
[17:41:22] [Render thread/INFO]: [System] [CHAT] You have received: $360.00
[17:41:23] [Render thread/INFO]: [System] [CHAT] You have received: $360.00
[17:41:23] [Render thread/INFO]: [System] [CHAT] You have received: $360.00
[17:41:23] [Render thread/INFO]: [System] [CHAT] You've just activated 6 hours of Double XP!
[17:41:23] [Render thread/INFO]: [System] [CHAT] §aYou've completed a task!
[17:41:23] [Render thread/INFO]: [System] [CHAT] You have received: $360.00
[17:41:23] [Render thread/INFO]: [System] [CHAT] You have received: $360.00
[17:41:23] [Render thread/INFO]: [System] [CHAT] You have received: $360.00
[17:41:24] [Render thread/INFO]: [System] [CHAT] You have received: $360.00
[17:41:24] [Render thread/INFO]: [System] [CHAT] You have received: $360.00
[17:41:24] [Render thread/INFO]: [System] [CHAT] You have received: $360.00
[17:41:24] [Render thread/INFO]: [System] [CHAT] You have received: $360.00
[17:41:24] [Render thread/INFO]: [System] [CHAT] You have received: $360.00
[17:41:24] [Render thread/INFO]: [System] [CHAT] You have received: $360.00
[17:41:24] [Render thread/INFO]: [System] [CHAT] You have received: $360.00
[17:41:24] [Render thread/INFO]: [System] [CHAT] You have received: $360.00
[17:41:24] [Render thread/INFO]: [System] [CHAT] You have received: $360.00
[17:41:24] [Render thread/INFO]: [System] [CHAT] You have received: $360.00
[17:41:24] [Render thread/INFO]: [System] [CHAT] You have received: $360.00
[17:41:25] [Render thread/INFO]: [System] [CHAT] [Explorer] EMD_789> wb.
[17:41:25] [Render thread/INFO]: [System] [CHAT] You have received: $360.00
[17:41:25] [Render thread/INFO]: [System] [CHAT] You have received: $360.00
[17:41:25] [Render thread/INFO]: [System] [CHAT] You have received: $360.00
[17:41:25] [Render thread/INFO]: [System] [CHAT] You have received: $360.00
[17:41:25] [Render thread/INFO]: [System] [CHAT] You have received: $360.00
[17:41:25] [Render thread/INFO]: [System] [CHAT] You have received: $360.00
[17:41:25] [Render thread/INFO]: [System] [CHAT] You have received: $360.00
[17:41:25] [Render thread/INFO]: [System] [CHAT] You have received: $360.00
[17:41:25] [Render thread/INFO]: [System] [CHAT] You have received: $360.00
[17:41:25] [Render thread/INFO]: [System] [CHAT] You have received: $360.00
[17:41:25] [Render thread/INFO]: [System] [CHAT] You have received: $360.00
[17:41:25] [Render thread/INFO]: [System] [CHAT] You have received: $360.00
[17:41:25] [Render thread/INFO]: [System] [CHAT] You have received: $360.00
[17:41:28] [Render thread/INFO]: [System] [CHAT] [Explorer] EMD_789> Wsp code.
[17:41:32] [Render thread/INFO]: [System] [CHAT] [Binary] CodeOverload> ty
[17:41:35] [Render thread/INFO]: [System] [CHAT] [Binary] CodeOverload> my pc crashed
[17:41:37] [Render thread/INFO]: [System] [CHAT] [Explorer] EMD_789> Np.
[17:41:37] [Render thread/INFO]: [System] [CHAT] [Binary] CodeOverload> overheatd
[17:41:39] [Render thread/INFO]: [System] [CHAT] [Explorer] EMD_789> Oof.
[17:41:42] [Render thread/INFO]: [System] [CHAT] [MVP] Big> Who wants free enchanted books.
[17:41:48] [Render thread/INFO]: [System] [CHAT] [Explorer] EMD_789> xD mine did that this morning.
[17:41:49] [Render thread/INFO]: [System] [CHAT] Remember to /vote to get your next /rank and unlock epic rewards!
[17:41:50] [pool-2-thread-2/INFO]: [STDOUT]: Saving region 0,16 to disk /home/gavinboor/.local/share/multimc/instances/Baritone - Wurst/.minecraft/baritone/play.survivewith.us/minecraft/overworld_384/cache
[17:41:51] [pool-2-thread-2/INFO]: [STDOUT]: Saved region successfully
[17:41:51] [pool-2-thread-2/INFO]: [STDOUT]: World save took 181ms
[17:42:09] [pool-2-thread-1/INFO]: [STDOUT]: Loading region -3,14 from disk /home/gavinboor/.local/share/multimc/instances/Baritone - Wurst/.minecraft/baritone/play.survivewith.us/minecraft/overworld_384/cache
[17:42:09] [pool-2-thread-1/INFO]: [STDOUT]: Loaded region successfully in 469ms
[17:42:10] [pool-2-thread-1/INFO]: [STDOUT]: Loading region -4,14 from disk /home/gavinboor/.local/share/multimc/instances/Baritone - Wurst/.minecraft/baritone/play.survivewith.us/minecraft/overworld_384/cache
[17:42:11] [pool-2-thread-1/INFO]: [STDOUT]: Loaded region successfully in 80ms
[17:42:48] [Render thread/INFO]: [System] [CHAT] _Makka_Pakkka_ has made the advancement [A Seedy Place]
[17:43:35] [Render thread/INFO]: [System] [CHAT] Legacy Keys are back in stock, and the store is 25% OFF, this weekend only! Type /donate to view the store!
[17:43:40] [Render thread/INFO]: [System] [CHAT] [Member] wontootreefoe> Brb.
[17:44:04] [Render thread/INFO]: [System] [CHAT] [+] [Custom] Fiji
[17:44:07] [Render thread/INFO]: [System] [CHAT] [MVP] Foxyfinds> Ok how do you pay people?
[17:44:09] [Render thread/INFO]: [System] [CHAT] [MVP] Foxyfinds> wb.
[17:44:12] [Render thread/INFO]: [System] [CHAT] [Cat+++] Fiji> ty
[17:44:17] [Render thread/INFO]: [System] [CHAT] [Cat+++] Fiji> do .pay
[17:44:22] [Render thread/INFO]: [System] [CHAT] [MVP] Big> ./pay [name].
[17:44:23] [Render thread/INFO]: [System] [CHAT] [Cat+++] Fiji> /pay*
[17:44:27] [Render thread/INFO]: [System] [CHAT] [Cat+++] Fiji> then the name
[17:44:29] [Render thread/INFO]: [System] [CHAT] [MVP] Foxyfinds> Lol I still dont know how lol.
[17:44:30] [Render thread/INFO]: [System] [CHAT] [Cat+++] Fiji> then the ammount
[17:44:37] [Render thread/INFO]: [System] [CHAT] [MVP] Foxyfinds> Ok.
[17:44:37] [Render thread/INFO]: [System] [CHAT] [Explorer] EMD_789> xD.
[17:44:46] [Render thread/INFO]: [System] [CHAT] [Cat+++] Fiji> who are you trying to pay?
[17:44:49] [Render thread/INFO]: [System] [CHAT] [Cat+++] Fiji> and how much?
[17:45:03] [Render thread/INFO]: [System] [CHAT] [MVP] Foxyfinds> Ok nevermind.
[17:45:07] [Render thread/INFO]: [System] [CHAT] [Cat+++] Fiji> ...
[17:45:15] [Render thread/INFO]: [System] [CHAT] [MVP] Foxyfinds> I wanted to know how incase.
[17:46:13] [Render thread/INFO]: [System] [CHAT] [Cat+++] Fiji> gtg byee
[17:46:15] [Render thread/INFO]: [System] [CHAT] [-] [Cat+++] Fiji
[17:46:24] [Render thread/INFO]: [System] [CHAT] [Explorer] EMD_789> Bye.
[17:46:29] [Render thread/INFO]: [System] [CHAT] [MVP] Foxyfinds> Bye.
[17:46:33] [Render thread/INFO]: [System] [CHAT] wontootreefoe has gone AFK!
[17:46:35] [Render thread/INFO]: [System] [CHAT] Legacy Keys are back in stock, and the store is 25% OFF, this weekend only! Type /donate to view the store!
[17:47:35] [Render thread/INFO]: [System] [CHAT] [MVP] Big> Money.
[17:47:50] [Render thread/INFO]: [System] [CHAT] [MVP] Foxyfinds> What?
[17:48:01] [Render thread/INFO]: [System] [CHAT] [-] _Makka_Pakkka_
[17:49:35] [Render thread/INFO]: [System] [CHAT] Legacy Keys are back in stock, and the store is 25% OFF, this weekend only! Type /donate to view the store!
[17:51:51] [pool-2-thread-2/INFO]: [STDOUT]: Saving region 0,16 to disk /home/gavinboor/.local/share/multimc/instances/Baritone - Wurst/.minecraft/baritone/play.survivewith.us/minecraft/overworld_384/cache
[17:51:51] [ForkJoinPool.commonPool-worker-4/INFO]: [STDOUT]: Saving region -3,14 to disk /home/gavinboor/.local/share/multimc/instances/Baritone - Wurst/.minecraft/baritone/play.survivewith.us/minecraft/overworld_384/cache
[17:51:51] [ForkJoinPool.commonPool-worker-13/INFO]: [STDOUT]: Saving region -4,14 to disk /home/gavinboor/.local/share/multimc/instances/Baritone - Wurst/.minecraft/baritone/play.survivewith.us/minecraft/overworld_384/cache
[17:51:51] [ForkJoinPool.commonPool-worker-13/INFO]: [STDOUT]: Saved region successfully
[17:51:51] [pool-2-thread-2/INFO]: [STDOUT]: Saved region successfully
[17:51:51] [ForkJoinPool.commonPool-worker-4/INFO]: [STDOUT]: Saved region successfully
[17:51:51] [pool-2-thread-2/INFO]: [STDOUT]: World save took 210ms
[17:52:35] [Render thread/INFO]: [System] [CHAT] Legacy Keys are back in stock, and the store is 25% OFF, this weekend only! Type /donate to view the store!
[17:52:43] [Render thread/INFO]: [System] [CHAT] [Explorer] EMD_789> Anyone have any raw iron or gold they need smelted cuz I have a blast furnace super smelter.
[17:52:50] [Render thread/INFO]: [System] [CHAT] [Explorer] EMD_789> Its free.
[17:53:41] [Render thread/INFO]: [System] [CHAT] [MVP] Foxyfinds> Ok.
[17:53:48] [Render thread/INFO]: [System] [CHAT] [Explorer] EMD_789> U want to/.
[17:53:52] [Render thread/INFO]: [System] [CHAT] [Explorer] EMD_789> ?*.
[17:53:52] [Render thread/INFO]: [System] [CHAT] wontootreefoe is no longer AFK!
[17:53:54] [Render thread/INFO]: [System] [CHAT] [+] [☠] Silent
[17:53:57] [Render thread/INFO]: [System] [CHAT] [MVP] Foxyfinds> WB.
[17:53:58] [Render thread/INFO]: [System] [CHAT] [Explorer] EMD_789> WB.
[17:54:02] [Render thread/INFO]: [System] [CHAT] [Member] wontootreefoe> Ty.
[17:54:02] [Render thread/INFO]: [System] [CHAT] [Explorer] EMD_789> Wsp silent.
[17:54:04] [Render thread/INFO]: [System] [CHAT] [☠] Silent> Ty.
[17:54:17] [Render thread/INFO]: [System] [CHAT] [☠] Silent> Wsp?
[17:54:21] [Render thread/INFO]: [System] [CHAT] [Explorer] EMD_789> Im good bg.
[17:54:24] [Render thread/INFO]: [System] [CHAT] [MVP] Big> K.
[17:54:42] [Render thread/INFO]: [System] [CHAT] [Explorer] EMD_789> So foxy tp to me.
[17:54:50] [Render thread/INFO]: [System] [CHAT] [Explorer] EMD_789> And ill smelt the stuff.
[17:54:51] [Render thread/INFO]: [System] [CHAT] [MVP] Foxyfinds> For what?
[17:54:53] [Render thread/INFO]: [System] [CHAT] [Explorer] EMD_789> For free.
[17:54:58] [Render thread/INFO]: [System] [CHAT] [Explorer] EMD_789> U said ok.
[17:55:04] [Render thread/INFO]: [System] [CHAT] [MVP] Foxyfinds> Oh I dont have anything to smelt.
[17:55:06] [Render thread/INFO]: [System] [CHAT] [MVP] Foxyfinds> Oops.
[17:55:10] [Render thread/INFO]: [System] [CHAT] [Explorer] EMD_789> Its ok.
[17:55:29] [Render thread/INFO]: [System] [CHAT] HADES has gone AFK!
[17:55:35] [Render thread/INFO]: [System] [CHAT] Legacy Keys are back in stock, and the store is 25% OFF, this weekend only! Type /donate to view the store!
[17:55:48] [Render thread/INFO]: [System] [CHAT] [Explorer] EMD_789> If anyone has anything iron or gold they need smelted I have a blast furnace super smelter.
[17:55:53] [Render thread/INFO]: [System] [CHAT] [Explorer] EMD_789> Its free.
[17:56:30] [Render thread/INFO]: [System] [CHAT] [Member] wontootreefoe> Mining away.
[17:56:52] [Render thread/INFO]: [System] [CHAT] [Explorer] EMD_789> Won when ur done wanna smelt ur stuff in my super smelter.
[17:57:00] [Render thread/INFO]: [System] [CHAT] [Member] wontootreefoe> Y?
[17:57:02] [Render thread/INFO]: [System] [CHAT] [Member] wontootreefoe> Lol.
[17:57:03] [Render thread/INFO]: [System] [CHAT] [Explorer] EMD_789> Its all blast furanace.
[17:57:11] [Render thread/INFO]: [System] [CHAT] [Explorer] EMD_789> Just cuz its there for a reason.
[17:57:27] [Render thread/INFO]: [System] [CHAT] [Explorer] EMD_789> U have anything to smelt.
[17:57:30] [Render thread/INFO]: [System] [CHAT] [Member] wontootreefoe> Not rn.
[17:57:39] [Render thread/INFO]: [System] [CHAT] [Explorer] EMD_789> I ment silent.
[17:57:43] [Render thread/INFO]: [System] [CHAT] [Member] wontootreefoe> ?
[17:57:46] [Render thread/INFO]: [System] [CHAT] [Explorer] EMD_789> Ill put in for u.
[17:57:54] [Render thread/INFO]: [System] [CHAT] [+] [MVP] ITS_EZKI
[17:57:59] [Render thread/INFO]: [System] [CHAT] [Explorer] EMD_789> wb.
[17:58:01] [Render thread/INFO]: [System] [CHAT] [MVP] Foxyfinds> wb!
[17:58:01] [Render thread/INFO]: [System] [CHAT] CodeOverload has gone AFK!
[17:58:03] [Render thread/INFO]: [System] [CHAT] [Member] wontootreefoe> wb.
[17:58:03] [Render thread/INFO]: [System] [CHAT] [Explorer] EMD_789> Ill put in for u.
[17:58:06] [Render thread/INFO]: [System] [CHAT] [MVP] ITS_EZKI> Thx.
[17:58:35] [Render thread/INFO]: [System] [CHAT] Legacy Keys are back in stock, and the store is 25% OFF, this weekend only! Type /donate to view the store!
[17:59:53] [Render thread/INFO]: [System] [CHAT] [MVP] Big> Emd_789 I have somthing in need of smelting.
[17:59:56] [Render thread/INFO]: [System] [CHAT] [Member] wontootreefoe> Anyone have any magma.
[17:59:57] [Render thread/INFO]: [System] [CHAT] [Explorer] EMD_789> Sure.
[18:00:00] [Render thread/INFO]: [System] [CHAT] [Explorer] EMD_789> Tp on over.
[18:00:10] [Render thread/INFO]: [System] [CHAT] [Explorer] EMD_789> Gimme one sec.
[18:00:16] [Render thread/INFO]: [System] [CHAT] [Explorer] EMD_789> U cant smelt that.
[18:00:18] [Render thread/INFO]: [System] [CHAT] [Explorer] EMD_789> xD.
[18:00:22] [Render thread/INFO]: [System] [CHAT] [Explorer] EMD_789> Thx.
[18:00:22] [Render thread/INFO]: [System] [CHAT] [Member] wontootreefoe> Anyone have any magma.
[18:00:25] [Render thread/INFO]: [System] [CHAT] [MVP] Big> I know keep it.
[18:00:28] [Render thread/INFO]: [System] [CHAT] [Explorer] EMD_789> xD.
[18:00:37] [Render thread/INFO]: [System] [CHAT] [MVP] Big> Me I'm sur I have magma.
[18:00:41] [Render thread/INFO]: [System] [CHAT] [Member] wontootreefoe> How much.
[18:00:50] [Render thread/INFO]: [System] [CHAT] [Member] wontootreefoe> I need like a full inv and shulker.
[18:00:53] [Render thread/INFO]: [System] [CHAT] [Member] wontootreefoe> Or just a shulker.
[18:01:06] [Render thread/INFO]: [System] [CHAT] [Member] wontootreefoe> Well just any is ok.
[18:01:09] [Render thread/INFO]: [System] [CHAT] [MVP] Big> One sec I need to look.
[18:01:18] [Render thread/INFO]: [System] [CHAT] Want to support the server, get /crate keys and your next /rank? Don't forget to /vote!
[18:01:35] [Render thread/INFO]: [System] [CHAT] Legacy Keys are back in stock, and the store is 25% OFF, this weekend only! Type /donate to view the store!
[18:01:51] [pool-2-thread-2/INFO]: [STDOUT]: Saving region -3,14 to disk /home/gavinboor/.local/share/multimc/instances/Baritone - Wurst/.minecraft/baritone/play.survivewith.us/minecraft/overworld_384/cache
[18:01:51] [pool-2-thread-2/INFO]: [STDOUT]: Saved region successfully
[18:01:51] [pool-2-thread-2/INFO]: [STDOUT]: World save took 196ms
[18:02:01] [Render thread/INFO]: [System] [CHAT] [Member] wontootreefoe> Ok.
[18:03:06] [Render thread/INFO]: [System] [CHAT] [+] OrangeStormy
[18:03:06] [Render thread/INFO]: [System] [CHAT] Welcome to SurviveWithUs YELLOW, OrangeStormy!
[18:03:06] [Render thread/INFO]: [System] [CHAT] OrangeStormy has made the advancement [Isn't It Iron Pick]
[18:03:08] [Render thread/INFO]: [System] [CHAT] [Owner] [☣] Spiro> Welcome
[18:03:11] [Render thread/INFO]: [System] [CHAT] [☠] Silent> Welcome.
[18:03:12] [Render thread/INFO]: [System] [CHAT] [Explorer] EMD_789> Welcome.
[18:03:12] [Render thread/INFO]: [System] [CHAT] [MVP] Foxyfinds> Welcome.
[18:03:14] [Render thread/INFO]: [System] [CHAT] [Member] wontootreefoe> Welcome.
[18:03:54] [Render thread/INFO]: [System] [CHAT] [Member] OrangeStormy> Would anyone allow me to tp to them? I need friends.
[18:03:55] [Render thread/INFO]: [System] [CHAT] [Member] wontootreefoe> How much you got.
[18:04:25] [Render thread/INFO]: [System] [CHAT] [Member] wontootreefoe> How much magma.
[18:04:35] [Render thread/INFO]: [System] [CHAT] [MVP] Big> Wontootreefoe I have 6 stacks and 2.
[18:04:35] [Render thread/INFO]: [System] [CHAT] Legacy Keys are back in stock, and the store is 25% OFF, this weekend only! Type /donate to view the store!
[18:04:39] [Render thread/INFO]: [System] [CHAT] [Member] wontootreefoe> Ok.
[18:04:42] [Render thread/INFO]: [System] [CHAT] [Explorer] EMD_789> Hi.
[18:04:44] [Render thread/INFO]: [System] [CHAT] [MVP] Foxyfinds> Hi.
[18:04:49] [Render thread/INFO]: [System] [CHAT] [Member] OrangeStormy> Hi.
[18:04:50] [Render thread/INFO]: [System] [CHAT] [Member] wontootreefoe> Tp ig.
[18:05:17] [Render thread/INFO]: [System] [CHAT] [Member] OrangeStormy> How do i.
[18:05:26] [Render thread/INFO]: [System] [CHAT] [Member] wontootreefoe> Tysm.
[18:05:58] [Render thread/INFO]: [System] [CHAT] [MVP] Foxyfinds> Hi.
[18:06:00] [Render thread/INFO]: [System] [CHAT] [Member] wontootreefoe> Hi.
[18:06:09] [Render thread/INFO]: [System] [CHAT] [-] OrangeStormy
[18:07:10] [Render thread/INFO]: [System] [CHAT] EMD_789 has gone AFK!
[18:07:24] [Render thread/INFO]: [System] [CHAT] [Member] wontootreefoe> Its just so sad to see everyone gone except for me.
[18:07:31] [Render thread/INFO]: [System] [CHAT] [MVP] Foxyfinds> Yeah.
[18:07:35] [Render thread/INFO]: [System] [CHAT] Legacy Keys are back in stock, and the store is 25% OFF, this weekend only! Type /donate to view the store!
