[19:56:55] [main/INFO]: Loading Minecraft 1.19.2 with Fabric Loader 0.14.9
[19:56:55] [ForkJoinPool-1-worker-7/WARN]: Mod wurst uses the version v7.28-MC1.19.2 which isn't compatible with Loader's extended semantic version format (Could not parse version number component 'v7'!), SemVer is recommended for reliably evaluating dependencies and prioritizing newer version
[19:56:55] [ForkJoinPool-1-worker-2/WARN]: Mod wurst uses the version v7.27.3-MC1.19.2 which isn't compatible with Loader's extended semantic version format (Could not parse version number component 'v7'!), SemVer is recommended for reliably evaluating dependencies and prioritizing newer version
[19:56:55] [main/INFO]: Loading 55 mods:
	- baritone 1.5.3-621-gaddd1fc7
	- fabric-api 0.61.0+1.19.2
	- fabric-api-base 0.4.11+e62f51a390 via fabric-api
	- fabric-api-lookup-api-v1 1.6.9+9ff28f4090 via fabric-api
	- fabric-biome-api-v1 9.0.17+aeb40ebe90 via fabric-api
	- fabric-blockrenderlayer-v1 1.1.20+aeb40ebe90 via fabric-api
	- fabric-client-tags-api-v1 1.0.1+b35fea8390 via fabric-api
	- fabric-command-api-v1 1.2.11+f71b366f90 via fabric-api
	- fabric-command-api-v2 2.1.7+0c17ea9690 via fabric-api
	- fabric-commands-v0 0.2.28+df3654b390 via fabric-api
	- fabric-containers-v0 0.1.34+df3654b390 via fabric-api
	- fabric-content-registries-v0 3.3.0+624e468e90 via fabric-api
	- fabric-convention-tags-v1 1.1.1+7cd20a1490 via fabric-api
	- fabric-crash-report-info-v1 0.2.5+aeb40ebe90 via fabric-api
	- fabric-data-generation-api-v1 5.1.9+a680b9b490 via fabric-api
	- fabric-dimensions-v1 2.1.31+0dd10df690 via fabric-api
	- fabric-entity-events-v1 1.4.18+9ff28f4090 via fabric-api
	- fabric-events-interaction-v0 0.4.28+aeb40ebe90 via fabric-api
	- fabric-events-lifecycle-v0 0.2.28+df3654b390 via fabric-api
	- fabric-game-rule-api-v1 1.0.21+aeb40ebe90 via fabric-api
	- fabric-item-api-v1 1.5.7+35a03c4390 via fabric-api
	- fabric-item-groups-v0 0.3.29+4e8ca3fd90 via fabric-api
	- fabric-key-binding-api-v1 1.0.20+aeb40ebe90 via fabric-api
	- fabric-keybindings-v0 0.2.18+df3654b390 via fabric-api
	- fabric-lifecycle-events-v1 2.1.2+aeb40ebe90 via fabric-api
	- fabric-loot-api-v2 1.1.3+83a8659290 via fabric-api
	- fabric-loot-tables-v1 1.1.6+9e7660c690 via fabric-api
	- fabric-message-api-v1 5.0.3+176380a290 via fabric-api
	- fabric-mining-level-api-v1 2.1.14+33fbc73890 via fabric-api
	- fabric-models-v0 0.3.17+aeb40ebe90 via fabric-api
	- fabric-networking-api-v1 1.2.4+5eb68ef290 via fabric-api
	- fabric-networking-v0 0.3.21+df3654b390 via fabric-api
	- fabric-object-builder-api-v1 4.0.11+aeb40ebe90 via fabric-api
	- fabric-particles-v1 1.0.10+aeb40ebe90 via fabric-api
	- fabric-registry-sync-v0 0.9.25+726b652090 via fabric-api
	- fabric-renderer-api-v1 1.0.10+aeb40ebe90 via fabric-api
	- fabric-renderer-indigo 0.6.12+aeb40ebe90 via fabric-api
	- fabric-renderer-registries-v1 3.2.20+df3654b390 via fabric-api
	- fabric-rendering-data-attachment-v1 0.3.14+aeb40ebe90 via fabric-api
	- fabric-rendering-fluids-v1 3.0.7+aeb40ebe90 via fabric-api
	- fabric-rendering-v0 1.1.22+df3654b390 via fabric-api
	- fabric-rendering-v1 1.10.16+aeb40ebe90 via fabric-api
	- fabric-resource-conditions-api-v1 2.0.11+e62f51a390 via fabric-api
	- fabric-resource-loader-v0 0.6.1+aeb40ebe90 via fabric-api
	- fabric-screen-api-v1 1.0.26+f05effaf90 via fabric-api
	- fabric-screen-handler-api-v1 1.3.0+1cc24b1b90 via fabric-api
	- fabric-textures-v0 1.0.20+aeb40ebe90 via fabric-api
	- fabric-transfer-api-v1 2.1.0+8f88597390 via fabric-api
	- fabric-transitive-access-wideners-v1 1.3.0+42d99c3290 via fabric-api
	- fabricloader 0.14.9
	- java 17
	- minecraft 1.19.2
	- wurst v7.28-MC1.19.2
	- xaerominimap 22.15.1
	- xaeroworldmap 1.28.0
[19:56:55] [main/INFO]: SpongePowered MIXIN Subsystem Version=0.8.5 Source=file:/home/gavinboor/.local/share/multimc/libraries/net/fabricmc/sponge-mixin/0.11.4+mixin.0.8.5/sponge-mixin-0.11.4+mixin.0.8.5.jar Service=Knot/Fabric Env=CLIENT
[19:56:55] [main/INFO]: Compatibility level set to JAVA_17
[19:56:56] [main/WARN]: Error loading class: me/jellysquid/mods/sodium/client/render/occlusion/BlockOcclusionCache (java.lang.ClassNotFoundException: me/jellysquid/mods/sodium/client/render/occlusion/BlockOcclusionCache)
[19:56:57] [main/WARN]: Configuration conflict: there is more than one oshi.properties file on the classpath
[19:56:58] [main/WARN]: Configuration conflict: there is more than one oshi.architecture.properties file on the classpath
[19:57:01] [main/INFO]: Building optimized datafixer
[19:57:07] [Render thread/INFO]: Environment: authHost='https://authserver.mojang.com', accountsHost='https://api.mojang.com', sessionHost='https://sessionserver.mojang.com', servicesHost='https://api.minecraftservices.com', name='PROD'
[19:57:09] [Render thread/INFO]: Setting user: CodeOverload
[19:57:10] [Render thread/INFO]: [STDOUT]: Starting Wurst Client...
[19:57:12] [Render thread/INFO]: [Indigo] Registering Indigo renderer!
[19:57:13] [Render thread/INFO]: Loading Xaero's Minimap - Stage 1/2
[19:57:14] [Render thread/ERROR]: suppressed exception
java.lang.RuntimeException: Online mod data expired! Date: Sun Oct 09 16:49:00 CDT 2022
	at xaero.common.patreon.decrypt.DecryptInputStream.read(DecryptInputStream.java:59) ~[Xaeros_Minimap_22.15.1_Fabric_1.19.1.jar:?]
	at java.io.InputStream.read(InputStream.java:284) ~[?:?]
	at sun.nio.cs.StreamDecoder.readBytes(StreamDecoder.java:270) ~[?:?]
	at sun.nio.cs.StreamDecoder.implRead(StreamDecoder.java:313) ~[?:?]
	at sun.nio.cs.StreamDecoder.read(StreamDecoder.java:188) ~[?:?]
	at java.io.InputStreamReader.read(InputStreamReader.java:177) ~[?:?]
	at java.io.BufferedReader.fill(BufferedReader.java:162) ~[?:?]
	at java.io.BufferedReader.readLine(BufferedReader.java:329) ~[?:?]
	at java.io.BufferedReader.readLine(BufferedReader.java:396) ~[?:?]
	at xaero.common.patreon.Patreon.checkPatreon(Patreon.java:77) ~[Xaeros_Minimap_22.15.1_Fabric_1.19.1.jar:?]
	at xaero.minimap.XaeroMinimap.loadClient(XaeroMinimap.java:194) ~[Xaeros_Minimap_22.15.1_Fabric_1.19.1.jar:?]
	at xaero.minimap.XaeroMinimap.onInitializeClient(XaeroMinimap.java:63) ~[Xaeros_Minimap_22.15.1_Fabric_1.19.1.jar:?]
	at net.fabricmc.loader.impl.entrypoint.EntrypointUtils.invoke0(EntrypointUtils.java:47) [fabric-loader-0.14.9.jar:?]
	at net.fabricmc.loader.impl.entrypoint.EntrypointUtils.invoke(EntrypointUtils.java:35) [fabric-loader-0.14.9.jar:?]
	at net.fabricmc.loader.impl.game.minecraft.Hooks.startClient(Hooks.java:53) [fabric-loader-0.14.9.jar:?]
	at net.minecraft.class_310.<init>(class_310.java:459) [client-intermediary.jar:?]
	at net.minecraft.client.main.Main.method_44604(Main.java:205) [client-intermediary.jar:?]
	at net.minecraft.client.main.Main.main(Main.java:51) [client-intermediary.jar:?]
	at net.fabricmc.loader.impl.game.minecraft.MinecraftGameProvider.launch(MinecraftGameProvider.java:461) [fabric-loader-0.14.9.jar:?]
	at net.fabricmc.loader.impl.launch.knot.Knot.launch(Knot.java:74) [fabric-loader-0.14.9.jar:?]
	at net.fabricmc.loader.impl.launch.knot.KnotClient.main(KnotClient.java:23) [fabric-loader-0.14.9.jar:?]
	at jdk.internal.reflect.NativeMethodAccessorImpl.invoke0(Native Method) ~[?:?]
	at jdk.internal.reflect.NativeMethodAccessorImpl.invoke(NativeMethodAccessorImpl.java:77) ~[?:?]
	at jdk.internal.reflect.DelegatingMethodAccessorImpl.invoke(DelegatingMethodAccessorImpl.java:43) ~[?:?]
	at java.lang.reflect.Method.invoke(Method.java:568) ~[?:?]
	at org.multimc.onesix.OneSixLauncher.launchWithMainClass(OneSixLauncher.java:210) [NewLaunch.jar:?]
	at org.multimc.onesix.OneSixLauncher.launch(OneSixLauncher.java:245) [NewLaunch.jar:?]
	at org.multimc.EntryPoint.listen(EntryPoint.java:143) [NewLaunch.jar:?]
	at org.multimc.EntryPoint.main(EntryPoint.java:34) [NewLaunch.jar:?]
[19:57:14] [Render thread/INFO]: Loading Xaero's World Map - Stage 1/2
[19:57:15] [Render thread/ERROR]: suppressed exception
java.lang.RuntimeException: Online mod data expired! Date: Sun Oct 09 16:49:00 CDT 2022
	at xaero.map.patreon.decrypt.DecryptInputStream.read(DecryptInputStream.java:59) ~[XaerosWorldMap_1.28.0_Fabric_1.19.1.jar:?]
	at java.io.InputStream.read(InputStream.java:284) ~[?:?]
	at sun.nio.cs.StreamDecoder.readBytes(StreamDecoder.java:270) ~[?:?]
	at sun.nio.cs.StreamDecoder.implRead(StreamDecoder.java:313) ~[?:?]
	at sun.nio.cs.StreamDecoder.read(StreamDecoder.java:188) ~[?:?]
	at java.io.InputStreamReader.read(InputStreamReader.java:177) ~[?:?]
	at java.io.BufferedReader.fill(BufferedReader.java:162) ~[?:?]
	at java.io.BufferedReader.readLine(BufferedReader.java:329) ~[?:?]
	at java.io.BufferedReader.readLine(BufferedReader.java:396) ~[?:?]
	at xaero.map.misc.Internet.checkModVersion(Internet.java:54) ~[XaerosWorldMap_1.28.0_Fabric_1.19.1.jar:?]
	at xaero.map.WorldMap.loadClient(WorldMap.java:187) ~[XaerosWorldMap_1.28.0_Fabric_1.19.1.jar:?]
	at xaero.map.WorldMap.onInitializeClient(WorldMap.java:57) ~[XaerosWorldMap_1.28.0_Fabric_1.19.1.jar:?]
	at net.fabricmc.loader.impl.entrypoint.EntrypointUtils.invoke0(EntrypointUtils.java:47) [fabric-loader-0.14.9.jar:?]
	at net.fabricmc.loader.impl.entrypoint.EntrypointUtils.invoke(EntrypointUtils.java:35) [fabric-loader-0.14.9.jar:?]
	at net.fabricmc.loader.impl.game.minecraft.Hooks.startClient(Hooks.java:53) [fabric-loader-0.14.9.jar:?]
	at net.minecraft.class_310.<init>(class_310.java:459) [client-intermediary.jar:?]
	at net.minecraft.client.main.Main.method_44604(Main.java:205) [client-intermediary.jar:?]
	at net.minecraft.client.main.Main.main(Main.java:51) [client-intermediary.jar:?]
	at net.fabricmc.loader.impl.game.minecraft.MinecraftGameProvider.launch(MinecraftGameProvider.java:461) [fabric-loader-0.14.9.jar:?]
	at net.fabricmc.loader.impl.launch.knot.Knot.launch(Knot.java:74) [fabric-loader-0.14.9.jar:?]
	at net.fabricmc.loader.impl.launch.knot.KnotClient.main(KnotClient.java:23) [fabric-loader-0.14.9.jar:?]
	at jdk.internal.reflect.NativeMethodAccessorImpl.invoke0(Native Method) ~[?:?]
	at jdk.internal.reflect.NativeMethodAccessorImpl.invoke(NativeMethodAccessorImpl.java:77) ~[?:?]
	at jdk.internal.reflect.DelegatingMethodAccessorImpl.invoke(DelegatingMethodAccessorImpl.java:43) ~[?:?]
	at java.lang.reflect.Method.invoke(Method.java:568) ~[?:?]
	at org.multimc.onesix.OneSixLauncher.launchWithMainClass(OneSixLauncher.java:210) [NewLaunch.jar:?]
	at org.multimc.onesix.OneSixLauncher.launch(OneSixLauncher.java:245) [NewLaunch.jar:?]
	at org.multimc.EntryPoint.listen(EntryPoint.java:143) [NewLaunch.jar:?]
	at org.multimc.EntryPoint.main(EntryPoint.java:34) [NewLaunch.jar:?]
[19:57:16] [Render thread/INFO]: Backend library: LWJGL version 3.3.1 SNAPSHOT
[19:57:21] [Render thread/WARN]: ERROR : Couldn't load Narrator library
java.lang.UnsatisfiedLinkError: Unable to load library 'fliteWrapper':
libfliteWrapper.so: cannot open shared object file: No such file or directory
libfliteWrapper.so: cannot open shared object file: No such file or directory
Native library (linux-x86-64/libfliteWrapper.so) not found in resource path (/home/gavinboor/.local/share/multimc/bin/jars/NewLaunch.jar:/home/gavinboor/.local/share/multimc/libraries/org/lwjgl/lwjgl-glfw/3.3.1/lwjgl-glfw-3.3.1.jar:/home/gavinboor/.local/share/multimc/libraries/org/lwjgl/lwjgl-jemalloc/3.3.1/lwjgl-jemalloc-3.3.1.jar:/home/gavinboor/.local/share/multimc/libraries/org/lwjgl/lwjgl-openal/3.3.1/lwjgl-openal-3.3.1.jar:/home/gavinboor/.local/share/multimc/libraries/org/lwjgl/lwjgl-opengl/3.3.1/lwjgl-opengl-3.3.1.jar:/home/gavinboor/.local/share/multimc/libraries/org/lwjgl/lwjgl-stb/3.3.1/lwjgl-stb-3.3.1.jar:/home/gavinboor/.local/share/multimc/libraries/org/lwjgl/lwjgl-tinyfd/3.3.1/lwjgl-tinyfd-3.3.1.jar:/home/gavinboor/.local/share/multimc/libraries/org/lwjgl/lwjgl/3.3.1/lwjgl-3.3.1.jar:/home/gavinboor/.local/share/multimc/libraries/com/mojang/logging/1.0.0/logging-1.0.0.jar:/home/gavinboor/.local/share/multimc/libraries/com/mojang/blocklist/1.0.10/blocklist-1.0.10.jar:/home/gavinboor/.local/share/multimc/libraries/com/mojang/patchy/2.2.10/patchy-2.2.10.jar:/home/gavinboor/.local/share/multimc/libraries/com/github/oshi/oshi-core/5.8.5/oshi-core-5.8.5.jar:/home/gavinboor/.local/share/multimc/libraries/net/java/dev/jna/jna/5.10.0/jna-5.10.0.jar:/home/gavinboor/.local/share/multimc/libraries/net/java/dev/jna/jna-platform/5.10.0/jna-platform-5.10.0.jar:/home/gavinboor/.local/share/multimc/libraries/org/slf4j/slf4j-api/1.8.0-beta4/slf4j-api-1.8.0-beta4.jar:/home/gavinboor/.local/share/multimc/libraries/org/apache/logging/log4j/log4j-slf4j18-impl/2.16.0/log4j-slf4j18-impl-2.16.0.jar:/home/gavinboor/.local/share/multimc/libraries/com/ibm/icu/icu4j/70.1/icu4j-70.1.jar:/home/gavinboor/.local/share/multimc/libraries/com/mojang/javabridge/1.2.24/javabridge-1.2.24.jar:/home/gavinboor/.local/share/multimc/libraries/net/sf/jopt-simple/jopt-simple/5.0.4/jopt-simple-5.0.4.jar:/home/gavinboor/.local/share/multimc/libraries/io/netty/netty-common/4.1.77.Final/netty-common-4.1.77.Final.jar:/home/gavinboor/.local/share/multimc/libraries/io/netty/netty-buffer/4.1.77.Final/netty-buffer-4.1.77.Final.jar:/home/gavinboor/.local/share/multimc/libraries/io/netty/netty-codec/4.1.77.Final/netty-codec-4.1.77.Final.jar:/home/gavinboor/.local/share/multimc/libraries/io/netty/netty-handler/4.1.77.Final/netty-handler-4.1.77.Final.jar:/home/gavinboor/.local/share/multimc/libraries/io/netty/netty-resolver/4.1.77.Final/netty-resolver-4.1.77.Final.jar:/home/gavinboor/.local/share/multimc/libraries/io/netty/netty-transport/4.1.77.Final/netty-transport-4.1.77.Final.jar:/home/gavinboor/.local/share/multimc/libraries/io/netty/netty-transport-native-unix-common/4.1.77.Final/netty-transport-native-unix-common-4.1.77.Final.jar:/home/gavinboor/.local/share/multimc/libraries/io/netty/netty-transport-classes-epoll/4.1.77.Final/netty-transport-classes-epoll-4.1.77.Final.jar:/home/gavinboor/.local/share/multimc/libraries/io/netty/netty-transport-native-epoll/4.1.77.Final/netty-transport-native-epoll-4.1.77.Final-linux-x86_64.jar:/home/gavinboor/.local/share/multimc/libraries/com/google/guava/failureaccess/1.0.1/failureaccess-1.0.1.jar:/home/gavinboor/.local/share/multimc/libraries/com/google/guava/guava/31.0.1-jre/guava-31.0.1-jre.jar:/home/gavinboor/.local/share/multimc/libraries/org/apache/commons/commons-lang3/3.12.0/commons-lang3-3.12.0.jar:/home/gavinboor/.local/share/multimc/libraries/commons-io/commons-io/2.11.0/commons-io-2.11.0.jar:/home/gavinboor/.local/share/multimc/libraries/commons-codec/commons-codec/1.15/commons-codec-1.15.jar:/home/gavinboor/.local/share/multimc/libraries/com/mojang/brigadier/1.0.18/brigadier-1.0.18.jar:/home/gavinboor/.local/share/multimc/libraries/com/mojang/datafixerupper/5.0.28/datafixerupper-5.0.28.jar:/home/gavinboor/.local/share/multimc/libraries/com/google/code/gson/gson/2.8.9/gson-2.8.9.jar:/home/gavinboor/.local/share/multimc/libraries/com/mojang/authlib/3.11.49/authlib-3.11.49.jar:/home/gavinboor/.local/share/multimc/libraries/org/apache/commons/commons-compress/1.21/commons-compress-1.21.jar:/home/gavinboor/.local/share/multimc/libraries/org/apache/httpcomponents/httpclient/4.5.13/httpclient-4.5.13.jar:/home/gavinboor/.local/share/multimc/libraries/commons-logging/commons-logging/1.2/commons-logging-1.2.jar:/home/gavinboor/.local/share/multimc/libraries/org/apache/httpcomponents/httpcore/4.4.14/httpcore-4.4.14.jar:/home/gavinboor/.local/share/multimc/libraries/it/unimi/dsi/fastutil/8.5.6/fastutil-8.5.6.jar:/home/gavinboor/.local/share/multimc/libraries/org/apache/logging/log4j/log4j-api/2.16.0/log4j-api-2.16.0.jar:/home/gavinboor/.local/share/multimc/libraries/org/apache/logging/log4j/log4j-core/2.16.0/log4j-core-2.16.0.jar:/home/gavinboor/.local/share/multimc/libraries/com/mojang/text2speech/1.13.9/text2speech-1.13.9.jar:/home/gavinboor/.local/share/multimc/libraries/net/fabricmc/intermediary/1.19.2/intermediary-1.19.2.jar:/home/gavinboor/.local/share/multimc/libraries/net/fabricmc/tiny-mappings-parser/0.3.0+build.17/tiny-mappings-parser-0.3.0+build.17.jar:/home/gavinboor/.local/share/multimc/libraries/net/fabricmc/sponge-mixin/0.11.4+mixin.0.8.5/sponge-mixin-0.11.4+mixin.0.8.5.jar:/home/gavinboor/.local/share/multimc/libraries/net/fabricmc/tiny-remapper/0.8.2/tiny-remapper-0.8.2.jar:/home/gavinboor/.local/share/multimc/libraries/net/fabricmc/access-widener/2.1.0/access-widener-2.1.0.jar:/home/gavinboor/.local/share/multimc/libraries/org/ow2/asm/asm/9.3/asm-9.3.jar:/home/gavinboor/.local/share/multimc/libraries/org/ow2/asm/asm-analysis/9.3/asm-analysis-9.3.jar:/home/gavinboor/.local/share/multimc/libraries/org/ow2/asm/asm-commons/9.3/asm-commons-9.3.jar:/home/gavinboor/.local/share/multimc/libraries/org/ow2/asm/asm-tree/9.3/asm-tree-9.3.jar:/home/gavinboor/.local/share/multimc/libraries/org/ow2/asm/asm-util/9.3/asm-util-9.3.jar:/home/gavinboor/.local/share/multimc/libraries/net/fabricmc/fabric-loader/0.14.9/fabric-loader-0.14.9.jar:/home/gavinboor/.local/share/multimc/libraries/com/mojang/minecraft/1.19.2/minecraft-1.19.2-client.jar)
	at com.sun.jna.NativeLibrary.loadLibrary(NativeLibrary.java:301) ~[jna-5.10.0.jar:?]
	at com.sun.jna.NativeLibrary.getInstance(NativeLibrary.java:461) ~[jna-5.10.0.jar:?]
	at com.sun.jna.NativeLibrary.getInstance(NativeLibrary.java:403) ~[jna-5.10.0.jar:?]
	at com.mojang.text2speech.NarratorLinux.<clinit>(NarratorLinux.java:18) [text2speech-1.13.9.jar:?]
	at com.mojang.text2speech.Narrator.getNarrator(Narrator.java:21) [text2speech-1.13.9.jar:?]
	at net.minecraft.class_333.<init>(class_333.java:19) [client-intermediary.jar:?]
	at net.minecraft.class_310.<init>(class_310.java:637) [client-intermediary.jar:?]
	at net.minecraft.client.main.Main.method_44604(Main.java:205) [client-intermediary.jar:?]
	at net.minecraft.client.main.Main.main(Main.java:51) [client-intermediary.jar:?]
	at net.fabricmc.loader.impl.game.minecraft.MinecraftGameProvider.launch(MinecraftGameProvider.java:461) [fabric-loader-0.14.9.jar:?]
	at net.fabricmc.loader.impl.launch.knot.Knot.launch(Knot.java:74) [fabric-loader-0.14.9.jar:?]
	at net.fabricmc.loader.impl.launch.knot.KnotClient.main(KnotClient.java:23) [fabric-loader-0.14.9.jar:?]
	at jdk.internal.reflect.NativeMethodAccessorImpl.invoke0(Native Method) ~[?:?]
	at jdk.internal.reflect.NativeMethodAccessorImpl.invoke(NativeMethodAccessorImpl.java:77) ~[?:?]
	at jdk.internal.reflect.DelegatingMethodAccessorImpl.invoke(DelegatingMethodAccessorImpl.java:43) ~[?:?]
	at java.lang.reflect.Method.invoke(Method.java:568) ~[?:?]
	at org.multimc.onesix.OneSixLauncher.launchWithMainClass(OneSixLauncher.java:210) [NewLaunch.jar:?]
	at org.multimc.onesix.OneSixLauncher.launch(OneSixLauncher.java:245) [NewLaunch.jar:?]
	at org.multimc.EntryPoint.listen(EntryPoint.java:143) [NewLaunch.jar:?]
	at org.multimc.EntryPoint.main(EntryPoint.java:34) [NewLaunch.jar:?]
	Suppressed: java.lang.UnsatisfiedLinkError: libfliteWrapper.so: cannot open shared object file: No such file or directory
		at com.sun.jna.Native.open(Native Method) ~[jna-5.10.0.jar:?]
		at com.sun.jna.NativeLibrary.loadLibrary(NativeLibrary.java:191) ~[jna-5.10.0.jar:?]
		at com.sun.jna.NativeLibrary.getInstance(NativeLibrary.java:461) ~[jna-5.10.0.jar:?]
		at com.sun.jna.NativeLibrary.getInstance(NativeLibrary.java:403) ~[jna-5.10.0.jar:?]
		at com.mojang.text2speech.NarratorLinux.<clinit>(NarratorLinux.java:18) [text2speech-1.13.9.jar:?]
		at com.mojang.text2speech.Narrator.getNarrator(Narrator.java:21) [text2speech-1.13.9.jar:?]
		at net.minecraft.class_333.<init>(class_333.java:19) [client-intermediary.jar:?]
		at net.minecraft.class_310.<init>(class_310.java:637) [client-intermediary.jar:?]
		at net.minecraft.client.main.Main.method_44604(Main.java:205) [client-intermediary.jar:?]
		at net.minecraft.client.main.Main.main(Main.java:51) [client-intermediary.jar:?]
		at net.fabricmc.loader.impl.game.minecraft.MinecraftGameProvider.launch(MinecraftGameProvider.java:461) [fabric-loader-0.14.9.jar:?]
		at net.fabricmc.loader.impl.launch.knot.Knot.launch(Knot.java:74) [fabric-loader-0.14.9.jar:?]
		at net.fabricmc.loader.impl.launch.knot.KnotClient.main(KnotClient.java:23) [fabric-loader-0.14.9.jar:?]
		at jdk.internal.reflect.NativeMethodAccessorImpl.invoke0(Native Method) ~[?:?]
		at jdk.internal.reflect.NativeMethodAccessorImpl.invoke(NativeMethodAccessorImpl.java:77) ~[?:?]
		at jdk.internal.reflect.DelegatingMethodAccessorImpl.invoke(DelegatingMethodAccessorImpl.java:43) ~[?:?]
		at java.lang.reflect.Method.invoke(Method.java:568) ~[?:?]
		at org.multimc.onesix.OneSixLauncher.launchWithMainClass(OneSixLauncher.java:210) [NewLaunch.jar:?]
		at org.multimc.onesix.OneSixLauncher.launch(OneSixLauncher.java:245) [NewLaunch.jar:?]
		at org.multimc.EntryPoint.listen(EntryPoint.java:143) [NewLaunch.jar:?]
		at org.multimc.EntryPoint.main(EntryPoint.java:34) [NewLaunch.jar:?]
	Suppressed: java.lang.UnsatisfiedLinkError: libfliteWrapper.so: cannot open shared object file: No such file or directory
		at com.sun.jna.Native.open(Native Method) ~[jna-5.10.0.jar:?]
		at com.sun.jna.NativeLibrary.loadLibrary(NativeLibrary.java:204) ~[jna-5.10.0.jar:?]
		at com.sun.jna.NativeLibrary.getInstance(NativeLibrary.java:461) ~[jna-5.10.0.jar:?]
		at com.sun.jna.NativeLibrary.getInstance(NativeLibrary.java:403) ~[jna-5.10.0.jar:?]
		at com.mojang.text2speech.NarratorLinux.<clinit>(NarratorLinux.java:18) [text2speech-1.13.9.jar:?]
		at com.mojang.text2speech.Narrator.getNarrator(Narrator.java:21) [text2speech-1.13.9.jar:?]
		at net.minecraft.class_333.<init>(class_333.java:19) [client-intermediary.jar:?]
		at net.minecraft.class_310.<init>(class_310.java:637) [client-intermediary.jar:?]
		at net.minecraft.client.main.Main.method_44604(Main.java:205) [client-intermediary.jar:?]
		at net.minecraft.client.main.Main.main(Main.java:51) [client-intermediary.jar:?]
		at net.fabricmc.loader.impl.game.minecraft.MinecraftGameProvider.launch(MinecraftGameProvider.java:461) [fabric-loader-0.14.9.jar:?]
		at net.fabricmc.loader.impl.launch.knot.Knot.launch(Knot.java:74) [fabric-loader-0.14.9.jar:?]
		at net.fabricmc.loader.impl.launch.knot.KnotClient.main(KnotClient.java:23) [fabric-loader-0.14.9.jar:?]
		at jdk.internal.reflect.NativeMethodAccessorImpl.invoke0(Native Method) ~[?:?]
		at jdk.internal.reflect.NativeMethodAccessorImpl.invoke(NativeMethodAccessorImpl.java:77) ~[?:?]
		at jdk.internal.reflect.DelegatingMethodAccessorImpl.invoke(DelegatingMethodAccessorImpl.java:43) ~[?:?]
		at java.lang.reflect.Method.invoke(Method.java:568) ~[?:?]
		at org.multimc.onesix.OneSixLauncher.launchWithMainClass(OneSixLauncher.java:210) [NewLaunch.jar:?]
		at org.multimc.onesix.OneSixLauncher.launch(OneSixLauncher.java:245) [NewLaunch.jar:?]
		at org.multimc.EntryPoint.listen(EntryPoint.java:143) [NewLaunch.jar:?]
		at org.multimc.EntryPoint.main(EntryPoint.java:34) [NewLaunch.jar:?]
	Suppressed: java.io.IOException: Native library (linux-x86-64/libfliteWrapper.so) not found in resource path (/home/gavinboor/.local/share/multimc/bin/jars/NewLaunch.jar:/home/gavinboor/.local/share/multimc/libraries/org/lwjgl/lwjgl-glfw/3.3.1/lwjgl-glfw-3.3.1.jar:/home/gavinboor/.local/share/multimc/libraries/org/lwjgl/lwjgl-jemalloc/3.3.1/lwjgl-jemalloc-3.3.1.jar:/home/gavinboor/.local/share/multimc/libraries/org/lwjgl/lwjgl-openal/3.3.1/lwjgl-openal-3.3.1.jar:/home/gavinboor/.local/share/multimc/libraries/org/lwjgl/lwjgl-opengl/3.3.1/lwjgl-opengl-3.3.1.jar:/home/gavinboor/.local/share/multimc/libraries/org/lwjgl/lwjgl-stb/3.3.1/lwjgl-stb-3.3.1.jar:/home/gavinboor/.local/share/multimc/libraries/org/lwjgl/lwjgl-tinyfd/3.3.1/lwjgl-tinyfd-3.3.1.jar:/home/gavinboor/.local/share/multimc/libraries/org/lwjgl/lwjgl/3.3.1/lwjgl-3.3.1.jar:/home/gavinboor/.local/share/multimc/libraries/com/mojang/logging/1.0.0/logging-1.0.0.jar:/home/gavinboor/.local/share/multimc/libraries/com/mojang/blocklist/1.0.10/blocklist-1.0.10.jar:/home/gavinboor/.local/share/multimc/libraries/com/mojang/patchy/2.2.10/patchy-2.2.10.jar:/home/gavinboor/.local/share/multimc/libraries/com/github/oshi/oshi-core/5.8.5/oshi-core-5.8.5.jar:/home/gavinboor/.local/share/multimc/libraries/net/java/dev/jna/jna/5.10.0/jna-5.10.0.jar:/home/gavinboor/.local/share/multimc/libraries/net/java/dev/jna/jna-platform/5.10.0/jna-platform-5.10.0.jar:/home/gavinboor/.local/share/multimc/libraries/org/slf4j/slf4j-api/1.8.0-beta4/slf4j-api-1.8.0-beta4.jar:/home/gavinboor/.local/share/multimc/libraries/org/apache/logging/log4j/log4j-slf4j18-impl/2.16.0/log4j-slf4j18-impl-2.16.0.jar:/home/gavinboor/.local/share/multimc/libraries/com/ibm/icu/icu4j/70.1/icu4j-70.1.jar:/home/gavinboor/.local/share/multimc/libraries/com/mojang/javabridge/1.2.24/javabridge-1.2.24.jar:/home/gavinboor/.local/share/multimc/libraries/net/sf/jopt-simple/jopt-simple/5.0.4/jopt-simple-5.0.4.jar:/home/gavinboor/.local/share/multimc/libraries/io/netty/netty-common/4.1.77.Final/netty-common-4.1.77.Final.jar:/home/gavinboor/.local/share/multimc/libraries/io/netty/netty-buffer/4.1.77.Final/netty-buffer-4.1.77.Final.jar:/home/gavinboor/.local/share/multimc/libraries/io/netty/netty-codec/4.1.77.Final/netty-codec-4.1.77.Final.jar:/home/gavinboor/.local/share/multimc/libraries/io/netty/netty-handler/4.1.77.Final/netty-handler-4.1.77.Final.jar:/home/gavinboor/.local/share/multimc/libraries/io/netty/netty-resolver/4.1.77.Final/netty-resolver-4.1.77.Final.jar:/home/gavinboor/.local/share/multimc/libraries/io/netty/netty-transport/4.1.77.Final/netty-transport-4.1.77.Final.jar:/home/gavinboor/.local/share/multimc/libraries/io/netty/netty-transport-native-unix-common/4.1.77.Final/netty-transport-native-unix-common-4.1.77.Final.jar:/home/gavinboor/.local/share/multimc/libraries/io/netty/netty-transport-classes-epoll/4.1.77.Final/netty-transport-classes-epoll-4.1.77.Final.jar:/home/gavinboor/.local/share/multimc/libraries/io/netty/netty-transport-native-epoll/4.1.77.Final/netty-transport-native-epoll-4.1.77.Final-linux-x86_64.jar:/home/gavinboor/.local/share/multimc/libraries/com/google/guava/failureaccess/1.0.1/failureaccess-1.0.1.jar:/home/gavinboor/.local/share/multimc/libraries/com/google/guava/guava/31.0.1-jre/guava-31.0.1-jre.jar:/home/gavinboor/.local/share/multimc/libraries/org/apache/commons/commons-lang3/3.12.0/commons-lang3-3.12.0.jar:/home/gavinboor/.local/share/multimc/libraries/commons-io/commons-io/2.11.0/commons-io-2.11.0.jar:/home/gavinboor/.local/share/multimc/libraries/commons-codec/commons-codec/1.15/commons-codec-1.15.jar:/home/gavinboor/.local/share/multimc/libraries/com/mojang/brigadier/1.0.18/brigadier-1.0.18.jar:/home/gavinboor/.local/share/multimc/libraries/com/mojang/datafixerupper/5.0.28/datafixerupper-5.0.28.jar:/home/gavinboor/.local/share/multimc/libraries/com/google/code/gson/gson/2.8.9/gson-2.8.9.jar:/home/gavinboor/.local/share/multimc/libraries/com/mojang/authlib/3.11.49/authlib-3.11.49.jar:/home/gavinboor/.local/share/multimc/libraries/org/apache/commons/commons-compress/1.21/commons-compress-1.21.jar:/home/gavinboor/.local/share/multimc/libraries/org/apache/httpcomponents/httpclient/4.5.13/httpclient-4.5.13.jar:/home/gavinboor/.local/share/multimc/libraries/commons-logging/commons-logging/1.2/commons-logging-1.2.jar:/home/gavinboor/.local/share/multimc/libraries/org/apache/httpcomponents/httpcore/4.4.14/httpcore-4.4.14.jar:/home/gavinboor/.local/share/multimc/libraries/it/unimi/dsi/fastutil/8.5.6/fastutil-8.5.6.jar:/home/gavinboor/.local/share/multimc/libraries/org/apache/logging/log4j/log4j-api/2.16.0/log4j-api-2.16.0.jar:/home/gavinboor/.local/share/multimc/libraries/org/apache/logging/log4j/log4j-core/2.16.0/log4j-core-2.16.0.jar:/home/gavinboor/.local/share/multimc/libraries/com/mojang/text2speech/1.13.9/text2speech-1.13.9.jar:/home/gavinboor/.local/share/multimc/libraries/net/fabricmc/intermediary/1.19.2/intermediary-1.19.2.jar:/home/gavinboor/.local/share/multimc/libraries/net/fabricmc/tiny-mappings-parser/0.3.0+build.17/tiny-mappings-parser-0.3.0+build.17.jar:/home/gavinboor/.local/share/multimc/libraries/net/fabricmc/sponge-mixin/0.11.4+mixin.0.8.5/sponge-mixin-0.11.4+mixin.0.8.5.jar:/home/gavinboor/.local/share/multimc/libraries/net/fabricmc/tiny-remapper/0.8.2/tiny-remapper-0.8.2.jar:/home/gavinboor/.local/share/multimc/libraries/net/fabricmc/access-widener/2.1.0/access-widener-2.1.0.jar:/home/gavinboor/.local/share/multimc/libraries/org/ow2/asm/asm/9.3/asm-9.3.jar:/home/gavinboor/.local/share/multimc/libraries/org/ow2/asm/asm-analysis/9.3/asm-analysis-9.3.jar:/home/gavinboor/.local/share/multimc/libraries/org/ow2/asm/asm-commons/9.3/asm-commons-9.3.jar:/home/gavinboor/.local/share/multimc/libraries/org/ow2/asm/asm-tree/9.3/asm-tree-9.3.jar:/home/gavinboor/.local/share/multimc/libraries/org/ow2/asm/asm-util/9.3/asm-util-9.3.jar:/home/gavinboor/.local/share/multimc/libraries/net/fabricmc/fabric-loader/0.14.9/fabric-loader-0.14.9.jar:/home/gavinboor/.local/share/multimc/libraries/com/mojang/minecraft/1.19.2/minecraft-1.19.2-client.jar)
		at com.sun.jna.Native.extractFromResourcePath(Native.java:1145) ~[jna-5.10.0.jar:?]
		at com.sun.jna.NativeLibrary.loadLibrary(NativeLibrary.java:275) ~[jna-5.10.0.jar:?]
		at com.sun.jna.NativeLibrary.getInstance(NativeLibrary.java:461) ~[jna-5.10.0.jar:?]
		at com.sun.jna.NativeLibrary.getInstance(NativeLibrary.java:403) ~[jna-5.10.0.jar:?]
		at com.mojang.text2speech.NarratorLinux.<clinit>(NarratorLinux.java:18) [text2speech-1.13.9.jar:?]
		at com.mojang.text2speech.Narrator.getNarrator(Narrator.java:21) [text2speech-1.13.9.jar:?]
		at net.minecraft.class_333.<init>(class_333.java:19) [client-intermediary.jar:?]
		at net.minecraft.class_310.<init>(class_310.java:637) [client-intermediary.jar:?]
		at net.minecraft.client.main.Main.method_44604(Main.java:205) [client-intermediary.jar:?]
		at net.minecraft.client.main.Main.main(Main.java:51) [client-intermediary.jar:?]
		at net.fabricmc.loader.impl.game.minecraft.MinecraftGameProvider.launch(MinecraftGameProvider.java:461) [fabric-loader-0.14.9.jar:?]
		at net.fabricmc.loader.impl.launch.knot.Knot.launch(Knot.java:74) [fabric-loader-0.14.9.jar:?]
		at net.fabricmc.loader.impl.launch.knot.KnotClient.main(KnotClient.java:23) [fabric-loader-0.14.9.jar:?]
		at jdk.internal.reflect.NativeMethodAccessorImpl.invoke0(Native Method) ~[?:?]
		at jdk.internal.reflect.NativeMethodAccessorImpl.invoke(NativeMethodAccessorImpl.java:77) ~[?:?]
		at jdk.internal.reflect.DelegatingMethodAccessorImpl.invoke(DelegatingMethodAccessorImpl.java:43) ~[?:?]
		at java.lang.reflect.Method.invoke(Method.java:568) ~[?:?]
		at org.multimc.onesix.OneSixLauncher.launchWithMainClass(OneSixLauncher.java:210) [NewLaunch.jar:?]
		at org.multimc.onesix.OneSixLauncher.launch(OneSixLauncher.java:245) [NewLaunch.jar:?]
		at org.multimc.EntryPoint.listen(EntryPoint.java:143) [NewLaunch.jar:?]
		at org.multimc.EntryPoint.main(EntryPoint.java:34) [NewLaunch.jar:?]
[19:57:21] [Render thread/INFO]: Reloading ResourceManager: Default, Fabric Mods (Fabric API, Fabric API Base, Fabric API Lookup API (v1), Fabric Biome API (v1), Fabric BlockRenderLayer Registration (v1), Fabric Client Tags, Fabric Command API (v1), Fabric Command API (v2), Fabric Commands (v0), Fabric Containers (v0), Fabric Content Registries (v0), Fabric Convention Tags, Fabric Crash Report Info (v1), Fabric Data Generation API (v1), Fabric Dimensions API (v1), Fabric Entity Events (v1), Fabric Events Interaction (v0), Fabric Events Lifecycle (v0), Fabric Game Rule API (v1), Fabric Item API (v1), Fabric Item Groups (v0), Fabric Key Binding API (v1), Fabric Key Bindings (v0), Fabric Lifecycle Events (v1), Fabric Loot API (v2), Fabric Loot Tables (v1), Fabric Message API (v1), Fabric Mining Level API (v1), Fabric Models (v0), Fabric Networking API (v1), Fabric Networking (v0), Fabric Object Builder API (v1), Fabric Particles (v1), Fabric Registry Sync (v0), Fabric Renderer API (v1), Fabric Renderer - Indigo, Fabric Renderer Registries (v1), Fabric Rendering Data Attachment (v1), Fabric Rendering Fluids (v1), Fabric Rendering (v0), Fabric Rendering (v1), Fabric Resource Conditions API (v1), Fabric Resource Loader (v0), Fabric Screen API (v1), Fabric Screen Handler API (v1), Fabric Textures (v0), Fabric Transfer API (v1), Fabric Transitive Access Wideners (v1), Fabric Loader, Wurst Client, Xaero's Minimap, Xaero's World Map)
[19:57:22] [Render thread/INFO]: Loading Xaero's Minimap - Stage 2/2
[19:57:23] [Render thread/ERROR]: suppressed exception
java.lang.RuntimeException: Online mod data expired! Date: Sun Oct 09 16:49:00 CDT 2022
	at xaero.common.patreon.decrypt.DecryptInputStream.read(DecryptInputStream.java:59) ~[Xaeros_Minimap_22.15.1_Fabric_1.19.1.jar:?]
	at java.io.InputStream.read(InputStream.java:284) ~[?:?]
	at sun.nio.cs.StreamDecoder.readBytes(StreamDecoder.java:270) ~[?:?]
	at sun.nio.cs.StreamDecoder.implRead(StreamDecoder.java:313) ~[?:?]
	at sun.nio.cs.StreamDecoder.read(StreamDecoder.java:188) ~[?:?]
	at java.io.InputStreamReader.read(InputStreamReader.java:177) ~[?:?]
	at java.io.BufferedReader.fill(BufferedReader.java:162) ~[?:?]
	at java.io.BufferedReader.readLine(BufferedReader.java:329) ~[?:?]
	at java.io.BufferedReader.readLine(BufferedReader.java:396) ~[?:?]
	at xaero.common.misc.Internet.checkModVersion(Internet.java:54) [Xaeros_Minimap_22.15.1_Fabric_1.19.1.jar:?]
	at xaero.minimap.XaeroMinimap.tryLoadLater(XaeroMinimap.java:239) [Xaeros_Minimap_22.15.1_Fabric_1.19.1.jar:?]
	at net.minecraft.class_310.handler$zni001$onTickStart(class_310.java:6956) [client-intermediary.jar:?]
	at net.minecraft.class_310.method_1574(class_310.java) [client-intermediary.jar:?]
	at net.minecraft.class_310.method_1523(class_310.java:1135) [client-intermediary.jar:?]
	at net.minecraft.class_310.method_1514(class_310.java:768) [client-intermediary.jar:?]
	at net.minecraft.client.main.Main.method_44604(Main.java:244) [client-intermediary.jar:?]
	at net.minecraft.client.main.Main.main(Main.java:51) [client-intermediary.jar:?]
	at net.fabricmc.loader.impl.game.minecraft.MinecraftGameProvider.launch(MinecraftGameProvider.java:461) [fabric-loader-0.14.9.jar:?]
	at net.fabricmc.loader.impl.launch.knot.Knot.launch(Knot.java:74) [fabric-loader-0.14.9.jar:?]
	at net.fabricmc.loader.impl.launch.knot.KnotClient.main(KnotClient.java:23) [fabric-loader-0.14.9.jar:?]
	at jdk.internal.reflect.NativeMethodAccessorImpl.invoke0(Native Method) ~[?:?]
	at jdk.internal.reflect.NativeMethodAccessorImpl.invoke(NativeMethodAccessorImpl.java:77) ~[?:?]
	at jdk.internal.reflect.DelegatingMethodAccessorImpl.invoke(DelegatingMethodAccessorImpl.java:43) ~[?:?]
	at java.lang.reflect.Method.invoke(Method.java:568) ~[?:?]
	at org.multimc.onesix.OneSixLauncher.launchWithMainClass(OneSixLauncher.java:210) [NewLaunch.jar:?]
	at org.multimc.onesix.OneSixLauncher.launch(OneSixLauncher.java:245) [NewLaunch.jar:?]
	at org.multimc.EntryPoint.listen(EntryPoint.java:143) [NewLaunch.jar:?]
	at org.multimc.EntryPoint.main(EntryPoint.java:34) [NewLaunch.jar:?]
[19:57:23] [Render thread/INFO]: Xaero's Minimap: World Map found!
[19:57:23] [Render thread/INFO]: No Optifine!
[19:57:23] [Render thread/INFO]: Xaero's Minimap: No Vivecraft!
[19:57:23] [Render thread/INFO]: Loading Xaero's World Map - Stage 2/2
[19:57:23] [Render thread/INFO]: New world map region cache hash code: 687554333
[19:57:23] [Render thread/INFO]: Xaero's WorldMap Mod: Xaero's minimap found!
[19:57:23] [Render thread/INFO]: No Optifine!
[19:57:23] [Render thread/INFO]: Xaero's World Map: No Vivecraft!
[19:57:27] [Render thread/WARN]: Missing sound for event: minecraft:item.goat_horn.play
[19:57:27] [Render thread/WARN]: Missing sound for event: minecraft:entity.goat.screaming.horn_break
[19:57:27] [Render thread/INFO]: OpenAL initialized on device VirtIO SoundCard
[19:57:27] [Render thread/INFO]: Sound engine started
[19:57:28] [Render thread/INFO]: Created: 1024x1024x0 minecraft:textures/atlas/blocks.png-atlas
[19:57:28] [Render thread/INFO]: Created: 256x128x0 minecraft:textures/atlas/signs.png-atlas
[19:57:28] [Render thread/INFO]: Created: 1024x512x0 minecraft:textures/atlas/banner_patterns.png-atlas
[19:57:28] [Render thread/INFO]: Created: 1024x512x0 minecraft:textures/atlas/shield_patterns.png-atlas
[19:57:28] [Render thread/INFO]: Created: 256x256x0 minecraft:textures/atlas/chest.png-atlas
[19:57:28] [Render thread/INFO]: Created: 512x256x0 minecraft:textures/atlas/beds.png-atlas
[19:57:28] [Render thread/INFO]: Created: 512x256x0 minecraft:textures/atlas/shulker_boxes.png-atlas
[19:57:31] [Render thread/WARN]: Shader rendertype_entity_translucent_emissive could not find sampler named Sampler2 in the specified shader program.
[19:57:32] [Render thread/INFO]: Created: 512x256x0 minecraft:textures/atlas/particles.png-atlas
[19:57:32] [Render thread/INFO]: Created: 256x256x0 minecraft:textures/atlas/paintings.png-atlas
[19:57:32] [Render thread/INFO]: Created: 256x128x0 minecraft:textures/atlas/mob_effects.png-atlas
[19:57:32] [Render thread/INFO]: Successfully reloaded the minimap shaders!
[19:57:32] [Render thread/INFO]: Successfully reloaded the world map shaders!
[19:57:47] [Worker-Bootstrap-4/INFO]: 4283 Datafixer optimizations took 45641 milliseconds
[19:57:55] [Render thread/INFO]: Connecting to play.survivewith.us, 25565
[19:57:57] [Render thread/INFO]: New minimap session initialized!
[19:57:57] [Render thread/INFO]: New world map session initialized!
[19:57:57] [Render thread/INFO]: [STDOUT]: Baritone world data dir: /home/gavinboor/.local/share/multimc/instances/Baritone - Wurst/.minecraft/baritone/play.survivewith.us/minecraft/overworld_384
[19:57:57] [Render thread/INFO]: [STDOUT]: Cached world directory: /home/gavinboor/.local/share/multimc/instances/Baritone - Wurst/.minecraft/baritone/play.survivewith.us/minecraft/overworld_384/cache
[19:57:57] [Render thread/INFO]: [STDOUT]: Would save waypoints to /home/gavinboor/.local/share/multimc/instances/Baritone - Wurst/.minecraft/baritone/play.survivewith.us/minecraft/overworld_384/waypoints
[19:57:57] [Render thread/INFO]: [STDOUT]: Telemetry sending attempt blocked.
[19:57:57] [Render thread/INFO]: [STDOUT]: Telemetry sending attempt blocked.
[19:57:57] [Render thread/WARN]: Not all defined tags for registry ResourceKey[minecraft:root / minecraft:block] are present in data pack: minecraft:ancient_city_replaceable, minecraft:mangrove_logs_can_grow_through, minecraft:mangrove_roots_can_grow_through, minecraft:nether_carver_replaceables, minecraft:overworld_carver_replaceables
[19:57:58] [Render thread/INFO]: [System] [CHAT] 
[19:57:58] [Render thread/INFO]: [System] [CHAT] 
[19:57:58] [Render thread/INFO]: [System] [CHAT] Welcome back to SurviveWithUs YELLOW, CodeOverload!
[19:57:58] [Render thread/INFO]: [System] [CHAT] 
[19:57:58] [Render thread/INFO]: [System] [CHAT] §bYou're currently receiving an §6§lXP§b or §6§lMoney Boost!§b Click §bhere §bto §bview §byour §6§l/boosts!
[19:57:58] [Render thread/INFO]: [System] [CHAT] 
[19:57:58] [Render thread/INFO]: Loaded 848 advancements
[19:57:58] [pool-2-thread-1/INFO]: [STDOUT]: Loading region -3,14 from disk /home/gavinboor/.local/share/multimc/instances/Baritone - Wurst/.minecraft/baritone/play.survivewith.us/minecraft/overworld_384/cache
[19:57:58] [Render thread/INFO]: [System] [CHAT] [☠] Silent> wb.
[19:57:58] [Render thread/INFO]: [System] [CHAT] [Apprentice] faithuel> yeah its terrible
[19:57:59] [Render thread/INFO]: [STDOUT]: Brightness started at 0.5
[19:57:59] [Render thread/INFO]: Reloading entity icon resources...
[19:57:59] [Render thread/INFO]: Done!
[19:57:59] [pool-2-thread-1/INFO]: [STDOUT]: Loaded region successfully in 521ms
[19:58:00] [WurstUpdater/INFO]: [STDOUT]: [Updater] Current version: 7.28
[19:58:00] [WurstUpdater/INFO]: [STDOUT]: [Updater] Latest version: 7.28
[19:58:01] [pool-2-thread-1/INFO]: [STDOUT]: Loading region -4,14 from disk /home/gavinboor/.local/share/multimc/instances/Baritone - Wurst/.minecraft/baritone/play.survivewith.us/minecraft/overworld_384/cache
[19:58:01] [pool-2-thread-1/INFO]: [STDOUT]: Loaded region successfully in 96ms
[19:58:20] [Render thread/INFO]: [System] [CHAT] [Member] CliffMC> Rockin! rockets, ha !
[19:58:26] [Render thread/INFO]: [System] [CHAT] Remember to /vote to get your next /rank and unlock epic rewards!
[19:58:27] [pool-2-thread-2/INFO]: [STDOUT]: Saving region -4,14 to disk /home/gavinboor/.local/share/multimc/instances/Baritone - Wurst/.minecraft/baritone/play.survivewith.us/minecraft/overworld_384/cache
[19:58:27] [ForkJoinPool.commonPool-worker-6/INFO]: [STDOUT]: Saving region -3,14 to disk /home/gavinboor/.local/share/multimc/instances/Baritone - Wurst/.minecraft/baritone/play.survivewith.us/minecraft/overworld_384/cache
[19:58:27] [pool-2-thread-2/INFO]: [STDOUT]: Saved region successfully
[19:58:27] [ForkJoinPool.commonPool-worker-6/INFO]: [STDOUT]: Saved region successfully
[19:58:27] [pool-2-thread-2/INFO]: [STDOUT]: World save took 337ms
[19:58:32] [Render thread/INFO]: [System] [CHAT] [Apprentice] faithuel> dont mind him
[19:58:37] [Render thread/INFO]: [System] [CHAT] Legacy Keys are back in stock, and the store is 25% OFF, this weekend only! Type /donate to view the store!
[19:58:39] [Render thread/INFO]: [System] [CHAT] [☠] Silent> At least just a few stacks will make a lot of money.
[19:58:40] [Render thread/INFO]: [System] [CHAT] [Explorer] EMD_789> whos he
[19:58:55] [Render thread/INFO]: [System] [CHAT] [Apprentice] faithuel> someone is selling them for 35 a piece, which isnt too terrible
[19:59:06] [Render thread/INFO]: [System] [CHAT] [Binary] CodeOverload> thx silent
[19:59:11] [Render thread/INFO]: [System] [CHAT] [☠] Silent> That's me.
[19:59:17] [Render thread/INFO]: [System] [CHAT] [Binary] CodeOverload> tis
[19:59:22] [Render thread/INFO]: [System] [CHAT] You can now fly by double-jumping!
[19:59:23] [Render thread/INFO]: [System] [CHAT] You have given $1 to HADES
[19:59:25] [Render thread/INFO]: [System] [CHAT] [Explorer] EMD_789> CODE!
[19:59:30] [Render thread/INFO]: [System] [CHAT] [Binary] CodeOverload> wat
[19:59:31] [Render thread/INFO]: [System] [CHAT] [☠] Silent> Duration 3s go for $60!
[19:59:34] [Render thread/INFO]: [System] [CHAT] [Explorer] EMD_789> ive been waiting for u
[19:59:35] [Render thread/INFO]: [System] [CHAT] [-] faithuel
[19:59:39] [Render thread/INFO]: [System] [CHAT] [Binary] CodeOverload> why?
[19:59:41] [Render thread/INFO]: [System] [CHAT] [Explorer] EMD_789> ive been lownly with out u
[19:59:44] [Render thread/INFO]: [System] [CHAT] You have given $1 to HADES
[19:59:54] [Render thread/INFO]: [System] [CHAT] [Binary] CodeOverload> oh good hades is afk
[19:59:55] [Render thread/INFO]: [System] [CHAT] You have given $1 to HADES
[19:59:56] [Render thread/INFO]: [System] [CHAT] You have given $1 to HADES
[20:00:02] [Render thread/INFO]: [System] [CHAT] [Binary] CodeOverload> did his donations break?
[20:00:12] [Render thread/INFO]: [System] [CHAT] You have given $1 to HADES
[20:00:14] [Render thread/INFO]: [System] [CHAT] [+] faithuel
[20:00:14] [Render thread/INFO]: [System] [CHAT] You have given $1 to HADES
[20:00:14] [Render thread/INFO]: [System] [CHAT] You have given $1 to HADES
[20:00:17] [Render thread/INFO]: [System] [CHAT] [Explorer] EMD_789> wb
[20:00:18] [Render thread/INFO]: [System] [CHAT] [☠] Silent> WB!
[20:00:18] [Render thread/INFO]: [System] [CHAT] [Apprentice] faithuel> where is the
[20:00:18] [Render thread/INFO]: [System] [CHAT] You have given $1 to HADES
[20:00:20] [Render thread/INFO]: [System] [CHAT] You have given $1 to HADES
[20:00:21] [Render thread/INFO]: [System] [CHAT] [☠] Silent> ?
[20:00:23] [Render thread/INFO]: [System] [CHAT] You have given $1 to HADES [x10]
[20:00:25] [Render thread/INFO]: [System] [CHAT] You have given $1 to HADES [x11]
[20:00:27] [Render thread/INFO]: [System] [CHAT] You have given $1 to HADES [x12]
[20:00:28] [Render thread/INFO]: [System] [CHAT] You have given $1 to HADES [x13]
[20:00:30] [Render thread/INFO]: [System] [CHAT] You can't do that here!
[20:00:32] [Render thread/INFO]: [System] [CHAT] You have given $1 to HADES [x14]
[20:00:32] [Render thread/INFO]: [System] [CHAT] You have given $1 to HADES [x15]
[20:00:34] [Render thread/INFO]: [System] [CHAT] [Apprentice] faithuel> how do i get to the place where it has all the crates, before you jump in the end portal
[20:00:34] [Render thread/INFO]: [System] [CHAT] You have given $1 to HADES [x16]
[20:00:34] [Render thread/INFO]: [System] [CHAT] You have given $1 to HADES [x17]
[20:00:35] [Render thread/INFO]: [System] [CHAT] You have given $1 to HADES [x18]
[20:00:36] [Render thread/INFO]: [System] [CHAT] You have given $1 to HADES [x19]
[20:00:36] [Render thread/INFO]: [System] [CHAT] You have given $1 to HADES [x20]
[20:00:38] [Render thread/INFO]: [System] [CHAT] You have given $1 to HADES [x21]
[20:00:38] [Render thread/INFO]: [System] [CHAT] You have given $1 to HADES [x22]
[20:00:39] [Render thread/INFO]: [System] [CHAT] You have given $1 to HADES [x23]
[20:00:39] [Render thread/INFO]: [System] [CHAT] You have given $1 to HADES [x24]
[20:00:41] [Render thread/INFO]: [System] [CHAT] [☠] Silent> Spawn?
[20:00:42] [Render thread/INFO]: [System] [CHAT] You have given $1 to HADES [x25]
[20:00:42] [Render thread/INFO]: [System] [CHAT] [Member] CliffMC> Ma, ma, where's my pa?
[20:00:44] [Render thread/INFO]: [System] [CHAT] [Apprentice] faithuel> yes
[20:00:45] [Render thread/INFO]: [System] [CHAT] You have given $1 to HADES [x26]
[20:00:45] [Render thread/INFO]: [System] [CHAT] You have given $1 to HADES [x27]
[20:00:49] [Render thread/INFO]: [System] [CHAT] You have given $1 to HADES [x28]
[20:00:52] [Render thread/INFO]: [System] [CHAT] [Member] CliffMC> 'gone to the white house, ha ha ha!
[20:00:52] [Render thread/INFO]: [System] [CHAT] You have given $1 to HADES [x29]
[20:00:52] [Render thread/INFO]: [System] [CHAT] You have given $1 to HADES [x30]
[20:00:57] [Render thread/INFO]: [System] [CHAT] You have given $1 to HADES [x31]
[20:00:59] [Render thread/INFO]: [System] [CHAT] [☠] Silent> ./spawn.
[20:00:59] [Render thread/INFO]: [System] [CHAT] You can't do that here! [x2]
[20:01:02] [Render thread/INFO]: [System] [CHAT] You have given $1 to HADES [x32]
[20:01:02] [Render thread/INFO]: [System] [CHAT] You have given $1 to HADES [x33]
[20:01:07] [Render thread/INFO]: [System] [CHAT] You have given $1 to HADES [x34]
[20:01:07] [Render thread/INFO]: [System] [CHAT] You have given $1 to HADES [x35]
[20:01:10] [Render thread/INFO]: [System] [CHAT] [Binary] CodeOverload> silent
[20:01:17] [Render thread/INFO]: [System] [CHAT] Spidey has spawned! Type /boss to battle him!
[20:01:18] [Render thread/INFO]: [System] [CHAT] Want to support the server, get /crate keys and your next /rank? Don't forget to /vote!
[20:01:20] [Render thread/INFO]: [System] [CHAT] [☠] Silent> What.
[20:01:20] [Render thread/INFO]: [System] [CHAT] [Binary] CodeOverload> if i gave you a dollar every time i moved would you be mad
[20:01:21] [Render thread/INFO]: [System] [CHAT] You have given $1 to HADES [x36]
[20:01:22] [Render thread/INFO]: [System] [CHAT] You have given $1 to HADES [x37]
[20:01:28] [Render thread/INFO]: [System] [CHAT] [Apprentice] faithuel> how do i check my money again
[20:01:31] [Render thread/INFO]: [System] [CHAT] [☠] Silent> ./bal.
[20:01:32] [Render thread/INFO]: [System] [CHAT] [Binary] CodeOverload> with /bal
[20:01:33] [Render thread/INFO]: [System] [CHAT] You have given $1 to HADES [x38]
[20:01:34] [Render thread/INFO]: [System] [CHAT] You have given $1 to HADES [x39]
[20:01:37] [Render thread/INFO]: [System] [CHAT] Legacy Keys are back in stock, and the store is 25% OFF, this weekend only! Type /donate to view the store! [x2]
[20:01:43] [Render thread/INFO]: [System] [CHAT] [☠] Silent> 1 usd every time you move?
[20:01:45] [Render thread/INFO]: [System] [CHAT] [☠] Silent> Sign me up.
[20:01:49] [Render thread/INFO]: [System] [CHAT] [Binary] CodeOverload> no
[20:01:51] [Render thread/INFO]: [System] [CHAT] [Binary] CodeOverload> i spirobuck
[20:01:52] [Render thread/INFO]: [System] [CHAT] You have given $1 to HADES [x40]
[20:01:52] [Render thread/INFO]: [System] [CHAT] You have given $1 to HADES [x41]
[20:01:56] [Render thread/INFO]: [System] [CHAT] [☠] Silent> Lame.
[20:01:57] [Render thread/INFO]: [System] [CHAT] You have given $1 to HADES [x42]
[20:01:57] [Render thread/INFO]: [System] [CHAT] You have given $1 to HADES [x43]
[20:02:05] [Render thread/INFO]: [System] [CHAT] §c[§6Wurst§c]§r Syntax: .binds add <key> <hacks>
[20:02:05] [Render thread/INFO]: [System] [CHAT] §c[§6Wurst§c]§r .binds add <key> <commands>
[20:02:05] [Render thread/INFO]: [System] [CHAT] §c[§6Wurst§c]§r .binds remove <key>
[20:02:05] [Render thread/INFO]: [System] [CHAT] §c[§6Wurst§c]§r .binds list [<page>]
[20:02:05] [Render thread/INFO]: [System] [CHAT] §c[§6Wurst§c]§r .binds load-profile <file>
[20:02:05] [Render thread/INFO]: [System] [CHAT] §c[§6Wurst§c]§r .binds save-profile <file>
[20:02:05] [Render thread/INFO]: [System] [CHAT] §c[§6Wurst§c]§r .binds list-profiles [<page>]
[20:02:05] [Render thread/INFO]: [System] [CHAT] §c[§6Wurst§c]§r .binds remove-all
[20:02:05] [Render thread/INFO]: [System] [CHAT] §c[§6Wurst§c]§r .binds reset
[20:02:05] [Render thread/INFO]: [System] [CHAT] §c[§6Wurst§c]§r Multiple hacks/commands must be separated by ';'.
[20:02:05] [Render thread/INFO]: [System] [CHAT] §c[§6Wurst§c]§r Profiles are saved in '.minecraft/wurst/keybinds'.
[20:02:10] [Render thread/INFO]: [System] [CHAT] §c[§6Wurst§c]§r Keybind removed: w -> .say /pay hades 1
[20:02:16] [Render thread/INFO]: [System] [CHAT] [+] Skullbasher2222
[20:02:19] [Render thread/INFO]: [System] [CHAT] [☠] Silent> wb. [x2]
[20:02:21] [Render thread/INFO]: [System] [CHAT] §c[§6Wurst§c]§r Keybind set: w -> .say /pay Silent 1
[20:02:22] [Render thread/INFO]: [System] [CHAT] [Explorer] EMD_789> WB+
[20:02:23] [Render thread/INFO]: [System] [CHAT] [Binary] CodeOverload> mwahaha
[20:02:26] [Render thread/INFO]: [System] [CHAT] [Binary] CodeOverload> it is done
[20:02:26] [Render thread/INFO]: [System] [CHAT] You have given $1 to Silent
[20:02:26] [Render thread/INFO]: [System] [CHAT] You have given $1 to Silent [x2]
[20:02:26] [Render thread/INFO]: [System] [CHAT] You have given $1 to Silent [x3]
[20:02:26] [Render thread/INFO]: [System] [CHAT] You have given $1 to Silent [x4]
[20:02:27] [Render thread/INFO]: [System] [CHAT] You have given $1 to Silent [x5]
[20:02:28] [Render thread/INFO]: [System] [CHAT] You have given $1 to Silent [x6]
[20:02:29] [Render thread/INFO]: [System] [CHAT] You have given $1 to Silent [x7]
[20:02:29] [Render thread/INFO]: [System] [CHAT] You have given $1 to Silent [x8]
[20:02:30] [Render thread/INFO]: [System] [CHAT] You have given $1 to Silent [x9]
[20:02:32] [Render thread/INFO]: [System] [CHAT] You have given $1 to Silent [x10]
[20:02:32] [Render thread/INFO]: [System] [CHAT] You have given $1 to Silent [x11]
[20:02:33] [Render thread/INFO]: [System] [CHAT] You have given $1 to Silent [x12]
[20:02:33] [Render thread/INFO]: [System] [CHAT] You have given $1 to Silent [x13]
[20:02:33] [Render thread/INFO]: [System] [CHAT] You have given $1 to Silent [x14]
[20:02:34] [Render thread/INFO]: [System] [CHAT] You have given $1 to Silent [x15]
[20:02:34] [Render thread/INFO]: [System] [CHAT] You have given $1 to Silent [x16]
[20:02:35] [Render thread/INFO]: [System] [CHAT] You have given $1 to Silent [x17]
[20:02:35] [Render thread/INFO]: [System] [CHAT] You have given $1 to Silent [x18]
[20:02:36] [Render thread/INFO]: [System] [CHAT] You have given $1 to Silent [x19]
[20:02:36] [Render thread/INFO]: [System] [CHAT] You have given $1 to Silent [x20]
[20:02:36] [Render thread/INFO]: [System] [CHAT] You have given $1 to Silent [x21]
[20:02:36] [Render thread/INFO]: [System] [CHAT] [☠] Silent> This qualifies as spam.
[20:02:36] [Render thread/INFO]: [System] [CHAT] You have given $1 to Silent [x22]
[20:02:36] [Render thread/INFO]: [System] [CHAT] You have given $1 to Silent [x23]
[20:02:36] [Render thread/INFO]: [System] [CHAT] You have given $1 to Silent [x24]
[20:02:37] [Render thread/INFO]: [System] [CHAT] [☠] Silent> Fyi.
[20:02:41] [Render thread/INFO]: [System] [CHAT] [Binary] CodeOverload> not really
[20:02:45] [Render thread/INFO]: [System] [CHAT] [Explorer] EMD_789> yo code when i get back can u help me with my sorting system
[20:02:45] [Render thread/INFO]: [System] [CHAT] [Binary] CodeOverload> im not spamming
[20:02:51] [Render thread/INFO]: [System] [CHAT] [☠] Silent> Want to call a staff member to settle it?
[20:02:52] [Render thread/INFO]: [System] [CHAT] [Binary] CodeOverload> i guess
[20:02:54] [Render thread/INFO]: [System] [CHAT] [Binary] CodeOverload> um
[20:02:56] [Render thread/INFO]: [System] [CHAT] [Binary] CodeOverload> no?
[20:02:59] [Render thread/INFO]: [System] [CHAT] [☠] Silent> Exactly.
[20:03:01] [Render thread/INFO]: [System] [CHAT] [Explorer] EMD_789> thx
[20:03:03] [Render thread/INFO]: [System] [CHAT] [-] Skullbasher2222
[20:03:04] [Render thread/INFO]: [System] [CHAT] [❤LessOf] Toaster> if it bothers the person it qualifies as harassment
[20:03:04] [Render thread/INFO]: [System] [CHAT] Toaster is no longer AFK!
[20:03:10] [Render thread/INFO]: [System] [CHAT] [☠] Silent> WB.
[20:03:11] [Render thread/INFO]: [System] [CHAT] [Binary] CodeOverload> you gave me permission tho
[20:03:14] [Render thread/INFO]: [System] [CHAT] [❤LessOf] Toaster> so probobly stop
[20:03:15] [Render thread/INFO]: [System] [CHAT] Toaster has gone AFK!
[20:03:21] [Render thread/INFO]: [System] [CHAT] [☠] Silent> I gave you permission for 1usd.
[20:03:24] [Render thread/INFO]: [System] [CHAT] [Explorer] EMD_789> ill be back in like 10 mins
[20:03:25] [Render thread/INFO]: [System] [CHAT] [☠] Silent> Not 1 spirobuck.
[20:03:30] [Render thread/INFO]: [System] [CHAT] [Binary] CodeOverload> oh there was just confusion
[20:03:32] [Render thread/INFO]: [System] [CHAT] [Binary] CodeOverload> not my fault
[20:03:37] [Render thread/INFO]: [System] [CHAT] §c[§6Wurst§c]§r Keybind removed: w -> .say /pay Silent 1
[20:03:37] [Render thread/INFO]: [System] [CHAT] EMD_789 has gone AFK!
[20:04:08] [Render thread/INFO]: [System] [CHAT] CodeOverload has just opened a Daily Crate and won a Spawner!
[20:04:09] [Render thread/INFO]: [System] [CHAT] You've just activated one hour of Double Money!
[20:04:10] [Render thread/INFO]: [System] [CHAT] You've just activated one hour of Double Money! [x2]
[20:04:10] [Render thread/INFO]: [System] [CHAT] You've just activated one hour of Double Money! [x3]
[20:04:12] [Render thread/INFO]: [System] [CHAT] You've just activated one hour of Double Money! [x4]
[20:04:13] [Render thread/INFO]: [System] [CHAT] You've just activated one hour of Double Money! [x5]
[20:04:14] [Render thread/INFO]: [System] [CHAT] You've just activated one hour of Double Money! [x6]
[20:04:15] [Render thread/INFO]: [System] [CHAT] You've just activated one hour of Double Money! [x7]
[20:04:15] [Render thread/INFO]: [System] [CHAT] You've just activated one hour of Double Money! [x8]
[20:04:16] [Render thread/INFO]: [System] [CHAT] You've just activated one hour of Double Money! [x9]
[20:04:16] [Render thread/INFO]: [System] [CHAT] You've just activated one hour of Double Money! [x10]
[20:04:16] [Render thread/INFO]: [System] [CHAT] You've just activated one hour of Double Money! [x11]
[20:04:16] [Render thread/INFO]: [System] [CHAT] Make sure you have an empty inventory slot first!
[20:04:35] [Render thread/INFO]: [System] [CHAT] [Binary] CodeOverload> absolut poggers
[20:04:37] [Render thread/INFO]: [System] [CHAT] Legacy Keys are back in stock, and the store is 25% OFF, this weekend only! Type /donate to view the store! [x3]
[20:04:53] [Render thread/INFO]: [System] [CHAT] [Apprentice] faithuel> cliff
[20:04:57] [Render thread/INFO]: [System] [CHAT] [Apprentice] faithuel> behold
[20:05:05] [Render thread/INFO]: [System] [CHAT] You've just activated one hour of Double Money! [x12]
[20:05:06] [Render thread/INFO]: [System] [CHAT] You've just activated one hour of Double Money! [x13]
[20:05:06] [Render thread/INFO]: [System] [CHAT] You've just activated one hour of Double Money! [x14]
[20:05:07] [Render thread/INFO]: [System] [CHAT] You've just activated one hour of Double Money! [x15]
[20:05:08] [Render thread/INFO]: [System] [CHAT] You've just activated one hour of Double Money! [x16]
[20:05:09] [Render thread/INFO]: [System] [CHAT] You've just activated one hour of Double Money! [x17]
[20:05:09] [Render thread/INFO]: [System] [CHAT] You've just activated one hour of Double Money! [x18]
[20:05:09] [Render thread/INFO]: [System] [CHAT] You've just activated one hour of Double Money! [x19]
[20:05:10] [Render thread/INFO]: [System] [CHAT] You've just activated one hour of Double Money! [x20]
[20:05:10] [Render thread/INFO]: [System] [CHAT] You've just activated one hour of Double Money! [x21]
[20:05:11] [Render thread/INFO]: [System] [CHAT] You've just activated one hour of Double Money! [x22]
[20:05:12] [Render thread/INFO]: [System] [CHAT] CodeOverload has just opened a Daily Crate and won a Spawner! [x2]
[20:05:12] [Render thread/INFO]: [System] [CHAT] You've just activated one hour of Double Money! [x23]
[20:05:13] [Render thread/INFO]: [System] [CHAT] You've just activated one hour of Double Money! [x24]
[20:05:13] [Render thread/INFO]: [System] [CHAT] Make sure you have an empty inventory slot first! [x2]
[20:05:18] [Render thread/INFO]: [System] [CHAT] [Binary] CodeOverload> absolute poggness
[20:05:19] [Render thread/INFO]: [System] [CHAT] [Member] CliffMC> Ha, the.
[20:05:31] [Render thread/INFO]: [System] [CHAT] [Apprentice] faithuel> thats you cliff
[20:05:31] [Render thread/INFO]: [System] [CHAT] You've just activated one hour of Double Money! [x25]
[20:05:32] [Render thread/INFO]: [System] [CHAT] You've just activated one hour of Double Money! [x26]
[20:05:33] [Render thread/INFO]: [System] [CHAT] You've just activated one hour of Double Money! [x27]
[20:05:33] [Render thread/INFO]: [System] [CHAT] You've just activated one hour of Double Money! [x28]
[20:05:34] [Render thread/INFO]: [System] [CHAT] You've just activated one hour of Double Money! [x29]
[20:05:36] [Render thread/INFO]: [System] [CHAT] You've just activated one hour of Double Money! [x30]
[20:05:37] [Render thread/INFO]: [System] [CHAT] [Member] CliffMC> Ah ahh!! eerie face!
[20:05:37] [Render thread/INFO]: [System] [CHAT] You've just activated one hour of Double Money! [x31]
[20:05:37] [Render thread/INFO]: [System] [CHAT] You've just activated one hour of Double Money! [x32]
[20:05:37] [Render thread/INFO]: [System] [CHAT] You've just activated one hour of Double Money! [x33]
[20:05:38] [Render thread/INFO]: [System] [CHAT] You've just activated one hour of Double Money! [x34]
[20:05:38] [Render thread/INFO]: [System] [CHAT] You've just activated one hour of Double Money! [x35]
[20:05:39] [Render thread/INFO]: [System] [CHAT] Make sure you have an empty inventory slot first! [x3]
[20:05:58] [Render thread/INFO]: [System] [CHAT] You've just activated one hour of Double Money! [x36]
[20:05:58] [Render thread/INFO]: [System] [CHAT] You've just activated one hour of Double Money! [x37]
[20:06:04] [Render thread/INFO]: [System] [CHAT] You've just activated one hour of Double Money! [x38]
[20:06:04] [Render thread/INFO]: [System] [CHAT] You've just activated one hour of Double Money! [x39]
[20:06:05] [Render thread/INFO]: [System] [CHAT] You've just activated one hour of Double Money! [x40]
[20:06:05] [Render thread/INFO]: [System] [CHAT] You've just activated one hour of Double Money! [x41]
[20:06:05] [Render thread/INFO]: [System] [CHAT] You've just activated one hour of Double Money! [x42]
[20:06:06] [Render thread/INFO]: [System] [CHAT] [Apprentice] faithuel> is naylor still active?
[20:06:07] [Render thread/INFO]: [System] [CHAT] Make sure you have an empty inventory slot first! [x4]
[20:06:11] [Render thread/INFO]: [System] [CHAT] [☠] Silent> Nope.
[20:06:11] [Render thread/INFO]: [System] [CHAT] [Binary] CodeOverload> no [x2]
[20:06:14] [Render thread/INFO]: [System] [CHAT] [Apprentice] faithuel> awh man
[20:06:20] [Render thread/INFO]: [System] [CHAT] [Binary] CodeOverload> nor is cadet
[20:06:23] [Render thread/INFO]: [System] [CHAT] [Member] CliffMC> Feels like i'm at the movies! ha.
[20:06:29] [Render thread/INFO]: [System] [CHAT] [☠] Silent> Cadet is on sometimes.
[20:06:32] [Render thread/INFO]: [System] [CHAT] You've just activated one hour of Double Money! [x43]
[20:06:34] [Render thread/INFO]: [System] [CHAT] You've just activated one hour of Double Money! [x44]
[20:06:34] [Render thread/INFO]: [System] [CHAT] You've just activated one hour of Double Money! [x45]
[20:06:35] [Render thread/INFO]: [System] [CHAT] You've just activated one hour of Double Money! [x46]
[20:06:35] [Render thread/INFO]: [System] [CHAT] You've just activated one hour of Double Money! [x47]
[20:06:35] [Render thread/INFO]: [System] [CHAT] You've just activated one hour of Double Money! [x48]
[20:06:36] [Render thread/INFO]: [System] [CHAT] You've just activated one hour of Double Money! [x49]
[20:06:38] [Render thread/INFO]: [System] [CHAT] You've just activated one hour of Double Money! [x50]
[20:06:39] [Render thread/INFO]: [System] [CHAT] You've just activated one hour of Double Money! [x51]
[20:06:39] [Render thread/INFO]: [System] [CHAT] You've just activated one hour of Double Money! [x52]
[20:06:39] [Render thread/INFO]: [System] [CHAT] You've just activated one hour of Double Money! [x53]
[20:06:41] [Render thread/INFO]: [System] [CHAT] Make sure you have an empty inventory slot first! [x5]
[20:06:42] [Render thread/INFO]: [System] [CHAT] [☠] Silent> But in these past years yellow has had quite the changing of the guard.
[20:06:46] [Render thread/INFO]: [System] [CHAT] [Apprentice] faithuel> this is anti right?
[20:06:52] [Render thread/INFO]: [System] [CHAT] [☠] Silent> Cadet.
[20:06:55] [Render thread/INFO]: [System] [CHAT] You've just activated one hour of Double Money! [x54]
[20:06:55] [Render thread/INFO]: [System] [CHAT] You've just activated one hour of Double Money! [x55]
[20:06:57] [Render thread/INFO]: [System] [CHAT] You've just activated one hour of Double Money! [x56]
[20:06:59] [Render thread/INFO]: [System] [CHAT] CodeOverload has just opened a Daily Crate and won a Tropical Fish Spawn Egg!
[20:06:59] [Render thread/INFO]: [System] [CHAT] You've just activated one hour of Double Money! [x57]
[20:07:01] [Render thread/INFO]: [System] [CHAT] You've just activated one hour of Double Money! [x58]
[20:07:02] [Render thread/INFO]: [System] [CHAT] You've just activated one hour of Double Money! [x59]
[20:07:09] [Render thread/INFO]: [System] [CHAT] [Apprentice] faithuel> oh :((((
[20:07:25] [Render thread/INFO]: [System] [CHAT] [Binary] CodeOverload> who was the other rich guy
[20:07:34] [Render thread/INFO]: [System] [CHAT] You've just activated one hour of Double Money! [x60]
[20:07:35] [Render thread/INFO]: [System] [CHAT] You've just activated one hour of Double Money! [x61]
[20:07:36] [Render thread/INFO]: [System] [CHAT] You've just activated one hour of Double Money! [x62]
[20:07:37] [Render thread/INFO]: [System] [CHAT] Legacy Keys are back in stock, and the store is 25% OFF, this weekend only! Type /donate to view the store! [x4]
[20:07:38] [Render thread/INFO]: [System] [CHAT] You've just activated one hour of Double Money! [x63]
[20:07:38] [Render thread/INFO]: [System] [CHAT] You've just activated one hour of Double Money! [x64]
[20:07:38] [Render thread/INFO]: [System] [CHAT] You've just activated one hour of Double Money! [x65]
[20:07:38] [Render thread/INFO]: [System] [CHAT] You've just activated one hour of Double Money! [x66]
[20:07:38] [Render thread/INFO]: [System] [CHAT] You've just activated one hour of Double Money! [x67]
[20:07:39] [Render thread/INFO]: [System] [CHAT] You've just activated one hour of Double Money! [x68]
[20:07:39] [Render thread/INFO]: [System] [CHAT] You've just activated one hour of Double Money! [x69]
[20:07:41] [Render thread/INFO]: [System] [CHAT] [☠] Silent> Also since he untrusted me at the warp it got replaced by some mass-produced-looking warp blocks.
[20:07:41] [Render thread/INFO]: [System] [CHAT] Make sure you have an empty inventory slot first! [x6]
[20:07:53] [Render thread/INFO]: [System] [CHAT] [Binary] CodeOverload> OH
[20:07:56] [Render thread/INFO]: [System] [CHAT] [Binary] CodeOverload> it was afk guy
[20:07:58] [Render thread/INFO]: [System] [CHAT] [Binary] CodeOverload> hes loaded
[20:07:59] [Render thread/INFO]: [System] [CHAT] [Apprentice] faithuel> are any of his warps still active?
[20:08:04] [Render thread/INFO]: [System] [CHAT] [☠] Silent> Only had one, and it's gone.
[20:08:09] [Render thread/INFO]: [System] [CHAT] [Apprentice] faithuel> man :(
[20:08:19] [Render thread/INFO]: [System] [CHAT] You've just activated one hour of Double Money! [x70]
[20:08:21] [Render thread/INFO]: [System] [CHAT] You've just activated one hour of Double Money! [x71]
[20:08:23] [Render thread/INFO]: [System] [CHAT] You've just activated one hour of Double Money! [x72]
[20:08:23] [Render thread/INFO]: [System] [CHAT] You've just activated one hour of Double Money! [x73]
[20:08:24] [Render thread/INFO]: [System] [CHAT] You've just activated one hour of Double Money! [x74]
[20:08:25] [Render thread/INFO]: [System] [CHAT] You've just activated one hour of Double Money! [x75]
[20:08:25] [Render thread/INFO]: [System] [CHAT] Make sure you have an empty inventory slot first! [x7]
[20:08:26] [Render thread/INFO]: [System] [CHAT] [☠] Silent> Still useable though, just not a warp.
[20:08:27] [pool-2-thread-2/INFO]: [STDOUT]: Saving region -4,14 to disk /home/gavinboor/.local/share/multimc/instances/Baritone - Wurst/.minecraft/baritone/play.survivewith.us/minecraft/overworld_384/cache
[20:08:27] [ForkJoinPool.commonPool-worker-10/INFO]: [STDOUT]: Saving region -3,14 to disk /home/gavinboor/.local/share/multimc/instances/Baritone - Wurst/.minecraft/baritone/play.survivewith.us/minecraft/overworld_384/cache
[20:08:28] [pool-2-thread-2/INFO]: [STDOUT]: Saved region successfully
[20:08:28] [ForkJoinPool.commonPool-worker-10/INFO]: [STDOUT]: Saved region successfully
[20:08:28] [pool-2-thread-2/INFO]: [STDOUT]: World save took 251ms
[20:08:37] [Render thread/INFO]: [System] [CHAT] [☠] Silent> Better than the new one though, despite it being outdated.
[20:08:38] [Render thread/INFO]: [System] [CHAT] [Member] CliffMC> Brb!
[20:08:40] [Render thread/INFO]: [System] [CHAT] [-] CliffMC
[20:08:51] [Render thread/INFO]: [System] [CHAT] [Binary] CodeOverload> whats the least used warp
[20:08:55] [Render thread/INFO]: [System] [CHAT] [☠] Silent> Pvp.
[20:08:56] [Render thread/INFO]: [System] [CHAT] You've just activated one hour of Double Money! [x76]
[20:08:56] [Render thread/INFO]: [System] [CHAT] You've just activated one hour of Double Money! [x77]
[20:08:58] [Render thread/INFO]: [System] [CHAT] You've just activated one hour of Double Money! [x78]
[20:08:58] [Render thread/INFO]: [System] [CHAT] You've just activated one hour of Double Money! [x79]
[20:08:59] [Render thread/INFO]: [System] [CHAT] You've just activated one hour of Double Money! [x80]
[20:08:59] [Render thread/INFO]: [System] [CHAT] You've just activated one hour of Double Money! [x81]
[20:09:00] [Render thread/INFO]: [System] [CHAT] You've just activated one hour of Double Money! [x82]
[20:09:01] [Render thread/INFO]: [System] [CHAT] [Apprentice] faithuel> send it again silent
[20:09:01] [Render thread/INFO]: [System] [CHAT] You've just activated one hour of Double Money! [x83]
[20:09:04] [Render thread/INFO]: [System] [CHAT] You've just activated one hour of Double Money! [x84]
[20:09:04] [Render thread/INFO]: [System] [CHAT] You've just activated one hour of Double Money! [x85]
[20:09:06] [Render thread/INFO]: [System] [CHAT] CodeOverload has just opened a Daily Crate and won a Tropical Fish Spawn Egg! [x2]
[20:09:06] [Render thread/INFO]: [System] [CHAT] Make sure you have an empty inventory slot first! [x8]
[20:09:10] [Render thread/INFO]: [System] [CHAT] [Binary] CodeOverload> id say its fish
[20:09:21] [Render thread/INFO]: [System] [CHAT] [Binary] CodeOverload> ive been there like once or twice
[20:09:22] [Render thread/INFO]: [System] [CHAT] [Apprentice] faithuel> its saying its expired
[20:09:29] [Render thread/INFO]: [System] [CHAT] [+] MagnetMalc13
[20:09:29] [Render thread/INFO]: [System] [CHAT] [☠] Silent> Nahhh.
[20:09:34] [Render thread/INFO]: [System] [CHAT] [☠] Silent> Theres no way he blacklisted you.
[20:09:34] [Render thread/INFO]: [System] [CHAT] You've just activated one hour of Double Money! [x86]
[20:09:36] [Render thread/INFO]: [System] [CHAT] You've just activated one hour of Double Money! [x87]
[20:09:36] [Render thread/INFO]: [System] [CHAT] You've just activated one hour of Double Money! [x88]
[20:09:37] [Render thread/INFO]: [System] [CHAT] You've just activated one hour of Double Money! [x89]
[20:09:39] [Render thread/INFO]: [System] [CHAT] You've just activated one hour of Double Money! [x90]
[20:09:39] [Render thread/INFO]: [System] [CHAT] You've just activated one hour of Double Money! [x91]
[20:09:40] [Render thread/INFO]: [System] [CHAT] You've just activated one hour of Double Money! [x92]
[20:09:40] [Render thread/INFO]: [System] [CHAT] You've just activated one hour of Double Money! [x93]
[20:09:41] [Render thread/INFO]: [System] [CHAT] You've just activated one hour of Double Money! [x94]
[20:09:41] [Render thread/INFO]: [System] [CHAT] You've just activated one hour of Double Money! [x95]
[20:09:42] [Render thread/INFO]: [System] [CHAT] Make sure you have an empty inventory slot first! [x9]
[20:09:47] [Render thread/INFO]: [System] [CHAT] [Binary] CodeOverload> what happened to warp farm
[20:09:47] [Render thread/INFO]: [System] [CHAT] [Apprentice] faithuel> oh
[20:09:48] [Render thread/INFO]: [System] [CHAT] INKY has gone AFK!
[20:09:57] [Render thread/INFO]: [System] [CHAT] [☠] Silent> Going to have to fly.
[20:10:11] [Render thread/INFO]: [System] [CHAT] [Apprentice] faithuel> ive been here!
[20:10:31] [Render thread/INFO]: [System] [CHAT] [☠] Silent> First warp blocks on the server.
[20:10:32] [Render thread/INFO]: [System] [CHAT] You've just activated one hour of Double Money! [x96]
[20:10:33] [Render thread/INFO]: [System] [CHAT] You've just activated one hour of Double Money! [x97]
[20:10:33] [Render thread/INFO]: [System] [CHAT] You've just activated one hour of Double Money! [x98]
[20:10:33] [Render thread/INFO]: [System] [CHAT] You've just activated one hour of Double Money! [x99]
[20:10:33] [Render thread/INFO]: [System] [CHAT] You've just activated one hour of Double Money! [x100]
[20:10:35] [Render thread/INFO]: [System] [CHAT] You've just activated one hour of Double Money! [x101]
[20:10:37] [Render thread/INFO]: [System] [CHAT] Legacy Keys are back in stock, and the store is 25% OFF, this weekend only! Type /donate to view the store! [x5]
[20:10:37] [Render thread/INFO]: [System] [CHAT] You've just activated one hour of Double Money! [x102]
[20:10:37] [Render thread/INFO]: [System] [CHAT] You've just activated one hour of Double Money! [x103]
[20:10:38] [Render thread/INFO]: [System] [CHAT] You've just activated one hour of Double Money! [x104]
[20:10:39] [Render thread/INFO]: [System] [CHAT] You've just activated one hour of Double Money! [x105]
[20:10:39] [Render thread/INFO]: [System] [CHAT] You've just activated one hour of Double Money! [x106]
[20:10:39] [Render thread/INFO]: [System] [CHAT] You've just activated one hour of Double Money! [x107]
[20:10:39] [Render thread/INFO]: [System] [CHAT] You've just activated one hour of Double Money! [x108]
[20:10:40] [Render thread/INFO]: [System] [CHAT] Make sure you have an empty inventory slot first! [x10]
[20:10:41] [Render thread/INFO]: [System] [CHAT] [☠] Silent> Also has unbreakable item sorters for the spawners.
[20:10:56] [Render thread/INFO]: [System] [CHAT] You've just activated one hour of Double Money! [x109]
[20:10:56] [Render thread/INFO]: [System] [CHAT] You've just activated one hour of Double Money! [x110]
[20:10:58] [Render thread/INFO]: [System] [CHAT] You've just activated one hour of Double Money! [x111]
[20:10:58] [Render thread/INFO]: [System] [CHAT] You've just activated one hour of Double Money! [x112]
[20:10:58] [Render thread/INFO]: [System] [CHAT] You've just activated one hour of Double Money! [x113]
[20:10:58] [Render thread/INFO]: [System] [CHAT] You've just activated one hour of Double Money! [x114]
[20:10:58] [Render thread/INFO]: [System] [CHAT] You've just activated one hour of Double Money! [x115]
[20:10:59] [Render thread/INFO]: [System] [CHAT] You've just activated one hour of Double Money! [x116]
[20:10:59] [Render thread/INFO]: [System] [CHAT] You've just activated one hour of Double Money! [x117]
[20:10:59] [Render thread/INFO]: [System] [CHAT] You've just activated one hour of Double Money! [x118]
[20:11:00] [Render thread/INFO]: [System] [CHAT] You've just activated one hour of Double Money! [x119]
[20:11:00] [Render thread/INFO]: [System] [CHAT] You've just activated one hour of Double Money! [x120]
[20:11:01] [Render thread/INFO]: [System] [CHAT] You've just activated one hour of Double Money! [x121]
[20:11:02] [Render thread/INFO]: [System] [CHAT] You've just activated one hour of Double Money! [x122]
[20:11:02] [Render thread/INFO]: [System] [CHAT] You've just activated one hour of Double Money! [x123]
[20:11:04] [Render thread/INFO]: [System] [CHAT] You've just activated one hour of Double Money! [x124]
[20:11:04] [Render thread/INFO]: [System] [CHAT] CodeOverload has just opened a Daily Crate and won a Spawner! [x3]
[20:11:04] [Render thread/INFO]: [System] [CHAT] You've just activated one hour of Double Money! [x125]
[20:11:05] [Render thread/INFO]: [System] [CHAT] You've just activated one hour of Double Money! [x126]
[20:11:05] [Render thread/INFO]: [System] [CHAT] You've just activated one hour of Double Money! [x127]
[20:11:05] [Render thread/INFO]: [System] [CHAT] You've just activated one hour of Double Money! [x128]
[20:11:06] [Render thread/INFO]: [System] [CHAT] You've just activated one hour of Double Money! [x129]
[20:11:06] [Render thread/INFO]: [System] [CHAT] You've just activated one hour of Double Money! [x130]
[20:11:07] [Render thread/INFO]: [System] [CHAT] You've just activated one hour of Double Money! [x131]
[20:11:07] [Render thread/INFO]: [System] [CHAT] You've just activated one hour of Double Money! [x132]
[20:11:08] [Render thread/INFO]: [System] [CHAT] Make sure you have an empty inventory slot first! [x11]
[20:11:18] [Render thread/INFO]: [System] [CHAT] [☠] Silent> Can you open the chests?
[20:11:21] [Render thread/INFO]: [System] [CHAT] [Apprentice] faithuel> am i supposed to be able to open things?
[20:11:30] [Render thread/INFO]: [System] [CHAT] [Apprentice] faithuel> cant
[20:11:31] [Render thread/INFO]: [System] [CHAT] [☠] Silent> Jesus he really did blacklist you.
[20:11:33] [Render thread/INFO]: [System] [CHAT] [☠] Silent> What did you do?
[20:11:43] [Render thread/INFO]: [System] [CHAT] [Apprentice] faithuel> the girl i was friends with
[20:11:48] [Render thread/INFO]: [System] [CHAT] [Binary] CodeOverload> wonder why
[20:11:49] [Render thread/INFO]: [System] [CHAT] [Apprentice] faithuel> bry, she was also friends with him
[20:11:59] [Render thread/INFO]: [System] [CHAT] [Apprentice] faithuel> we had a big falling out so i wonder if she told him and he didnt like me?
[20:12:11] [Render thread/INFO]: [System] [CHAT] [☠] Silent> Falling out how?
[20:12:17] [Render thread/INFO]: [System] [CHAT] [Apprentice] faithuel> i dont think i remember doing anything upsetting to him in particular
[20:12:24] [Render thread/INFO]: [System] [CHAT] [Apprentice] faithuel> id rather explain over discord lol
[20:12:38] [Render thread/INFO]: [System] [CHAT] You've just activated one hour of Double Money! [x133]
[20:12:38] [Render thread/INFO]: [System] [CHAT] You've just activated one hour of Double Money! [x134]
[20:12:39] [Render thread/INFO]: [System] [CHAT] You've just activated one hour of Double Money! [x135]
[20:12:40] [Render thread/INFO]: [System] [CHAT] You've just activated one hour of Double Money! [x136]
[20:12:41] [Render thread/INFO]: [System] [CHAT] You've just activated one hour of Double Money! [x137]
[20:12:41] [Render thread/INFO]: [System] [CHAT] CodeOverload has just opened a Daily Crate and won a Spawner! [x4]
[20:12:42] [Render thread/INFO]: [System] [CHAT] You've just activated one hour of Double Money! [x138]
[20:12:43] [Render thread/INFO]: [System] [CHAT] You've just activated one hour of Double Money! [x139]
[20:12:43] [Render thread/INFO]: [System] [CHAT] You've just activated one hour of Double Money! [x140]
[20:12:44] [Render thread/INFO]: [System] [CHAT] You've just activated one hour of Double Money! [x141]
[20:12:44] [Render thread/INFO]: [System] [CHAT] You've just activated one hour of Double Money! [x142]
[20:12:44] [Render thread/INFO]: [System] [CHAT] You've just activated one hour of Double Money! [x143]
[20:12:46] [Render thread/INFO]: [System] [CHAT] You've just activated one hour of Double Money! [x144]
[20:12:46] [Render thread/INFO]: [System] [CHAT] Make sure you have an empty inventory slot first! [x12]
[20:12:59] [Render thread/INFO]: [System] [CHAT] You've just activated one hour of Double Money! [x145]
[20:12:59] [Render thread/INFO]: [System] [CHAT] You've just activated one hour of Double Money! [x146]
[20:13:00] [Render thread/INFO]: [System] [CHAT] You've just activated one hour of Double Money! [x147]
[20:13:01] [Render thread/INFO]: [System] [CHAT] You've just activated one hour of Double Money! [x148]
[20:13:03] [Render thread/INFO]: [System] [CHAT] You've just activated one hour of Double Money! [x149]
[20:13:04] [Render thread/INFO]: [System] [CHAT] You've just activated one hour of Double Money! [x150]
[20:13:05] [Render thread/INFO]: [System] [CHAT] You've just activated one hour of Double Money! [x151]
[20:13:06] [Render thread/INFO]: [System] [CHAT] You've just activated one hour of Double Money! [x152]
[20:13:06] [Render thread/INFO]: [System] [CHAT] You've just activated one hour of Double Money! [x153]
[20:13:06] [Render thread/INFO]: [System] [CHAT] You've just activated one hour of Double Money! [x154]
[20:13:07] [Render thread/INFO]: [System] [CHAT] Make sure you have an empty inventory slot first! [x13]
[20:13:21] [Render thread/INFO]: [System] [CHAT] [Binary] CodeOverload> bru
[20:13:28] [Render thread/INFO]: [System] [CHAT] [Binary] CodeOverload> 7k daily crates opened
[20:13:29] [Render thread/INFO]: [System] [CHAT] [Binary] CodeOverload> and sorted
[20:13:31] [Render thread/INFO]: [System] [CHAT] [Binary] CodeOverload> :D
[20:13:37] [Render thread/INFO]: [System] [CHAT] Legacy Keys are back in stock, and the store is 25% OFF, this weekend only! Type /donate to view the store! [x6]
[20:13:45] [Render thread/INFO]: [System] [CHAT] You've just activated one hour of Double Money! [x155]
[20:13:46] [Render thread/INFO]: [System] [CHAT] You've just activated one hour of Double Money! [x156]
[20:13:47] [Render thread/INFO]: [System] [CHAT] You've just activated one hour of Double Money! [x157]
[20:13:48] [Render thread/INFO]: [System] [CHAT] You've just activated one hour of Double Money! [x158]
[20:13:48] [Render thread/INFO]: [System] [CHAT] CodeOverload has just opened a Daily Crate and won a Tropical Fish Spawn Egg! [x3]
[20:13:48] [Render thread/INFO]: [System] [CHAT] You've just activated one hour of Double Money! [x159]
[20:13:48] [Render thread/INFO]: [System] [CHAT] You've just activated one hour of Double Money! [x160]
[20:13:49] [Render thread/INFO]: [System] [CHAT] You've just activated one hour of Double Money! [x161]
[20:13:53] [Render thread/INFO]: [System] [CHAT] You've just activated one hour of Double Money! [x162]
[20:13:53] [Render thread/INFO]: [System] [CHAT] Make sure you have an empty inventory slot first! [x14]
[20:13:56] [Render thread/INFO]: [System] [CHAT] EMD_789 is no longer AFK!
[20:13:59] [Render thread/INFO]: [System] [CHAT] [Explorer] EMD_789> back
[20:14:09] [Render thread/INFO]: [System] [CHAT] [Explorer] EMD_789> alr code
[20:14:13] [Render thread/INFO]: [System] [CHAT] [Explorer] EMD_789> u ready?
[20:14:31] [Render thread/INFO]: [System] [CHAT] [Binary] CodeOverload> just get me the mats
[20:14:33] [Render thread/INFO]: [System] [CHAT] [Binary] CodeOverload> i can build it
[20:14:37] [Render thread/INFO]: [System] [CHAT] [Explorer] EMD_789> alr
[20:16:37] [Render thread/INFO]: [System] [CHAT] Legacy Keys are back in stock, and the store is 25% OFF, this weekend only! Type /donate to view the store! [x7]
[20:17:20] [Render thread/INFO]: [System] [CHAT] To>> EMD_789: https://www.youtube.com/watch?v=rSweNwbH9lI
[20:17:26] [Render thread/INFO]: [System] [CHAT] [Explorer] EMD_789> ric roll?
[20:17:27] [Render thread/INFO]: [System] [CHAT] To>> EMD_789: that vid gives the required items
[20:17:42] [Render thread/INFO]: [System] [CHAT] To>> EMD_789: and no because we all know the url for rick roll
[20:17:47] [Render thread/INFO]: [System] [CHAT] [Explorer] EMD_789> i alr kinda know
[20:17:51] [Render thread/INFO]: [System] [CHAT] [Explorer] EMD_789> the items
[20:18:28] [pool-2-thread-2/INFO]: [STDOUT]: Saving region -4,14 to disk /home/gavinboor/.local/share/multimc/instances/Baritone - Wurst/.minecraft/baritone/play.survivewith.us/minecraft/overworld_384/cache
[20:18:28] [ForkJoinPool.commonPool-worker-13/INFO]: [STDOUT]: Saving region -3,14 to disk /home/gavinboor/.local/share/multimc/instances/Baritone - Wurst/.minecraft/baritone/play.survivewith.us/minecraft/overworld_384/cache
[20:18:28] [ForkJoinPool.commonPool-worker-14/INFO]: [STDOUT]: Saving region -10,24 to disk /home/gavinboor/.local/share/multimc/instances/Baritone - Wurst/.minecraft/baritone/play.survivewith.us/minecraft/overworld_384/cache
[20:18:28] [ForkJoinPool.commonPool-worker-15/INFO]: [STDOUT]: Saving region -10,25 to disk /home/gavinboor/.local/share/multimc/instances/Baritone - Wurst/.minecraft/baritone/play.survivewith.us/minecraft/overworld_384/cache
[20:18:28] [ForkJoinPool.commonPool-worker-15/INFO]: [STDOUT]: Saved region successfully
[20:18:28] [ForkJoinPool.commonPool-worker-14/INFO]: [STDOUT]: Saved region successfully
[20:18:28] [pool-2-thread-2/INFO]: [STDOUT]: Saved region successfully
[20:18:28] [ForkJoinPool.commonPool-worker-13/INFO]: [STDOUT]: Saved region successfully
[20:18:28] [pool-2-thread-2/INFO]: [STDOUT]: World save took 284ms
[20:18:31] [Render thread/INFO]: [System] [CHAT] [Explorer] EMD_789> but the way i want mine
[20:18:40] [Render thread/INFO]: [System] [CHAT] [Explorer] EMD_789> is to connect with my storage
