[11:11:02] [main/INFO]: Loading Minecraft 1.19.2 with Fabric Loader 0.14.9
[11:11:02] [ForkJoinPool-1-worker-7/WARN]: Mod wurst uses the version v7.28-MC1.19.2 which isn't compatible with Loader's extended semantic version format (Could not parse version number component 'v7'!), SemVer is recommended for reliably evaluating dependencies and prioritizing newer version
[11:11:02] [ForkJoinPool-1-worker-2/WARN]: Mod wurst uses the version v7.27.3-MC1.19.2 which isn't compatible with Loader's extended semantic version format (Could not parse version number component 'v7'!), SemVer is recommended for reliably evaluating dependencies and prioritizing newer version
[11:11:02] [main/INFO]: Loading 55 mods:
	- baritone 1.5.3-621-gaddd1fc7
	- fabric-api 0.61.0+1.19.2
	- fabric-api-base 0.4.11+e62f51a390 via fabric-api
	- fabric-api-lookup-api-v1 1.6.9+9ff28f4090 via fabric-api
	- fabric-biome-api-v1 9.0.17+aeb40ebe90 via fabric-api
	- fabric-blockrenderlayer-v1 1.1.20+aeb40ebe90 via fabric-api
	- fabric-client-tags-api-v1 1.0.1+b35fea8390 via fabric-api
	- fabric-command-api-v1 1.2.11+f71b366f90 via fabric-api
	- fabric-command-api-v2 2.1.7+0c17ea9690 via fabric-api
	- fabric-commands-v0 0.2.28+df3654b390 via fabric-api
	- fabric-containers-v0 0.1.34+df3654b390 via fabric-api
	- fabric-content-registries-v0 3.3.0+624e468e90 via fabric-api
	- fabric-convention-tags-v1 1.1.1+7cd20a1490 via fabric-api
	- fabric-crash-report-info-v1 0.2.5+aeb40ebe90 via fabric-api
	- fabric-data-generation-api-v1 5.1.9+a680b9b490 via fabric-api
	- fabric-dimensions-v1 2.1.31+0dd10df690 via fabric-api
	- fabric-entity-events-v1 1.4.18+9ff28f4090 via fabric-api
	- fabric-events-interaction-v0 0.4.28+aeb40ebe90 via fabric-api
	- fabric-events-lifecycle-v0 0.2.28+df3654b390 via fabric-api
	- fabric-game-rule-api-v1 1.0.21+aeb40ebe90 via fabric-api
	- fabric-item-api-v1 1.5.7+35a03c4390 via fabric-api
	- fabric-item-groups-v0 0.3.29+4e8ca3fd90 via fabric-api
	- fabric-key-binding-api-v1 1.0.20+aeb40ebe90 via fabric-api
	- fabric-keybindings-v0 0.2.18+df3654b390 via fabric-api
	- fabric-lifecycle-events-v1 2.1.2+aeb40ebe90 via fabric-api
	- fabric-loot-api-v2 1.1.3+83a8659290 via fabric-api
	- fabric-loot-tables-v1 1.1.6+9e7660c690 via fabric-api
	- fabric-message-api-v1 5.0.3+176380a290 via fabric-api
	- fabric-mining-level-api-v1 2.1.14+33fbc73890 via fabric-api
	- fabric-models-v0 0.3.17+aeb40ebe90 via fabric-api
	- fabric-networking-api-v1 1.2.4+5eb68ef290 via fabric-api
	- fabric-networking-v0 0.3.21+df3654b390 via fabric-api
	- fabric-object-builder-api-v1 4.0.11+aeb40ebe90 via fabric-api
	- fabric-particles-v1 1.0.10+aeb40ebe90 via fabric-api
	- fabric-registry-sync-v0 0.9.25+726b652090 via fabric-api
	- fabric-renderer-api-v1 1.0.10+aeb40ebe90 via fabric-api
	- fabric-renderer-indigo 0.6.12+aeb40ebe90 via fabric-api
	- fabric-renderer-registries-v1 3.2.20+df3654b390 via fabric-api
	- fabric-rendering-data-attachment-v1 0.3.14+aeb40ebe90 via fabric-api
	- fabric-rendering-fluids-v1 3.0.7+aeb40ebe90 via fabric-api
	- fabric-rendering-v0 1.1.22+df3654b390 via fabric-api
	- fabric-rendering-v1 1.10.16+aeb40ebe90 via fabric-api
	- fabric-resource-conditions-api-v1 2.0.11+e62f51a390 via fabric-api
	- fabric-resource-loader-v0 0.6.1+aeb40ebe90 via fabric-api
	- fabric-screen-api-v1 1.0.26+f05effaf90 via fabric-api
	- fabric-screen-handler-api-v1 1.3.0+1cc24b1b90 via fabric-api
	- fabric-textures-v0 1.0.20+aeb40ebe90 via fabric-api
	- fabric-transfer-api-v1 2.1.0+8f88597390 via fabric-api
	- fabric-transitive-access-wideners-v1 1.3.0+42d99c3290 via fabric-api
	- fabricloader 0.14.9
	- java 17
	- minecraft 1.19.2
	- wurst v7.28-MC1.19.2
	- xaerominimap 22.15.1
	- xaeroworldmap 1.28.0
[11:11:02] [main/INFO]: SpongePowered MIXIN Subsystem Version=0.8.5 Source=file:/home/gavinboor/.local/share/multimc/libraries/net/fabricmc/sponge-mixin/0.11.4+mixin.0.8.5/sponge-mixin-0.11.4+mixin.0.8.5.jar Service=Knot/Fabric Env=CLIENT
[11:11:02] [main/INFO]: Compatibility level set to JAVA_17
[11:11:03] [main/WARN]: Error loading class: me/jellysquid/mods/sodium/client/render/occlusion/BlockOcclusionCache (java.lang.ClassNotFoundException: me/jellysquid/mods/sodium/client/render/occlusion/BlockOcclusionCache)
[11:11:04] [main/WARN]: Configuration conflict: there is more than one oshi.properties file on the classpath
[11:11:04] [main/WARN]: Configuration conflict: there is more than one oshi.architecture.properties file on the classpath
[11:11:07] [main/INFO]: Building optimized datafixer
[11:11:13] [Render thread/INFO]: Environment: authHost='https://authserver.mojang.com', accountsHost='https://api.mojang.com', sessionHost='https://sessionserver.mojang.com', servicesHost='https://api.minecraftservices.com', name='PROD'
[11:11:14] [Render thread/INFO]: Setting user: CodeOverload
[11:11:15] [Render thread/INFO]: [STDOUT]: Starting Wurst Client...
[11:11:18] [Render thread/INFO]: [Indigo] Registering Indigo renderer!
[11:11:18] [Render thread/INFO]: Loading Xaero's Minimap - Stage 1/2
[11:11:19] [Render thread/INFO]: Loading Xaero's World Map - Stage 1/2
[11:11:20] [Render thread/INFO]: Backend library: LWJGL version 3.3.1 SNAPSHOT
[11:11:25] [Render thread/WARN]: ERROR : Couldn't load Narrator library
java.lang.UnsatisfiedLinkError: Unable to load library 'fliteWrapper':
libfliteWrapper.so: cannot open shared object file: No such file or directory
libfliteWrapper.so: cannot open shared object file: No such file or directory
Native library (linux-x86-64/libfliteWrapper.so) not found in resource path (/home/gavinboor/.local/share/multimc/bin/jars/NewLaunch.jar:/home/gavinboor/.local/share/multimc/libraries/org/lwjgl/lwjgl-glfw/3.3.1/lwjgl-glfw-3.3.1.jar:/home/gavinboor/.local/share/multimc/libraries/org/lwjgl/lwjgl-jemalloc/3.3.1/lwjgl-jemalloc-3.3.1.jar:/home/gavinboor/.local/share/multimc/libraries/org/lwjgl/lwjgl-openal/3.3.1/lwjgl-openal-3.3.1.jar:/home/gavinboor/.local/share/multimc/libraries/org/lwjgl/lwjgl-opengl/3.3.1/lwjgl-opengl-3.3.1.jar:/home/gavinboor/.local/share/multimc/libraries/org/lwjgl/lwjgl-stb/3.3.1/lwjgl-stb-3.3.1.jar:/home/gavinboor/.local/share/multimc/libraries/org/lwjgl/lwjgl-tinyfd/3.3.1/lwjgl-tinyfd-3.3.1.jar:/home/gavinboor/.local/share/multimc/libraries/org/lwjgl/lwjgl/3.3.1/lwjgl-3.3.1.jar:/home/gavinboor/.local/share/multimc/libraries/com/mojang/logging/1.0.0/logging-1.0.0.jar:/home/gavinboor/.local/share/multimc/libraries/com/mojang/blocklist/1.0.10/blocklist-1.0.10.jar:/home/gavinboor/.local/share/multimc/libraries/com/mojang/patchy/2.2.10/patchy-2.2.10.jar:/home/gavinboor/.local/share/multimc/libraries/com/github/oshi/oshi-core/5.8.5/oshi-core-5.8.5.jar:/home/gavinboor/.local/share/multimc/libraries/net/java/dev/jna/jna/5.10.0/jna-5.10.0.jar:/home/gavinboor/.local/share/multimc/libraries/net/java/dev/jna/jna-platform/5.10.0/jna-platform-5.10.0.jar:/home/gavinboor/.local/share/multimc/libraries/org/slf4j/slf4j-api/1.8.0-beta4/slf4j-api-1.8.0-beta4.jar:/home/gavinboor/.local/share/multimc/libraries/org/apache/logging/log4j/log4j-slf4j18-impl/2.16.0/log4j-slf4j18-impl-2.16.0.jar:/home/gavinboor/.local/share/multimc/libraries/com/ibm/icu/icu4j/70.1/icu4j-70.1.jar:/home/gavinboor/.local/share/multimc/libraries/com/mojang/javabridge/1.2.24/javabridge-1.2.24.jar:/home/gavinboor/.local/share/multimc/libraries/net/sf/jopt-simple/jopt-simple/5.0.4/jopt-simple-5.0.4.jar:/home/gavinboor/.local/share/multimc/libraries/io/netty/netty-common/4.1.77.Final/netty-common-4.1.77.Final.jar:/home/gavinboor/.local/share/multimc/libraries/io/netty/netty-buffer/4.1.77.Final/netty-buffer-4.1.77.Final.jar:/home/gavinboor/.local/share/multimc/libraries/io/netty/netty-codec/4.1.77.Final/netty-codec-4.1.77.Final.jar:/home/gavinboor/.local/share/multimc/libraries/io/netty/netty-handler/4.1.77.Final/netty-handler-4.1.77.Final.jar:/home/gavinboor/.local/share/multimc/libraries/io/netty/netty-resolver/4.1.77.Final/netty-resolver-4.1.77.Final.jar:/home/gavinboor/.local/share/multimc/libraries/io/netty/netty-transport/4.1.77.Final/netty-transport-4.1.77.Final.jar:/home/gavinboor/.local/share/multimc/libraries/io/netty/netty-transport-native-unix-common/4.1.77.Final/netty-transport-native-unix-common-4.1.77.Final.jar:/home/gavinboor/.local/share/multimc/libraries/io/netty/netty-transport-classes-epoll/4.1.77.Final/netty-transport-classes-epoll-4.1.77.Final.jar:/home/gavinboor/.local/share/multimc/libraries/io/netty/netty-transport-native-epoll/4.1.77.Final/netty-transport-native-epoll-4.1.77.Final-linux-x86_64.jar:/home/gavinboor/.local/share/multimc/libraries/com/google/guava/failureaccess/1.0.1/failureaccess-1.0.1.jar:/home/gavinboor/.local/share/multimc/libraries/com/google/guava/guava/31.0.1-jre/guava-31.0.1-jre.jar:/home/gavinboor/.local/share/multimc/libraries/org/apache/commons/commons-lang3/3.12.0/commons-lang3-3.12.0.jar:/home/gavinboor/.local/share/multimc/libraries/commons-io/commons-io/2.11.0/commons-io-2.11.0.jar:/home/gavinboor/.local/share/multimc/libraries/commons-codec/commons-codec/1.15/commons-codec-1.15.jar:/home/gavinboor/.local/share/multimc/libraries/com/mojang/brigadier/1.0.18/brigadier-1.0.18.jar:/home/gavinboor/.local/share/multimc/libraries/com/mojang/datafixerupper/5.0.28/datafixerupper-5.0.28.jar:/home/gavinboor/.local/share/multimc/libraries/com/google/code/gson/gson/2.8.9/gson-2.8.9.jar:/home/gavinboor/.local/share/multimc/libraries/com/mojang/authlib/3.11.49/authlib-3.11.49.jar:/home/gavinboor/.local/share/multimc/libraries/org/apache/commons/commons-compress/1.21/commons-compress-1.21.jar:/home/gavinboor/.local/share/multimc/libraries/org/apache/httpcomponents/httpclient/4.5.13/httpclient-4.5.13.jar:/home/gavinboor/.local/share/multimc/libraries/commons-logging/commons-logging/1.2/commons-logging-1.2.jar:/home/gavinboor/.local/share/multimc/libraries/org/apache/httpcomponents/httpcore/4.4.14/httpcore-4.4.14.jar:/home/gavinboor/.local/share/multimc/libraries/it/unimi/dsi/fastutil/8.5.6/fastutil-8.5.6.jar:/home/gavinboor/.local/share/multimc/libraries/org/apache/logging/log4j/log4j-api/2.16.0/log4j-api-2.16.0.jar:/home/gavinboor/.local/share/multimc/libraries/org/apache/logging/log4j/log4j-core/2.16.0/log4j-core-2.16.0.jar:/home/gavinboor/.local/share/multimc/libraries/com/mojang/text2speech/1.13.9/text2speech-1.13.9.jar:/home/gavinboor/.local/share/multimc/libraries/net/fabricmc/intermediary/1.19.2/intermediary-1.19.2.jar:/home/gavinboor/.local/share/multimc/libraries/net/fabricmc/tiny-mappings-parser/0.3.0+build.17/tiny-mappings-parser-0.3.0+build.17.jar:/home/gavinboor/.local/share/multimc/libraries/net/fabricmc/sponge-mixin/0.11.4+mixin.0.8.5/sponge-mixin-0.11.4+mixin.0.8.5.jar:/home/gavinboor/.local/share/multimc/libraries/net/fabricmc/tiny-remapper/0.8.2/tiny-remapper-0.8.2.jar:/home/gavinboor/.local/share/multimc/libraries/net/fabricmc/access-widener/2.1.0/access-widener-2.1.0.jar:/home/gavinboor/.local/share/multimc/libraries/org/ow2/asm/asm/9.3/asm-9.3.jar:/home/gavinboor/.local/share/multimc/libraries/org/ow2/asm/asm-analysis/9.3/asm-analysis-9.3.jar:/home/gavinboor/.local/share/multimc/libraries/org/ow2/asm/asm-commons/9.3/asm-commons-9.3.jar:/home/gavinboor/.local/share/multimc/libraries/org/ow2/asm/asm-tree/9.3/asm-tree-9.3.jar:/home/gavinboor/.local/share/multimc/libraries/org/ow2/asm/asm-util/9.3/asm-util-9.3.jar:/home/gavinboor/.local/share/multimc/libraries/net/fabricmc/fabric-loader/0.14.9/fabric-loader-0.14.9.jar:/home/gavinboor/.local/share/multimc/libraries/com/mojang/minecraft/1.19.2/minecraft-1.19.2-client.jar)
	at com.sun.jna.NativeLibrary.loadLibrary(NativeLibrary.java:301) ~[jna-5.10.0.jar:?]
	at com.sun.jna.NativeLibrary.getInstance(NativeLibrary.java:461) ~[jna-5.10.0.jar:?]
	at com.sun.jna.NativeLibrary.getInstance(NativeLibrary.java:403) ~[jna-5.10.0.jar:?]
	at com.mojang.text2speech.NarratorLinux.<clinit>(NarratorLinux.java:18) [text2speech-1.13.9.jar:?]
	at com.mojang.text2speech.Narrator.getNarrator(Narrator.java:21) [text2speech-1.13.9.jar:?]
	at net.minecraft.class_333.<init>(class_333.java:19) [client-intermediary.jar:?]
	at net.minecraft.class_310.<init>(class_310.java:637) [client-intermediary.jar:?]
	at net.minecraft.client.main.Main.method_44604(Main.java:205) [client-intermediary.jar:?]
	at net.minecraft.client.main.Main.main(Main.java:51) [client-intermediary.jar:?]
	at net.fabricmc.loader.impl.game.minecraft.MinecraftGameProvider.launch(MinecraftGameProvider.java:461) [fabric-loader-0.14.9.jar:?]
	at net.fabricmc.loader.impl.launch.knot.Knot.launch(Knot.java:74) [fabric-loader-0.14.9.jar:?]
	at net.fabricmc.loader.impl.launch.knot.KnotClient.main(KnotClient.java:23) [fabric-loader-0.14.9.jar:?]
	at jdk.internal.reflect.NativeMethodAccessorImpl.invoke0(Native Method) ~[?:?]
	at jdk.internal.reflect.NativeMethodAccessorImpl.invoke(NativeMethodAccessorImpl.java:77) ~[?:?]
	at jdk.internal.reflect.DelegatingMethodAccessorImpl.invoke(DelegatingMethodAccessorImpl.java:43) ~[?:?]
	at java.lang.reflect.Method.invoke(Method.java:568) ~[?:?]
	at org.multimc.onesix.OneSixLauncher.launchWithMainClass(OneSixLauncher.java:210) [NewLaunch.jar:?]
	at org.multimc.onesix.OneSixLauncher.launch(OneSixLauncher.java:245) [NewLaunch.jar:?]
	at org.multimc.EntryPoint.listen(EntryPoint.java:143) [NewLaunch.jar:?]
	at org.multimc.EntryPoint.main(EntryPoint.java:34) [NewLaunch.jar:?]
	Suppressed: java.lang.UnsatisfiedLinkError: libfliteWrapper.so: cannot open shared object file: No such file or directory
		at com.sun.jna.Native.open(Native Method) ~[jna-5.10.0.jar:?]
		at com.sun.jna.NativeLibrary.loadLibrary(NativeLibrary.java:191) ~[jna-5.10.0.jar:?]
		at com.sun.jna.NativeLibrary.getInstance(NativeLibrary.java:461) ~[jna-5.10.0.jar:?]
		at com.sun.jna.NativeLibrary.getInstance(NativeLibrary.java:403) ~[jna-5.10.0.jar:?]
		at com.mojang.text2speech.NarratorLinux.<clinit>(NarratorLinux.java:18) [text2speech-1.13.9.jar:?]
		at com.mojang.text2speech.Narrator.getNarrator(Narrator.java:21) [text2speech-1.13.9.jar:?]
		at net.minecraft.class_333.<init>(class_333.java:19) [client-intermediary.jar:?]
		at net.minecraft.class_310.<init>(class_310.java:637) [client-intermediary.jar:?]
		at net.minecraft.client.main.Main.method_44604(Main.java:205) [client-intermediary.jar:?]
		at net.minecraft.client.main.Main.main(Main.java:51) [client-intermediary.jar:?]
		at net.fabricmc.loader.impl.game.minecraft.MinecraftGameProvider.launch(MinecraftGameProvider.java:461) [fabric-loader-0.14.9.jar:?]
		at net.fabricmc.loader.impl.launch.knot.Knot.launch(Knot.java:74) [fabric-loader-0.14.9.jar:?]
		at net.fabricmc.loader.impl.launch.knot.KnotClient.main(KnotClient.java:23) [fabric-loader-0.14.9.jar:?]
		at jdk.internal.reflect.NativeMethodAccessorImpl.invoke0(Native Method) ~[?:?]
		at jdk.internal.reflect.NativeMethodAccessorImpl.invoke(NativeMethodAccessorImpl.java:77) ~[?:?]
		at jdk.internal.reflect.DelegatingMethodAccessorImpl.invoke(DelegatingMethodAccessorImpl.java:43) ~[?:?]
		at java.lang.reflect.Method.invoke(Method.java:568) ~[?:?]
		at org.multimc.onesix.OneSixLauncher.launchWithMainClass(OneSixLauncher.java:210) [NewLaunch.jar:?]
		at org.multimc.onesix.OneSixLauncher.launch(OneSixLauncher.java:245) [NewLaunch.jar:?]
		at org.multimc.EntryPoint.listen(EntryPoint.java:143) [NewLaunch.jar:?]
		at org.multimc.EntryPoint.main(EntryPoint.java:34) [NewLaunch.jar:?]
	Suppressed: java.lang.UnsatisfiedLinkError: libfliteWrapper.so: cannot open shared object file: No such file or directory
		at com.sun.jna.Native.open(Native Method) ~[jna-5.10.0.jar:?]
		at com.sun.jna.NativeLibrary.loadLibrary(NativeLibrary.java:204) ~[jna-5.10.0.jar:?]
		at com.sun.jna.NativeLibrary.getInstance(NativeLibrary.java:461) ~[jna-5.10.0.jar:?]
		at com.sun.jna.NativeLibrary.getInstance(NativeLibrary.java:403) ~[jna-5.10.0.jar:?]
		at com.mojang.text2speech.NarratorLinux.<clinit>(NarratorLinux.java:18) [text2speech-1.13.9.jar:?]
		at com.mojang.text2speech.Narrator.getNarrator(Narrator.java:21) [text2speech-1.13.9.jar:?]
		at net.minecraft.class_333.<init>(class_333.java:19) [client-intermediary.jar:?]
		at net.minecraft.class_310.<init>(class_310.java:637) [client-intermediary.jar:?]
		at net.minecraft.client.main.Main.method_44604(Main.java:205) [client-intermediary.jar:?]
		at net.minecraft.client.main.Main.main(Main.java:51) [client-intermediary.jar:?]
		at net.fabricmc.loader.impl.game.minecraft.MinecraftGameProvider.launch(MinecraftGameProvider.java:461) [fabric-loader-0.14.9.jar:?]
		at net.fabricmc.loader.impl.launch.knot.Knot.launch(Knot.java:74) [fabric-loader-0.14.9.jar:?]
		at net.fabricmc.loader.impl.launch.knot.KnotClient.main(KnotClient.java:23) [fabric-loader-0.14.9.jar:?]
		at jdk.internal.reflect.NativeMethodAccessorImpl.invoke0(Native Method) ~[?:?]
		at jdk.internal.reflect.NativeMethodAccessorImpl.invoke(NativeMethodAccessorImpl.java:77) ~[?:?]
		at jdk.internal.reflect.DelegatingMethodAccessorImpl.invoke(DelegatingMethodAccessorImpl.java:43) ~[?:?]
		at java.lang.reflect.Method.invoke(Method.java:568) ~[?:?]
		at org.multimc.onesix.OneSixLauncher.launchWithMainClass(OneSixLauncher.java:210) [NewLaunch.jar:?]
		at org.multimc.onesix.OneSixLauncher.launch(OneSixLauncher.java:245) [NewLaunch.jar:?]
		at org.multimc.EntryPoint.listen(EntryPoint.java:143) [NewLaunch.jar:?]
		at org.multimc.EntryPoint.main(EntryPoint.java:34) [NewLaunch.jar:?]
	Suppressed: java.io.IOException: Native library (linux-x86-64/libfliteWrapper.so) not found in resource path (/home/gavinboor/.local/share/multimc/bin/jars/NewLaunch.jar:/home/gavinboor/.local/share/multimc/libraries/org/lwjgl/lwjgl-glfw/3.3.1/lwjgl-glfw-3.3.1.jar:/home/gavinboor/.local/share/multimc/libraries/org/lwjgl/lwjgl-jemalloc/3.3.1/lwjgl-jemalloc-3.3.1.jar:/home/gavinboor/.local/share/multimc/libraries/org/lwjgl/lwjgl-openal/3.3.1/lwjgl-openal-3.3.1.jar:/home/gavinboor/.local/share/multimc/libraries/org/lwjgl/lwjgl-opengl/3.3.1/lwjgl-opengl-3.3.1.jar:/home/gavinboor/.local/share/multimc/libraries/org/lwjgl/lwjgl-stb/3.3.1/lwjgl-stb-3.3.1.jar:/home/gavinboor/.local/share/multimc/libraries/org/lwjgl/lwjgl-tinyfd/3.3.1/lwjgl-tinyfd-3.3.1.jar:/home/gavinboor/.local/share/multimc/libraries/org/lwjgl/lwjgl/3.3.1/lwjgl-3.3.1.jar:/home/gavinboor/.local/share/multimc/libraries/com/mojang/logging/1.0.0/logging-1.0.0.jar:/home/gavinboor/.local/share/multimc/libraries/com/mojang/blocklist/1.0.10/blocklist-1.0.10.jar:/home/gavinboor/.local/share/multimc/libraries/com/mojang/patchy/2.2.10/patchy-2.2.10.jar:/home/gavinboor/.local/share/multimc/libraries/com/github/oshi/oshi-core/5.8.5/oshi-core-5.8.5.jar:/home/gavinboor/.local/share/multimc/libraries/net/java/dev/jna/jna/5.10.0/jna-5.10.0.jar:/home/gavinboor/.local/share/multimc/libraries/net/java/dev/jna/jna-platform/5.10.0/jna-platform-5.10.0.jar:/home/gavinboor/.local/share/multimc/libraries/org/slf4j/slf4j-api/1.8.0-beta4/slf4j-api-1.8.0-beta4.jar:/home/gavinboor/.local/share/multimc/libraries/org/apache/logging/log4j/log4j-slf4j18-impl/2.16.0/log4j-slf4j18-impl-2.16.0.jar:/home/gavinboor/.local/share/multimc/libraries/com/ibm/icu/icu4j/70.1/icu4j-70.1.jar:/home/gavinboor/.local/share/multimc/libraries/com/mojang/javabridge/1.2.24/javabridge-1.2.24.jar:/home/gavinboor/.local/share/multimc/libraries/net/sf/jopt-simple/jopt-simple/5.0.4/jopt-simple-5.0.4.jar:/home/gavinboor/.local/share/multimc/libraries/io/netty/netty-common/4.1.77.Final/netty-common-4.1.77.Final.jar:/home/gavinboor/.local/share/multimc/libraries/io/netty/netty-buffer/4.1.77.Final/netty-buffer-4.1.77.Final.jar:/home/gavinboor/.local/share/multimc/libraries/io/netty/netty-codec/4.1.77.Final/netty-codec-4.1.77.Final.jar:/home/gavinboor/.local/share/multimc/libraries/io/netty/netty-handler/4.1.77.Final/netty-handler-4.1.77.Final.jar:/home/gavinboor/.local/share/multimc/libraries/io/netty/netty-resolver/4.1.77.Final/netty-resolver-4.1.77.Final.jar:/home/gavinboor/.local/share/multimc/libraries/io/netty/netty-transport/4.1.77.Final/netty-transport-4.1.77.Final.jar:/home/gavinboor/.local/share/multimc/libraries/io/netty/netty-transport-native-unix-common/4.1.77.Final/netty-transport-native-unix-common-4.1.77.Final.jar:/home/gavinboor/.local/share/multimc/libraries/io/netty/netty-transport-classes-epoll/4.1.77.Final/netty-transport-classes-epoll-4.1.77.Final.jar:/home/gavinboor/.local/share/multimc/libraries/io/netty/netty-transport-native-epoll/4.1.77.Final/netty-transport-native-epoll-4.1.77.Final-linux-x86_64.jar:/home/gavinboor/.local/share/multimc/libraries/com/google/guava/failureaccess/1.0.1/failureaccess-1.0.1.jar:/home/gavinboor/.local/share/multimc/libraries/com/google/guava/guava/31.0.1-jre/guava-31.0.1-jre.jar:/home/gavinboor/.local/share/multimc/libraries/org/apache/commons/commons-lang3/3.12.0/commons-lang3-3.12.0.jar:/home/gavinboor/.local/share/multimc/libraries/commons-io/commons-io/2.11.0/commons-io-2.11.0.jar:/home/gavinboor/.local/share/multimc/libraries/commons-codec/commons-codec/1.15/commons-codec-1.15.jar:/home/gavinboor/.local/share/multimc/libraries/com/mojang/brigadier/1.0.18/brigadier-1.0.18.jar:/home/gavinboor/.local/share/multimc/libraries/com/mojang/datafixerupper/5.0.28/datafixerupper-5.0.28.jar:/home/gavinboor/.local/share/multimc/libraries/com/google/code/gson/gson/2.8.9/gson-2.8.9.jar:/home/gavinboor/.local/share/multimc/libraries/com/mojang/authlib/3.11.49/authlib-3.11.49.jar:/home/gavinboor/.local/share/multimc/libraries/org/apache/commons/commons-compress/1.21/commons-compress-1.21.jar:/home/gavinboor/.local/share/multimc/libraries/org/apache/httpcomponents/httpclient/4.5.13/httpclient-4.5.13.jar:/home/gavinboor/.local/share/multimc/libraries/commons-logging/commons-logging/1.2/commons-logging-1.2.jar:/home/gavinboor/.local/share/multimc/libraries/org/apache/httpcomponents/httpcore/4.4.14/httpcore-4.4.14.jar:/home/gavinboor/.local/share/multimc/libraries/it/unimi/dsi/fastutil/8.5.6/fastutil-8.5.6.jar:/home/gavinboor/.local/share/multimc/libraries/org/apache/logging/log4j/log4j-api/2.16.0/log4j-api-2.16.0.jar:/home/gavinboor/.local/share/multimc/libraries/org/apache/logging/log4j/log4j-core/2.16.0/log4j-core-2.16.0.jar:/home/gavinboor/.local/share/multimc/libraries/com/mojang/text2speech/1.13.9/text2speech-1.13.9.jar:/home/gavinboor/.local/share/multimc/libraries/net/fabricmc/intermediary/1.19.2/intermediary-1.19.2.jar:/home/gavinboor/.local/share/multimc/libraries/net/fabricmc/tiny-mappings-parser/0.3.0+build.17/tiny-mappings-parser-0.3.0+build.17.jar:/home/gavinboor/.local/share/multimc/libraries/net/fabricmc/sponge-mixin/0.11.4+mixin.0.8.5/sponge-mixin-0.11.4+mixin.0.8.5.jar:/home/gavinboor/.local/share/multimc/libraries/net/fabricmc/tiny-remapper/0.8.2/tiny-remapper-0.8.2.jar:/home/gavinboor/.local/share/multimc/libraries/net/fabricmc/access-widener/2.1.0/access-widener-2.1.0.jar:/home/gavinboor/.local/share/multimc/libraries/org/ow2/asm/asm/9.3/asm-9.3.jar:/home/gavinboor/.local/share/multimc/libraries/org/ow2/asm/asm-analysis/9.3/asm-analysis-9.3.jar:/home/gavinboor/.local/share/multimc/libraries/org/ow2/asm/asm-commons/9.3/asm-commons-9.3.jar:/home/gavinboor/.local/share/multimc/libraries/org/ow2/asm/asm-tree/9.3/asm-tree-9.3.jar:/home/gavinboor/.local/share/multimc/libraries/org/ow2/asm/asm-util/9.3/asm-util-9.3.jar:/home/gavinboor/.local/share/multimc/libraries/net/fabricmc/fabric-loader/0.14.9/fabric-loader-0.14.9.jar:/home/gavinboor/.local/share/multimc/libraries/com/mojang/minecraft/1.19.2/minecraft-1.19.2-client.jar)
		at com.sun.jna.Native.extractFromResourcePath(Native.java:1145) ~[jna-5.10.0.jar:?]
		at com.sun.jna.NativeLibrary.loadLibrary(NativeLibrary.java:275) ~[jna-5.10.0.jar:?]
		at com.sun.jna.NativeLibrary.getInstance(NativeLibrary.java:461) ~[jna-5.10.0.jar:?]
		at com.sun.jna.NativeLibrary.getInstance(NativeLibrary.java:403) ~[jna-5.10.0.jar:?]
		at com.mojang.text2speech.NarratorLinux.<clinit>(NarratorLinux.java:18) [text2speech-1.13.9.jar:?]
		at com.mojang.text2speech.Narrator.getNarrator(Narrator.java:21) [text2speech-1.13.9.jar:?]
		at net.minecraft.class_333.<init>(class_333.java:19) [client-intermediary.jar:?]
		at net.minecraft.class_310.<init>(class_310.java:637) [client-intermediary.jar:?]
		at net.minecraft.client.main.Main.method_44604(Main.java:205) [client-intermediary.jar:?]
		at net.minecraft.client.main.Main.main(Main.java:51) [client-intermediary.jar:?]
		at net.fabricmc.loader.impl.game.minecraft.MinecraftGameProvider.launch(MinecraftGameProvider.java:461) [fabric-loader-0.14.9.jar:?]
		at net.fabricmc.loader.impl.launch.knot.Knot.launch(Knot.java:74) [fabric-loader-0.14.9.jar:?]
		at net.fabricmc.loader.impl.launch.knot.KnotClient.main(KnotClient.java:23) [fabric-loader-0.14.9.jar:?]
		at jdk.internal.reflect.NativeMethodAccessorImpl.invoke0(Native Method) ~[?:?]
		at jdk.internal.reflect.NativeMethodAccessorImpl.invoke(NativeMethodAccessorImpl.java:77) ~[?:?]
		at jdk.internal.reflect.DelegatingMethodAccessorImpl.invoke(DelegatingMethodAccessorImpl.java:43) ~[?:?]
		at java.lang.reflect.Method.invoke(Method.java:568) ~[?:?]
		at org.multimc.onesix.OneSixLauncher.launchWithMainClass(OneSixLauncher.java:210) [NewLaunch.jar:?]
		at org.multimc.onesix.OneSixLauncher.launch(OneSixLauncher.java:245) [NewLaunch.jar:?]
		at org.multimc.EntryPoint.listen(EntryPoint.java:143) [NewLaunch.jar:?]
		at org.multimc.EntryPoint.main(EntryPoint.java:34) [NewLaunch.jar:?]
[11:11:25] [Render thread/INFO]: Reloading ResourceManager: Default, Fabric Mods (Fabric API, Fabric API Base, Fabric API Lookup API (v1), Fabric Biome API (v1), Fabric BlockRenderLayer Registration (v1), Fabric Client Tags, Fabric Command API (v1), Fabric Command API (v2), Fabric Commands (v0), Fabric Containers (v0), Fabric Content Registries (v0), Fabric Convention Tags, Fabric Crash Report Info (v1), Fabric Data Generation API (v1), Fabric Dimensions API (v1), Fabric Entity Events (v1), Fabric Events Interaction (v0), Fabric Events Lifecycle (v0), Fabric Game Rule API (v1), Fabric Item API (v1), Fabric Item Groups (v0), Fabric Key Binding API (v1), Fabric Key Bindings (v0), Fabric Lifecycle Events (v1), Fabric Loot API (v2), Fabric Loot Tables (v1), Fabric Message API (v1), Fabric Mining Level API (v1), Fabric Models (v0), Fabric Networking API (v1), Fabric Networking (v0), Fabric Object Builder API (v1), Fabric Particles (v1), Fabric Registry Sync (v0), Fabric Renderer API (v1), Fabric Renderer - Indigo, Fabric Renderer Registries (v1), Fabric Rendering Data Attachment (v1), Fabric Rendering Fluids (v1), Fabric Rendering (v0), Fabric Rendering (v1), Fabric Resource Conditions API (v1), Fabric Resource Loader (v0), Fabric Screen API (v1), Fabric Screen Handler API (v1), Fabric Textures (v0), Fabric Transfer API (v1), Fabric Transitive Access Wideners (v1), Fabric Loader, Wurst Client, Xaero's Minimap, Xaero's World Map)
[11:11:26] [Render thread/INFO]: Loading Xaero's Minimap - Stage 2/2
[11:11:28] [Render thread/INFO]: Xaero's Minimap: World Map found!
[11:11:28] [Render thread/INFO]: No Optifine!
[11:11:28] [Render thread/INFO]: Xaero's Minimap: No Vivecraft!
[11:11:28] [Render thread/INFO]: Loading Xaero's World Map - Stage 2/2
[11:11:28] [Render thread/INFO]: New world map region cache hash code: 687554333
[11:11:28] [Render thread/INFO]: Xaero's WorldMap Mod: Xaero's minimap found!
[11:11:28] [Render thread/INFO]: No Optifine!
[11:11:28] [Render thread/INFO]: Xaero's World Map: No Vivecraft!
[11:11:31] [Render thread/WARN]: Missing sound for event: minecraft:item.goat_horn.play
[11:11:31] [Render thread/WARN]: Missing sound for event: minecraft:entity.goat.screaming.horn_break
[11:11:31] [Render thread/INFO]: OpenAL initialized on device VirtIO SoundCard
[11:11:31] [Render thread/INFO]: Sound engine started
[11:11:31] [Render thread/INFO]: Created: 1024x1024x0 minecraft:textures/atlas/blocks.png-atlas
[11:11:31] [Render thread/INFO]: Created: 256x128x0 minecraft:textures/atlas/signs.png-atlas
[11:11:31] [Render thread/INFO]: Created: 1024x512x0 minecraft:textures/atlas/banner_patterns.png-atlas
[11:11:31] [Render thread/INFO]: Created: 1024x512x0 minecraft:textures/atlas/shield_patterns.png-atlas
[11:11:31] [Render thread/INFO]: Created: 256x256x0 minecraft:textures/atlas/chest.png-atlas
[11:11:31] [Render thread/INFO]: Created: 512x256x0 minecraft:textures/atlas/beds.png-atlas
[11:11:31] [Render thread/INFO]: Created: 512x256x0 minecraft:textures/atlas/shulker_boxes.png-atlas
[11:11:34] [Render thread/WARN]: Shader rendertype_entity_translucent_emissive could not find sampler named Sampler2 in the specified shader program.
[11:11:35] [Render thread/INFO]: Created: 512x256x0 minecraft:textures/atlas/particles.png-atlas
[11:11:35] [Render thread/INFO]: Created: 256x256x0 minecraft:textures/atlas/paintings.png-atlas
[11:11:35] [Render thread/INFO]: Created: 256x128x0 minecraft:textures/atlas/mob_effects.png-atlas
[11:11:36] [Render thread/INFO]: Successfully reloaded the minimap shaders!
[11:11:36] [Render thread/INFO]: Successfully reloaded the world map shaders!
[11:11:57] [Render thread/INFO]: Connecting to play.survivewith.us, 25565
[11:11:58] [Worker-Bootstrap-3/INFO]: 4283 Datafixer optimizations took 50288 milliseconds
[11:12:00] [Render thread/INFO]: New minimap session initialized!
[11:12:00] [Render thread/INFO]: New world map session initialized!
[11:12:00] [Render thread/INFO]: [STDOUT]: Baritone world data dir: /home/gavinboor/.local/share/multimc/instances/Baritone - Wurst/.minecraft/baritone/play.survivewith.us/minecraft/overworld_384
[11:12:00] [Render thread/INFO]: [STDOUT]: Cached world directory: /home/gavinboor/.local/share/multimc/instances/Baritone - Wurst/.minecraft/baritone/play.survivewith.us/minecraft/overworld_384/cache
[11:12:00] [Render thread/INFO]: [STDOUT]: Would save waypoints to /home/gavinboor/.local/share/multimc/instances/Baritone - Wurst/.minecraft/baritone/play.survivewith.us/minecraft/overworld_384/waypoints
[11:12:00] [Render thread/INFO]: [STDOUT]: Telemetry sending attempt blocked.
[11:12:00] [Render thread/INFO]: [STDOUT]: Telemetry sending attempt blocked.
[11:12:00] [Render thread/WARN]: Not all defined tags for registry ResourceKey[minecraft:root / minecraft:block] are present in data pack: minecraft:ancient_city_replaceable, minecraft:mangrove_logs_can_grow_through, minecraft:mangrove_roots_can_grow_through, minecraft:nether_carver_replaceables, minecraft:overworld_carver_replaceables
[11:12:01] [Render thread/WARN]: Received passengers for unknown entity
[11:12:01] [Render thread/INFO]: Loaded 854 advancements
[11:12:01] [Render thread/INFO]: [System] [CHAT] 
[11:12:01] [Render thread/INFO]: [System] [CHAT] 
[11:12:01] [Render thread/INFO]: [System] [CHAT] Welcome back to SurviveWithUs YELLOW, CodeOverload!
[11:12:01] [Render thread/INFO]: [System] [CHAT] 
[11:12:01] [Render thread/INFO]: [System] [CHAT] §bYou're currently receiving an §6§lXP§b or §6§lMoney Boost!§b Click §bhere §bto §bview §byour §6§l/boosts!
[11:12:01] [Render thread/INFO]: [System] [CHAT] 
[11:12:01] [pool-2-thread-1/INFO]: [STDOUT]: Loading region -17,-18 from disk /home/gavinboor/.local/share/multimc/instances/Baritone - Wurst/.minecraft/baritone/play.survivewith.us/minecraft/overworld_384/cache
[11:12:01] [Render thread/INFO]: Reloading entity icon resources...
[11:12:01] [Render thread/INFO]: Done!
[11:12:01] [pool-2-thread-1/INFO]: [STDOUT]: Loaded region successfully in 176ms
[11:12:02] [Render thread/INFO]: [STDOUT]: Brightness started at 0.5
[11:12:02] [pool-2-thread-1/INFO]: [STDOUT]: Loading region -18,-18 from disk /home/gavinboor/.local/share/multimc/instances/Baritone - Wurst/.minecraft/baritone/play.survivewith.us/minecraft/overworld_384/cache
[11:12:02] [pool-2-thread-1/INFO]: [STDOUT]: Loaded region successfully in 87ms
[11:12:02] [WurstUpdater/INFO]: [STDOUT]: [Updater] Current version: 7.28
[11:12:02] [WurstUpdater/INFO]: [STDOUT]: [Updater] Latest version: 7.28
[11:12:03] [pool-2-thread-1/INFO]: [STDOUT]: Loading region -17,-17 from disk /home/gavinboor/.local/share/multimc/instances/Baritone - Wurst/.minecraft/baritone/play.survivewith.us/minecraft/overworld_384/cache
[11:12:03] [pool-2-thread-1/INFO]: [STDOUT]: Loaded region successfully in 136ms
[11:12:04] [pool-2-thread-1/INFO]: [STDOUT]: Loading region -18,-17 from disk /home/gavinboor/.local/share/multimc/instances/Baritone - Wurst/.minecraft/baritone/play.survivewith.us/minecraft/overworld_384/cache
[11:12:04] [pool-2-thread-1/INFO]: [STDOUT]: Loaded region successfully in 304ms
[11:12:28] [Render thread/INFO]: [System] [CHAT] Remember to /vote to get your next /rank and unlock epic rewards!
[11:12:30] [ForkJoinPool.commonPool-worker-11/INFO]: [STDOUT]: Saving region -18,-18 to disk /home/gavinboor/.local/share/multimc/instances/Baritone - Wurst/.minecraft/baritone/play.survivewith.us/minecraft/overworld_384/cache
[11:12:30] [pool-2-thread-2/INFO]: [STDOUT]: Saving region -17,-17 to disk /home/gavinboor/.local/share/multimc/instances/Baritone - Wurst/.minecraft/baritone/play.survivewith.us/minecraft/overworld_384/cache
[11:12:30] [ForkJoinPool.commonPool-worker-10/INFO]: [STDOUT]: Saving region -17,-18 to disk /home/gavinboor/.local/share/multimc/instances/Baritone - Wurst/.minecraft/baritone/play.survivewith.us/minecraft/overworld_384/cache
[11:12:30] [ForkJoinPool.commonPool-worker-9/INFO]: [STDOUT]: Saving region -18,-17 to disk /home/gavinboor/.local/share/multimc/instances/Baritone - Wurst/.minecraft/baritone/play.survivewith.us/minecraft/overworld_384/cache
[11:12:31] [ForkJoinPool.commonPool-worker-11/INFO]: [STDOUT]: Saved region successfully
[11:12:31] [ForkJoinPool.commonPool-worker-10/INFO]: [STDOUT]: Saved region successfully
[11:12:31] [pool-2-thread-2/INFO]: [STDOUT]: Saved region successfully
[11:12:31] [ForkJoinPool.commonPool-worker-9/INFO]: [STDOUT]: Saved region successfully
[11:12:31] [pool-2-thread-2/INFO]: [STDOUT]: World save took 681ms
[11:13:35] [Render thread/INFO]: [System] [CHAT] [+] hiroHB
[11:13:37] [Render thread/INFO]: [System] [CHAT] [Binary] CodeOverload> wb
[11:13:38] [Render thread/INFO]: [System] [CHAT] [+] 777PFP
[11:13:40] [Render thread/INFO]: [System] [CHAT] [Binary] CodeOverload> wb [x2]
[11:14:34] [pool-2-thread-1/INFO]: [STDOUT]: Loading region -3,14 from disk /home/gavinboor/.local/share/multimc/instances/Baritone - Wurst/.minecraft/baritone/play.survivewith.us/minecraft/overworld_384/cache
[11:14:34] [pool-2-thread-1/INFO]: [STDOUT]: Loaded region successfully in 240ms
[11:17:52] [Render thread/WARN]: Received passengers for unknown entity
[11:19:28] [Render thread/INFO]: [System] [CHAT] [Journeyman] 777PFP> Such a shame this was such a great server.
[11:19:35] [Render thread/INFO]: [System] [CHAT] [Binary] CodeOverload> wdym
[11:19:49] [Render thread/INFO]: [System] [CHAT] [Journeyman] 777PFP> Lots of ppl run off here.
[11:19:53] [Render thread/INFO]: [System] [CHAT] [Binary] CodeOverload> oh
[11:20:03] [Render thread/INFO]: [System] [CHAT] [-] [Hermitess✶] FlameShine
[11:20:25] [Render thread/INFO]: [System] [CHAT] [MVP] Unbent> Codeoverload I have the stuff you asked for.
[11:21:41] [Render thread/INFO]: [System] [CHAT] [Journeyman] 777PFP> Anyone want anything before I go.
[11:21:45] [Render thread/INFO]: [System] [CHAT] [Binary] CodeOverload> like?
[11:21:48] [Render thread/INFO]: [System] [CHAT] [Member] PlsListenToMe> do u have any sponges
[11:21:56] [Render thread/INFO]: [System] [CHAT] [Journeyman] 777PFP> I was here for years.
[11:21:57] [Render thread/INFO]: [System] [CHAT] [Binary] CodeOverload> you got any coins?
[11:22:02] [Render thread/INFO]: [System] [CHAT] [MVP] Unbent> Do you hav emythical coin??
[11:22:09] [Render thread/INFO]: [System] [CHAT] [Journeyman] 777PFP> Spong ok.
[11:22:19] [Render thread/INFO]: [System] [CHAT] [Journeyman] 777PFP> Maybe.
[11:22:23] [Render thread/INFO]: [System] [CHAT] [Binary] CodeOverload> any wither eggs
[11:22:31] [pool-2-thread-2/INFO]: [STDOUT]: Saving region -17,-18 to disk /home/gavinboor/.local/share/multimc/instances/Baritone - Wurst/.minecraft/baritone/play.survivewith.us/minecraft/overworld_384/cache
[11:22:31] [ForkJoinPool.commonPool-worker-13/INFO]: [STDOUT]: Saving region -3,14 to disk /home/gavinboor/.local/share/multimc/instances/Baritone - Wurst/.minecraft/baritone/play.survivewith.us/minecraft/overworld_384/cache
[11:22:31] [ForkJoinPool.commonPool-worker-12/INFO]: [STDOUT]: Saving region -18,-18 to disk /home/gavinboor/.local/share/multimc/instances/Baritone - Wurst/.minecraft/baritone/play.survivewith.us/minecraft/overworld_384/cache
[11:22:31] [ForkJoinPool.commonPool-worker-12/INFO]: [STDOUT]: Saved region successfully
[11:22:31] [pool-2-thread-2/INFO]: [STDOUT]: Saved region successfully
[11:22:31] [ForkJoinPool.commonPool-worker-13/INFO]: [STDOUT]: Saved region successfully
[11:22:31] [pool-2-thread-2/INFO]: [STDOUT]: World save took 202ms
[11:23:05] [Render thread/INFO]: [System] [CHAT] [MVP] Unbent> I like wither skell eggs to if its not to much.
[11:23:15] [Render thread/INFO]: [System] [CHAT] [Binary] CodeOverload> hes leaving
[11:23:17] [Render thread/INFO]: [System] [CHAT] [Binary] CodeOverload> forever
[11:23:18] [Render thread/INFO]: [System] [CHAT] [Member] PlsListenToMe> i kinda need sponges
[11:23:20] [Render thread/INFO]: [System] [CHAT] [Member] PlsListenToMe> oh
[11:23:25] [Render thread/INFO]: [System] [CHAT] [MVP] Unbent> Oh.
[11:23:30] [Render thread/INFO]: [System] [CHAT] [Journeyman] 777PFP> Looking.
[11:23:30] [Render thread/INFO]: [System] [CHAT] [MVP] Unbent> Sad.
[11:23:44] [Render thread/INFO]: [System] [CHAT] [Member] PlsListenToMe> so why are you levaing
[11:23:47] [Render thread/INFO]: [System] [CHAT] [Member] PlsListenToMe> leaving*
[11:24:09] [Render thread/INFO]: [System] [CHAT] [Journeyman] 777PFP> I left a year ago just came in to check.
[11:24:19] [Render thread/INFO]: [System] [CHAT] [Member] PlsListenToMe> oh ok
[11:25:18] [Render thread/INFO]: [System] [CHAT] [Member] PlsListenToMe> thank you
[11:25:22] [Render thread/INFO]: [System] [CHAT] [Journeyman] 777PFP> Np.
[11:25:24] [Render thread/INFO]: [System] [CHAT] [Member] PlsListenToMe> sorry
[11:25:27] [Render thread/INFO]: [System] [CHAT] [Journeyman] 777PFP> Lol.
[11:25:28] [Render thread/INFO]: [System] [CHAT] [Member] PlsListenToMe> i accidently pressed q
[11:25:38] [Render thread/INFO]: [System] [CHAT] [Journeyman] 777PFP> No.
[11:25:39] [Render thread/INFO]: [System] [CHAT] [Journeyman] 777PFP> Pls.
[11:25:42] [Render thread/INFO]: [System] [CHAT] [Member] PlsListenToMe> its the most decent thing in my invetory
[11:25:42] [Render thread/INFO]: [System] [CHAT] [Journeyman] 777PFP> Really.
[11:25:47] [Render thread/INFO]: [System] [CHAT] [Member] PlsListenToMe> inventory*
[11:25:48] [Render thread/INFO]: [System] [CHAT] [Journeyman] 777PFP> Look around.
[11:25:55] [Render thread/INFO]: [System] [CHAT] [Member] PlsListenToMe> wow
[11:25:57] [Render thread/INFO]: [System] [CHAT] [Journeyman] 777PFP> Lol. [x2]
[11:26:01] [Render thread/INFO]: [System] [CHAT] [Journeyman] 777PFP> I have too much.
[11:26:08] [Render thread/INFO]: [System] [CHAT] [MVP] Unbent> You got coins 777pfp??
[11:26:14] [Render thread/INFO]: [System] [CHAT] [Journeyman] 777PFP> Prob.
[11:26:20] [Render thread/INFO]: [System] [CHAT] [Member] PlsListenToMe> cant belive ur leaving when u have this giant thing
[11:26:28] [Render thread/INFO]: [System] [CHAT] [MVP] Unbent> I need x3 and x4.
[11:26:32] [Render thread/INFO]: [System] [CHAT] [Journeyman] 777PFP> Lol you cant see most of it.
[11:26:47] [Render thread/INFO]: [System] [CHAT] [Member] PlsListenToMe> why are the phanatoms not going in here
[11:26:50] [Render thread/INFO]: [System] [CHAT] [Member] PlsListenToMe> phantoms*
[11:26:50] [Render thread/INFO]: [System] [CHAT] [+] [⁺☁₊◦☾⁺₊] Lady
[11:26:54] [Render thread/INFO]: [System] [CHAT] [Journeyman] 777PFP> Lol. [x3]
[11:26:58] [Render thread/INFO]: [System] [CHAT] [MVP] Unbent> WB.
[11:27:02] [Render thread/INFO]: [System] [CHAT] [⁺☁₊◦☾⁺₊] Lady> thanks
[11:27:09] [Render thread/INFO]: [System] [CHAT] [Journeyman] 777PFP> Look up.
[11:27:22] [Render thread/INFO]: [System] [CHAT] [Member] PlsListenToMe> SHEEEEEEEEEEEEEEEEEEEEESH
[11:27:26] [Render thread/INFO]: [System] [CHAT] [Journeyman] 777PFP> Lol. [x4]
[11:27:34] [Render thread/INFO]: [System] [CHAT] [⁺☁₊◦☾⁺₊] Lady> PlsListenToMe Please do not spam in chat
[11:27:36] [Render thread/INFO]: [System] [CHAT] [Journeyman] 777PFP> Largest tree on any server.
[11:27:39] [Render thread/INFO]: [System] [CHAT] [Member] PlsListenToMe> im not spamming
[11:27:48] [Render thread/INFO]: [System] [CHAT] [⁺☁₊◦☾⁺₊] Lady> yes you did ^-^
[11:27:59] [Render thread/INFO]: [System] [CHAT] [Journeyman] 777PFP> Yep here it is bye.
[11:28:02] [Render thread/INFO]: [System] [CHAT] [-] 777PFP
[11:28:07] [Render thread/INFO]: [System] [CHAT] [Member] PlsListenToMe> uhhhhhhhhhhhhhh
[11:28:12] [Render thread/INFO]: [System] [CHAT] [Member] PlsListenToMe> that went by so fast
[11:28:12] [Render thread/INFO]: [System] [CHAT] [+] [Mod] Rzo
[11:28:16] [Render thread/INFO]: [System] [CHAT] [⁺☁₊◦☾⁺₊] Lady> there you go
[11:28:19] [Render thread/INFO]: [System] [CHAT] [MVP] Unbent> wb.
[11:28:20] [Render thread/INFO]: [System] [CHAT] [⁺☁₊◦☾⁺₊] Lady> wb
[11:28:27] [Render thread/INFO]: [System] [CHAT] [Mod] [FoE] Rzo> PlsListenToMe do not character spam
[11:28:31] [Render thread/INFO]: [System] [CHAT] [Member] PlsListenToMe> ok
[11:28:33] [Render thread/INFO]: [System] [CHAT] [Mod] [FoE] Rzo> ty
[11:28:35] [Render thread/INFO]: [System] [CHAT] [-] [Mod] Rzo
[11:28:40] [Render thread/INFO]: [System] [CHAT] [MVP] Unbent> Hahah.
[11:29:10] [Render thread/INFO]: [System] [CHAT] [MVP] Unbent> Lady did I ask you for coins?
[11:29:16] [Render thread/INFO]: [System] [CHAT] [⁺☁₊◦☾⁺₊] Lady> um
[11:29:19] [Render thread/INFO]: [System] [CHAT] [⁺☁₊◦☾⁺₊] Lady> what coin?
[11:29:28] [Render thread/INFO]: [System] [CHAT] [MVP] Unbent> Mythical coins.
[11:29:49] [Render thread/INFO]: [System] [CHAT] [⁺☁₊◦☾⁺₊] Lady> are you selling or trying to buy?
[11:29:55] [Render thread/INFO]: [System] [CHAT] [MVP] Unbent> Buy.
[11:30:02] [Render thread/INFO]: [System] [CHAT] [⁺☁₊◦☾⁺₊] Lady> i sadly have none sorry
[11:30:17] [Render thread/INFO]: [System] [CHAT] [MVP] Unbent> Ok.
[11:30:39] [Render thread/INFO]: [System] [CHAT] [-] [⁺☁₊◦☾⁺₊] Lady
[11:31:15] [Render thread/INFO]: [System] [CHAT] Want to support the server, get /crate keys and your next /rank? Don't forget to /vote!
[11:32:31] [pool-2-thread-2/INFO]: [STDOUT]: Saving region -17,-18 to disk /home/gavinboor/.local/share/multimc/instances/Baritone - Wurst/.minecraft/baritone/play.survivewith.us/minecraft/overworld_384/cache
[11:32:31] [pool-2-thread-2/INFO]: [STDOUT]: Saved region successfully
[11:32:31] [pool-2-thread-2/INFO]: [STDOUT]: World save took 87ms
[11:32:32] [Render thread/INFO]: [System] [CHAT] [MVP] Unbent> Codeoverload.
[11:32:37] [Render thread/INFO]: [System] [CHAT] [-] PlsListenToMe
[11:32:40] [Render thread/INFO]: [System] [CHAT] [Binary] CodeOverload> wha
[11:32:48] [Render thread/INFO]: [System] [CHAT] [MVP] Unbent> I have the stuff.
[11:32:56] [Render thread/INFO]: [System] [CHAT] [Binary] CodeOverload> im redstoning
[11:33:03] [Render thread/INFO]: [System] [CHAT] [Binary] CodeOverload> i got the stuff so hold onto it for now
[11:33:05] [Render thread/INFO]: [System] [CHAT] §9§2U§bn§2b§be§2n§bt§e would like to teleport to you: §aAccept §c Deny
[11:33:11] [Render thread/INFO]: [System] [CHAT] [MVP] Unbent> Ok. [x2]
[11:34:18] [Render thread/INFO]: [System] [CHAT] [MVP] Unbent> What is mc minecraft name?
[11:34:29] [Render thread/INFO]: [System] [CHAT] [+] Noobmaster6788
[11:34:33] [Render thread/INFO]: [System] [CHAT] [MVP] Unbent> wb. [x2]
[11:35:27] [Render thread/INFO]: [System] [CHAT] [-] Noobmaster6788
[11:36:12] [Render thread/INFO]: [System] [CHAT] [+] Noobmaster6788 [x2]
[11:37:44] [Render thread/INFO]: [System] [CHAT] [-] Noobmaster6788 [x2]
[11:39:02] [Render thread/INFO]: [System] [CHAT] [+] [Elite] MC
[11:39:05] [Render thread/INFO]: [System] [CHAT] [Binary] CodeOverload> wb [x3]
[11:39:17] [Render thread/INFO]: [System] [CHAT] [MVP] Unbent> Wb.
[11:39:25] [Render thread/INFO]: [System] [CHAT] [Elite] MC> ty
[11:39:39] [Render thread/INFO]: [System] [CHAT] [MVP] Unbent> Mc tpa to me.
[11:39:42] [Render thread/INFO]: [System] [CHAT] [+] Noobmaster6788 [x3]
[11:39:49] [Render thread/INFO]: [System] [CHAT] [Binary] CodeOverload> wb [x4]
[11:39:53] [Render thread/INFO]: [System] [CHAT] [Elite] MC> lemme just reconnect
[11:39:55] [Render thread/INFO]: [System] [CHAT] [-] [Elite] MC
[11:40:59] [Render thread/INFO]: [System] [CHAT] [+] [Elite] MC [x2]
[11:41:02] [Render thread/INFO]: [System] [CHAT] [MVP] Unbent> wb. [x3]
[11:41:21] [Render thread/INFO]: [System] [CHAT] [Elite] MC> ty [x2]
[11:41:30] [Render thread/INFO]: [System] [CHAT] [Elite] MC> ok now i'm not lagging anymore
[11:42:00] [Render thread/INFO]: [System] [CHAT] [Elite] MC> oh thank you
[11:42:12] [Render thread/INFO]: [System] [CHAT] [MVP] Unbent> Happy bday mc!!!!!!!!!
[11:42:31] [pool-2-thread-2/INFO]: [STDOUT]: Saving region -17,-18 to disk /home/gavinboor/.local/share/multimc/instances/Baritone - Wurst/.minecraft/baritone/play.survivewith.us/minecraft/overworld_384/cache
[11:42:31] [ForkJoinPool.commonPool-worker-17/INFO]: [STDOUT]: Saving region -18,-18 to disk /home/gavinboor/.local/share/multimc/instances/Baritone - Wurst/.minecraft/baritone/play.survivewith.us/minecraft/overworld_384/cache
[11:42:31] [ForkJoinPool.commonPool-worker-17/INFO]: [STDOUT]: Saved region successfully
[11:42:31] [pool-2-thread-2/INFO]: [STDOUT]: Saved region successfully
[11:42:31] [pool-2-thread-2/INFO]: [STDOUT]: World save took 117ms
[11:42:33] [Render thread/INFO]: [System] [CHAT] [Elite] MC> tysm i appriciate it
[11:42:39] [Render thread/INFO]: [System] [CHAT] [MVP] Unbent> Np.
[11:42:42] [Render thread/INFO]: [System] [CHAT] [Elite] MC> idk if i spelled that correctly
[11:43:09] [Render thread/INFO]: [System] [CHAT] [MVP] Unbent> Oh wait.
[11:43:23] [Render thread/INFO]: [System] [CHAT] [MVP] Unbent> So.
[11:43:26] [Render thread/INFO]: [System] [CHAT] [Elite] MC> should we eat it
[11:43:29] [Render thread/INFO]: [System] [CHAT] [Elite] MC> ty [x3]
[11:43:31] [Render thread/INFO]: [System] [CHAT] [MVP] Unbent> Shure.
[11:43:35] [Render thread/INFO]: [System] [CHAT] [MVP] Unbent> Sure*.
[11:43:39] [Render thread/INFO]: [System] [CHAT] [+] kweasley07
[11:43:42] [Render thread/INFO]: [System] [CHAT] [MVP] Unbent> Np. [x2]
[11:43:44] [Render thread/INFO]: [System] [CHAT] [Elite] MC> i just need to get my hunger down
[11:43:44] [Render thread/INFO]: [System] [CHAT] [+] Lucidshadow32
[11:43:47] [Render thread/INFO]: [System] [CHAT] [-] kweasley07
[11:43:50] [Render thread/INFO]: [System] [CHAT] [MVP] Unbent> Same.
[11:43:51] [Render thread/INFO]: [System] [CHAT] [-] Lucidshadow32
[11:44:38] [Render thread/INFO]: [System] [CHAT] [MVP] Unbent> I have it down.
[11:44:41] [Render thread/INFO]: [System] [CHAT] [Elite] MC> kill a zombie it will drop rotten flesh and it will give u hunger
[11:45:01] [Render thread/INFO]: [System] [CHAT] [MVP] Unbent> Or.
[11:45:02] [Render thread/INFO]: [System] [CHAT] [Elite] MC> i found an infinite cake glitch
[11:45:19] [Render thread/INFO]: [System] [CHAT] [MVP] Unbent> Hm?
[11:45:26] [Render thread/INFO]: [System] [CHAT] [Elite] MC> i cant place it
[11:45:42] [Render thread/INFO]: [System] [CHAT] [MVP] Unbent> Now u can.
[11:45:55] [Render thread/INFO]: [System] [CHAT] [MVP] Unbent> Hm? [x2]
[11:46:04] [Render thread/INFO]: [System] [CHAT] [Elite] MC> enable block placing
[11:46:14] [Render thread/INFO]: [System] [CHAT] [MVP] Unbent> Ohh.
[11:46:41] [Render thread/INFO]: [System] [CHAT] [MVP] Unbent> We go to my place then (this is my friends claims).
[11:47:27] [Render thread/INFO]: [System] [CHAT] [Elite] MC> i'm full xD
[11:47:51] [Render thread/INFO]: [System] [CHAT] [MVP] Unbent> Ty.
[11:47:52] [Render thread/INFO]: [System] [CHAT] [-] [☠Crazy❦rabbiT☠] UsadaPekora
[11:47:53] [Render thread/INFO]: [System] [CHAT] [Elite] MC> np
[11:48:02] [Render thread/INFO]: [System] [CHAT] [+] [☠Crazy❦rabbiT☠] UsadaPekora
[11:48:13] [Render thread/INFO]: [System] [CHAT] [MVP] Unbent> I hope u have a god bday!!!
[11:48:19] [Render thread/INFO]: [System] [CHAT] [MVP] Unbent> Wb usada.
[11:48:23] [Render thread/INFO]: [System] [CHAT] [☠Crazy❦rabbiT☠] UsadaPekora> ty
[11:48:24] [Render thread/INFO]: [System] [CHAT] [Elite] MC> wb
[11:48:29] [Render thread/INFO]: [System] [CHAT] [☠Crazy❦rabbiT☠] UsadaPekora> ty [x2]
[11:48:31] [Render thread/INFO]: [System] [CHAT] [Elite] MC> ty [x4]
[11:48:39] [Render thread/INFO]: [System] [CHAT] [MVP] Unbent> Ty. [x2]
[11:48:51] [Render thread/INFO]: [System] [CHAT] [+] [Tatoe+] CAP'NPOTATO
[11:48:53] [Render thread/INFO]: [System] [CHAT] [☠Crazy❦rabbiT☠] UsadaPekora> wb
[11:48:56] [Render thread/INFO]: [System] [CHAT] [MVP] Unbent> Usada.
[11:48:57] [Render thread/INFO]: [System] [CHAT] [MVP] Unbent> wb. [x4]
[11:48:58] [Render thread/INFO]: [System] [CHAT] [Elite] MC> wb cap
[11:48:59] [Render thread/INFO]: [System] [CHAT] [☠Crazy❦rabbiT☠] UsadaPekora> hmm
[11:49:26] [Render thread/INFO]: [System] [CHAT] [MVP] Unbent> I wana by mythical coins you selling x3 or x4.
[11:49:40] [Render thread/INFO]: [System] [CHAT] [☠Crazy❦rabbiT☠] UsadaPekora> i only have one of each for my own uses
[11:49:51] [Render thread/INFO]: [System] [CHAT] [MVP] Unbent> Ok. [x3]
[11:50:08] [Render thread/INFO]: [System] [CHAT] [Elite] MC> tomorrow my school is taking me bowling
[11:50:19] [Render thread/INFO]: [System] [CHAT] [MVP] Unbent> Same. [x2]
[11:50:29] [Render thread/INFO]: [System] [CHAT] [MVP] Unbent> But on fday.
[11:50:37] [Render thread/INFO]: [System] [CHAT] [Elite] MC> well by me i mean my class
[11:50:49] [Render thread/INFO]: [System] [CHAT] [MVP] Unbent> I get that.
[11:50:58] [pool-2-thread-1/INFO]: [STDOUT]: Loading region -3,14 from disk /home/gavinboor/.local/share/multimc/instances/Baritone - Wurst/.minecraft/baritone/play.survivewith.us/minecraft/overworld_384/cache
[11:50:58] [pool-2-thread-1/INFO]: [STDOUT]: Loaded region successfully in 152ms
[11:51:56] [Render thread/INFO]: [System] [CHAT] [MVP] Unbent> Cap you have mythical coin I can buy??
[11:52:06] [Render thread/INFO]: [System] [CHAT] [Elite] MC> i forgot to mention that i'm still buying gold
[11:52:22] [Render thread/INFO]: [System] [CHAT] [+] [Custom+] FlameShine
[11:52:24] [Render thread/INFO]: [System] [CHAT] [Binary] CodeOverload> wb [x5]
[11:52:25] [Render thread/INFO]: [System] [CHAT] [☠Crazy❦rabbiT☠] UsadaPekora> WB
[11:52:25] [Render thread/INFO]: [System] [CHAT] [MVP] Unbent> wb. [x5]
[11:52:27] [Render thread/INFO]: [System] [CHAT] [Elite] MC> wb flame
[11:52:28] [Render thread/INFO]: [System] [CHAT] [Hermitess✶] FlameShine> Thx.
[11:52:31] [pool-2-thread-2/INFO]: [STDOUT]: Saving region -17,-18 to disk /home/gavinboor/.local/share/multimc/instances/Baritone - Wurst/.minecraft/baritone/play.survivewith.us/minecraft/overworld_384/cache
[11:52:31] [ForkJoinPool.commonPool-worker-20/INFO]: [STDOUT]: Saving region -3,14 to disk /home/gavinboor/.local/share/multimc/instances/Baritone - Wurst/.minecraft/baritone/play.survivewith.us/minecraft/overworld_384/cache
[11:52:31] [ForkJoinPool.commonPool-worker-19/INFO]: [STDOUT]: Saving region -18,-18 to disk /home/gavinboor/.local/share/multimc/instances/Baritone - Wurst/.minecraft/baritone/play.survivewith.us/minecraft/overworld_384/cache
[11:52:31] [ForkJoinPool.commonPool-worker-19/INFO]: [STDOUT]: Saved region successfully
[11:52:32] [pool-2-thread-2/INFO]: [STDOUT]: Saved region successfully
[11:52:32] [ForkJoinPool.commonPool-worker-20/INFO]: [STDOUT]: Saved region successfully
[11:52:32] [pool-2-thread-2/INFO]: [STDOUT]: World save took 202ms
[11:53:06] [Render thread/INFO]: [System] [CHAT] [Tatoe+] CAP'NPOTATO> no i do not
[11:53:13] [Render thread/INFO]: [System] [CHAT] [-] [Tatoe+] CAP'NPOTATO
[11:53:13] [Render thread/INFO]: [System] [CHAT] You have received: $90.00
[11:53:13] [Render thread/INFO]: [System] [CHAT] You have received: $90.00 [x2]
[11:53:13] [Render thread/INFO]: [System] [CHAT] You have received: $90.00 [x3]
[11:53:14] [Render thread/INFO]: [System] [CHAT] [MVP] Unbent> K.
[11:53:17] [Render thread/INFO]: [System] [CHAT] You have received: $90.00 [x4]
[11:53:19] [Render thread/INFO]: [System] [CHAT] You have received: $90.00 [x5]
[11:53:25] [Render thread/INFO]: [System] [CHAT] [-] [Hermitess✶] FlameShine
[11:53:36] [Render thread/INFO]: [System] [CHAT] [Elite] MC> idk what to do to keep me company on the server
[11:53:37] [Render thread/INFO]: [System] [CHAT] You have received: $90.00 [x6]
[11:53:37] [Render thread/INFO]: [System] [CHAT] You have received: $90.00 [x7]
[11:53:37] [Render thread/INFO]: [System] [CHAT] You have received: $90.00 [x8]
[11:53:37] [Render thread/INFO]: [System] [CHAT] You have received: $90.00 [x9]
[11:53:37] [Render thread/INFO]: [System] [CHAT] You have received: $90.00 [x10]
[11:53:37] [Render thread/INFO]: [System] [CHAT] You have received: $90.00 [x11]
[11:53:37] [Render thread/INFO]: [System] [CHAT] You have received: $90.00 [x12]
[11:53:37] [Render thread/INFO]: [System] [CHAT] You have received: $90.00 [x13]
[11:53:37] [Render thread/INFO]: [System] [CHAT] You have received: $90.00 [x14]
[11:53:37] [Render thread/INFO]: [System] [CHAT] You have received: $90.00 [x15]
[11:53:37] [Render thread/INFO]: [System] [CHAT] You have received: $90.00 [x16]
[11:53:37] [Render thread/INFO]: [System] [CHAT] You have received: $90.00 [x17]
[11:53:37] [Render thread/INFO]: [System] [CHAT] You have received: $90.00 [x18]
[11:53:37] [Render thread/INFO]: [System] [CHAT] You have received: $90.00 [x19]
[11:53:37] [Render thread/INFO]: [System] [CHAT] You have received: $90.00 [x20]
[11:53:37] [Render thread/INFO]: [System] [CHAT] You have received: $90.00 [x21]
[11:53:37] [Render thread/INFO]: [System] [CHAT] You have received: $90.00 [x22]
[11:53:37] [Render thread/INFO]: [System] [CHAT] You have received: $90.00 [x23]
[11:53:38] [Render thread/INFO]: [System] [CHAT] You have received: $90.00 [x24]
[11:53:39] [Render thread/INFO]: [System] [CHAT] You have received: $90.00 [x25]
[11:53:39] [Render thread/INFO]: [System] [CHAT] You have received: $90.00 [x26]
[11:53:40] [Render thread/INFO]: [System] [CHAT] You have received: $90.00 [x27]
[11:53:40] [Render thread/INFO]: [System] [CHAT] You have received: $90.00 [x28]
[11:53:41] [Render thread/INFO]: [System] [CHAT] You have received: $90.00 [x29]
[11:53:42] [Render thread/INFO]: [System] [CHAT] You have received: $90.00 [x30]
[11:53:42] [Render thread/INFO]: [System] [CHAT] You have received: $90.00 [x31]
[11:53:42] [Render thread/INFO]: [System] [CHAT] You have received: $90.00 [x32]
[11:53:43] [Render thread/INFO]: [System] [CHAT] You have received: $90.00 [x33]
[11:53:44] [Render thread/INFO]: [System] [CHAT] You have received: $90.00 [x34]
[11:53:45] [Render thread/INFO]: [System] [CHAT] You have received: $90.00 [x35]
[11:53:45] [Render thread/INFO]: [System] [CHAT] You have received: $90.00 [x36]
[11:53:46] [Render thread/INFO]: [System] [CHAT] You have received: $90.00 [x37]
[11:53:46] [Render thread/INFO]: [System] [CHAT] You have received: $90.00 [x38]
[11:53:48] [Render thread/INFO]: [System] [CHAT] You have received: $90.00 [x39]
[11:53:49] [Render thread/INFO]: [System] [CHAT] You have received: $90.00 [x40]
[11:53:50] [Render thread/INFO]: [System] [CHAT] You have received: $90.00 [x41]
[11:53:50] [Render thread/INFO]: [System] [CHAT] You have received: $90.00 [x42]
[11:53:51] [Render thread/INFO]: [System] [CHAT] You have received: $90.00 [x43]
[11:53:52] [Render thread/INFO]: [System] [CHAT] [Elite] MC> maybe do a giant amongus statue in front of my house
[11:53:53] [Render thread/INFO]: [System] [CHAT] You have received: $90.00 [x44]
[11:53:53] [Render thread/INFO]: [System] [CHAT] You have received: $90.00 [x45]
[11:53:54] [Render thread/INFO]: [System] [CHAT] You have received: $90.00 [x46]
[11:53:55] [Render thread/INFO]: [System] [CHAT] You have received: $90.00 [x47]
[11:53:55] [Render thread/INFO]: [System] [CHAT] You have received: $90.00 [x48]
[11:53:55] [Render thread/INFO]: [System] [CHAT] You have received: $90.00 [x49]
[11:53:56] [Render thread/INFO]: [System] [CHAT] You have received: $90.00 [x50]
[11:53:56] [Render thread/INFO]: [System] [CHAT] You have received: $90.00 [x51]
[11:53:57] [Render thread/INFO]: [System] [CHAT] You have received: $90.00 [x52]
[11:53:57] [Render thread/INFO]: [System] [CHAT] You have received: $90.00 [x53]
[11:53:57] [Render thread/INFO]: [System] [CHAT] You have received: $90.00 [x54]
[11:53:58] [Render thread/INFO]: [System] [CHAT] You have received: $90.00 [x55]
[11:53:58] [Render thread/INFO]: [System] [CHAT] You have received: $90.00 [x56]
[11:53:58] [Render thread/INFO]: [System] [CHAT] You have received: $90.00 [x57]
[11:54:01] [Render thread/INFO]: [System] [CHAT] You have received: $90.00 [x58]
[11:54:01] [Render thread/INFO]: [System] [CHAT] You have received: $90.00 [x59]
[11:54:02] [Render thread/INFO]: [System] [CHAT] You have received: $90.00 [x60]
[11:54:02] [Render thread/INFO]: [System] [CHAT] You have received: $90.00 [x61]
[11:54:02] [Render thread/INFO]: [System] [CHAT] You have received: $90.00 [x62]
[11:54:03] [Render thread/INFO]: [System] [CHAT] You have received: $90.00 [x63]
[11:54:03] [Render thread/INFO]: [System] [CHAT] You have received: $90.00 [x64]
[11:54:04] [Render thread/INFO]: [System] [CHAT] [MVP] Unbent> Yes!!
[11:54:04] [Render thread/INFO]: [System] [CHAT] You have received: $90.00 [x65]
[11:54:04] [Render thread/INFO]: [System] [CHAT] You have received: $90.00 [x66]
[11:54:05] [Render thread/INFO]: [System] [CHAT] You have received: $90.00 [x67]
[11:54:05] [Render thread/INFO]: [System] [CHAT] You have received: $90.00 [x68]
[11:54:06] [Render thread/INFO]: [System] [CHAT] You have received: $90.00 [x69]
[11:54:06] [Render thread/INFO]: [System] [CHAT] You have received: $90.00 [x70]
[11:54:06] [Render thread/INFO]: [System] [CHAT] You have received: $90.00 [x71]
[11:54:08] [Render thread/INFO]: [System] [CHAT] You have received: $90.00 [x72]
[11:54:08] [Render thread/INFO]: [System] [CHAT] You have received: $90.00 [x73]
[11:54:09] [Render thread/INFO]: [System] [CHAT] You have received: $90.00 [x74]
[11:54:09] [Render thread/INFO]: [System] [CHAT] You have received: $90.00 [x75]
[11:54:10] [Render thread/INFO]: [System] [CHAT] You have received: $90.00 [x76]
[11:54:10] [Render thread/INFO]: [System] [CHAT] You have received: $90.00 [x77]
[11:54:10] [Render thread/INFO]: [System] [CHAT] You have received: $90.00 [x78]
[11:54:11] [Render thread/INFO]: [System] [CHAT] You have received: $90.00 [x79]
[11:54:11] [Render thread/INFO]: [System] [CHAT] You have received: $90.00 [x80]
[11:54:12] [Render thread/INFO]: [System] [CHAT] [MVP] Unbent> Do that!!
[11:54:13] [Render thread/INFO]: [System] [CHAT] You have received: $90.00 [x81]
[11:54:13] [Render thread/INFO]: [System] [CHAT] You have received: $90.00 [x82]
[11:54:13] [Render thread/INFO]: [System] [CHAT] You have received: $90.00 [x83]
[11:54:13] [Render thread/INFO]: [System] [CHAT] You have received: $90.00 [x84]
[11:54:13] [Render thread/INFO]: [System] [CHAT] You have received: $90.00 [x85]
[11:54:14] [Render thread/INFO]: [System] [CHAT] You have received: $90.00 [x86]
[11:54:15] [Render thread/INFO]: [System] [CHAT] You have received: $90.00 [x87]
[11:54:15] [Render thread/INFO]: [System] [CHAT] You have received: $90.00 [x88]
[11:54:16] [Render thread/INFO]: [System] [CHAT] You have received: $90.00 [x89]
[11:54:17] [Render thread/INFO]: [System] [CHAT] You have received: $90.00 [x90]
[11:54:17] [Render thread/INFO]: [System] [CHAT] You have received: $90.00 [x91]
[11:54:17] [Render thread/INFO]: [System] [CHAT] You have received: $90.00 [x92]
[11:54:18] [Render thread/INFO]: [System] [CHAT] You have received: $90.00 [x93]
[11:54:18] [Render thread/INFO]: [System] [CHAT] You have received: $90.00 [x94]
[11:54:18] [Render thread/INFO]: [System] [CHAT] You have received: $90.00 [x95]
[11:54:20] [Render thread/INFO]: [System] [CHAT] You have received: $90.00 [x96]
[11:54:20] [Render thread/INFO]: [System] [CHAT] You have received: $90.00 [x97]
[11:54:21] [Render thread/INFO]: [System] [CHAT] You have received: $90.00 [x98]
[11:54:22] [Render thread/INFO]: [System] [CHAT] You have received: $90.00 [x99]
[11:54:22] [Render thread/INFO]: [System] [CHAT] You have received: $90.00 [x100]
[11:54:22] [Render thread/INFO]: [System] [CHAT] You have received: $90.00 [x101]
[11:54:23] [Render thread/INFO]: [System] [CHAT] You have received: $90.00 [x102]
[11:54:25] [Render thread/INFO]: [System] [CHAT] You have received: $90.00 [x103]
[11:54:25] [Render thread/INFO]: [System] [CHAT] [Elite] MC> i need a lot of red concrete
[11:54:26] [Render thread/INFO]: [System] [CHAT] You have received: $90.00 [x104]
[11:54:26] [Render thread/INFO]: [System] [CHAT] You have received: $90.00 [x105]
[11:54:26] [Render thread/INFO]: [System] [CHAT] You have received: $90.00 [x106]
[11:54:27] [Render thread/INFO]: [System] [CHAT] You have received: $90.00 [x107]
[11:54:29] [Render thread/INFO]: [System] [CHAT] You have received: $90.00 [x108]
[11:54:29] [Render thread/INFO]: [System] [CHAT] You have received: $90.00 [x109]
[11:54:29] [Render thread/INFO]: [System] [CHAT] You have received: $90.00 [x110]
[11:54:30] [Render thread/INFO]: [System] [CHAT] You have received: $90.00 [x111]
[11:54:31] [Render thread/INFO]: [System] [CHAT] You have received: $90.00 [x112]
[11:54:33] [Render thread/INFO]: [System] [CHAT] You have received: $90.00 [x113]
[11:54:33] [Render thread/INFO]: [System] [CHAT] You have received: $90.00 [x114]
[11:54:36] [Render thread/INFO]: [System] [CHAT] [MVP] Unbent> Oh and I have 35 gold blocks.
[11:54:37] [Render thread/INFO]: [System] [CHAT] You have received: $90.00 [x115]
[11:54:37] [Render thread/INFO]: [System] [CHAT] You have received: $90.00 [x116]
[11:54:38] [Render thread/INFO]: [System] [CHAT] You have received: $90.00 [x117]
[11:54:38] [Render thread/INFO]: [System] [CHAT] You have received: $90.00 [x118]
[11:54:38] [Render thread/INFO]: [System] [CHAT] You have received: $90.00 [x119]
[11:54:39] [Render thread/INFO]: [System] [CHAT] You have received: $90.00 [x120]
[11:54:39] [Render thread/INFO]: [System] [CHAT] You have received: $90.00 [x121]
[11:54:39] [Render thread/INFO]: [System] [CHAT] You have received: $90.00 [x122]
[11:54:41] [Render thread/INFO]: [System] [CHAT] You have received: $90.00 [x123]
[11:54:41] [Render thread/INFO]: [System] [CHAT] You have received: $90.00 [x124]
[11:54:42] [Render thread/INFO]: [System] [CHAT] You have received: $90.00 [x125]
[11:54:42] [Render thread/INFO]: [System] [CHAT] You have received: $90.00 [x126]
[11:54:42] [Render thread/INFO]: [System] [CHAT] You have received: $90.00 [x127]
[11:54:42] [Render thread/INFO]: [System] [CHAT] You have received: $90.00 [x128]
[11:54:43] [Render thread/INFO]: [System] [CHAT] You have received: $90.00 [x129]
[11:54:44] [Render thread/INFO]: [System] [CHAT] You have received: $90.00 [x130]
[11:54:44] [Render thread/INFO]: [System] [CHAT] You have received: $90.00 [x131]
[11:54:45] [Render thread/INFO]: [System] [CHAT] You have received: $90.00 [x132]
[11:54:45] [Render thread/INFO]: [System] [CHAT] You have received: $90.00 [x133]
[11:54:46] [Render thread/INFO]: [System] [CHAT] You have received: $90.00 [x134]
[11:54:47] [Render thread/INFO]: [System] [CHAT] [-] Noobmaster6788 [x3]
[11:54:48] [Render thread/INFO]: [System] [CHAT] You have received: $90.00 [x135]
[11:54:48] [Render thread/INFO]: [System] [CHAT] You have received: $90.00 [x136]
[11:54:49] [Render thread/INFO]: [System] [CHAT] You have received: $90.00 [x137]
[11:54:49] [Render thread/INFO]: [System] [CHAT] You have received: $90.00 [x138]
[11:54:50] [Render thread/INFO]: [System] [CHAT] You have received: $90.00 [x139]
[11:54:51] [Render thread/INFO]: [System] [CHAT] You have received: $90.00 [x140]
[11:54:51] [Render thread/INFO]: [System] [CHAT] You have received: $90.00 [x141]
[11:54:51] [Render thread/INFO]: [System] [CHAT] You have received: $90.00 [x142]
[11:54:52] [Render thread/INFO]: [System] [CHAT] You have received: $90.00 [x143]
[11:54:52] [Render thread/INFO]: [System] [CHAT] You have received: $90.00 [x144]
[11:54:53] [Render thread/INFO]: [System] [CHAT] You have received: $90.00 [x145]
[11:54:54] [Render thread/INFO]: [System] [CHAT] You have received: $90.00 [x146]
[11:54:54] [Render thread/INFO]: [System] [CHAT] You have received: $90.00 [x147]
[11:54:55] [Render thread/INFO]: [System] [CHAT] You have received: $90.00 [x148]
[11:54:55] [Render thread/INFO]: [System] [CHAT] You have received: $90.00 [x149]
[11:54:55] [Render thread/INFO]: [System] [CHAT] You have received: $90.00 [x150]
[11:54:56] [Render thread/INFO]: [System] [CHAT] You have received: $90.00 [x151]
[11:54:56] [Render thread/INFO]: [System] [CHAT] You have received: $90.00 [x152]
[11:54:59] [Render thread/INFO]: [System] [CHAT] You have received: $90.00 [x153]
[11:55:00] [Render thread/INFO]: [System] [CHAT] You have received: $90.00 [x154]
[11:55:01] [Render thread/INFO]: [System] [CHAT] You have received: $90.00 [x155]
[11:55:01] [Render thread/INFO]: [System] [CHAT] You have received: $90.00 [x156]
[11:55:01] [Render thread/INFO]: [System] [CHAT] You have received: $90.00 [x157]
[11:55:04] [Render thread/INFO]: Minimap session finalized.
[11:55:04] [Render thread/INFO]: Finalizing world map session...
[11:55:04] [Thread-1/INFO]: World map force-cleaned!
[11:55:04] [Render thread/INFO]: World map session finalized.
[11:55:05] [Render thread/INFO]: Stopping!
