[07:03:43] [main/INFO]: Loading Minecraft 1.19.2 with Fabric Loader 0.14.9
[07:03:43] [ForkJoinPool-1-worker-7/WARN]: Mod wurst uses the version v7.28-MC1.19.2 which isn't compatible with Loader's extended semantic version format (Could not parse version number component 'v7'!), SemVer is recommended for reliably evaluating dependencies and prioritizing newer version
[07:03:43] [ForkJoinPool-1-worker-2/WARN]: Mod wurst uses the version v7.27.3-MC1.19.2 which isn't compatible with Loader's extended semantic version format (Could not parse version number component 'v7'!), SemVer is recommended for reliably evaluating dependencies and prioritizing newer version
[07:03:43] [main/INFO]: Loading 55 mods:
	- baritone 1.5.3-621-gaddd1fc7
	- fabric-api 0.61.0+1.19.2
	- fabric-api-base 0.4.11+e62f51a390 via fabric-api
	- fabric-api-lookup-api-v1 1.6.9+9ff28f4090 via fabric-api
	- fabric-biome-api-v1 9.0.17+aeb40ebe90 via fabric-api
	- fabric-blockrenderlayer-v1 1.1.20+aeb40ebe90 via fabric-api
	- fabric-client-tags-api-v1 1.0.1+b35fea8390 via fabric-api
	- fabric-command-api-v1 1.2.11+f71b366f90 via fabric-api
	- fabric-command-api-v2 2.1.7+0c17ea9690 via fabric-api
	- fabric-commands-v0 0.2.28+df3654b390 via fabric-api
	- fabric-containers-v0 0.1.34+df3654b390 via fabric-api
	- fabric-content-registries-v0 3.3.0+624e468e90 via fabric-api
	- fabric-convention-tags-v1 1.1.1+7cd20a1490 via fabric-api
	- fabric-crash-report-info-v1 0.2.5+aeb40ebe90 via fabric-api
	- fabric-data-generation-api-v1 5.1.9+a680b9b490 via fabric-api
	- fabric-dimensions-v1 2.1.31+0dd10df690 via fabric-api
	- fabric-entity-events-v1 1.4.18+9ff28f4090 via fabric-api
	- fabric-events-interaction-v0 0.4.28+aeb40ebe90 via fabric-api
	- fabric-events-lifecycle-v0 0.2.28+df3654b390 via fabric-api
	- fabric-game-rule-api-v1 1.0.21+aeb40ebe90 via fabric-api
	- fabric-item-api-v1 1.5.7+35a03c4390 via fabric-api
	- fabric-item-groups-v0 0.3.29+4e8ca3fd90 via fabric-api
	- fabric-key-binding-api-v1 1.0.20+aeb40ebe90 via fabric-api
	- fabric-keybindings-v0 0.2.18+df3654b390 via fabric-api
	- fabric-lifecycle-events-v1 2.1.2+aeb40ebe90 via fabric-api
	- fabric-loot-api-v2 1.1.3+83a8659290 via fabric-api
	- fabric-loot-tables-v1 1.1.6+9e7660c690 via fabric-api
	- fabric-message-api-v1 5.0.3+176380a290 via fabric-api
	- fabric-mining-level-api-v1 2.1.14+33fbc73890 via fabric-api
	- fabric-models-v0 0.3.17+aeb40ebe90 via fabric-api
	- fabric-networking-api-v1 1.2.4+5eb68ef290 via fabric-api
	- fabric-networking-v0 0.3.21+df3654b390 via fabric-api
	- fabric-object-builder-api-v1 4.0.11+aeb40ebe90 via fabric-api
	- fabric-particles-v1 1.0.10+aeb40ebe90 via fabric-api
	- fabric-registry-sync-v0 0.9.25+726b652090 via fabric-api
	- fabric-renderer-api-v1 1.0.10+aeb40ebe90 via fabric-api
	- fabric-renderer-indigo 0.6.12+aeb40ebe90 via fabric-api
	- fabric-renderer-registries-v1 3.2.20+df3654b390 via fabric-api
	- fabric-rendering-data-attachment-v1 0.3.14+aeb40ebe90 via fabric-api
	- fabric-rendering-fluids-v1 3.0.7+aeb40ebe90 via fabric-api
	- fabric-rendering-v0 1.1.22+df3654b390 via fabric-api
	- fabric-rendering-v1 1.10.16+aeb40ebe90 via fabric-api
	- fabric-resource-conditions-api-v1 2.0.11+e62f51a390 via fabric-api
	- fabric-resource-loader-v0 0.6.1+aeb40ebe90 via fabric-api
	- fabric-screen-api-v1 1.0.26+f05effaf90 via fabric-api
	- fabric-screen-handler-api-v1 1.3.0+1cc24b1b90 via fabric-api
	- fabric-textures-v0 1.0.20+aeb40ebe90 via fabric-api
	- fabric-transfer-api-v1 2.1.0+8f88597390 via fabric-api
	- fabric-transitive-access-wideners-v1 1.3.0+42d99c3290 via fabric-api
	- fabricloader 0.14.9
	- java 17
	- minecraft 1.19.2
	- wurst v7.28-MC1.19.2
	- xaerominimap 22.15.1
	- xaeroworldmap 1.28.0
[07:03:43] [main/INFO]: SpongePowered MIXIN Subsystem Version=0.8.5 Source=file:/home/gavinboor/.local/share/multimc/libraries/net/fabricmc/sponge-mixin/0.11.4+mixin.0.8.5/sponge-mixin-0.11.4+mixin.0.8.5.jar Service=Knot/Fabric Env=CLIENT
[07:03:43] [main/INFO]: Compatibility level set to JAVA_17
[07:03:44] [main/WARN]: Error loading class: me/jellysquid/mods/sodium/client/render/occlusion/BlockOcclusionCache (java.lang.ClassNotFoundException: me/jellysquid/mods/sodium/client/render/occlusion/BlockOcclusionCache)
[07:03:44] [main/WARN]: Configuration conflict: there is more than one oshi.properties file on the classpath
[07:03:45] [main/WARN]: Configuration conflict: there is more than one oshi.architecture.properties file on the classpath
[07:03:48] [main/INFO]: Building optimized datafixer
[07:03:52] [Render thread/INFO]: Environment: authHost='https://authserver.mojang.com', accountsHost='https://api.mojang.com', sessionHost='https://sessionserver.mojang.com', servicesHost='https://api.minecraftservices.com', name='PROD'
[07:03:53] [Render thread/INFO]: Setting user: CodeOverload
[07:03:54] [Render thread/INFO]: [STDOUT]: Starting Wurst Client...
[07:03:56] [Render thread/INFO]: [Indigo] Registering Indigo renderer!
[07:03:57] [Render thread/INFO]: Loading Xaero's Minimap - Stage 1/2
[07:03:58] [Render thread/INFO]: Loading Xaero's World Map - Stage 1/2
[07:03:59] [Render thread/INFO]: Backend library: LWJGL version 3.3.1 SNAPSHOT
[07:04:03] [Render thread/WARN]: ERROR : Couldn't load Narrator library
java.lang.UnsatisfiedLinkError: Unable to load library 'fliteWrapper':
libfliteWrapper.so: cannot open shared object file: No such file or directory
libfliteWrapper.so: cannot open shared object file: No such file or directory
Native library (linux-x86-64/libfliteWrapper.so) not found in resource path (/home/gavinboor/.local/share/multimc/bin/jars/NewLaunch.jar:/home/gavinboor/.local/share/multimc/libraries/org/lwjgl/lwjgl-glfw/3.3.1/lwjgl-glfw-3.3.1.jar:/home/gavinboor/.local/share/multimc/libraries/org/lwjgl/lwjgl-jemalloc/3.3.1/lwjgl-jemalloc-3.3.1.jar:/home/gavinboor/.local/share/multimc/libraries/org/lwjgl/lwjgl-openal/3.3.1/lwjgl-openal-3.3.1.jar:/home/gavinboor/.local/share/multimc/libraries/org/lwjgl/lwjgl-opengl/3.3.1/lwjgl-opengl-3.3.1.jar:/home/gavinboor/.local/share/multimc/libraries/org/lwjgl/lwjgl-stb/3.3.1/lwjgl-stb-3.3.1.jar:/home/gavinboor/.local/share/multimc/libraries/org/lwjgl/lwjgl-tinyfd/3.3.1/lwjgl-tinyfd-3.3.1.jar:/home/gavinboor/.local/share/multimc/libraries/org/lwjgl/lwjgl/3.3.1/lwjgl-3.3.1.jar:/home/gavinboor/.local/share/multimc/libraries/com/mojang/logging/1.0.0/logging-1.0.0.jar:/home/gavinboor/.local/share/multimc/libraries/com/mojang/blocklist/1.0.10/blocklist-1.0.10.jar:/home/gavinboor/.local/share/multimc/libraries/com/mojang/patchy/2.2.10/patchy-2.2.10.jar:/home/gavinboor/.local/share/multimc/libraries/com/github/oshi/oshi-core/5.8.5/oshi-core-5.8.5.jar:/home/gavinboor/.local/share/multimc/libraries/net/java/dev/jna/jna/5.10.0/jna-5.10.0.jar:/home/gavinboor/.local/share/multimc/libraries/net/java/dev/jna/jna-platform/5.10.0/jna-platform-5.10.0.jar:/home/gavinboor/.local/share/multimc/libraries/org/slf4j/slf4j-api/1.8.0-beta4/slf4j-api-1.8.0-beta4.jar:/home/gavinboor/.local/share/multimc/libraries/org/apache/logging/log4j/log4j-slf4j18-impl/2.16.0/log4j-slf4j18-impl-2.16.0.jar:/home/gavinboor/.local/share/multimc/libraries/com/ibm/icu/icu4j/70.1/icu4j-70.1.jar:/home/gavinboor/.local/share/multimc/libraries/com/mojang/javabridge/1.2.24/javabridge-1.2.24.jar:/home/gavinboor/.local/share/multimc/libraries/net/sf/jopt-simple/jopt-simple/5.0.4/jopt-simple-5.0.4.jar:/home/gavinboor/.local/share/multimc/libraries/io/netty/netty-common/4.1.77.Final/netty-common-4.1.77.Final.jar:/home/gavinboor/.local/share/multimc/libraries/io/netty/netty-buffer/4.1.77.Final/netty-buffer-4.1.77.Final.jar:/home/gavinboor/.local/share/multimc/libraries/io/netty/netty-codec/4.1.77.Final/netty-codec-4.1.77.Final.jar:/home/gavinboor/.local/share/multimc/libraries/io/netty/netty-handler/4.1.77.Final/netty-handler-4.1.77.Final.jar:/home/gavinboor/.local/share/multimc/libraries/io/netty/netty-resolver/4.1.77.Final/netty-resolver-4.1.77.Final.jar:/home/gavinboor/.local/share/multimc/libraries/io/netty/netty-transport/4.1.77.Final/netty-transport-4.1.77.Final.jar:/home/gavinboor/.local/share/multimc/libraries/io/netty/netty-transport-native-unix-common/4.1.77.Final/netty-transport-native-unix-common-4.1.77.Final.jar:/home/gavinboor/.local/share/multimc/libraries/io/netty/netty-transport-classes-epoll/4.1.77.Final/netty-transport-classes-epoll-4.1.77.Final.jar:/home/gavinboor/.local/share/multimc/libraries/io/netty/netty-transport-native-epoll/4.1.77.Final/netty-transport-native-epoll-4.1.77.Final-linux-x86_64.jar:/home/gavinboor/.local/share/multimc/libraries/com/google/guava/failureaccess/1.0.1/failureaccess-1.0.1.jar:/home/gavinboor/.local/share/multimc/libraries/com/google/guava/guava/31.0.1-jre/guava-31.0.1-jre.jar:/home/gavinboor/.local/share/multimc/libraries/org/apache/commons/commons-lang3/3.12.0/commons-lang3-3.12.0.jar:/home/gavinboor/.local/share/multimc/libraries/commons-io/commons-io/2.11.0/commons-io-2.11.0.jar:/home/gavinboor/.local/share/multimc/libraries/commons-codec/commons-codec/1.15/commons-codec-1.15.jar:/home/gavinboor/.local/share/multimc/libraries/com/mojang/brigadier/1.0.18/brigadier-1.0.18.jar:/home/gavinboor/.local/share/multimc/libraries/com/mojang/datafixerupper/5.0.28/datafixerupper-5.0.28.jar:/home/gavinboor/.local/share/multimc/libraries/com/google/code/gson/gson/2.8.9/gson-2.8.9.jar:/home/gavinboor/.local/share/multimc/libraries/com/mojang/authlib/3.11.49/authlib-3.11.49.jar:/home/gavinboor/.local/share/multimc/libraries/org/apache/commons/commons-compress/1.21/commons-compress-1.21.jar:/home/gavinboor/.local/share/multimc/libraries/org/apache/httpcomponents/httpclient/4.5.13/httpclient-4.5.13.jar:/home/gavinboor/.local/share/multimc/libraries/commons-logging/commons-logging/1.2/commons-logging-1.2.jar:/home/gavinboor/.local/share/multimc/libraries/org/apache/httpcomponents/httpcore/4.4.14/httpcore-4.4.14.jar:/home/gavinboor/.local/share/multimc/libraries/it/unimi/dsi/fastutil/8.5.6/fastutil-8.5.6.jar:/home/gavinboor/.local/share/multimc/libraries/org/apache/logging/log4j/log4j-api/2.16.0/log4j-api-2.16.0.jar:/home/gavinboor/.local/share/multimc/libraries/org/apache/logging/log4j/log4j-core/2.16.0/log4j-core-2.16.0.jar:/home/gavinboor/.local/share/multimc/libraries/com/mojang/text2speech/1.13.9/text2speech-1.13.9.jar:/home/gavinboor/.local/share/multimc/libraries/net/fabricmc/intermediary/1.19.2/intermediary-1.19.2.jar:/home/gavinboor/.local/share/multimc/libraries/net/fabricmc/tiny-mappings-parser/0.3.0+build.17/tiny-mappings-parser-0.3.0+build.17.jar:/home/gavinboor/.local/share/multimc/libraries/net/fabricmc/sponge-mixin/0.11.4+mixin.0.8.5/sponge-mixin-0.11.4+mixin.0.8.5.jar:/home/gavinboor/.local/share/multimc/libraries/net/fabricmc/tiny-remapper/0.8.2/tiny-remapper-0.8.2.jar:/home/gavinboor/.local/share/multimc/libraries/net/fabricmc/access-widener/2.1.0/access-widener-2.1.0.jar:/home/gavinboor/.local/share/multimc/libraries/org/ow2/asm/asm/9.3/asm-9.3.jar:/home/gavinboor/.local/share/multimc/libraries/org/ow2/asm/asm-analysis/9.3/asm-analysis-9.3.jar:/home/gavinboor/.local/share/multimc/libraries/org/ow2/asm/asm-commons/9.3/asm-commons-9.3.jar:/home/gavinboor/.local/share/multimc/libraries/org/ow2/asm/asm-tree/9.3/asm-tree-9.3.jar:/home/gavinboor/.local/share/multimc/libraries/org/ow2/asm/asm-util/9.3/asm-util-9.3.jar:/home/gavinboor/.local/share/multimc/libraries/net/fabricmc/fabric-loader/0.14.9/fabric-loader-0.14.9.jar:/home/gavinboor/.local/share/multimc/libraries/com/mojang/minecraft/1.19.2/minecraft-1.19.2-client.jar)
	at com.sun.jna.NativeLibrary.loadLibrary(NativeLibrary.java:301) ~[jna-5.10.0.jar:?]
	at com.sun.jna.NativeLibrary.getInstance(NativeLibrary.java:461) ~[jna-5.10.0.jar:?]
	at com.sun.jna.NativeLibrary.getInstance(NativeLibrary.java:403) ~[jna-5.10.0.jar:?]
	at com.mojang.text2speech.NarratorLinux.<clinit>(NarratorLinux.java:18) [text2speech-1.13.9.jar:?]
	at com.mojang.text2speech.Narrator.getNarrator(Narrator.java:21) [text2speech-1.13.9.jar:?]
	at net.minecraft.class_333.<init>(class_333.java:19) [client-intermediary.jar:?]
	at net.minecraft.class_310.<init>(class_310.java:637) [client-intermediary.jar:?]
	at net.minecraft.client.main.Main.method_44604(Main.java:205) [client-intermediary.jar:?]
	at net.minecraft.client.main.Main.main(Main.java:51) [client-intermediary.jar:?]
	at net.fabricmc.loader.impl.game.minecraft.MinecraftGameProvider.launch(MinecraftGameProvider.java:461) [fabric-loader-0.14.9.jar:?]
	at net.fabricmc.loader.impl.launch.knot.Knot.launch(Knot.java:74) [fabric-loader-0.14.9.jar:?]
	at net.fabricmc.loader.impl.launch.knot.KnotClient.main(KnotClient.java:23) [fabric-loader-0.14.9.jar:?]
	at jdk.internal.reflect.NativeMethodAccessorImpl.invoke0(Native Method) ~[?:?]
	at jdk.internal.reflect.NativeMethodAccessorImpl.invoke(NativeMethodAccessorImpl.java:77) ~[?:?]
	at jdk.internal.reflect.DelegatingMethodAccessorImpl.invoke(DelegatingMethodAccessorImpl.java:43) ~[?:?]
	at java.lang.reflect.Method.invoke(Method.java:568) ~[?:?]
	at org.multimc.onesix.OneSixLauncher.launchWithMainClass(OneSixLauncher.java:210) [NewLaunch.jar:?]
	at org.multimc.onesix.OneSixLauncher.launch(OneSixLauncher.java:245) [NewLaunch.jar:?]
	at org.multimc.EntryPoint.listen(EntryPoint.java:143) [NewLaunch.jar:?]
	at org.multimc.EntryPoint.main(EntryPoint.java:34) [NewLaunch.jar:?]
	Suppressed: java.lang.UnsatisfiedLinkError: libfliteWrapper.so: cannot open shared object file: No such file or directory
		at com.sun.jna.Native.open(Native Method) ~[jna-5.10.0.jar:?]
		at com.sun.jna.NativeLibrary.loadLibrary(NativeLibrary.java:191) ~[jna-5.10.0.jar:?]
		at com.sun.jna.NativeLibrary.getInstance(NativeLibrary.java:461) ~[jna-5.10.0.jar:?]
		at com.sun.jna.NativeLibrary.getInstance(NativeLibrary.java:403) ~[jna-5.10.0.jar:?]
		at com.mojang.text2speech.NarratorLinux.<clinit>(NarratorLinux.java:18) [text2speech-1.13.9.jar:?]
		at com.mojang.text2speech.Narrator.getNarrator(Narrator.java:21) [text2speech-1.13.9.jar:?]
		at net.minecraft.class_333.<init>(class_333.java:19) [client-intermediary.jar:?]
		at net.minecraft.class_310.<init>(class_310.java:637) [client-intermediary.jar:?]
		at net.minecraft.client.main.Main.method_44604(Main.java:205) [client-intermediary.jar:?]
		at net.minecraft.client.main.Main.main(Main.java:51) [client-intermediary.jar:?]
		at net.fabricmc.loader.impl.game.minecraft.MinecraftGameProvider.launch(MinecraftGameProvider.java:461) [fabric-loader-0.14.9.jar:?]
		at net.fabricmc.loader.impl.launch.knot.Knot.launch(Knot.java:74) [fabric-loader-0.14.9.jar:?]
		at net.fabricmc.loader.impl.launch.knot.KnotClient.main(KnotClient.java:23) [fabric-loader-0.14.9.jar:?]
		at jdk.internal.reflect.NativeMethodAccessorImpl.invoke0(Native Method) ~[?:?]
		at jdk.internal.reflect.NativeMethodAccessorImpl.invoke(NativeMethodAccessorImpl.java:77) ~[?:?]
		at jdk.internal.reflect.DelegatingMethodAccessorImpl.invoke(DelegatingMethodAccessorImpl.java:43) ~[?:?]
		at java.lang.reflect.Method.invoke(Method.java:568) ~[?:?]
		at org.multimc.onesix.OneSixLauncher.launchWithMainClass(OneSixLauncher.java:210) [NewLaunch.jar:?]
		at org.multimc.onesix.OneSixLauncher.launch(OneSixLauncher.java:245) [NewLaunch.jar:?]
		at org.multimc.EntryPoint.listen(EntryPoint.java:143) [NewLaunch.jar:?]
		at org.multimc.EntryPoint.main(EntryPoint.java:34) [NewLaunch.jar:?]
	Suppressed: java.lang.UnsatisfiedLinkError: libfliteWrapper.so: cannot open shared object file: No such file or directory
		at com.sun.jna.Native.open(Native Method) ~[jna-5.10.0.jar:?]
		at com.sun.jna.NativeLibrary.loadLibrary(NativeLibrary.java:204) ~[jna-5.10.0.jar:?]
		at com.sun.jna.NativeLibrary.getInstance(NativeLibrary.java:461) ~[jna-5.10.0.jar:?]
		at com.sun.jna.NativeLibrary.getInstance(NativeLibrary.java:403) ~[jna-5.10.0.jar:?]
		at com.mojang.text2speech.NarratorLinux.<clinit>(NarratorLinux.java:18) [text2speech-1.13.9.jar:?]
		at com.mojang.text2speech.Narrator.getNarrator(Narrator.java:21) [text2speech-1.13.9.jar:?]
		at net.minecraft.class_333.<init>(class_333.java:19) [client-intermediary.jar:?]
		at net.minecraft.class_310.<init>(class_310.java:637) [client-intermediary.jar:?]
		at net.minecraft.client.main.Main.method_44604(Main.java:205) [client-intermediary.jar:?]
		at net.minecraft.client.main.Main.main(Main.java:51) [client-intermediary.jar:?]
		at net.fabricmc.loader.impl.game.minecraft.MinecraftGameProvider.launch(MinecraftGameProvider.java:461) [fabric-loader-0.14.9.jar:?]
		at net.fabricmc.loader.impl.launch.knot.Knot.launch(Knot.java:74) [fabric-loader-0.14.9.jar:?]
		at net.fabricmc.loader.impl.launch.knot.KnotClient.main(KnotClient.java:23) [fabric-loader-0.14.9.jar:?]
		at jdk.internal.reflect.NativeMethodAccessorImpl.invoke0(Native Method) ~[?:?]
		at jdk.internal.reflect.NativeMethodAccessorImpl.invoke(NativeMethodAccessorImpl.java:77) ~[?:?]
		at jdk.internal.reflect.DelegatingMethodAccessorImpl.invoke(DelegatingMethodAccessorImpl.java:43) ~[?:?]
		at java.lang.reflect.Method.invoke(Method.java:568) ~[?:?]
		at org.multimc.onesix.OneSixLauncher.launchWithMainClass(OneSixLauncher.java:210) [NewLaunch.jar:?]
		at org.multimc.onesix.OneSixLauncher.launch(OneSixLauncher.java:245) [NewLaunch.jar:?]
		at org.multimc.EntryPoint.listen(EntryPoint.java:143) [NewLaunch.jar:?]
		at org.multimc.EntryPoint.main(EntryPoint.java:34) [NewLaunch.jar:?]
	Suppressed: java.io.IOException: Native library (linux-x86-64/libfliteWrapper.so) not found in resource path (/home/gavinboor/.local/share/multimc/bin/jars/NewLaunch.jar:/home/gavinboor/.local/share/multimc/libraries/org/lwjgl/lwjgl-glfw/3.3.1/lwjgl-glfw-3.3.1.jar:/home/gavinboor/.local/share/multimc/libraries/org/lwjgl/lwjgl-jemalloc/3.3.1/lwjgl-jemalloc-3.3.1.jar:/home/gavinboor/.local/share/multimc/libraries/org/lwjgl/lwjgl-openal/3.3.1/lwjgl-openal-3.3.1.jar:/home/gavinboor/.local/share/multimc/libraries/org/lwjgl/lwjgl-opengl/3.3.1/lwjgl-opengl-3.3.1.jar:/home/gavinboor/.local/share/multimc/libraries/org/lwjgl/lwjgl-stb/3.3.1/lwjgl-stb-3.3.1.jar:/home/gavinboor/.local/share/multimc/libraries/org/lwjgl/lwjgl-tinyfd/3.3.1/lwjgl-tinyfd-3.3.1.jar:/home/gavinboor/.local/share/multimc/libraries/org/lwjgl/lwjgl/3.3.1/lwjgl-3.3.1.jar:/home/gavinboor/.local/share/multimc/libraries/com/mojang/logging/1.0.0/logging-1.0.0.jar:/home/gavinboor/.local/share/multimc/libraries/com/mojang/blocklist/1.0.10/blocklist-1.0.10.jar:/home/gavinboor/.local/share/multimc/libraries/com/mojang/patchy/2.2.10/patchy-2.2.10.jar:/home/gavinboor/.local/share/multimc/libraries/com/github/oshi/oshi-core/5.8.5/oshi-core-5.8.5.jar:/home/gavinboor/.local/share/multimc/libraries/net/java/dev/jna/jna/5.10.0/jna-5.10.0.jar:/home/gavinboor/.local/share/multimc/libraries/net/java/dev/jna/jna-platform/5.10.0/jna-platform-5.10.0.jar:/home/gavinboor/.local/share/multimc/libraries/org/slf4j/slf4j-api/1.8.0-beta4/slf4j-api-1.8.0-beta4.jar:/home/gavinboor/.local/share/multimc/libraries/org/apache/logging/log4j/log4j-slf4j18-impl/2.16.0/log4j-slf4j18-impl-2.16.0.jar:/home/gavinboor/.local/share/multimc/libraries/com/ibm/icu/icu4j/70.1/icu4j-70.1.jar:/home/gavinboor/.local/share/multimc/libraries/com/mojang/javabridge/1.2.24/javabridge-1.2.24.jar:/home/gavinboor/.local/share/multimc/libraries/net/sf/jopt-simple/jopt-simple/5.0.4/jopt-simple-5.0.4.jar:/home/gavinboor/.local/share/multimc/libraries/io/netty/netty-common/4.1.77.Final/netty-common-4.1.77.Final.jar:/home/gavinboor/.local/share/multimc/libraries/io/netty/netty-buffer/4.1.77.Final/netty-buffer-4.1.77.Final.jar:/home/gavinboor/.local/share/multimc/libraries/io/netty/netty-codec/4.1.77.Final/netty-codec-4.1.77.Final.jar:/home/gavinboor/.local/share/multimc/libraries/io/netty/netty-handler/4.1.77.Final/netty-handler-4.1.77.Final.jar:/home/gavinboor/.local/share/multimc/libraries/io/netty/netty-resolver/4.1.77.Final/netty-resolver-4.1.77.Final.jar:/home/gavinboor/.local/share/multimc/libraries/io/netty/netty-transport/4.1.77.Final/netty-transport-4.1.77.Final.jar:/home/gavinboor/.local/share/multimc/libraries/io/netty/netty-transport-native-unix-common/4.1.77.Final/netty-transport-native-unix-common-4.1.77.Final.jar:/home/gavinboor/.local/share/multimc/libraries/io/netty/netty-transport-classes-epoll/4.1.77.Final/netty-transport-classes-epoll-4.1.77.Final.jar:/home/gavinboor/.local/share/multimc/libraries/io/netty/netty-transport-native-epoll/4.1.77.Final/netty-transport-native-epoll-4.1.77.Final-linux-x86_64.jar:/home/gavinboor/.local/share/multimc/libraries/com/google/guava/failureaccess/1.0.1/failureaccess-1.0.1.jar:/home/gavinboor/.local/share/multimc/libraries/com/google/guava/guava/31.0.1-jre/guava-31.0.1-jre.jar:/home/gavinboor/.local/share/multimc/libraries/org/apache/commons/commons-lang3/3.12.0/commons-lang3-3.12.0.jar:/home/gavinboor/.local/share/multimc/libraries/commons-io/commons-io/2.11.0/commons-io-2.11.0.jar:/home/gavinboor/.local/share/multimc/libraries/commons-codec/commons-codec/1.15/commons-codec-1.15.jar:/home/gavinboor/.local/share/multimc/libraries/com/mojang/brigadier/1.0.18/brigadier-1.0.18.jar:/home/gavinboor/.local/share/multimc/libraries/com/mojang/datafixerupper/5.0.28/datafixerupper-5.0.28.jar:/home/gavinboor/.local/share/multimc/libraries/com/google/code/gson/gson/2.8.9/gson-2.8.9.jar:/home/gavinboor/.local/share/multimc/libraries/com/mojang/authlib/3.11.49/authlib-3.11.49.jar:/home/gavinboor/.local/share/multimc/libraries/org/apache/commons/commons-compress/1.21/commons-compress-1.21.jar:/home/gavinboor/.local/share/multimc/libraries/org/apache/httpcomponents/httpclient/4.5.13/httpclient-4.5.13.jar:/home/gavinboor/.local/share/multimc/libraries/commons-logging/commons-logging/1.2/commons-logging-1.2.jar:/home/gavinboor/.local/share/multimc/libraries/org/apache/httpcomponents/httpcore/4.4.14/httpcore-4.4.14.jar:/home/gavinboor/.local/share/multimc/libraries/it/unimi/dsi/fastutil/8.5.6/fastutil-8.5.6.jar:/home/gavinboor/.local/share/multimc/libraries/org/apache/logging/log4j/log4j-api/2.16.0/log4j-api-2.16.0.jar:/home/gavinboor/.local/share/multimc/libraries/org/apache/logging/log4j/log4j-core/2.16.0/log4j-core-2.16.0.jar:/home/gavinboor/.local/share/multimc/libraries/com/mojang/text2speech/1.13.9/text2speech-1.13.9.jar:/home/gavinboor/.local/share/multimc/libraries/net/fabricmc/intermediary/1.19.2/intermediary-1.19.2.jar:/home/gavinboor/.local/share/multimc/libraries/net/fabricmc/tiny-mappings-parser/0.3.0+build.17/tiny-mappings-parser-0.3.0+build.17.jar:/home/gavinboor/.local/share/multimc/libraries/net/fabricmc/sponge-mixin/0.11.4+mixin.0.8.5/sponge-mixin-0.11.4+mixin.0.8.5.jar:/home/gavinboor/.local/share/multimc/libraries/net/fabricmc/tiny-remapper/0.8.2/tiny-remapper-0.8.2.jar:/home/gavinboor/.local/share/multimc/libraries/net/fabricmc/access-widener/2.1.0/access-widener-2.1.0.jar:/home/gavinboor/.local/share/multimc/libraries/org/ow2/asm/asm/9.3/asm-9.3.jar:/home/gavinboor/.local/share/multimc/libraries/org/ow2/asm/asm-analysis/9.3/asm-analysis-9.3.jar:/home/gavinboor/.local/share/multimc/libraries/org/ow2/asm/asm-commons/9.3/asm-commons-9.3.jar:/home/gavinboor/.local/share/multimc/libraries/org/ow2/asm/asm-tree/9.3/asm-tree-9.3.jar:/home/gavinboor/.local/share/multimc/libraries/org/ow2/asm/asm-util/9.3/asm-util-9.3.jar:/home/gavinboor/.local/share/multimc/libraries/net/fabricmc/fabric-loader/0.14.9/fabric-loader-0.14.9.jar:/home/gavinboor/.local/share/multimc/libraries/com/mojang/minecraft/1.19.2/minecraft-1.19.2-client.jar)
		at com.sun.jna.Native.extractFromResourcePath(Native.java:1145) ~[jna-5.10.0.jar:?]
		at com.sun.jna.NativeLibrary.loadLibrary(NativeLibrary.java:275) ~[jna-5.10.0.jar:?]
		at com.sun.jna.NativeLibrary.getInstance(NativeLibrary.java:461) ~[jna-5.10.0.jar:?]
		at com.sun.jna.NativeLibrary.getInstance(NativeLibrary.java:403) ~[jna-5.10.0.jar:?]
		at com.mojang.text2speech.NarratorLinux.<clinit>(NarratorLinux.java:18) [text2speech-1.13.9.jar:?]
		at com.mojang.text2speech.Narrator.getNarrator(Narrator.java:21) [text2speech-1.13.9.jar:?]
		at net.minecraft.class_333.<init>(class_333.java:19) [client-intermediary.jar:?]
		at net.minecraft.class_310.<init>(class_310.java:637) [client-intermediary.jar:?]
		at net.minecraft.client.main.Main.method_44604(Main.java:205) [client-intermediary.jar:?]
		at net.minecraft.client.main.Main.main(Main.java:51) [client-intermediary.jar:?]
		at net.fabricmc.loader.impl.game.minecraft.MinecraftGameProvider.launch(MinecraftGameProvider.java:461) [fabric-loader-0.14.9.jar:?]
		at net.fabricmc.loader.impl.launch.knot.Knot.launch(Knot.java:74) [fabric-loader-0.14.9.jar:?]
		at net.fabricmc.loader.impl.launch.knot.KnotClient.main(KnotClient.java:23) [fabric-loader-0.14.9.jar:?]
		at jdk.internal.reflect.NativeMethodAccessorImpl.invoke0(Native Method) ~[?:?]
		at jdk.internal.reflect.NativeMethodAccessorImpl.invoke(NativeMethodAccessorImpl.java:77) ~[?:?]
		at jdk.internal.reflect.DelegatingMethodAccessorImpl.invoke(DelegatingMethodAccessorImpl.java:43) ~[?:?]
		at java.lang.reflect.Method.invoke(Method.java:568) ~[?:?]
		at org.multimc.onesix.OneSixLauncher.launchWithMainClass(OneSixLauncher.java:210) [NewLaunch.jar:?]
		at org.multimc.onesix.OneSixLauncher.launch(OneSixLauncher.java:245) [NewLaunch.jar:?]
		at org.multimc.EntryPoint.listen(EntryPoint.java:143) [NewLaunch.jar:?]
		at org.multimc.EntryPoint.main(EntryPoint.java:34) [NewLaunch.jar:?]
[07:04:03] [Render thread/INFO]: Reloading ResourceManager: Default, Fabric Mods (Fabric API, Fabric API Base, Fabric API Lookup API (v1), Fabric Biome API (v1), Fabric BlockRenderLayer Registration (v1), Fabric Client Tags, Fabric Command API (v1), Fabric Command API (v2), Fabric Commands (v0), Fabric Containers (v0), Fabric Content Registries (v0), Fabric Convention Tags, Fabric Crash Report Info (v1), Fabric Data Generation API (v1), Fabric Dimensions API (v1), Fabric Entity Events (v1), Fabric Events Interaction (v0), Fabric Events Lifecycle (v0), Fabric Game Rule API (v1), Fabric Item API (v1), Fabric Item Groups (v0), Fabric Key Binding API (v1), Fabric Key Bindings (v0), Fabric Lifecycle Events (v1), Fabric Loot API (v2), Fabric Loot Tables (v1), Fabric Message API (v1), Fabric Mining Level API (v1), Fabric Models (v0), Fabric Networking API (v1), Fabric Networking (v0), Fabric Object Builder API (v1), Fabric Particles (v1), Fabric Registry Sync (v0), Fabric Renderer API (v1), Fabric Renderer - Indigo, Fabric Renderer Registries (v1), Fabric Rendering Data Attachment (v1), Fabric Rendering Fluids (v1), Fabric Rendering (v0), Fabric Rendering (v1), Fabric Resource Conditions API (v1), Fabric Resource Loader (v0), Fabric Screen API (v1), Fabric Screen Handler API (v1), Fabric Textures (v0), Fabric Transfer API (v1), Fabric Transitive Access Wideners (v1), Fabric Loader, Wurst Client, Xaero's Minimap, Xaero's World Map)
[07:04:05] [Render thread/INFO]: Loading Xaero's Minimap - Stage 2/2
[07:04:06] [Render thread/INFO]: Xaero's Minimap: World Map found!
[07:04:06] [Render thread/INFO]: No Optifine!
[07:04:06] [Render thread/INFO]: Xaero's Minimap: No Vivecraft!
[07:04:06] [Render thread/INFO]: Loading Xaero's World Map - Stage 2/2
[07:04:06] [Render thread/INFO]: New world map region cache hash code: 687554333
[07:04:06] [Render thread/INFO]: Xaero's WorldMap Mod: Xaero's minimap found!
[07:04:06] [Render thread/INFO]: No Optifine!
[07:04:06] [Render thread/INFO]: Xaero's World Map: No Vivecraft!
[07:04:08] [Render thread/WARN]: Missing sound for event: minecraft:item.goat_horn.play
[07:04:08] [Render thread/WARN]: Missing sound for event: minecraft:entity.goat.screaming.horn_break
[07:04:08] [Render thread/INFO]: OpenAL initialized on device VirtIO SoundCard
[07:04:08] [Render thread/INFO]: Sound engine started
[07:04:09] [Render thread/INFO]: Created: 1024x1024x0 minecraft:textures/atlas/blocks.png-atlas
[07:04:09] [Render thread/INFO]: Created: 256x128x0 minecraft:textures/atlas/signs.png-atlas
[07:04:09] [Render thread/INFO]: Created: 1024x512x0 minecraft:textures/atlas/banner_patterns.png-atlas
[07:04:09] [Render thread/INFO]: Created: 1024x512x0 minecraft:textures/atlas/shield_patterns.png-atlas
[07:04:09] [Render thread/INFO]: Created: 256x256x0 minecraft:textures/atlas/chest.png-atlas
[07:04:09] [Render thread/INFO]: Created: 512x256x0 minecraft:textures/atlas/beds.png-atlas
[07:04:09] [Render thread/INFO]: Created: 512x256x0 minecraft:textures/atlas/shulker_boxes.png-atlas
[07:04:11] [Render thread/WARN]: Shader rendertype_entity_translucent_emissive could not find sampler named Sampler2 in the specified shader program.
[07:04:12] [Render thread/INFO]: Created: 512x256x0 minecraft:textures/atlas/particles.png-atlas
[07:04:12] [Render thread/INFO]: Created: 256x256x0 minecraft:textures/atlas/paintings.png-atlas
[07:04:12] [Render thread/INFO]: Created: 256x128x0 minecraft:textures/atlas/mob_effects.png-atlas
[07:04:12] [Render thread/INFO]: Successfully reloaded the minimap shaders!
[07:04:12] [Render thread/INFO]: Successfully reloaded the world map shaders!
[07:04:22] [Render thread/INFO]: Connecting to play.survivewith.us, 25565
[07:04:26] [Render thread/INFO]: New minimap session initialized!
[07:04:27] [Render thread/INFO]: New world map session initialized!
[07:04:27] [Render thread/INFO]: [STDOUT]: Baritone world data dir: /home/gavinboor/.local/share/multimc/instances/Baritone - Wurst/.minecraft/baritone/play.survivewith.us/minecraft/overworld_384
[07:04:27] [Render thread/INFO]: [STDOUT]: Cached world directory: /home/gavinboor/.local/share/multimc/instances/Baritone - Wurst/.minecraft/baritone/play.survivewith.us/minecraft/overworld_384/cache
[07:04:27] [Render thread/INFO]: [STDOUT]: Would save waypoints to /home/gavinboor/.local/share/multimc/instances/Baritone - Wurst/.minecraft/baritone/play.survivewith.us/minecraft/overworld_384/waypoints
[07:04:28] [Render thread/INFO]: [STDOUT]: Telemetry sending attempt blocked.
[07:04:28] [Render thread/INFO]: [STDOUT]: Telemetry sending attempt blocked.
[07:04:28] [Render thread/WARN]: Not all defined tags for registry ResourceKey[minecraft:root / minecraft:block] are present in data pack: minecraft:ancient_city_replaceable, minecraft:mangrove_logs_can_grow_through, minecraft:mangrove_roots_can_grow_through, minecraft:nether_carver_replaceables, minecraft:overworld_carver_replaceables
[07:04:31] [Worker-Bootstrap-8/INFO]: 4283 Datafixer optimizations took 43508 milliseconds
[07:04:31] [Render thread/INFO]: [System] [CHAT] 
[07:04:31] [Render thread/INFO]: [System] [CHAT] 
[07:04:31] [Render thread/INFO]: [System] [CHAT] Welcome back to SurviveWithUs YELLOW, CodeOverload!
[07:04:31] [Render thread/INFO]: [System] [CHAT] 
[07:04:31] [Render thread/INFO]: [System] [CHAT] You've received a Daily Crate Key! Use it at /spawn or by typing /crate!
[07:04:31] [Render thread/INFO]: [System] [CHAT] 
[07:04:31] [Render thread/INFO]: [System] [CHAT] You have received 1 DailyKey keys!
[07:04:31] [Render thread/INFO]: [System] [CHAT] §bYou're currently receiving an §6§lXP§b or §6§lMoney Boost!§b Click §bhere §bto §bview §byour §6§l/boosts!
[07:04:31] [Render thread/INFO]: [System] [CHAT] 
[07:04:31] [pool-2-thread-1/INFO]: [STDOUT]: Loading region -3,14 from disk /home/gavinboor/.local/share/multimc/instances/Baritone - Wurst/.minecraft/baritone/play.survivewith.us/minecraft/overworld_384/cache
[07:04:31] [Render thread/INFO]: Loaded 848 advancements
[07:04:31] [Render thread/INFO]: [System] [CHAT] Legacy Keys are back in stock, and the store is 25% OFF, this weekend only! Type /donate to view the store!
[07:04:31] [Render thread/INFO]: [System] [CHAT] [MVP] Unbent> wb.
[07:04:32] [Render thread/INFO]: Reloading entity icon resources...
[07:04:32] [Render thread/INFO]: Done!
[07:04:32] [pool-2-thread-1/INFO]: [STDOUT]: Loaded region successfully in 403ms
[07:04:32] [Render thread/INFO]: [System] [CHAT] [Cat+++] Fiji> wn
[07:04:32] [Render thread/INFO]: [STDOUT]: Brightness started at 0.5
[07:04:33] [WurstUpdater/INFO]: [STDOUT]: [Updater] Current version: 7.28
[07:04:33] [WurstUpdater/INFO]: [STDOUT]: [Updater] Latest version: 7.28
[07:04:33] [pool-2-thread-1/INFO]: [STDOUT]: Loading region -4,14 from disk /home/gavinboor/.local/share/multimc/instances/Baritone - Wurst/.minecraft/baritone/play.survivewith.us/minecraft/overworld_384/cache
[07:04:33] [pool-2-thread-1/INFO]: [STDOUT]: Loaded region successfully in 100ms
[07:04:33] [Render thread/INFO]: [System] [CHAT] [Cat+++] Fiji> wb*
[07:04:39] [Render thread/INFO]: [System] [CHAT] [Binary] CodeOverload> hii
[07:04:53] [Render thread/INFO]: [System] [CHAT] Remember to /vote to get your next /rank and unlock epic rewards!
[07:04:57] [ForkJoinPool.commonPool-worker-2/INFO]: [STDOUT]: Saving region -3,14 to disk /home/gavinboor/.local/share/multimc/instances/Baritone - Wurst/.minecraft/baritone/play.survivewith.us/minecraft/overworld_384/cache
[07:04:57] [pool-2-thread-2/INFO]: [STDOUT]: Saving region -4,14 to disk /home/gavinboor/.local/share/multimc/instances/Baritone - Wurst/.minecraft/baritone/play.survivewith.us/minecraft/overworld_384/cache
[07:04:57] [pool-2-thread-2/INFO]: [STDOUT]: Saved region successfully
[07:04:58] [ForkJoinPool.commonPool-worker-2/INFO]: [STDOUT]: Saved region successfully
[07:04:58] [pool-2-thread-2/INFO]: [STDOUT]: World save took 256ms
[07:05:00] [Render thread/INFO]: [System] [CHAT] You can now fly by double-jumping!
[07:05:21] [Render thread/INFO]: [System] [CHAT] SalmonEnjoyer has made the advancement [Eye Spy]
[07:05:26] [Render thread/INFO]: [System] [CHAT] SalmonEnjoyer has made the advancement [The End?]
[07:06:44] [Render thread/INFO]: [System] [CHAT] [Binary] CodeOverload> buying wither skele eggs for 5m
[07:07:15] [Render thread/INFO]: [System] [CHAT] Here's everywhere you can vote (You can vote on all 7!): 
[07:07:15] [Render thread/INFO]: [System] [CHAT] §e1) §ePlanetMinecraft 
[07:07:15] [Render thread/INFO]: [System] [CHAT] §e2) §eTopG.org 
[07:07:15] [Render thread/INFO]: [System] [CHAT] §e3) §eMinecraft-mp 
[07:07:15] [Render thread/INFO]: [System] [CHAT] §e4) §eMinecraftServerList 
[07:07:15] [Render thread/INFO]: [System] [CHAT] §e5) §eMinecraftServers.org 
[07:07:15] [Render thread/INFO]: [System] [CHAT] §e6) §eTopMinecraftServers 
[07:07:15] [Render thread/INFO]: [System] [CHAT] §e7) §eBest-Minecraft-Servers.co 
[07:07:24] [Render thread/INFO]: [System] [CHAT] Legacy Keys are back in stock, and the store is 25% OFF, this weekend only! Type /donate to view the store!
[07:07:29] [Render thread/INFO]: [System] [CHAT] [Binary] CodeOverload> legacy
[07:07:31] [Render thread/INFO]: [System] [CHAT] [Binary] CodeOverload> oh shoot
[07:07:34] [Render thread/INFO]: [System] [CHAT] [Cat+++] Fiji> lol
[07:07:47] [pool-2-thread-3/INFO]: [STDOUT]: Started saving the world in a new thread
[07:07:47] [pool-2-thread-3/INFO]: [STDOUT]: Saving region -3,14 to disk /home/gavinboor/.local/share/multimc/instances/Baritone - Wurst/.minecraft/baritone/play.survivewith.us/minecraft/overworld_384/cache
[07:07:47] [Render thread/INFO]: [STDOUT]: Baritone world data dir: /home/gavinboor/.local/share/multimc/instances/Baritone - Wurst/.minecraft/baritone/play.survivewith.us/minecraft/spawn_384
[07:07:47] [Render thread/INFO]: [STDOUT]: Cached world directory: /home/gavinboor/.local/share/multimc/instances/Baritone - Wurst/.minecraft/baritone/play.survivewith.us/minecraft/spawn_384/cache
[07:07:47] [Render thread/INFO]: [STDOUT]: Would save waypoints to /home/gavinboor/.local/share/multimc/instances/Baritone - Wurst/.minecraft/baritone/play.survivewith.us/minecraft/spawn_384/waypoints
[07:07:47] [pool-2-thread-4/INFO]: [STDOUT]: Loading region 0,0 from disk /home/gavinboor/.local/share/multimc/instances/Baritone - Wurst/.minecraft/baritone/play.survivewith.us/minecraft/spawn_384/cache
[07:07:47] [pool-2-thread-4/INFO]: [STDOUT]: Loaded region successfully in 114ms
[07:07:47] [pool-2-thread-4/INFO]: [STDOUT]: Loading region 0,-1 from disk /home/gavinboor/.local/share/multimc/instances/Baritone - Wurst/.minecraft/baritone/play.survivewith.us/minecraft/spawn_384/cache
[07:07:47] [pool-2-thread-3/INFO]: [STDOUT]: Saved region successfully
[07:07:47] [pool-2-thread-3/INFO]: [STDOUT]: World save took 286ms
[07:07:47] [pool-2-thread-4/INFO]: [STDOUT]: Loaded region successfully in 76ms
[07:07:47] [pool-2-thread-4/INFO]: [STDOUT]: Loading region -1,0 from disk /home/gavinboor/.local/share/multimc/instances/Baritone - Wurst/.minecraft/baritone/play.survivewith.us/minecraft/spawn_384/cache
[07:07:47] [pool-2-thread-4/INFO]: [STDOUT]: Loaded region successfully in 69ms
[07:07:47] [pool-2-thread-4/INFO]: [STDOUT]: Loading region -1,-1 from disk /home/gavinboor/.local/share/multimc/instances/Baritone - Wurst/.minecraft/baritone/play.survivewith.us/minecraft/spawn_384/cache
[07:07:47] [pool-2-thread-4/INFO]: [STDOUT]: Loaded region successfully in 67ms
[07:08:05] [Render thread/INFO]: [System] [CHAT] [MVP] Unbent> How do you get legacy keys?
[07:08:14] [Render thread/INFO]: [System] [CHAT] [Cat+++] Fiji> giveaways and /donate
[07:08:17] [ForkJoinPool.commonPool-worker-11/INFO]: [STDOUT]: Saving region -1,-1 to disk /home/gavinboor/.local/share/multimc/instances/Baritone - Wurst/.minecraft/baritone/play.survivewith.us/minecraft/spawn_384/cache
[07:08:17] [ForkJoinPool.commonPool-worker-1/INFO]: [STDOUT]: Saving region 0,-1 to disk /home/gavinboor/.local/share/multimc/instances/Baritone - Wurst/.minecraft/baritone/play.survivewith.us/minecraft/spawn_384/cache
[07:08:17] [pool-2-thread-5/INFO]: [STDOUT]: Saving region -1,0 to disk /home/gavinboor/.local/share/multimc/instances/Baritone - Wurst/.minecraft/baritone/play.survivewith.us/minecraft/spawn_384/cache
[07:08:17] [ForkJoinPool.commonPool-worker-6/INFO]: [STDOUT]: Saving region 0,0 to disk /home/gavinboor/.local/share/multimc/instances/Baritone - Wurst/.minecraft/baritone/play.survivewith.us/minecraft/spawn_384/cache
[07:08:17] [ForkJoinPool.commonPool-worker-11/INFO]: [STDOUT]: Saved region successfully
[07:08:17] [ForkJoinPool.commonPool-worker-1/INFO]: [STDOUT]: Saved region successfully
[07:08:17] [pool-2-thread-5/INFO]: [STDOUT]: Saved region successfully
[07:08:17] [ForkJoinPool.commonPool-worker-6/INFO]: [STDOUT]: Saved region successfully
[07:08:17] [pool-2-thread-5/INFO]: [STDOUT]: World save took 91ms
[07:08:17] [Render thread/INFO]: [System] [CHAT] [Cat+++] Fiji> sometimes /vote
[07:08:18] [Render thread/INFO]: [System] [CHAT] [Binary] CodeOverload> or buying
[07:08:25] [Render thread/INFO]: [System] [CHAT] SalmonEnjoyer has made the advancement [Spooky Scary Skeleton]
[07:08:25] [Render thread/INFO]: [System] [CHAT] §aYou've completed a task!
[07:08:25] [Render thread/INFO]: [System] [CHAT] You have received: $180000.00
[07:08:27] [Render thread/INFO]: [System] [CHAT] [Cat+++] Fiji> i just said that...
[07:08:27] [pool-2-thread-3/INFO]: [STDOUT]: Started saving the world in a new thread
[07:08:27] [Render thread/INFO]: [STDOUT]: Baritone world data dir: /home/gavinboor/.local/share/multimc/instances/Baritone - Wurst/.minecraft/baritone/play.survivewith.us/minecraft/overworld_384
[07:08:27] [pool-2-thread-3/INFO]: [STDOUT]: Saving region -1,0 to disk /home/gavinboor/.local/share/multimc/instances/Baritone - Wurst/.minecraft/baritone/play.survivewith.us/minecraft/spawn_384/cache
[07:08:27] [ForkJoinPool.commonPool-worker-6/INFO]: [STDOUT]: Saving region 0,-1 to disk /home/gavinboor/.local/share/multimc/instances/Baritone - Wurst/.minecraft/baritone/play.survivewith.us/minecraft/spawn_384/cache
[07:08:27] [ForkJoinPool.commonPool-worker-11/INFO]: [STDOUT]: Saving region -1,-1 to disk /home/gavinboor/.local/share/multimc/instances/Baritone - Wurst/.minecraft/baritone/play.survivewith.us/minecraft/spawn_384/cache
[07:08:27] [ForkJoinPool.commonPool-worker-1/INFO]: [STDOUT]: Saving region 0,0 to disk /home/gavinboor/.local/share/multimc/instances/Baritone - Wurst/.minecraft/baritone/play.survivewith.us/minecraft/spawn_384/cache
[07:08:27] [ForkJoinPool.commonPool-worker-11/INFO]: [STDOUT]: Saved region successfully
[07:08:27] [ForkJoinPool.commonPool-worker-6/INFO]: [STDOUT]: Saved region successfully
[07:08:27] [pool-2-thread-3/INFO]: [STDOUT]: Saved region successfully
[07:08:27] [ForkJoinPool.commonPool-worker-1/INFO]: [STDOUT]: Saved region successfully
[07:08:27] [pool-2-thread-3/INFO]: [STDOUT]: World save took 64ms
[07:08:31] [Render thread/INFO]: [System] [CHAT] [MVP] Unbent> Real money?
[07:08:32] [Render thread/INFO]: [System] [CHAT] [Binary] CodeOverload> hm?
[07:08:33] [Render thread/INFO]: [System] [CHAT] [Cat+++] Fiji> yea
[07:08:35] [Render thread/INFO]: [System] [CHAT] [Binary] CodeOverload> oh
[07:08:41] [Render thread/INFO]: [System] [CHAT] [Binary] CodeOverload> yea you did lol
[07:08:52] [Render thread/INFO]: [System] [CHAT] [Cat+++] Fiji> "giveaways and /donate"
[07:08:53] [Render thread/INFO]: [System] [CHAT] [Binary] CodeOverload> its too early for me ;-;
[07:09:03] [Render thread/INFO]: [System] [CHAT] [MVP] Unbent> What do you /donate? money?
[07:09:04] [Render thread/INFO]: [System] [CHAT] [Cat+++] Fiji> lol i slept in this morning
[07:09:08] [Render thread/INFO]: [System] [CHAT] [Cat+++] Fiji> yea
[07:09:13] [Render thread/INFO]: [System] [CHAT] [MVP] Unbent> Oh.
[07:09:16] [Render thread/INFO]: [System] [CHAT] [Cat+++] Fiji> real world us dollars
[07:09:16] [Render thread/INFO]: [System] [CHAT] [Binary] CodeOverload> real moolah
[07:09:18] [Render thread/INFO]: [System] [CHAT] [Binary] CodeOverload> real perks
[07:10:18] [Render thread/INFO]: [System] [CHAT] §aYou've completed a task!
[07:10:18] [Render thread/INFO]: [System] [CHAT] You have received 1 DailyKey keys!
[07:10:25] [Render thread/INFO]: [System] [CHAT] Legacy Keys are back in stock, and the store is 25% OFF, this weekend only! Type /donate to view the store!
[07:10:53] [Render thread/INFO]: [System] [CHAT] [Cat+++] Fiji> is anybody else going insane?
[07:11:02] [Render thread/INFO]: [System] [CHAT] [Binary] CodeOverload> with?
[07:11:05] [Render thread/INFO]: [System] [CHAT] [Cat+++] Fiji> life
[07:11:10] [Render thread/INFO]: [System] [CHAT] [Binary] CodeOverload> a bit
[07:11:18] [Render thread/INFO]: [System] [CHAT] [MVP] Unbent> Yes!!
[07:11:23] [Render thread/INFO]: [System] [CHAT] [Binary] CodeOverload> my life is chaotic lol
[07:11:29] [pool-2-thread-1/INFO]: [STDOUT]: Loading region 0,16 from disk /home/gavinboor/.local/share/multimc/instances/Baritone - Wurst/.minecraft/baritone/play.survivewith.us/minecraft/overworld_384/cache
[07:11:29] [pool-2-thread-1/INFO]: [STDOUT]: Loaded region successfully in 116ms
[07:11:32] [Render thread/INFO]: [System] [CHAT] You can now fly by double-jumping!
[07:11:46] [Render thread/INFO]: [System] [CHAT] [Binary] CodeOverload> well i must go now
[07:11:48] [Render thread/INFO]: [System] [CHAT] [Cat+++] Fiji> bye
[07:11:49] [Render thread/INFO]: [System] [CHAT] You've all voted for the server a total of 100 times today, here's some bonus keys!
[07:11:49] [Render thread/INFO]: [System] [CHAT] You have received 1 SurvivorKey keys!
[07:11:49] [Render thread/INFO]: [System] [CHAT] You have received 1 MobSpawnerPack keys!
[07:11:49] [Render thread/INFO]: [System] [CHAT] You have received 2 DailyKey keys!
[07:11:51] [Render thread/INFO]: [System] [CHAT] [Binary] CodeOverload> poof
[07:11:53] [Render thread/INFO]: Minimap session finalized.
[07:11:53] [Render thread/INFO]: Finalizing world map session...
[07:11:53] [Thread-1/INFO]: World map force-cleaned!
[07:11:53] [Render thread/INFO]: World map session finalized.
[07:12:26] [Render thread/INFO]: Connecting to play.survivewith.us, 25565
[07:12:27] [Render thread/INFO]: New minimap session initialized!
[07:12:27] [Render thread/INFO]: New world map session initialized!
[07:12:27] [pool-2-thread-6/INFO]: [STDOUT]: Started saving the world in a new thread
[07:12:27] [Render thread/INFO]: [STDOUT]: Baritone world data dir: /home/gavinboor/.local/share/multimc/instances/Baritone - Wurst/.minecraft/baritone/play.survivewith.us/minecraft/overworld_384
[07:12:27] [pool-2-thread-6/INFO]: [STDOUT]: Saving region 0,16 to disk /home/gavinboor/.local/share/multimc/instances/Baritone - Wurst/.minecraft/baritone/play.survivewith.us/minecraft/overworld_384/cache
[07:12:27] [ForkJoinPool.commonPool-worker-8/INFO]: [STDOUT]: Saving region -3,14 to disk /home/gavinboor/.local/share/multimc/instances/Baritone - Wurst/.minecraft/baritone/play.survivewith.us/minecraft/overworld_384/cache
[07:12:27] [Render thread/INFO]: [STDOUT]: Telemetry sending attempt blocked.
[07:12:27] [Render thread/INFO]: [STDOUT]: Telemetry sending attempt blocked.
[07:12:27] [Render thread/WARN]: Not all defined tags for registry ResourceKey[minecraft:root / minecraft:block] are present in data pack: minecraft:ancient_city_replaceable, minecraft:mangrove_logs_can_grow_through, minecraft:mangrove_roots_can_grow_through, minecraft:nether_carver_replaceables, minecraft:overworld_carver_replaceables
[07:12:27] [pool-2-thread-6/INFO]: [STDOUT]: Saved region successfully
[07:12:27] [ForkJoinPool.commonPool-worker-8/INFO]: [STDOUT]: Saved region successfully
[07:12:27] [pool-2-thread-6/INFO]: [STDOUT]: World save took 255ms
[07:12:27] [Render thread/INFO]: Loaded 848 advancements
[07:12:27] [Render thread/INFO]: [System] [CHAT] 
[07:12:27] [Render thread/INFO]: [System] [CHAT] 
[07:12:27] [Render thread/INFO]: [System] [CHAT] Welcome back to SurviveWithUs YELLOW, CodeOverload!
[07:12:27] [Render thread/INFO]: [System] [CHAT] 
[07:12:27] [Render thread/INFO]: [System] [CHAT] §bYou're currently receiving an §6§lXP§b or §6§lMoney Boost!§b Click §bhere §bto §bview §byour §6§l/boosts!
[07:12:27] [Render thread/INFO]: [System] [CHAT] 
[07:12:27] [pool-2-thread-1/INFO]: [STDOUT]: Loading region 0,16 from disk /home/gavinboor/.local/share/multimc/instances/Baritone - Wurst/.minecraft/baritone/play.survivewith.us/minecraft/overworld_384/cache
[07:12:27] [pool-2-thread-1/INFO]: [STDOUT]: Loaded region successfully in 116ms
[07:12:28] [Render thread/INFO]: [System] [CHAT] [Cat+++] Fiji> wb
[07:12:32] [Render thread/INFO]: [System] [CHAT] INKY has gone AFK!
[07:12:34] [Render thread/INFO]: [System] [CHAT] [Binary] CodeOverload> i forgot to mention
[07:12:41] [Render thread/INFO]: [System] [CHAT] [Cat+++] Fiji> ?
[07:12:46] [Render thread/INFO]: [System] [CHAT] [Binary] CodeOverload> wait how many good items do you have?
[07:12:50] [Render thread/INFO]: [System] [CHAT] [Cat+++] Fiji> 0
[07:12:53] [Render thread/INFO]: [System] [CHAT] You have received: $180.00
[07:12:53] [Render thread/INFO]: [System] [CHAT] [Cat+++] Fiji> im trash
[07:12:56] [Render thread/INFO]: [System] [CHAT] You have received: $180.00
[07:12:56] [Render thread/INFO]: [System] [CHAT] You have received: $180.00
[07:12:57] [Render thread/INFO]: [System] [CHAT] You have received: $180.00
[07:12:57] [Render thread/INFO]: [System] [CHAT] You have received: $180.00
[07:12:57] [Render thread/INFO]: [System] [CHAT] Remember to /vote to get your next /rank and unlock epic rewards!
[07:12:58] [Render thread/INFO]: [System] [CHAT] You have received: $180.00
[07:12:58] [Render thread/INFO]: [System] [CHAT] [Binary] CodeOverload> oh
[07:12:58] [Render thread/INFO]: [System] [CHAT] You have received: $180.00
[07:12:59] [Render thread/INFO]: [System] [CHAT] You have received: $180.00
[07:12:59] [Render thread/INFO]: [System] [CHAT] You have received: $180.00
[07:12:59] [Render thread/INFO]: [System] [CHAT] You have received: $180.00
[07:13:00] [Render thread/INFO]: [System] [CHAT] [Binary] CodeOverload> dang
[07:13:00] [Render thread/INFO]: [System] [CHAT] You have received: $180.00
[07:13:01] [Render thread/INFO]: [System] [CHAT] You have received: $180.00
[07:13:01] [Render thread/INFO]: [System] [CHAT] You have received: $180.00
[07:13:01] [Render thread/INFO]: [System] [CHAT] You have received: $180.00
[07:13:03] [Render thread/INFO]: [System] [CHAT] You have received: $180.00
[07:13:05] [Render thread/INFO]: [System] [CHAT] You have received: $180.00
[07:13:05] [Render thread/INFO]: [System] [CHAT] You have received: $180.00
[07:13:06] [Render thread/INFO]: [System] [CHAT] You have received: $180.00
[07:13:07] [Render thread/INFO]: [System] [CHAT] [Cat+++] Fiji> i mean i have a myth vision
[07:13:08] [Render thread/INFO]: [System] [CHAT] You have received: $180.00
[07:13:08] [Render thread/INFO]: [System] [CHAT] You have received: $180.00
[07:13:10] [Render thread/INFO]: [System] [CHAT] You have received: $180.00
[07:13:10] [Render thread/INFO]: [System] [CHAT] You have received: $180.00
[07:13:10] [Render thread/INFO]: [System] [CHAT] You have received: $180.00
[07:13:10] [Render thread/INFO]: [System] [CHAT] [Binary] CodeOverload> well im starting an swu wiki
[07:13:11] [Render thread/INFO]: [System] [CHAT] §aYou've completed a task!
[07:13:11] [Render thread/INFO]: [System] [CHAT] You have received: $180.00
[07:13:11] [Render thread/INFO]: [System] [CHAT] You have received: $180.00
[07:13:11] [Render thread/INFO]: [System] [CHAT] You have received 1 DailyKey keys!
[07:13:11] [Render thread/INFO]: [System] [CHAT] You have received: $180.00
[07:13:11] [Render thread/INFO]: [System] [CHAT] You have received: $180.00
[07:13:12] [Render thread/INFO]: [System] [CHAT] You have received: $180.00
[07:13:13] [Render thread/INFO]: [System] [CHAT] [Cat+++] Fiji> but its kinda cheap
[07:13:13] [Render thread/INFO]: [System] [CHAT] You have received: $180.00
[07:13:13] [Render thread/INFO]: [System] [CHAT] You have received: $180.00
[07:13:16] [Render thread/INFO]: [System] [CHAT] You have received: $180.00
[07:13:16] [Render thread/INFO]: [System] [CHAT] [Binary] CodeOverload> and i need more ppl to help
[07:13:17] [Render thread/INFO]: [System] [CHAT] [Cat+++] Fiji> ik
[07:13:17] [Render thread/INFO]: [System] [CHAT] You have received: $180.00
[07:13:17] [Render thread/INFO]: [System] [CHAT] You have received: $180.00
[07:13:18] [Render thread/INFO]: [System] [CHAT] You have received: $180.00
[07:13:18] [Render thread/INFO]: [System] [CHAT] You have received: $180.00
[07:13:20] [pool-2-thread-1/INFO]: [STDOUT]: Loading region -3,14 from disk /home/gavinboor/.local/share/multimc/instances/Baritone - Wurst/.minecraft/baritone/play.survivewith.us/minecraft/overworld_384/cache
[07:13:20] [pool-2-thread-1/INFO]: [STDOUT]: Loaded region successfully in 148ms
[07:13:22] [Render thread/INFO]: [System] [CHAT] [Cat+++] Fiji> you told me last night...
[07:13:25] [Render thread/INFO]: [System] [CHAT] Legacy Keys are back in stock, and the store is 25% OFF, this weekend only! Type /donate to view the store!
[07:13:28] [Render thread/INFO]: [System] [CHAT] [Binary] CodeOverload> ik but still
[07:13:37] [Render thread/INFO]: [System] [CHAT] [Binary] CodeOverload> wait its night for you?
[07:13:41] [Render thread/INFO]: [System] [CHAT] [Cat+++] Fiji> no
[07:13:49] [Render thread/INFO]: [System] [CHAT] [Cat+++] Fiji> its 8:13am in the morning
[07:13:50] [Render thread/INFO]: [System] [CHAT] [Binary] CodeOverload> anyways
[07:13:53] [Render thread/INFO]: [System] [CHAT] [Binary] CodeOverload> spread the word
[07:13:55] [Render thread/INFO]: [System] [CHAT] [Binary] CodeOverload> bai
[07:13:56] [Render thread/INFO]: Minimap session finalized.
[07:13:56] [Render thread/INFO]: Finalizing world map session...
[07:13:56] [Thread-1/INFO]: World map force-cleaned!
[07:13:56] [Render thread/INFO]: World map session finalized.
[07:13:58] [Render thread/INFO]: Stopping!
