[07:56:11] [main/INFO]: Loading Minecraft 1.19.2 with Fabric Loader 0.14.9
[07:56:11] [ForkJoinPool-1-worker-7/WARN]: Mod wurst uses the version v7.28-MC1.19.2 which isn't compatible with Loader's extended semantic version format (Could not parse version number component 'v7'!), SemVer is recommended for reliably evaluating dependencies and prioritizing newer version
[07:56:11] [ForkJoinPool-1-worker-2/WARN]: Mod wurst uses the version v7.27.3-MC1.19.2 which isn't compatible with Loader's extended semantic version format (Could not parse version number component 'v7'!), SemVer is recommended for reliably evaluating dependencies and prioritizing newer version
[07:56:11] [main/INFO]: Loading 55 mods:
	- baritone 1.5.3-621-gaddd1fc7
	- fabric-api 0.61.0+1.19.2
	- fabric-api-base 0.4.11+e62f51a390 via fabric-api
	- fabric-api-lookup-api-v1 1.6.9+9ff28f4090 via fabric-api
	- fabric-biome-api-v1 9.0.17+aeb40ebe90 via fabric-api
	- fabric-blockrenderlayer-v1 1.1.20+aeb40ebe90 via fabric-api
	- fabric-client-tags-api-v1 1.0.1+b35fea8390 via fabric-api
	- fabric-command-api-v1 1.2.11+f71b366f90 via fabric-api
	- fabric-command-api-v2 2.1.7+0c17ea9690 via fabric-api
	- fabric-commands-v0 0.2.28+df3654b390 via fabric-api
	- fabric-containers-v0 0.1.34+df3654b390 via fabric-api
	- fabric-content-registries-v0 3.3.0+624e468e90 via fabric-api
	- fabric-convention-tags-v1 1.1.1+7cd20a1490 via fabric-api
	- fabric-crash-report-info-v1 0.2.5+aeb40ebe90 via fabric-api
	- fabric-data-generation-api-v1 5.1.9+a680b9b490 via fabric-api
	- fabric-dimensions-v1 2.1.31+0dd10df690 via fabric-api
	- fabric-entity-events-v1 1.4.18+9ff28f4090 via fabric-api
	- fabric-events-interaction-v0 0.4.28+aeb40ebe90 via fabric-api
	- fabric-events-lifecycle-v0 0.2.28+df3654b390 via fabric-api
	- fabric-game-rule-api-v1 1.0.21+aeb40ebe90 via fabric-api
	- fabric-item-api-v1 1.5.7+35a03c4390 via fabric-api
	- fabric-item-groups-v0 0.3.29+4e8ca3fd90 via fabric-api
	- fabric-key-binding-api-v1 1.0.20+aeb40ebe90 via fabric-api
	- fabric-keybindings-v0 0.2.18+df3654b390 via fabric-api
	- fabric-lifecycle-events-v1 2.1.2+aeb40ebe90 via fabric-api
	- fabric-loot-api-v2 1.1.3+83a8659290 via fabric-api
	- fabric-loot-tables-v1 1.1.6+9e7660c690 via fabric-api
	- fabric-message-api-v1 5.0.3+176380a290 via fabric-api
	- fabric-mining-level-api-v1 2.1.14+33fbc73890 via fabric-api
	- fabric-models-v0 0.3.17+aeb40ebe90 via fabric-api
	- fabric-networking-api-v1 1.2.4+5eb68ef290 via fabric-api
	- fabric-networking-v0 0.3.21+df3654b390 via fabric-api
	- fabric-object-builder-api-v1 4.0.11+aeb40ebe90 via fabric-api
	- fabric-particles-v1 1.0.10+aeb40ebe90 via fabric-api
	- fabric-registry-sync-v0 0.9.25+726b652090 via fabric-api
	- fabric-renderer-api-v1 1.0.10+aeb40ebe90 via fabric-api
	- fabric-renderer-indigo 0.6.12+aeb40ebe90 via fabric-api
	- fabric-renderer-registries-v1 3.2.20+df3654b390 via fabric-api
	- fabric-rendering-data-attachment-v1 0.3.14+aeb40ebe90 via fabric-api
	- fabric-rendering-fluids-v1 3.0.7+aeb40ebe90 via fabric-api
	- fabric-rendering-v0 1.1.22+df3654b390 via fabric-api
	- fabric-rendering-v1 1.10.16+aeb40ebe90 via fabric-api
	- fabric-resource-conditions-api-v1 2.0.11+e62f51a390 via fabric-api
	- fabric-resource-loader-v0 0.6.1+aeb40ebe90 via fabric-api
	- fabric-screen-api-v1 1.0.26+f05effaf90 via fabric-api
	- fabric-screen-handler-api-v1 1.3.0+1cc24b1b90 via fabric-api
	- fabric-textures-v0 1.0.20+aeb40ebe90 via fabric-api
	- fabric-transfer-api-v1 2.1.0+8f88597390 via fabric-api
	- fabric-transitive-access-wideners-v1 1.3.0+42d99c3290 via fabric-api
	- fabricloader 0.14.9
	- java 17
	- minecraft 1.19.2
	- wurst v7.28-MC1.19.2
	- xaerominimap 22.15.1
	- xaeroworldmap 1.28.0
[07:56:11] [main/INFO]: SpongePowered MIXIN Subsystem Version=0.8.5 Source=file:/home/gavinboor/.local/share/multimc/libraries/net/fabricmc/sponge-mixin/0.11.4+mixin.0.8.5/sponge-mixin-0.11.4+mixin.0.8.5.jar Service=Knot/Fabric Env=CLIENT
[07:56:11] [main/INFO]: Compatibility level set to JAVA_17
[07:56:12] [main/WARN]: Error loading class: me/jellysquid/mods/sodium/client/render/occlusion/BlockOcclusionCache (java.lang.ClassNotFoundException: me/jellysquid/mods/sodium/client/render/occlusion/BlockOcclusionCache)
[07:56:13] [main/WARN]: Configuration conflict: there is more than one oshi.properties file on the classpath
[07:56:13] [main/WARN]: Configuration conflict: there is more than one oshi.architecture.properties file on the classpath
[07:56:15] [main/INFO]: Building optimized datafixer
[07:56:18] [Render thread/INFO]: Environment: authHost='https://authserver.mojang.com', accountsHost='https://api.mojang.com', sessionHost='https://sessionserver.mojang.com', servicesHost='https://api.minecraftservices.com', name='PROD'
[07:56:19] [Render thread/INFO]: Setting user: CodeOverload
[07:56:20] [Render thread/INFO]: [STDOUT]: Starting Wurst Client...
[07:56:21] [Render thread/INFO]: [Indigo] Registering Indigo renderer!
[07:56:22] [Render thread/INFO]: Loading Xaero's Minimap - Stage 1/2
[07:56:23] [Render thread/INFO]: Loading Xaero's World Map - Stage 1/2
[07:56:25] [Render thread/INFO]: Backend library: LWJGL version 3.3.1 SNAPSHOT
[07:56:28] [Render thread/WARN]: ERROR : Couldn't load Narrator library
java.lang.UnsatisfiedLinkError: Unable to load library 'fliteWrapper':
libfliteWrapper.so: cannot open shared object file: No such file or directory
libfliteWrapper.so: cannot open shared object file: No such file or directory
Native library (linux-x86-64/libfliteWrapper.so) not found in resource path (/home/gavinboor/.local/share/multimc/bin/jars/NewLaunch.jar:/home/gavinboor/.local/share/multimc/libraries/org/lwjgl/lwjgl-glfw/3.3.1/lwjgl-glfw-3.3.1.jar:/home/gavinboor/.local/share/multimc/libraries/org/lwjgl/lwjgl-jemalloc/3.3.1/lwjgl-jemalloc-3.3.1.jar:/home/gavinboor/.local/share/multimc/libraries/org/lwjgl/lwjgl-openal/3.3.1/lwjgl-openal-3.3.1.jar:/home/gavinboor/.local/share/multimc/libraries/org/lwjgl/lwjgl-opengl/3.3.1/lwjgl-opengl-3.3.1.jar:/home/gavinboor/.local/share/multimc/libraries/org/lwjgl/lwjgl-stb/3.3.1/lwjgl-stb-3.3.1.jar:/home/gavinboor/.local/share/multimc/libraries/org/lwjgl/lwjgl-tinyfd/3.3.1/lwjgl-tinyfd-3.3.1.jar:/home/gavinboor/.local/share/multimc/libraries/org/lwjgl/lwjgl/3.3.1/lwjgl-3.3.1.jar:/home/gavinboor/.local/share/multimc/libraries/com/mojang/logging/1.0.0/logging-1.0.0.jar:/home/gavinboor/.local/share/multimc/libraries/com/mojang/blocklist/1.0.10/blocklist-1.0.10.jar:/home/gavinboor/.local/share/multimc/libraries/com/mojang/patchy/2.2.10/patchy-2.2.10.jar:/home/gavinboor/.local/share/multimc/libraries/com/github/oshi/oshi-core/5.8.5/oshi-core-5.8.5.jar:/home/gavinboor/.local/share/multimc/libraries/net/java/dev/jna/jna/5.10.0/jna-5.10.0.jar:/home/gavinboor/.local/share/multimc/libraries/net/java/dev/jna/jna-platform/5.10.0/jna-platform-5.10.0.jar:/home/gavinboor/.local/share/multimc/libraries/org/slf4j/slf4j-api/1.8.0-beta4/slf4j-api-1.8.0-beta4.jar:/home/gavinboor/.local/share/multimc/libraries/org/apache/logging/log4j/log4j-slf4j18-impl/2.16.0/log4j-slf4j18-impl-2.16.0.jar:/home/gavinboor/.local/share/multimc/libraries/com/ibm/icu/icu4j/70.1/icu4j-70.1.jar:/home/gavinboor/.local/share/multimc/libraries/com/mojang/javabridge/1.2.24/javabridge-1.2.24.jar:/home/gavinboor/.local/share/multimc/libraries/net/sf/jopt-simple/jopt-simple/5.0.4/jopt-simple-5.0.4.jar:/home/gavinboor/.local/share/multimc/libraries/io/netty/netty-common/4.1.77.Final/netty-common-4.1.77.Final.jar:/home/gavinboor/.local/share/multimc/libraries/io/netty/netty-buffer/4.1.77.Final/netty-buffer-4.1.77.Final.jar:/home/gavinboor/.local/share/multimc/libraries/io/netty/netty-codec/4.1.77.Final/netty-codec-4.1.77.Final.jar:/home/gavinboor/.local/share/multimc/libraries/io/netty/netty-handler/4.1.77.Final/netty-handler-4.1.77.Final.jar:/home/gavinboor/.local/share/multimc/libraries/io/netty/netty-resolver/4.1.77.Final/netty-resolver-4.1.77.Final.jar:/home/gavinboor/.local/share/multimc/libraries/io/netty/netty-transport/4.1.77.Final/netty-transport-4.1.77.Final.jar:/home/gavinboor/.local/share/multimc/libraries/io/netty/netty-transport-native-unix-common/4.1.77.Final/netty-transport-native-unix-common-4.1.77.Final.jar:/home/gavinboor/.local/share/multimc/libraries/io/netty/netty-transport-classes-epoll/4.1.77.Final/netty-transport-classes-epoll-4.1.77.Final.jar:/home/gavinboor/.local/share/multimc/libraries/io/netty/netty-transport-native-epoll/4.1.77.Final/netty-transport-native-epoll-4.1.77.Final-linux-x86_64.jar:/home/gavinboor/.local/share/multimc/libraries/com/google/guava/failureaccess/1.0.1/failureaccess-1.0.1.jar:/home/gavinboor/.local/share/multimc/libraries/com/google/guava/guava/31.0.1-jre/guava-31.0.1-jre.jar:/home/gavinboor/.local/share/multimc/libraries/org/apache/commons/commons-lang3/3.12.0/commons-lang3-3.12.0.jar:/home/gavinboor/.local/share/multimc/libraries/commons-io/commons-io/2.11.0/commons-io-2.11.0.jar:/home/gavinboor/.local/share/multimc/libraries/commons-codec/commons-codec/1.15/commons-codec-1.15.jar:/home/gavinboor/.local/share/multimc/libraries/com/mojang/brigadier/1.0.18/brigadier-1.0.18.jar:/home/gavinboor/.local/share/multimc/libraries/com/mojang/datafixerupper/5.0.28/datafixerupper-5.0.28.jar:/home/gavinboor/.local/share/multimc/libraries/com/google/code/gson/gson/2.8.9/gson-2.8.9.jar:/home/gavinboor/.local/share/multimc/libraries/com/mojang/authlib/3.11.49/authlib-3.11.49.jar:/home/gavinboor/.local/share/multimc/libraries/org/apache/commons/commons-compress/1.21/commons-compress-1.21.jar:/home/gavinboor/.local/share/multimc/libraries/org/apache/httpcomponents/httpclient/4.5.13/httpclient-4.5.13.jar:/home/gavinboor/.local/share/multimc/libraries/commons-logging/commons-logging/1.2/commons-logging-1.2.jar:/home/gavinboor/.local/share/multimc/libraries/org/apache/httpcomponents/httpcore/4.4.14/httpcore-4.4.14.jar:/home/gavinboor/.local/share/multimc/libraries/it/unimi/dsi/fastutil/8.5.6/fastutil-8.5.6.jar:/home/gavinboor/.local/share/multimc/libraries/org/apache/logging/log4j/log4j-api/2.16.0/log4j-api-2.16.0.jar:/home/gavinboor/.local/share/multimc/libraries/org/apache/logging/log4j/log4j-core/2.16.0/log4j-core-2.16.0.jar:/home/gavinboor/.local/share/multimc/libraries/com/mojang/text2speech/1.13.9/text2speech-1.13.9.jar:/home/gavinboor/.local/share/multimc/libraries/net/fabricmc/intermediary/1.19.2/intermediary-1.19.2.jar:/home/gavinboor/.local/share/multimc/libraries/net/fabricmc/tiny-mappings-parser/0.3.0+build.17/tiny-mappings-parser-0.3.0+build.17.jar:/home/gavinboor/.local/share/multimc/libraries/net/fabricmc/sponge-mixin/0.11.4+mixin.0.8.5/sponge-mixin-0.11.4+mixin.0.8.5.jar:/home/gavinboor/.local/share/multimc/libraries/net/fabricmc/tiny-remapper/0.8.2/tiny-remapper-0.8.2.jar:/home/gavinboor/.local/share/multimc/libraries/net/fabricmc/access-widener/2.1.0/access-widener-2.1.0.jar:/home/gavinboor/.local/share/multimc/libraries/org/ow2/asm/asm/9.3/asm-9.3.jar:/home/gavinboor/.local/share/multimc/libraries/org/ow2/asm/asm-analysis/9.3/asm-analysis-9.3.jar:/home/gavinboor/.local/share/multimc/libraries/org/ow2/asm/asm-commons/9.3/asm-commons-9.3.jar:/home/gavinboor/.local/share/multimc/libraries/org/ow2/asm/asm-tree/9.3/asm-tree-9.3.jar:/home/gavinboor/.local/share/multimc/libraries/org/ow2/asm/asm-util/9.3/asm-util-9.3.jar:/home/gavinboor/.local/share/multimc/libraries/net/fabricmc/fabric-loader/0.14.9/fabric-loader-0.14.9.jar:/home/gavinboor/.local/share/multimc/libraries/com/mojang/minecraft/1.19.2/minecraft-1.19.2-client.jar)
	at com.sun.jna.NativeLibrary.loadLibrary(NativeLibrary.java:301) ~[jna-5.10.0.jar:?]
	at com.sun.jna.NativeLibrary.getInstance(NativeLibrary.java:461) ~[jna-5.10.0.jar:?]
	at com.sun.jna.NativeLibrary.getInstance(NativeLibrary.java:403) ~[jna-5.10.0.jar:?]
	at com.mojang.text2speech.NarratorLinux.<clinit>(NarratorLinux.java:18) [text2speech-1.13.9.jar:?]
	at com.mojang.text2speech.Narrator.getNarrator(Narrator.java:21) [text2speech-1.13.9.jar:?]
	at net.minecraft.class_333.<init>(class_333.java:19) [client-intermediary.jar:?]
	at net.minecraft.class_310.<init>(class_310.java:637) [client-intermediary.jar:?]
	at net.minecraft.client.main.Main.method_44604(Main.java:205) [client-intermediary.jar:?]
	at net.minecraft.client.main.Main.main(Main.java:51) [client-intermediary.jar:?]
	at net.fabricmc.loader.impl.game.minecraft.MinecraftGameProvider.launch(MinecraftGameProvider.java:461) [fabric-loader-0.14.9.jar:?]
	at net.fabricmc.loader.impl.launch.knot.Knot.launch(Knot.java:74) [fabric-loader-0.14.9.jar:?]
	at net.fabricmc.loader.impl.launch.knot.KnotClient.main(KnotClient.java:23) [fabric-loader-0.14.9.jar:?]
	at jdk.internal.reflect.NativeMethodAccessorImpl.invoke0(Native Method) ~[?:?]
	at jdk.internal.reflect.NativeMethodAccessorImpl.invoke(NativeMethodAccessorImpl.java:77) ~[?:?]
	at jdk.internal.reflect.DelegatingMethodAccessorImpl.invoke(DelegatingMethodAccessorImpl.java:43) ~[?:?]
	at java.lang.reflect.Method.invoke(Method.java:568) ~[?:?]
	at org.multimc.onesix.OneSixLauncher.launchWithMainClass(OneSixLauncher.java:210) [NewLaunch.jar:?]
	at org.multimc.onesix.OneSixLauncher.launch(OneSixLauncher.java:245) [NewLaunch.jar:?]
	at org.multimc.EntryPoint.listen(EntryPoint.java:143) [NewLaunch.jar:?]
	at org.multimc.EntryPoint.main(EntryPoint.java:34) [NewLaunch.jar:?]
	Suppressed: java.lang.UnsatisfiedLinkError: libfliteWrapper.so: cannot open shared object file: No such file or directory
		at com.sun.jna.Native.open(Native Method) ~[jna-5.10.0.jar:?]
		at com.sun.jna.NativeLibrary.loadLibrary(NativeLibrary.java:191) ~[jna-5.10.0.jar:?]
		at com.sun.jna.NativeLibrary.getInstance(NativeLibrary.java:461) ~[jna-5.10.0.jar:?]
		at com.sun.jna.NativeLibrary.getInstance(NativeLibrary.java:403) ~[jna-5.10.0.jar:?]
		at com.mojang.text2speech.NarratorLinux.<clinit>(NarratorLinux.java:18) [text2speech-1.13.9.jar:?]
		at com.mojang.text2speech.Narrator.getNarrator(Narrator.java:21) [text2speech-1.13.9.jar:?]
		at net.minecraft.class_333.<init>(class_333.java:19) [client-intermediary.jar:?]
		at net.minecraft.class_310.<init>(class_310.java:637) [client-intermediary.jar:?]
		at net.minecraft.client.main.Main.method_44604(Main.java:205) [client-intermediary.jar:?]
		at net.minecraft.client.main.Main.main(Main.java:51) [client-intermediary.jar:?]
		at net.fabricmc.loader.impl.game.minecraft.MinecraftGameProvider.launch(MinecraftGameProvider.java:461) [fabric-loader-0.14.9.jar:?]
		at net.fabricmc.loader.impl.launch.knot.Knot.launch(Knot.java:74) [fabric-loader-0.14.9.jar:?]
		at net.fabricmc.loader.impl.launch.knot.KnotClient.main(KnotClient.java:23) [fabric-loader-0.14.9.jar:?]
		at jdk.internal.reflect.NativeMethodAccessorImpl.invoke0(Native Method) ~[?:?]
		at jdk.internal.reflect.NativeMethodAccessorImpl.invoke(NativeMethodAccessorImpl.java:77) ~[?:?]
		at jdk.internal.reflect.DelegatingMethodAccessorImpl.invoke(DelegatingMethodAccessorImpl.java:43) ~[?:?]
		at java.lang.reflect.Method.invoke(Method.java:568) ~[?:?]
		at org.multimc.onesix.OneSixLauncher.launchWithMainClass(OneSixLauncher.java:210) [NewLaunch.jar:?]
		at org.multimc.onesix.OneSixLauncher.launch(OneSixLauncher.java:245) [NewLaunch.jar:?]
		at org.multimc.EntryPoint.listen(EntryPoint.java:143) [NewLaunch.jar:?]
		at org.multimc.EntryPoint.main(EntryPoint.java:34) [NewLaunch.jar:?]
	Suppressed: java.lang.UnsatisfiedLinkError: libfliteWrapper.so: cannot open shared object file: No such file or directory
		at com.sun.jna.Native.open(Native Method) ~[jna-5.10.0.jar:?]
		at com.sun.jna.NativeLibrary.loadLibrary(NativeLibrary.java:204) ~[jna-5.10.0.jar:?]
		at com.sun.jna.NativeLibrary.getInstance(NativeLibrary.java:461) ~[jna-5.10.0.jar:?]
		at com.sun.jna.NativeLibrary.getInstance(NativeLibrary.java:403) ~[jna-5.10.0.jar:?]
		at com.mojang.text2speech.NarratorLinux.<clinit>(NarratorLinux.java:18) [text2speech-1.13.9.jar:?]
		at com.mojang.text2speech.Narrator.getNarrator(Narrator.java:21) [text2speech-1.13.9.jar:?]
		at net.minecraft.class_333.<init>(class_333.java:19) [client-intermediary.jar:?]
		at net.minecraft.class_310.<init>(class_310.java:637) [client-intermediary.jar:?]
		at net.minecraft.client.main.Main.method_44604(Main.java:205) [client-intermediary.jar:?]
		at net.minecraft.client.main.Main.main(Main.java:51) [client-intermediary.jar:?]
		at net.fabricmc.loader.impl.game.minecraft.MinecraftGameProvider.launch(MinecraftGameProvider.java:461) [fabric-loader-0.14.9.jar:?]
		at net.fabricmc.loader.impl.launch.knot.Knot.launch(Knot.java:74) [fabric-loader-0.14.9.jar:?]
		at net.fabricmc.loader.impl.launch.knot.KnotClient.main(KnotClient.java:23) [fabric-loader-0.14.9.jar:?]
		at jdk.internal.reflect.NativeMethodAccessorImpl.invoke0(Native Method) ~[?:?]
		at jdk.internal.reflect.NativeMethodAccessorImpl.invoke(NativeMethodAccessorImpl.java:77) ~[?:?]
		at jdk.internal.reflect.DelegatingMethodAccessorImpl.invoke(DelegatingMethodAccessorImpl.java:43) ~[?:?]
		at java.lang.reflect.Method.invoke(Method.java:568) ~[?:?]
		at org.multimc.onesix.OneSixLauncher.launchWithMainClass(OneSixLauncher.java:210) [NewLaunch.jar:?]
		at org.multimc.onesix.OneSixLauncher.launch(OneSixLauncher.java:245) [NewLaunch.jar:?]
		at org.multimc.EntryPoint.listen(EntryPoint.java:143) [NewLaunch.jar:?]
		at org.multimc.EntryPoint.main(EntryPoint.java:34) [NewLaunch.jar:?]
	Suppressed: java.io.IOException: Native library (linux-x86-64/libfliteWrapper.so) not found in resource path (/home/gavinboor/.local/share/multimc/bin/jars/NewLaunch.jar:/home/gavinboor/.local/share/multimc/libraries/org/lwjgl/lwjgl-glfw/3.3.1/lwjgl-glfw-3.3.1.jar:/home/gavinboor/.local/share/multimc/libraries/org/lwjgl/lwjgl-jemalloc/3.3.1/lwjgl-jemalloc-3.3.1.jar:/home/gavinboor/.local/share/multimc/libraries/org/lwjgl/lwjgl-openal/3.3.1/lwjgl-openal-3.3.1.jar:/home/gavinboor/.local/share/multimc/libraries/org/lwjgl/lwjgl-opengl/3.3.1/lwjgl-opengl-3.3.1.jar:/home/gavinboor/.local/share/multimc/libraries/org/lwjgl/lwjgl-stb/3.3.1/lwjgl-stb-3.3.1.jar:/home/gavinboor/.local/share/multimc/libraries/org/lwjgl/lwjgl-tinyfd/3.3.1/lwjgl-tinyfd-3.3.1.jar:/home/gavinboor/.local/share/multimc/libraries/org/lwjgl/lwjgl/3.3.1/lwjgl-3.3.1.jar:/home/gavinboor/.local/share/multimc/libraries/com/mojang/logging/1.0.0/logging-1.0.0.jar:/home/gavinboor/.local/share/multimc/libraries/com/mojang/blocklist/1.0.10/blocklist-1.0.10.jar:/home/gavinboor/.local/share/multimc/libraries/com/mojang/patchy/2.2.10/patchy-2.2.10.jar:/home/gavinboor/.local/share/multimc/libraries/com/github/oshi/oshi-core/5.8.5/oshi-core-5.8.5.jar:/home/gavinboor/.local/share/multimc/libraries/net/java/dev/jna/jna/5.10.0/jna-5.10.0.jar:/home/gavinboor/.local/share/multimc/libraries/net/java/dev/jna/jna-platform/5.10.0/jna-platform-5.10.0.jar:/home/gavinboor/.local/share/multimc/libraries/org/slf4j/slf4j-api/1.8.0-beta4/slf4j-api-1.8.0-beta4.jar:/home/gavinboor/.local/share/multimc/libraries/org/apache/logging/log4j/log4j-slf4j18-impl/2.16.0/log4j-slf4j18-impl-2.16.0.jar:/home/gavinboor/.local/share/multimc/libraries/com/ibm/icu/icu4j/70.1/icu4j-70.1.jar:/home/gavinboor/.local/share/multimc/libraries/com/mojang/javabridge/1.2.24/javabridge-1.2.24.jar:/home/gavinboor/.local/share/multimc/libraries/net/sf/jopt-simple/jopt-simple/5.0.4/jopt-simple-5.0.4.jar:/home/gavinboor/.local/share/multimc/libraries/io/netty/netty-common/4.1.77.Final/netty-common-4.1.77.Final.jar:/home/gavinboor/.local/share/multimc/libraries/io/netty/netty-buffer/4.1.77.Final/netty-buffer-4.1.77.Final.jar:/home/gavinboor/.local/share/multimc/libraries/io/netty/netty-codec/4.1.77.Final/netty-codec-4.1.77.Final.jar:/home/gavinboor/.local/share/multimc/libraries/io/netty/netty-handler/4.1.77.Final/netty-handler-4.1.77.Final.jar:/home/gavinboor/.local/share/multimc/libraries/io/netty/netty-resolver/4.1.77.Final/netty-resolver-4.1.77.Final.jar:/home/gavinboor/.local/share/multimc/libraries/io/netty/netty-transport/4.1.77.Final/netty-transport-4.1.77.Final.jar:/home/gavinboor/.local/share/multimc/libraries/io/netty/netty-transport-native-unix-common/4.1.77.Final/netty-transport-native-unix-common-4.1.77.Final.jar:/home/gavinboor/.local/share/multimc/libraries/io/netty/netty-transport-classes-epoll/4.1.77.Final/netty-transport-classes-epoll-4.1.77.Final.jar:/home/gavinboor/.local/share/multimc/libraries/io/netty/netty-transport-native-epoll/4.1.77.Final/netty-transport-native-epoll-4.1.77.Final-linux-x86_64.jar:/home/gavinboor/.local/share/multimc/libraries/com/google/guava/failureaccess/1.0.1/failureaccess-1.0.1.jar:/home/gavinboor/.local/share/multimc/libraries/com/google/guava/guava/31.0.1-jre/guava-31.0.1-jre.jar:/home/gavinboor/.local/share/multimc/libraries/org/apache/commons/commons-lang3/3.12.0/commons-lang3-3.12.0.jar:/home/gavinboor/.local/share/multimc/libraries/commons-io/commons-io/2.11.0/commons-io-2.11.0.jar:/home/gavinboor/.local/share/multimc/libraries/commons-codec/commons-codec/1.15/commons-codec-1.15.jar:/home/gavinboor/.local/share/multimc/libraries/com/mojang/brigadier/1.0.18/brigadier-1.0.18.jar:/home/gavinboor/.local/share/multimc/libraries/com/mojang/datafixerupper/5.0.28/datafixerupper-5.0.28.jar:/home/gavinboor/.local/share/multimc/libraries/com/google/code/gson/gson/2.8.9/gson-2.8.9.jar:/home/gavinboor/.local/share/multimc/libraries/com/mojang/authlib/3.11.49/authlib-3.11.49.jar:/home/gavinboor/.local/share/multimc/libraries/org/apache/commons/commons-compress/1.21/commons-compress-1.21.jar:/home/gavinboor/.local/share/multimc/libraries/org/apache/httpcomponents/httpclient/4.5.13/httpclient-4.5.13.jar:/home/gavinboor/.local/share/multimc/libraries/commons-logging/commons-logging/1.2/commons-logging-1.2.jar:/home/gavinboor/.local/share/multimc/libraries/org/apache/httpcomponents/httpcore/4.4.14/httpcore-4.4.14.jar:/home/gavinboor/.local/share/multimc/libraries/it/unimi/dsi/fastutil/8.5.6/fastutil-8.5.6.jar:/home/gavinboor/.local/share/multimc/libraries/org/apache/logging/log4j/log4j-api/2.16.0/log4j-api-2.16.0.jar:/home/gavinboor/.local/share/multimc/libraries/org/apache/logging/log4j/log4j-core/2.16.0/log4j-core-2.16.0.jar:/home/gavinboor/.local/share/multimc/libraries/com/mojang/text2speech/1.13.9/text2speech-1.13.9.jar:/home/gavinboor/.local/share/multimc/libraries/net/fabricmc/intermediary/1.19.2/intermediary-1.19.2.jar:/home/gavinboor/.local/share/multimc/libraries/net/fabricmc/tiny-mappings-parser/0.3.0+build.17/tiny-mappings-parser-0.3.0+build.17.jar:/home/gavinboor/.local/share/multimc/libraries/net/fabricmc/sponge-mixin/0.11.4+mixin.0.8.5/sponge-mixin-0.11.4+mixin.0.8.5.jar:/home/gavinboor/.local/share/multimc/libraries/net/fabricmc/tiny-remapper/0.8.2/tiny-remapper-0.8.2.jar:/home/gavinboor/.local/share/multimc/libraries/net/fabricmc/access-widener/2.1.0/access-widener-2.1.0.jar:/home/gavinboor/.local/share/multimc/libraries/org/ow2/asm/asm/9.3/asm-9.3.jar:/home/gavinboor/.local/share/multimc/libraries/org/ow2/asm/asm-analysis/9.3/asm-analysis-9.3.jar:/home/gavinboor/.local/share/multimc/libraries/org/ow2/asm/asm-commons/9.3/asm-commons-9.3.jar:/home/gavinboor/.local/share/multimc/libraries/org/ow2/asm/asm-tree/9.3/asm-tree-9.3.jar:/home/gavinboor/.local/share/multimc/libraries/org/ow2/asm/asm-util/9.3/asm-util-9.3.jar:/home/gavinboor/.local/share/multimc/libraries/net/fabricmc/fabric-loader/0.14.9/fabric-loader-0.14.9.jar:/home/gavinboor/.local/share/multimc/libraries/com/mojang/minecraft/1.19.2/minecraft-1.19.2-client.jar)
		at com.sun.jna.Native.extractFromResourcePath(Native.java:1145) ~[jna-5.10.0.jar:?]
		at com.sun.jna.NativeLibrary.loadLibrary(NativeLibrary.java:275) ~[jna-5.10.0.jar:?]
		at com.sun.jna.NativeLibrary.getInstance(NativeLibrary.java:461) ~[jna-5.10.0.jar:?]
		at com.sun.jna.NativeLibrary.getInstance(NativeLibrary.java:403) ~[jna-5.10.0.jar:?]
		at com.mojang.text2speech.NarratorLinux.<clinit>(NarratorLinux.java:18) [text2speech-1.13.9.jar:?]
		at com.mojang.text2speech.Narrator.getNarrator(Narrator.java:21) [text2speech-1.13.9.jar:?]
		at net.minecraft.class_333.<init>(class_333.java:19) [client-intermediary.jar:?]
		at net.minecraft.class_310.<init>(class_310.java:637) [client-intermediary.jar:?]
		at net.minecraft.client.main.Main.method_44604(Main.java:205) [client-intermediary.jar:?]
		at net.minecraft.client.main.Main.main(Main.java:51) [client-intermediary.jar:?]
		at net.fabricmc.loader.impl.game.minecraft.MinecraftGameProvider.launch(MinecraftGameProvider.java:461) [fabric-loader-0.14.9.jar:?]
		at net.fabricmc.loader.impl.launch.knot.Knot.launch(Knot.java:74) [fabric-loader-0.14.9.jar:?]
		at net.fabricmc.loader.impl.launch.knot.KnotClient.main(KnotClient.java:23) [fabric-loader-0.14.9.jar:?]
		at jdk.internal.reflect.NativeMethodAccessorImpl.invoke0(Native Method) ~[?:?]
		at jdk.internal.reflect.NativeMethodAccessorImpl.invoke(NativeMethodAccessorImpl.java:77) ~[?:?]
		at jdk.internal.reflect.DelegatingMethodAccessorImpl.invoke(DelegatingMethodAccessorImpl.java:43) ~[?:?]
		at java.lang.reflect.Method.invoke(Method.java:568) ~[?:?]
		at org.multimc.onesix.OneSixLauncher.launchWithMainClass(OneSixLauncher.java:210) [NewLaunch.jar:?]
		at org.multimc.onesix.OneSixLauncher.launch(OneSixLauncher.java:245) [NewLaunch.jar:?]
		at org.multimc.EntryPoint.listen(EntryPoint.java:143) [NewLaunch.jar:?]
		at org.multimc.EntryPoint.main(EntryPoint.java:34) [NewLaunch.jar:?]
[07:56:28] [Render thread/INFO]: Reloading ResourceManager: Default, Fabric Mods (Fabric API, Fabric API Base, Fabric API Lookup API (v1), Fabric Biome API (v1), Fabric BlockRenderLayer Registration (v1), Fabric Client Tags, Fabric Command API (v1), Fabric Command API (v2), Fabric Commands (v0), Fabric Containers (v0), Fabric Content Registries (v0), Fabric Convention Tags, Fabric Crash Report Info (v1), Fabric Data Generation API (v1), Fabric Dimensions API (v1), Fabric Entity Events (v1), Fabric Events Interaction (v0), Fabric Events Lifecycle (v0), Fabric Game Rule API (v1), Fabric Item API (v1), Fabric Item Groups (v0), Fabric Key Binding API (v1), Fabric Key Bindings (v0), Fabric Lifecycle Events (v1), Fabric Loot API (v2), Fabric Loot Tables (v1), Fabric Message API (v1), Fabric Mining Level API (v1), Fabric Models (v0), Fabric Networking API (v1), Fabric Networking (v0), Fabric Object Builder API (v1), Fabric Particles (v1), Fabric Registry Sync (v0), Fabric Renderer API (v1), Fabric Renderer - Indigo, Fabric Renderer Registries (v1), Fabric Rendering Data Attachment (v1), Fabric Rendering Fluids (v1), Fabric Rendering (v0), Fabric Rendering (v1), Fabric Resource Conditions API (v1), Fabric Resource Loader (v0), Fabric Screen API (v1), Fabric Screen Handler API (v1), Fabric Textures (v0), Fabric Transfer API (v1), Fabric Transitive Access Wideners (v1), Fabric Loader, Wurst Client, Xaero's Minimap, Xaero's World Map)
[07:56:29] [Render thread/INFO]: Loading Xaero's Minimap - Stage 2/2
[07:56:30] [Render thread/INFO]: Xaero's Minimap: World Map found!
[07:56:30] [Render thread/INFO]: No Optifine!
[07:56:30] [Render thread/INFO]: Xaero's Minimap: No Vivecraft!
[07:56:30] [Render thread/INFO]: Loading Xaero's World Map - Stage 2/2
[07:56:30] [Render thread/INFO]: New world map region cache hash code: 687554333
[07:56:30] [Render thread/INFO]: Xaero's WorldMap Mod: Xaero's minimap found!
[07:56:30] [Render thread/INFO]: No Optifine!
[07:56:30] [Render thread/INFO]: Xaero's World Map: No Vivecraft!
[07:56:33] [Render thread/WARN]: Missing sound for event: minecraft:item.goat_horn.play
[07:56:33] [Render thread/WARN]: Missing sound for event: minecraft:entity.goat.screaming.horn_break
[07:56:34] [Render thread/INFO]: OpenAL initialized on device VirtIO SoundCard
[07:56:34] [Render thread/INFO]: Sound engine started
[07:56:34] [Render thread/INFO]: Created: 1024x1024x0 minecraft:textures/atlas/blocks.png-atlas
[07:56:34] [Render thread/INFO]: Created: 256x128x0 minecraft:textures/atlas/signs.png-atlas
[07:56:34] [Render thread/INFO]: Created: 1024x512x0 minecraft:textures/atlas/banner_patterns.png-atlas
[07:56:34] [Render thread/INFO]: Created: 1024x512x0 minecraft:textures/atlas/shield_patterns.png-atlas
[07:56:34] [Render thread/INFO]: Created: 256x256x0 minecraft:textures/atlas/chest.png-atlas
[07:56:34] [Render thread/INFO]: Created: 512x256x0 minecraft:textures/atlas/beds.png-atlas
[07:56:34] [Render thread/INFO]: Created: 512x256x0 minecraft:textures/atlas/shulker_boxes.png-atlas
[07:56:37] [Render thread/WARN]: Shader rendertype_entity_translucent_emissive could not find sampler named Sampler2 in the specified shader program.
[07:56:37] [Render thread/INFO]: Created: 512x256x0 minecraft:textures/atlas/particles.png-atlas
[07:56:37] [Render thread/INFO]: Created: 256x256x0 minecraft:textures/atlas/paintings.png-atlas
[07:56:37] [Render thread/INFO]: Created: 256x128x0 minecraft:textures/atlas/mob_effects.png-atlas
[07:56:37] [Render thread/INFO]: Successfully reloaded the minimap shaders!
[07:56:38] [Render thread/INFO]: Successfully reloaded the world map shaders!
[07:56:50] [Worker-Bootstrap-3/INFO]: 4283 Datafixer optimizations took 34961 milliseconds
[07:57:11] [Render thread/INFO]: Connecting to play.survivewith.us, 25565
[07:57:13] [Render thread/INFO]: New minimap session initialized!
[07:57:13] [Render thread/INFO]: New world map session initialized!
[07:57:13] [Render thread/INFO]: [STDOUT]: Baritone world data dir: /home/gavinboor/.local/share/multimc/instances/Baritone - Wurst/.minecraft/baritone/play.survivewith.us/minecraft/overworld_384
[07:57:13] [Render thread/INFO]: [STDOUT]: Cached world directory: /home/gavinboor/.local/share/multimc/instances/Baritone - Wurst/.minecraft/baritone/play.survivewith.us/minecraft/overworld_384/cache
[07:57:13] [Render thread/INFO]: [STDOUT]: Would save waypoints to /home/gavinboor/.local/share/multimc/instances/Baritone - Wurst/.minecraft/baritone/play.survivewith.us/minecraft/overworld_384/waypoints
[07:57:13] [Render thread/INFO]: [STDOUT]: Telemetry sending attempt blocked.
[07:57:13] [Render thread/INFO]: [STDOUT]: Telemetry sending attempt blocked.
[07:57:13] [Render thread/WARN]: Not all defined tags for registry ResourceKey[minecraft:root / minecraft:block] are present in data pack: minecraft:ancient_city_replaceable, minecraft:mangrove_logs_can_grow_through, minecraft:mangrove_roots_can_grow_through, minecraft:nether_carver_replaceables, minecraft:overworld_carver_replaceables
[07:57:14] [Render thread/INFO]: [System] [CHAT] 
[07:57:14] [Render thread/INFO]: [System] [CHAT] 
[07:57:14] [Render thread/INFO]: [System] [CHAT] Welcome back to SurviveWithUs YELLOW, CodeOverload!
[07:57:14] [Render thread/INFO]: [System] [CHAT] 
[07:57:14] [Render thread/INFO]: [System] [CHAT] §bYou're currently receiving an §6§lXP§b or §6§lMoney Boost!§b Click §bhere §bto §bview §byour §6§l/boosts!
[07:57:14] [Render thread/INFO]: [System] [CHAT] 
[07:57:14] [Render thread/INFO]: Loaded 848 advancements
[07:57:14] [pool-2-thread-1/INFO]: [STDOUT]: Loading region -3,14 from disk /home/gavinboor/.local/share/multimc/instances/Baritone - Wurst/.minecraft/baritone/play.survivewith.us/minecraft/overworld_384/cache
[07:57:14] [Render thread/INFO]: Reloading entity icon resources...
[07:57:14] [Render thread/INFO]: Done!
[07:57:14] [Render thread/INFO]: [STDOUT]: Brightness started at 0.5
[07:57:14] [pool-2-thread-1/INFO]: [STDOUT]: Loaded region successfully in 289ms
[07:57:15] [Render thread/INFO]: [System] [CHAT] [❤LOTSOF] INKY> This will shear and kill sheep sort wool load it into shulkers and then place into box all on its own
[07:57:15] [WurstUpdater/INFO]: [STDOUT]: [Updater] Current version: 7.28
[07:57:15] [WurstUpdater/INFO]: [STDOUT]: [Updater] Latest version: 7.28
[07:57:16] [pool-2-thread-1/INFO]: [STDOUT]: Loading region -4,14 from disk /home/gavinboor/.local/share/multimc/instances/Baritone - Wurst/.minecraft/baritone/play.survivewith.us/minecraft/overworld_384/cache
[07:57:16] [pool-2-thread-1/INFO]: [STDOUT]: Loaded region successfully in 79ms
[07:57:18] [Render thread/INFO]: [System] [CHAT] [MVP] STOOPIF_EZKI> wb
[07:57:26] [Render thread/INFO]: [System] [CHAT] [Explorer] TKDninjaboy> wb
[07:57:42] [Render thread/INFO]: [System] [CHAT] Remember to /vote to get your next /rank and unlock epic rewards!
[07:57:43] [pool-2-thread-2/INFO]: [STDOUT]: Saving region -4,14 to disk /home/gavinboor/.local/share/multimc/instances/Baritone - Wurst/.minecraft/baritone/play.survivewith.us/minecraft/overworld_384/cache
[07:57:43] [ForkJoinPool.commonPool-worker-7/INFO]: [STDOUT]: Saving region -3,14 to disk /home/gavinboor/.local/share/multimc/instances/Baritone - Wurst/.minecraft/baritone/play.survivewith.us/minecraft/overworld_384/cache
[07:57:43] [pool-2-thread-2/INFO]: [STDOUT]: Saved region successfully
[07:57:43] [ForkJoinPool.commonPool-worker-7/INFO]: [STDOUT]: Saved region successfully
[07:57:43] [pool-2-thread-2/INFO]: [STDOUT]: World save took 268ms
[07:57:47] [Render thread/INFO]: [System] [CHAT] §aYou've completed a task!
[07:57:47] [Render thread/INFO]: [System] [CHAT] You have received: $90000.00
[07:57:53] [Render thread/INFO]: [System] [CHAT] [MVP] MoonLight> How tho
[07:57:54] [pool-2-thread-1/INFO]: [STDOUT]: Loading region 21,5 from disk /home/gavinboor/.local/share/multimc/instances/Baritone - Wurst/.minecraft/baritone/play.survivewith.us/minecraft/overworld_384/cache
[07:57:54] [pool-2-thread-1/INFO]: [STDOUT]: Loaded region successfully in 125ms
[07:57:54] [pool-2-thread-1/INFO]: [STDOUT]: Loading region 21,4 from disk /home/gavinboor/.local/share/multimc/instances/Baritone - Wurst/.minecraft/baritone/play.survivewith.us/minecraft/overworld_384/cache
[07:57:54] [pool-2-thread-1/INFO]: [STDOUT]: Loaded region successfully in 66ms
[07:57:54] [pool-2-thread-1/INFO]: [STDOUT]: Loading region 22,5 from disk /home/gavinboor/.local/share/multimc/instances/Baritone - Wurst/.minecraft/baritone/play.survivewith.us/minecraft/overworld_384/cache
[07:57:54] [pool-2-thread-1/INFO]: [STDOUT]: Loaded region successfully in 51ms
[07:57:55] [pool-2-thread-1/INFO]: [STDOUT]: Loading region 22,4 from disk /home/gavinboor/.local/share/multimc/instances/Baritone - Wurst/.minecraft/baritone/play.survivewith.us/minecraft/overworld_384/cache
[07:57:55] [pool-2-thread-1/INFO]: [STDOUT]: Loaded region successfully in 44ms
[07:57:55] [Render thread/WARN]: Unable to play empty soundEvent: minecraft:entity.tropical_fish.ambient
[07:57:57] [Render thread/INFO]: [STDOUT]: Baritone world data dir: /home/gavinboor/.local/share/multimc/instances/Baritone - Wurst/.minecraft/baritone/play.survivewith.us/minecraft/the_end_256
[07:57:57] [pool-2-thread-3/INFO]: [STDOUT]: Started saving the world in a new thread
[07:57:57] [Render thread/INFO]: [STDOUT]: Cached world directory: /home/gavinboor/.local/share/multimc/instances/Baritone - Wurst/.minecraft/baritone/play.survivewith.us/minecraft/the_end_256/cache
[07:57:57] [pool-2-thread-3/INFO]: [STDOUT]: Saving region 22,5 to disk /home/gavinboor/.local/share/multimc/instances/Baritone - Wurst/.minecraft/baritone/play.survivewith.us/minecraft/overworld_384/cache
[07:57:57] [ForkJoinPool.commonPool-worker-7/INFO]: [STDOUT]: Saving region 21,4 to disk /home/gavinboor/.local/share/multimc/instances/Baritone - Wurst/.minecraft/baritone/play.survivewith.us/minecraft/overworld_384/cache
[07:57:57] [ForkJoinPool.commonPool-worker-2/INFO]: [STDOUT]: Saving region 22,4 to disk /home/gavinboor/.local/share/multimc/instances/Baritone - Wurst/.minecraft/baritone/play.survivewith.us/minecraft/overworld_384/cache
[07:57:57] [ForkJoinPool.commonPool-worker-4/INFO]: [STDOUT]: Saving region -3,14 to disk /home/gavinboor/.local/share/multimc/instances/Baritone - Wurst/.minecraft/baritone/play.survivewith.us/minecraft/overworld_384/cache
[07:57:57] [ForkJoinPool.commonPool-worker-8/INFO]: [STDOUT]: Saving region 21,5 to disk /home/gavinboor/.local/share/multimc/instances/Baritone - Wurst/.minecraft/baritone/play.survivewith.us/minecraft/overworld_384/cache
[07:57:57] [Render thread/INFO]: [STDOUT]: Would save waypoints to /home/gavinboor/.local/share/multimc/instances/Baritone - Wurst/.minecraft/baritone/play.survivewith.us/minecraft/the_end_256/waypoints
[07:57:57] [ForkJoinPool.commonPool-worker-2/INFO]: [STDOUT]: Saved region successfully
[07:57:57] [pool-2-thread-3/INFO]: [STDOUT]: Saved region successfully
[07:57:57] [ForkJoinPool.commonPool-worker-7/INFO]: [STDOUT]: Saved region successfully
[07:57:57] [ForkJoinPool.commonPool-worker-8/INFO]: [STDOUT]: Saved region successfully
[07:57:57] [pool-2-thread-4/INFO]: [STDOUT]: Loading region 0,0 from disk /home/gavinboor/.local/share/multimc/instances/Baritone - Wurst/.minecraft/baritone/play.survivewith.us/minecraft/the_end_256/cache
[07:57:58] [pool-2-thread-4/INFO]: [STDOUT]: Loaded region successfully in 154ms
[07:57:58] [pool-2-thread-4/INFO]: [STDOUT]: Loading region 0,-1 from disk /home/gavinboor/.local/share/multimc/instances/Baritone - Wurst/.minecraft/baritone/play.survivewith.us/minecraft/the_end_256/cache
[07:57:58] [ForkJoinPool.commonPool-worker-4/INFO]: [STDOUT]: Saved region successfully
[07:57:58] [pool-2-thread-3/INFO]: [STDOUT]: World save took 299ms
[07:57:58] [pool-2-thread-4/INFO]: [STDOUT]: Loaded region successfully in 72ms
[07:58:02] [Render thread/INFO]: [System] [CHAT] [❤LOTSOF] INKY> I think the other side is off still
[07:58:06] [Render thread/INFO]: [System] [CHAT] [MVP] MoonLight> Whats in the observer?
[07:58:06] [Render thread/INFO]: [System] [CHAT] §aYou've completed a task!
[07:58:06] [Render thread/INFO]: [System] [CHAT] You have received 3 DailyKey keys!
[07:58:12] [Render thread/INFO]: [System] [CHAT] §aYou've completed a task!
[07:58:12] [Render thread/INFO]: [System] [CHAT] You have received 3 DailyKey keys!
[07:58:14] [pool-2-thread-3/INFO]: [STDOUT]: Started saving the world in a new thread
[07:58:14] [Render thread/INFO]: [STDOUT]: Baritone world data dir: /home/gavinboor/.local/share/multimc/instances/Baritone - Wurst/.minecraft/baritone/play.survivewith.us/minecraft/overworld_384
[07:58:14] [pool-2-thread-3/INFO]: [STDOUT]: Saving region 0,-1 to disk /home/gavinboor/.local/share/multimc/instances/Baritone - Wurst/.minecraft/baritone/play.survivewith.us/minecraft/the_end_256/cache
[07:58:14] [ForkJoinPool.commonPool-worker-4/INFO]: [STDOUT]: Saving region 0,0 to disk /home/gavinboor/.local/share/multimc/instances/Baritone - Wurst/.minecraft/baritone/play.survivewith.us/minecraft/the_end_256/cache
[07:58:14] [pool-2-thread-1/INFO]: [STDOUT]: Loading region -3,14 from disk /home/gavinboor/.local/share/multimc/instances/Baritone - Wurst/.minecraft/baritone/play.survivewith.us/minecraft/overworld_384/cache
[07:58:14] [pool-2-thread-3/INFO]: [STDOUT]: Saved region successfully
[07:58:14] [ForkJoinPool.commonPool-worker-4/INFO]: [STDOUT]: Saved region successfully
[07:58:14] [pool-2-thread-3/INFO]: [STDOUT]: World save took 55ms
[07:58:15] [pool-2-thread-1/INFO]: [STDOUT]: Loaded region successfully in 291ms
[07:58:20] [Render thread/INFO]: [System] [CHAT] You don't have a home with that name!
[07:58:22] [pool-2-thread-1/INFO]: [STDOUT]: Loading region -17,-17 from disk /home/gavinboor/.local/share/multimc/instances/Baritone - Wurst/.minecraft/baritone/play.survivewith.us/minecraft/overworld_384/cache
[07:58:23] [pool-2-thread-1/INFO]: [STDOUT]: Loaded region successfully in 128ms
[07:58:27] [pool-2-thread-5/INFO]: [STDOUT]: World save took 0ms
[07:58:40] [Render thread/INFO]: [System] [CHAT] You will now shoot cows!
[07:58:51] [Render thread/INFO]: [System] [CHAT] You can't do that here!
[07:58:53] [Render thread/INFO]: [System] [CHAT] You can now fly by double-jumping!
[07:59:03] [Render thread/INFO]: [System] [CHAT] [❤LOTSOF] INKY> Check box
[07:59:24] [Render thread/INFO]: [System] [CHAT] [MVP] MoonLight> Wow
[07:59:32] [Render thread/INFO]: [System] [CHAT] [MVP] MoonLight> imma brb
[07:59:36] [Render thread/INFO]: [System] [CHAT] [MVP] MoonLight> can i afk
[07:59:42] [Render thread/INFO]: [System] [CHAT] [MVP] MoonLight> here?
[07:59:45] [Render thread/INFO]: [System] [CHAT] [❤LOTSOF] INKY> I manually collected shulker to show but it will wait til shulker full normal
[07:59:49] [Render thread/INFO]: [System] [CHAT] [❤LOTSOF] INKY> Yeah sure
[07:59:52] [Render thread/INFO]: [System] [CHAT] [❤LOTSOF] INKY> tyt
[07:59:55] [Render thread/INFO]: [System] [CHAT] [MVP] MoonLight> Ok thanks
[08:00:00] [Render thread/INFO]: [System] [CHAT] [MVP] MoonLight> max 10min
[08:00:03] [Render thread/INFO]: [System] [CHAT] MoonLight has gone AFK!
[08:00:53] [Render thread/INFO]: [System] [CHAT] You have received: $180.00
[08:00:53] [Render thread/INFO]: [System] [CHAT] You have received: $180.00
[08:00:54] [Render thread/INFO]: [System] [CHAT] You have received: $180.00
[08:00:54] [Render thread/INFO]: [System] [CHAT] You have received: $180.00
[08:00:54] [Render thread/INFO]: [System] [CHAT] You have received: $180.00
[08:00:54] [Render thread/INFO]: [System] [CHAT] You have received: $180.00
[08:00:54] [Render thread/INFO]: [System] [CHAT] You have received: $180.00
[08:00:54] [Render thread/INFO]: [System] [CHAT] You have received: $180.00
[08:00:54] [Render thread/INFO]: [System] [CHAT] You have received: $180.00
[08:00:54] [Render thread/INFO]: [System] [CHAT] You have received: $180.00
[08:00:54] [Render thread/INFO]: [System] [CHAT] You have received: $180.00
[08:00:54] [Render thread/INFO]: [System] [CHAT] You have received: $180.00
[08:00:54] [Render thread/INFO]: [System] [CHAT] You have received: $180.00
[08:00:54] [Render thread/INFO]: [System] [CHAT] You have received: $180.00
[08:00:54] [Render thread/INFO]: [System] [CHAT] You have received: $180.00
[08:00:54] [Render thread/INFO]: [System] [CHAT] You have received: $180.00
[08:00:54] [Render thread/INFO]: [System] [CHAT] You have received: $180.00
[08:00:54] [Render thread/INFO]: [System] [CHAT] You have received: $180.00
[08:00:54] [Render thread/INFO]: [System] [CHAT] You have received: $180.00
[08:00:54] [Render thread/INFO]: [System] [CHAT] You have received: $180.00
[08:00:54] [Render thread/INFO]: [System] [CHAT] You have received: $180.00
[08:00:54] [Render thread/INFO]: [System] [CHAT] You have received: $180.00
[08:00:54] [Render thread/INFO]: [System] [CHAT] You have received: $180.00
[08:00:54] [Render thread/INFO]: [System] [CHAT] You have received: $180.00
[08:00:54] [Render thread/INFO]: [System] [CHAT] You have received: $180.00
[08:00:54] [Render thread/INFO]: [System] [CHAT] You have received: $180.00
[08:00:54] [Render thread/INFO]: [System] [CHAT] You have received: $180.00
[08:00:54] [Render thread/INFO]: [System] [CHAT] You have received: $180.00
[08:00:54] [Render thread/INFO]: [System] [CHAT] You have received: $180.00
[08:00:54] [Render thread/INFO]: [System] [CHAT] You have received: $180.00
[08:00:54] [Render thread/INFO]: [System] [CHAT] You have received: $180.00
[08:00:54] [Render thread/INFO]: [System] [CHAT] You have received: $180.00
[08:00:55] [Render thread/INFO]: [System] [CHAT] You have received: $180.00
[08:00:55] [Render thread/INFO]: [System] [CHAT] You have received: $180.00
[08:00:55] [Render thread/INFO]: [System] [CHAT] You have received: $180.00
[08:00:55] [Render thread/INFO]: [System] [CHAT] You have received: $180.00
[08:00:55] [Render thread/INFO]: [System] [CHAT] You have received: $180.00
[08:00:55] [Render thread/INFO]: [System] [CHAT] You have received: $180.00
[08:00:55] [Render thread/INFO]: [System] [CHAT] You have received: $180.00
[08:00:55] [Render thread/INFO]: [System] [CHAT] You have received: $180.00
[08:00:55] [Render thread/INFO]: [System] [CHAT] You have received: $180.00
[08:00:55] [Render thread/INFO]: [System] [CHAT] You have received: $180.00
[08:00:55] [Render thread/INFO]: [System] [CHAT] You have received: $180.00
[08:00:55] [Render thread/INFO]: [System] [CHAT] You have received: $180.00
[08:00:55] [Render thread/INFO]: [System] [CHAT] You've just activated 1 hours of Double XP!
[08:00:55] [Render thread/INFO]: [System] [CHAT] §aYou've completed a task!
[08:00:55] [Render thread/INFO]: [System] [CHAT] You have received: $180.00
[08:00:55] [Render thread/INFO]: [System] [CHAT] You have received: $180.00
[08:00:55] [Render thread/INFO]: [System] [CHAT] You have received: $180.00
[08:00:55] [Render thread/INFO]: [System] [CHAT] You have received: $180.00
[08:00:55] [Render thread/INFO]: [System] [CHAT] You have received: $180.00
[08:00:55] [Render thread/INFO]: [System] [CHAT] You have received: $180.00
[08:00:55] [Render thread/INFO]: [System] [CHAT] You have received: $180.00
[08:00:55] [Render thread/INFO]: [System] [CHAT] You have received: $180.00
[08:00:55] [Render thread/INFO]: [System] [CHAT] You have received: $180.00
[08:00:55] [Render thread/INFO]: [System] [CHAT] You have received: $180.00
[08:00:55] [Render thread/INFO]: [System] [CHAT] You have received: $180.00
[08:00:55] [Render thread/INFO]: [System] [CHAT] You have received: $180.00
[08:00:55] [Render thread/INFO]: [System] [CHAT] You have received: $180.00
[08:00:55] [Render thread/INFO]: [System] [CHAT] You have received: $180.00
[08:00:55] [Render thread/INFO]: [System] [CHAT] You have received: $180.00
[08:00:55] [Render thread/INFO]: [System] [CHAT] You have received: $180.00
[08:00:55] [Render thread/INFO]: [System] [CHAT] You have received: $180.00
[08:00:56] [Render thread/INFO]: [System] [CHAT] You have received: $180.00
[08:00:59] [Render thread/INFO]: [STDOUT]: Baritone world data dir: /home/gavinboor/.local/share/multimc/instances/Baritone - Wurst/.minecraft/baritone/play.survivewith.us/minecraft/spawn_384
[08:00:59] [pool-2-thread-6/INFO]: [STDOUT]: Started saving the world in a new thread
[08:00:59] [Render thread/INFO]: [STDOUT]: Cached world directory: /home/gavinboor/.local/share/multimc/instances/Baritone - Wurst/.minecraft/baritone/play.survivewith.us/minecraft/spawn_384/cache
[08:00:59] [pool-2-thread-6/INFO]: [STDOUT]: Saving region -17,-17 to disk /home/gavinboor/.local/share/multimc/instances/Baritone - Wurst/.minecraft/baritone/play.survivewith.us/minecraft/overworld_384/cache
[08:00:59] [Render thread/INFO]: [STDOUT]: Would save waypoints to /home/gavinboor/.local/share/multimc/instances/Baritone - Wurst/.minecraft/baritone/play.survivewith.us/minecraft/spawn_384/waypoints
[08:00:59] [ForkJoinPool.commonPool-worker-5/INFO]: [STDOUT]: Saving region -3,14 to disk /home/gavinboor/.local/share/multimc/instances/Baritone - Wurst/.minecraft/baritone/play.survivewith.us/minecraft/overworld_384/cache
[08:00:59] [pool-2-thread-7/INFO]: [STDOUT]: Loading region 0,0 from disk /home/gavinboor/.local/share/multimc/instances/Baritone - Wurst/.minecraft/baritone/play.survivewith.us/minecraft/spawn_384/cache
[08:00:59] [pool-2-thread-6/INFO]: [STDOUT]: Saved region successfully
[08:00:59] [pool-2-thread-7/INFO]: [STDOUT]: Loaded region successfully in 99ms
[08:00:59] [pool-2-thread-7/INFO]: [STDOUT]: Loading region 0,-1 from disk /home/gavinboor/.local/share/multimc/instances/Baritone - Wurst/.minecraft/baritone/play.survivewith.us/minecraft/spawn_384/cache
[08:00:59] [pool-2-thread-7/INFO]: [STDOUT]: Loaded region successfully in 80ms
[08:00:59] [ForkJoinPool.commonPool-worker-5/INFO]: [STDOUT]: Saved region successfully
[08:00:59] [pool-2-thread-6/INFO]: [STDOUT]: World save took 274ms
[08:00:59] [pool-2-thread-7/INFO]: [STDOUT]: Loading region -1,0 from disk /home/gavinboor/.local/share/multimc/instances/Baritone - Wurst/.minecraft/baritone/play.survivewith.us/minecraft/spawn_384/cache
[08:00:59] [pool-2-thread-7/INFO]: [STDOUT]: Loaded region successfully in 89ms
[08:00:59] [pool-2-thread-7/INFO]: [STDOUT]: Loading region -1,-1 from disk /home/gavinboor/.local/share/multimc/instances/Baritone - Wurst/.minecraft/baritone/play.survivewith.us/minecraft/spawn_384/cache
[08:00:59] [pool-2-thread-7/INFO]: [STDOUT]: Loaded region successfully in 64ms
[08:01:05] [Render thread/INFO]: [System] [CHAT] You can now fly by double-jumping!
[08:01:13] [Render thread/INFO]: [System] [CHAT] §aYou've completed a task!
[08:01:13] [Render thread/INFO]: [System] [CHAT] You have received: $180000.00
[08:01:14] [Render thread/INFO]: [System] [CHAT] Want to support the server, get /crate keys and your next /rank? Don't forget to /vote!
[08:01:16] [Render thread/INFO]: [STDOUT]: Baritone world data dir: /home/gavinboor/.local/share/multimc/instances/Baritone - Wurst/.minecraft/baritone/play.survivewith.us/minecraft/overworld_384
[08:01:16] [pool-2-thread-6/INFO]: [STDOUT]: Started saving the world in a new thread
[08:01:16] [pool-2-thread-6/INFO]: [STDOUT]: Saving region -1,0 to disk /home/gavinboor/.local/share/multimc/instances/Baritone - Wurst/.minecraft/baritone/play.survivewith.us/minecraft/spawn_384/cache
[08:01:16] [ForkJoinPool.commonPool-worker-5/INFO]: [STDOUT]: Saving region 0,-1 to disk /home/gavinboor/.local/share/multimc/instances/Baritone - Wurst/.minecraft/baritone/play.survivewith.us/minecraft/spawn_384/cache
[08:01:16] [ForkJoinPool.commonPool-worker-1/INFO]: [STDOUT]: Saving region -1,-1 to disk /home/gavinboor/.local/share/multimc/instances/Baritone - Wurst/.minecraft/baritone/play.survivewith.us/minecraft/spawn_384/cache
[08:01:16] [ForkJoinPool.commonPool-worker-2/INFO]: [STDOUT]: Saving region 0,0 to disk /home/gavinboor/.local/share/multimc/instances/Baritone - Wurst/.minecraft/baritone/play.survivewith.us/minecraft/spawn_384/cache
[08:01:16] [ForkJoinPool.commonPool-worker-5/INFO]: [STDOUT]: Saved region successfully
[08:01:16] [ForkJoinPool.commonPool-worker-1/INFO]: [STDOUT]: Saved region successfully
[08:01:16] [pool-2-thread-6/INFO]: [STDOUT]: Saved region successfully
[08:01:16] [ForkJoinPool.commonPool-worker-2/INFO]: [STDOUT]: Saved region successfully
[08:01:16] [pool-2-thread-6/INFO]: [STDOUT]: World save took 59ms
[08:01:20] [Render thread/INFO]: [System] [CHAT] You can now fly by double-jumping!
[08:01:29] [pool-2-thread-8/INFO]: [STDOUT]: World save took 0ms
[08:02:00] [Render thread/INFO]: [System] [CHAT] You have received: $180.00
[08:02:00] [Render thread/INFO]: [System] [CHAT] You have received: $180.00
[08:02:00] [Render thread/INFO]: [System] [CHAT] You have received: $180.00
[08:02:00] [Render thread/INFO]: [System] [CHAT] You have received: $180.00
[08:02:00] [Render thread/INFO]: [System] [CHAT] You have received: $180.00
[08:02:00] [Render thread/INFO]: [System] [CHAT] You have received: $180.00
[08:02:00] [Render thread/INFO]: [System] [CHAT] You have received: $180.00
[08:02:00] [Render thread/INFO]: [System] [CHAT] You have received: $180.00
[08:02:00] [Render thread/INFO]: [System] [CHAT] You have received: $180.00
[08:02:00] [Render thread/INFO]: [System] [CHAT] You have received: $180.00
[08:02:00] [Render thread/INFO]: [System] [CHAT] You have received: $180.00
[08:02:01] [Render thread/INFO]: [System] [CHAT] You have received: $180.00
[08:02:01] [Render thread/INFO]: [System] [CHAT] You have received: $180.00
[08:02:01] [Render thread/INFO]: [System] [CHAT] You have received: $180.00
[08:02:01] [Render thread/INFO]: [System] [CHAT] You have received: $180.00
[08:02:01] [Render thread/INFO]: [System] [CHAT] You have received: $180.00
[08:02:01] [Render thread/INFO]: [System] [CHAT] You have received: $180.00
[08:02:01] [Render thread/INFO]: [System] [CHAT] You have received: $180.00
[08:02:01] [Render thread/INFO]: [System] [CHAT] You have received: $180.00
[08:02:01] [Render thread/INFO]: [System] [CHAT] You have received: $180.00
[08:02:01] [Render thread/INFO]: [System] [CHAT] You have received: $180.00
[08:02:01] [Render thread/INFO]: [System] [CHAT] You have received: $180.00
[08:02:01] [Render thread/INFO]: [System] [CHAT] You have received: $180.00
[08:02:01] [Render thread/INFO]: [System] [CHAT] You have received: $180.00
[08:02:01] [Render thread/INFO]: [System] [CHAT] You have received: $180.00
[08:02:01] [Render thread/INFO]: [System] [CHAT] You have received: $180.00
[08:02:01] [Render thread/INFO]: [System] [CHAT] You have received: $180.00
[08:02:01] [Render thread/INFO]: [System] [CHAT] You have received: $180.00
[08:02:01] [Render thread/INFO]: [System] [CHAT] You have received: $180.00
[08:02:01] [Render thread/INFO]: [System] [CHAT] You have received: $180.00
[08:02:01] [Render thread/INFO]: [System] [CHAT] You have received: $180.00
[08:02:01] [Render thread/INFO]: [System] [CHAT] You have received: $180.00
[08:02:01] [Render thread/INFO]: [System] [CHAT] You have received: $180.00
[08:02:01] [Render thread/INFO]: [System] [CHAT] You have received: $180.00
[08:02:01] [Render thread/INFO]: [System] [CHAT] You have received: $180.00
[08:02:01] [Render thread/INFO]: [System] [CHAT] You have received: $180.00
[08:02:01] [Render thread/INFO]: [System] [CHAT] You have received: $180.00
[08:02:01] [Render thread/INFO]: [System] [CHAT] You have received: $180.00
[08:02:01] [Render thread/INFO]: [System] [CHAT] You have received: $180.00
[08:02:01] [Render thread/INFO]: [System] [CHAT] You have received: $180.00
[08:02:01] [Render thread/INFO]: [System] [CHAT] You have received: $180.00
[08:02:01] [Render thread/INFO]: [System] [CHAT] You have received: $180.00
[08:02:01] [Render thread/INFO]: [System] [CHAT] You have received: $180.00
[08:02:01] [Render thread/INFO]: [System] [CHAT] You have received: $180.00
[08:02:01] [Render thread/INFO]: [System] [CHAT] You have received: $180.00
[08:02:02] [Render thread/INFO]: [System] [CHAT] You have received: $180.00
[08:02:07] [Render thread/INFO]: [System] [CHAT] You have received: $180.00
[08:02:09] [Render thread/INFO]: [System] [CHAT] You have received: $180.00
[08:02:10] [Render thread/INFO]: [System] [CHAT] You have received: $180.00
[08:02:14] [Render thread/INFO]: [System] [CHAT] You've just activated 2 hours of Double XP!
[08:02:14] [Render thread/INFO]: [System] [CHAT] §aYou've completed a task!
[08:02:17] [pool-2-thread-1/INFO]: [STDOUT]: Loading region 0,16 from disk /home/gavinboor/.local/share/multimc/instances/Baritone - Wurst/.minecraft/baritone/play.survivewith.us/minecraft/overworld_384/cache
[08:02:17] [pool-2-thread-1/INFO]: [STDOUT]: Loaded region successfully in 148ms
[08:02:38] [Render thread/INFO]: [System] [CHAT] You have received: $180.00
[08:02:39] [Render thread/INFO]: [System] [CHAT] You have received: $180.00
[08:02:40] [Render thread/INFO]: [System] [CHAT] You have received: $180.00
[08:02:41] [Render thread/INFO]: [System] [CHAT] You have received: $180.00
[08:02:41] [Render thread/INFO]: [System] [CHAT] You have received: $180.00
[08:02:42] [Render thread/INFO]: [System] [CHAT] You have received: $180.00
[08:02:43] [Render thread/INFO]: [System] [CHAT] You have received: $180.00
[08:02:43] [Render thread/INFO]: [System] [CHAT] You have received: $180.00
[08:02:44] [Render thread/INFO]: [System] [CHAT] You have received: $180.00
[08:02:45] [Render thread/INFO]: [System] [CHAT] You have received: $180.00
[08:02:46] [Render thread/INFO]: [System] [CHAT] [+] Skaliva
[08:02:46] [Render thread/INFO]: [System] [CHAT] You have received: $180.00
[08:02:47] [Render thread/INFO]: [System] [CHAT] You have received: $180.00
[08:02:48] [Render thread/INFO]: [System] [CHAT] You have received: $180.00
[08:02:49] [Render thread/INFO]: [System] [CHAT] You have received: $180.00
[08:02:49] [Render thread/INFO]: [System] [CHAT] You have received: $180.00
[08:02:49] [Render thread/INFO]: [System] [CHAT] [☠Crazy❦rabbiT☠] UsadaPekora> WB
[08:02:50] [Render thread/INFO]: [System] [CHAT] You have received: $180.00
[08:02:50] [Render thread/INFO]: [System] [CHAT] [❤LOTSOF] INKY> wb
[08:02:51] [Render thread/INFO]: [System] [CHAT] You have received: $180.00
[08:02:51] [Render thread/INFO]: [System] [CHAT] You have received: $180.00
[08:02:52] [Render thread/INFO]: [System] [CHAT] You have received: $180.00
[08:02:53] [Render thread/INFO]: [System] [CHAT] You have received: $180.00
[08:02:53] [Render thread/INFO]: [System] [CHAT] You have received: $180.00
[08:02:54] [Render thread/INFO]: [System] [CHAT] [MVP] STOOPIF_EZKI> WB
[08:02:57] [Render thread/INFO]: [System] [CHAT] You have received: $180.00
[08:02:57] [Render thread/INFO]: [System] [CHAT] You have received: $180.00
[08:02:58] [Render thread/INFO]: [System] [CHAT] §aYou've completed a task!
[08:02:58] [Render thread/INFO]: [System] [CHAT] You have received: $180.00
[08:02:58] [Render thread/INFO]: [System] [CHAT] You have received: $180.00
[08:02:58] [Render thread/INFO]: [System] [CHAT] You have received 2 DailyKey keys!
[08:02:59] [Render thread/INFO]: [System] [CHAT] You have received: $180.00
[08:02:59] [Render thread/INFO]: [System] [CHAT] You have received: $180.00
[08:03:03] [Render thread/INFO]: [System] [CHAT] You have received: $180.00
[08:03:03] [Render thread/INFO]: [System] [CHAT] You have received: $180.00
[08:03:05] [Render thread/INFO]: [System] [CHAT] You have received: $180.00
[08:03:05] [Render thread/INFO]: [System] [CHAT] You have received: $180.00
[08:03:08] [Render thread/INFO]: [System] [CHAT] You have received: $180.00
[08:03:09] [Render thread/INFO]: [System] [CHAT] You have received: $180.00
[08:03:09] [Render thread/INFO]: [System] [CHAT] You have received: $180.00
[08:03:09] [Render thread/INFO]: [System] [CHAT] You have received: $180.00
[08:03:09] [Render thread/INFO]: [System] [CHAT] You have received: $180.00
[08:03:10] [Render thread/INFO]: [System] [CHAT] You have received: $180.00
[08:03:11] [Render thread/INFO]: [System] [CHAT] You have received: $180.00
[08:03:11] [Render thread/INFO]: [System] [CHAT] You have received: $180.00
[08:03:12] [Render thread/INFO]: [System] [CHAT] You have received: $180.00
[08:03:13] [Render thread/INFO]: [System] [CHAT] You have received: $180.00
[08:03:13] [Render thread/INFO]: [System] [CHAT] You have received: $180.00
[08:03:15] [Render thread/INFO]: [System] [CHAT] You have received: $180.00
[08:03:15] [Render thread/INFO]: [System] [CHAT] You have received: $180.00
[08:03:16] [Render thread/INFO]: [System] [CHAT] You have received: $180.00
[08:03:18] [Render thread/INFO]: [System] [CHAT] You have received: $180.00
[08:03:20] [Render thread/INFO]: [System] [CHAT] You have received: $180.00
[08:03:21] [Render thread/INFO]: [System] [CHAT] You have received: $180.00
[08:03:21] [Render thread/INFO]: [System] [CHAT] You have received: $180.00
[08:03:27] [Render thread/INFO]: [System] [CHAT] You have received: $180.00
[08:03:28] [Render thread/INFO]: [System] [CHAT] You have received: $180.00
[08:03:29] [Render thread/INFO]: [System] [CHAT] You have received: $180.00
[08:03:29] [Render thread/INFO]: [System] [CHAT] You have received: $180.00
[08:03:29] [Render thread/INFO]: [System] [CHAT] You have received: $180.00
[08:03:30] [Render thread/INFO]: [System] [CHAT] You have received: $180.00
[08:03:31] [Render thread/INFO]: [System] [CHAT] You have received: $180.00
[08:03:32] [Render thread/INFO]: [System] [CHAT] You have received: $180.00
[08:03:33] [Render thread/INFO]: [System] [CHAT] You have received: $180.00
[08:03:34] [Render thread/INFO]: [System] [CHAT] You have received: $180.00
[08:03:34] [Render thread/INFO]: [System] [CHAT] You have received: $180.00
[08:03:34] [Render thread/INFO]: [System] [CHAT] You have received: $180.00
[08:03:35] [Render thread/INFO]: [System] [CHAT] You have received: $180.00
[08:03:36] [Render thread/INFO]: [System] [CHAT] You have received: $180.00
[08:03:39] [Render thread/INFO]: [System] [CHAT] You have received: $180.00
[08:03:39] [Render thread/INFO]: [System] [CHAT] You have received: $180.00
[08:03:39] [Render thread/INFO]: [System] [CHAT] You have received: $180.00
[08:03:39] [Render thread/INFO]: [System] [CHAT] You have received: $180.00
[08:03:40] [Render thread/INFO]: [System] [CHAT] You have received: $180.00
[08:03:41] [Render thread/INFO]: [System] [CHAT] You have received: $180.00
[08:03:45] [Render thread/INFO]: [System] [CHAT] You have received: $180.00
[08:03:49] [Render thread/INFO]: [System] [CHAT] You have received: $180.00
[08:03:51] [Render thread/INFO]: [System] [CHAT] You have received: $180.00
[08:03:52] [Render thread/INFO]: [System] [CHAT] You have received: $180.00
[08:03:53] [Render thread/INFO]: [System] [CHAT] You have received: $180.00
[08:03:54] [Render thread/INFO]: [System] [CHAT] You have received: $180.00
[08:03:55] [Render thread/INFO]: [System] [CHAT] You have received: $180.00
[08:03:58] [Render thread/INFO]: [System] [CHAT] You have received: $180.00
[08:04:04] [Render thread/INFO]: [System] [CHAT] You have received: $180.00
[08:04:05] [Render thread/INFO]: [System] [CHAT] You have received: $180.00
[08:04:06] [Render thread/INFO]: [System] [CHAT] You have received: $180.00
[08:04:07] [Render thread/INFO]: [System] [CHAT] You have received: $180.00
[08:04:08] [Render thread/INFO]: [System] [CHAT] You have received: $180.00
[08:04:09] [Render thread/INFO]: [System] [CHAT] You have received: $180.00
[08:04:09] [Render thread/INFO]: [System] [CHAT] You have received: $180.00
[08:04:12] [Render thread/INFO]: [System] [CHAT] You have received: $180.00
[08:04:12] [Render thread/INFO]: [System] [CHAT] You have received: $180.00
[08:04:13] [Render thread/INFO]: [System] [CHAT] You have received: $180.00
[08:04:26] [Render thread/INFO]: [System] [CHAT] You have received: $180.00
[08:04:27] [Render thread/INFO]: [System] [CHAT] You have received: $180.00
[08:04:33] [Render thread/INFO]: [System] [CHAT] You have received: $180.00
[08:04:34] [Render thread/INFO]: [System] [CHAT] You have received: $180.00
[08:04:39] [Render thread/INFO]: [System] [CHAT] You have received: $180.00
[08:04:43] [Render thread/INFO]: [System] [CHAT] You have received: $180.00
[08:04:44] [Render thread/INFO]: [System] [CHAT] You have received: $180.00
[08:04:45] [Render thread/INFO]: [System] [CHAT] You have received: $180.00
[08:04:45] [Render thread/INFO]: [System] [CHAT] You have received: $180.00
[08:04:46] [Render thread/INFO]: [System] [CHAT] You have received: $180.00
[08:04:47] [Render thread/INFO]: [System] [CHAT] You have received: $180.00
[08:04:48] [Render thread/INFO]: [System] [CHAT] You have received: $180.00
[08:04:48] [Render thread/INFO]: [System] [CHAT] You have received: $180.00
[08:04:49] [Render thread/INFO]: [System] [CHAT] You have received: $180.00
[08:04:50] [Render thread/INFO]: [System] [CHAT] You have received: $180.00
[08:04:51] [Render thread/INFO]: [System] [CHAT] You have received: $180.00
[08:04:55] [Render thread/INFO]: [System] [CHAT] You have received: $180.00
[08:04:56] [Render thread/INFO]: [System] [CHAT] You have received: $180.00
[08:04:57] [Render thread/INFO]: [System] [CHAT] You have received: $180.00
[08:04:58] [Render thread/INFO]: [System] [CHAT] You have received: $180.00
[08:04:58] [Render thread/INFO]: [System] [CHAT] You have received: $180.00
[08:04:59] [Render thread/INFO]: [System] [CHAT] You have received: $180.00
[08:05:00] [Render thread/INFO]: [System] [CHAT] You have received: $180.00
[08:05:01] [Render thread/INFO]: [System] [CHAT] You have received: $180.00
[08:05:02] [Render thread/INFO]: [System] [CHAT] You have received: $180.00
[08:05:02] [Render thread/INFO]: [System] [CHAT] You have received: $180.00
[08:05:07] [Render thread/INFO]: [System] [CHAT] You have received: $180.00
[08:05:11] [Render thread/INFO]: [System] [CHAT] [-] [MVP] STOOPIF_EZKI
[08:05:13] [Render thread/INFO]: [System] [CHAT] You have received: $180.00
[08:05:13] [Render thread/INFO]: [System] [CHAT] [+] [MVP] STOOPIF_EZKI
[08:05:14] [Render thread/INFO]: [System] [CHAT] You have received: $180.00
[08:05:14] [Render thread/INFO]: [System] [CHAT] You have received: $180.00
[08:05:15] [Render thread/INFO]: [System] [CHAT] You have received: $180.00
[08:05:19] [Render thread/INFO]: [System] [CHAT] You have received: $180.00
[08:05:20] [Render thread/INFO]: [System] [CHAT] You can't do that here!
[08:05:21] [Render thread/INFO]: [System] [CHAT] You have received: $180.00
[08:05:38] [Render thread/INFO]: [System] [CHAT] [MVP] MoonLight> back
[08:05:38] [Render thread/INFO]: [System] [CHAT] MoonLight is no longer AFK!
[08:05:41] [Render thread/INFO]: [System] [CHAT] [❤LOTSOF] INKY> WB
[08:05:42] [Render thread/INFO]: [System] [CHAT] [MVP] STOOPIF_EZKI> wb
[08:05:45] [Render thread/INFO]: [System] [CHAT] [MVP] MoonLight> Thanks
[08:05:50] [Render thread/INFO]: [System] [CHAT] [MVP] MoonLight> Imma go to orange
[08:05:51] [Render thread/INFO]: [System] [CHAT] [MVP] MoonLight> Cya
[08:05:54] [Render thread/INFO]: [System] [CHAT] [-] [MVP] MoonLight
[08:06:51] [Render thread/INFO]: [System] [CHAT] You have just gained 4 Survival Tokens! You can use them by talking to the trader /spawn!
[08:07:02] [Render thread/INFO]: [System] [CHAT] You've Played: 366 hours
[08:07:18] [Render thread/INFO]: [System] [CHAT] §aYou've completed a task!
[08:07:18] [Render thread/INFO]: [System] [CHAT] You have received 2 DailyKey keys!
[08:07:40] [Render thread/INFO]: [System] [CHAT] You have received: $180.00
[08:07:41] [Render thread/INFO]: [System] [CHAT] You have received: $180.00
[08:07:43] [pool-2-thread-2/INFO]: [STDOUT]: Saving region 0,16 to disk /home/gavinboor/.local/share/multimc/instances/Baritone - Wurst/.minecraft/baritone/play.survivewith.us/minecraft/overworld_384/cache
[08:07:43] [ForkJoinPool.commonPool-worker-16/INFO]: [STDOUT]: Saving region -3,14 to disk /home/gavinboor/.local/share/multimc/instances/Baritone - Wurst/.minecraft/baritone/play.survivewith.us/minecraft/overworld_384/cache
[08:07:43] [pool-2-thread-2/INFO]: [STDOUT]: Saved region successfully
[08:07:43] [ForkJoinPool.commonPool-worker-16/INFO]: [STDOUT]: Saved region successfully
[08:07:43] [pool-2-thread-2/INFO]: [STDOUT]: World save took 199ms
[08:07:45] [Render thread/INFO]: [System] [CHAT] You have received: $180.00
[08:07:46] [Render thread/INFO]: [System] [CHAT] You have received: $180.00
[08:07:48] [Render thread/INFO]: [System] [CHAT] You have received: $180.00
[08:07:49] [Render thread/INFO]: [System] [CHAT] You have received: $180.00
[08:07:52] [Render thread/INFO]: [System] [CHAT] You have received: $180.00
[08:07:56] [Render thread/INFO]: [System] [CHAT] You have received: $180.00
[08:07:56] [Render thread/INFO]: [System] [CHAT] You have received: $180.00
[08:07:58] [Render thread/INFO]: [System] [CHAT] You have received: $180.00
[08:08:07] [Render thread/INFO]: [System] [CHAT] You have received: $180.00
[08:08:09] [Render thread/INFO]: [System] [CHAT] You have received: $180.00
[08:08:10] [Render thread/INFO]: [System] [CHAT] You have received: $180.00
[08:08:13] [Render thread/INFO]: [System] [CHAT] You have received: $180.00
[08:08:14] [Render thread/INFO]: [System] [CHAT] You have received: $180.00
[08:08:15] [Render thread/INFO]: [System] [CHAT] You have received: $180.00
[08:08:21] [Render thread/INFO]: [System] [CHAT] You have received: $180.00
[08:08:21] [Render thread/INFO]: [System] [CHAT] You have received: $180.00
[08:08:24] [Render thread/INFO]: [System] [CHAT] You have received: $180.00
[08:08:27] [pool-2-thread-5/INFO]: [STDOUT]: World save took 1ms
[08:08:28] [Render thread/INFO]: [System] [CHAT] You have received: $180.00
[08:08:30] [Render thread/INFO]: [System] [CHAT] You have received: $180.00
[08:08:35] [Render thread/INFO]: [System] [CHAT] You have received: $180.00
[08:08:35] [Render thread/INFO]: [System] [CHAT] You have received: $180.00
[08:08:36] [Render thread/INFO]: [System] [CHAT] You have received: $180.00
[08:08:40] [Render thread/INFO]: [System] [CHAT] You've just activated 2 hours of Double XP!
[08:08:40] [Render thread/INFO]: [System] [CHAT] §aYou've completed a task!
[08:08:40] [Render thread/INFO]: [System] [CHAT] You have received: $180.00
[08:08:40] [Render thread/INFO]: [System] [CHAT] You have received: $180.00
[08:08:43] [Render thread/INFO]: [STDOUT]: Baritone world data dir: /home/gavinboor/.local/share/multimc/instances/Baritone - Wurst/.minecraft/baritone/play.survivewith.us/minecraft/spawn_384
[08:08:43] [pool-2-thread-9/INFO]: [STDOUT]: Started saving the world in a new thread
[08:08:43] [pool-2-thread-9/INFO]: [STDOUT]: Saving region 0,16 to disk /home/gavinboor/.local/share/multimc/instances/Baritone - Wurst/.minecraft/baritone/play.survivewith.us/minecraft/overworld_384/cache
[08:08:43] [pool-2-thread-9/INFO]: [STDOUT]: Saved region successfully
[08:08:43] [pool-2-thread-9/INFO]: [STDOUT]: World save took 155ms
[08:08:48] [Render thread/INFO]: [System] [CHAT] You can now fly by double-jumping!
[08:08:54] [Render thread/INFO]: [System] [CHAT] §aYou've completed a task!
[08:08:54] [Render thread/INFO]: [System] [CHAT] You have received: $360000.00
[08:08:55] [pool-2-thread-9/INFO]: [STDOUT]: Started saving the world in a new thread
[08:08:55] [Render thread/INFO]: [STDOUT]: Baritone world data dir: /home/gavinboor/.local/share/multimc/instances/Baritone - Wurst/.minecraft/baritone/play.survivewith.us/minecraft/overworld_384
[08:08:55] [pool-2-thread-9/INFO]: [STDOUT]: Saving region -1,0 to disk /home/gavinboor/.local/share/multimc/instances/Baritone - Wurst/.minecraft/baritone/play.survivewith.us/minecraft/spawn_384/cache
[08:08:55] [ForkJoinPool.commonPool-worker-5/INFO]: [STDOUT]: Saving region 0,-1 to disk /home/gavinboor/.local/share/multimc/instances/Baritone - Wurst/.minecraft/baritone/play.survivewith.us/minecraft/spawn_384/cache
[08:08:55] [ForkJoinPool.commonPool-worker-6/INFO]: [STDOUT]: Saving region 0,0 to disk /home/gavinboor/.local/share/multimc/instances/Baritone - Wurst/.minecraft/baritone/play.survivewith.us/minecraft/spawn_384/cache
[08:08:55] [ForkJoinPool.commonPool-worker-1/INFO]: [STDOUT]: Saving region -1,-1 to disk /home/gavinboor/.local/share/multimc/instances/Baritone - Wurst/.minecraft/baritone/play.survivewith.us/minecraft/spawn_384/cache
[08:08:55] [pool-2-thread-1/INFO]: [STDOUT]: Loading region -3,14 from disk /home/gavinboor/.local/share/multimc/instances/Baritone - Wurst/.minecraft/baritone/play.survivewith.us/minecraft/overworld_384/cache
[08:08:55] [pool-2-thread-9/INFO]: [STDOUT]: Saved region successfully
[08:08:55] [ForkJoinPool.commonPool-worker-5/INFO]: [STDOUT]: Saved region successfully
[08:08:55] [ForkJoinPool.commonPool-worker-1/INFO]: [STDOUT]: Saved region successfully
[08:08:55] [ForkJoinPool.commonPool-worker-6/INFO]: [STDOUT]: Saved region successfully
[08:08:55] [pool-2-thread-9/INFO]: [STDOUT]: World save took 83ms
[08:08:55] [pool-2-thread-1/INFO]: [STDOUT]: Loaded region successfully in 230ms
[08:09:10] [Render thread/INFO]: [System] [CHAT] §aYou've completed a task!
[08:09:10] [Render thread/INFO]: [System] [CHAT] You have received: $360000.00
[08:09:18] [Render thread/INFO]: [System] [CHAT] HADES has gone AFK!
[08:09:34] [pool-2-thread-1/INFO]: [STDOUT]: Loading region -17,-17 from disk /home/gavinboor/.local/share/multimc/instances/Baritone - Wurst/.minecraft/baritone/play.survivewith.us/minecraft/overworld_384/cache
[08:09:35] [pool-2-thread-1/INFO]: [STDOUT]: Loaded region successfully in 103ms
[08:09:37] [Render thread/INFO]: [System] [CHAT] You can't do that here!
[08:10:26] [Render thread/INFO]: [System] [CHAT] [Debug]: Chunk borders: shown
[08:10:26] [Render thread/INFO]: [System] [CHAT] You can now fly by double-jumping!
[08:10:30] [Render thread/INFO]: [System] [CHAT] You are now claiming the chunks you walk into. This will turn off in 30 seconds.
[08:10:34] [Render thread/INFO]: [System] [CHAT] You are no longer claiming.
[08:10:36] [Render thread/INFO]: [System] [CHAT] You've already claimed this chunk.
[08:11:02] [Render thread/INFO]: [System] [CHAT] You are no longer claiming.
[08:11:28] [Render thread/INFO]: [System] [CHAT] §aYou've completed a task!
[08:11:28] [Render thread/INFO]: [System] [CHAT] You have received: $180.00
[08:11:28] [Render thread/INFO]: [System] [CHAT] You have received: $360000.00
[08:11:29] [pool-2-thread-8/INFO]: [STDOUT]: World save took 0ms
[08:11:33] [Render thread/INFO]: [System] [CHAT] [Explorer] TKDninjaboy> why wont my bed explode
[08:11:52] [Render thread/INFO]: [System] [CHAT] [+] BigCinarTURK
[08:11:55] [Render thread/INFO]: [System] [CHAT] [MVP] STOOPIF_EZKI> wb
[08:11:55] [Render thread/INFO]: [System] [CHAT] [☠Crazy❦rabbiT☠] UsadaPekora> wb
[08:12:39] [Render thread/INFO]: [System] [CHAT] §aYou've completed a task!
[08:12:39] [Render thread/INFO]: [System] [CHAT] You have received 2 DailyKey keys!
[08:13:15] [Render thread/INFO]: [System] [CHAT] You need to specify which home you'd like to go to! /home <homeName>. You can also do /homes to list your homes!
[08:13:20] [pool-2-thread-1/INFO]: [STDOUT]: Loading region 21,5 from disk /home/gavinboor/.local/share/multimc/instances/Baritone - Wurst/.minecraft/baritone/play.survivewith.us/minecraft/overworld_384/cache
[08:13:20] [pool-2-thread-1/INFO]: [STDOUT]: Loaded region successfully in 39ms
[08:13:20] [pool-2-thread-1/INFO]: [STDOUT]: Loading region 21,4 from disk /home/gavinboor/.local/share/multimc/instances/Baritone - Wurst/.minecraft/baritone/play.survivewith.us/minecraft/overworld_384/cache
[08:13:20] [pool-2-thread-1/INFO]: [STDOUT]: Loaded region successfully in 29ms
[08:13:20] [pool-2-thread-1/INFO]: [STDOUT]: Loading region 22,5 from disk /home/gavinboor/.local/share/multimc/instances/Baritone - Wurst/.minecraft/baritone/play.survivewith.us/minecraft/overworld_384/cache
[08:13:20] [pool-2-thread-1/INFO]: [STDOUT]: Loaded region successfully in 36ms
[08:13:21] [pool-2-thread-1/INFO]: [STDOUT]: Loading region 22,4 from disk /home/gavinboor/.local/share/multimc/instances/Baritone - Wurst/.minecraft/baritone/play.survivewith.us/minecraft/overworld_384/cache
[08:13:21] [pool-2-thread-1/INFO]: [STDOUT]: Loaded region successfully in 30ms
[08:13:21] [Render thread/WARN]: Unable to play empty soundEvent: minecraft:entity.cod.ambient
[08:14:34] [Render thread/INFO]: [STDOUT]: Baritone world data dir: /home/gavinboor/.local/share/multimc/instances/Baritone - Wurst/.minecraft/baritone/play.survivewith.us/minecraft/the_end_256
[08:14:34] [pool-2-thread-10/INFO]: [STDOUT]: Started saving the world in a new thread
[08:14:34] [pool-2-thread-10/INFO]: [STDOUT]: Saving region 21,5 to disk /home/gavinboor/.local/share/multimc/instances/Baritone - Wurst/.minecraft/baritone/play.survivewith.us/minecraft/overworld_384/cache
[08:14:34] [ForkJoinPool.commonPool-worker-12/INFO]: [STDOUT]: Saving region 21,4 to disk /home/gavinboor/.local/share/multimc/instances/Baritone - Wurst/.minecraft/baritone/play.survivewith.us/minecraft/overworld_384/cache
[08:14:34] [ForkJoinPool.commonPool-worker-2/INFO]: [STDOUT]: Saving region 22,4 to disk /home/gavinboor/.local/share/multimc/instances/Baritone - Wurst/.minecraft/baritone/play.survivewith.us/minecraft/overworld_384/cache
[08:14:34] [ForkJoinPool.commonPool-worker-7/INFO]: [STDOUT]: Saving region 22,5 to disk /home/gavinboor/.local/share/multimc/instances/Baritone - Wurst/.minecraft/baritone/play.survivewith.us/minecraft/overworld_384/cache
[08:14:34] [ForkJoinPool.commonPool-worker-5/INFO]: [STDOUT]: Saving region -3,14 to disk /home/gavinboor/.local/share/multimc/instances/Baritone - Wurst/.minecraft/baritone/play.survivewith.us/minecraft/overworld_384/cache
[08:14:34] [ForkJoinPool.commonPool-worker-16/INFO]: [STDOUT]: Saving region -17,-17 to disk /home/gavinboor/.local/share/multimc/instances/Baritone - Wurst/.minecraft/baritone/play.survivewith.us/minecraft/overworld_384/cache
[08:14:34] [ForkJoinPool.commonPool-worker-2/INFO]: [STDOUT]: Saved region successfully
[08:14:34] [ForkJoinPool.commonPool-worker-12/INFO]: [STDOUT]: Saved region successfully
[08:14:34] [ForkJoinPool.commonPool-worker-7/INFO]: [STDOUT]: Saved region successfully
[08:14:34] [pool-2-thread-10/INFO]: [STDOUT]: Saved region successfully
[08:14:34] [ForkJoinPool.commonPool-worker-16/INFO]: [STDOUT]: Saved region successfully
[08:14:34] [ForkJoinPool.commonPool-worker-5/INFO]: [STDOUT]: Saved region successfully
[08:14:34] [pool-2-thread-10/INFO]: [STDOUT]: World save took 227ms
[08:14:44] [Render thread/INFO]: [System] [CHAT] §aYou've completed a task!
[08:14:44] [Render thread/INFO]: [System] [CHAT] You have received 6 DailyKey keys!
[08:14:46] [pool-2-thread-10/INFO]: [STDOUT]: Started saving the world in a new thread
[08:14:46] [Render thread/INFO]: [STDOUT]: Baritone world data dir: /home/gavinboor/.local/share/multimc/instances/Baritone - Wurst/.minecraft/baritone/play.survivewith.us/minecraft/overworld_384
[08:14:46] [pool-2-thread-10/INFO]: [STDOUT]: Saving region 0,-1 to disk /home/gavinboor/.local/share/multimc/instances/Baritone - Wurst/.minecraft/baritone/play.survivewith.us/minecraft/the_end_256/cache
[08:14:46] [ForkJoinPool.commonPool-worker-5/INFO]: [STDOUT]: Saving region 0,0 to disk /home/gavinboor/.local/share/multimc/instances/Baritone - Wurst/.minecraft/baritone/play.survivewith.us/minecraft/the_end_256/cache
[08:14:46] [pool-2-thread-1/INFO]: [STDOUT]: Loading region -3,14 from disk /home/gavinboor/.local/share/multimc/instances/Baritone - Wurst/.minecraft/baritone/play.survivewith.us/minecraft/overworld_384/cache
[08:14:46] [ForkJoinPool.commonPool-worker-5/INFO]: [STDOUT]: Saved region successfully
[08:14:46] [pool-2-thread-10/INFO]: [STDOUT]: Saved region successfully
[08:14:46] [pool-2-thread-10/INFO]: [STDOUT]: World save took 42ms
[08:14:47] [pool-2-thread-1/INFO]: [STDOUT]: Loaded region successfully in 201ms
[08:15:09] [Render thread/INFO]: [System] [CHAT] [Member] BigCinarTURK> Yo.
[08:15:26] [Render thread/INFO]: [System] [CHAT] §aYou've completed a task!
[08:15:26] [Render thread/INFO]: [System] [CHAT] You have received 2 DailyKey keys!
[08:15:59] [Render thread/INFO]: [System] [CHAT] §aYou've completed a task!
[08:15:59] [Render thread/INFO]: [System] [CHAT] You have received 2 DailyKey keys!
[08:16:12] [pool-2-thread-1/INFO]: [STDOUT]: Loading region 0,16 from disk /home/gavinboor/.local/share/multimc/instances/Baritone - Wurst/.minecraft/baritone/play.survivewith.us/minecraft/overworld_384/cache
[08:16:12] [pool-2-thread-1/INFO]: [STDOUT]: Loaded region successfully in 142ms
[08:16:14] [Render thread/INFO]: [System] [CHAT] [-] BigCinarTURK
[08:16:15] [Render thread/INFO]: [System] [CHAT] You can now fly by double-jumping!
[08:16:30] [Render thread/INFO]: [System] [CHAT] You have received: $180.00
[08:16:31] [Render thread/INFO]: [System] [CHAT] You have received: $180.00
[08:16:32] [Render thread/INFO]: [System] [CHAT] You have received: $180.00
[08:16:33] [Render thread/INFO]: [System] [CHAT] You have received: $180.00
[08:16:34] [Render thread/INFO]: [System] [CHAT] You have received: $180.00
[08:16:35] [Render thread/INFO]: [System] [CHAT] You have received: $180.00
[08:16:38] [Render thread/INFO]: [System] [CHAT] You have received: $180.00
[08:16:39] [Render thread/INFO]: [System] [CHAT] You have received: $180.00
[08:16:40] [Render thread/INFO]: [System] [CHAT] You have received: $180.00
[08:16:41] [Render thread/INFO]: [System] [CHAT] You have received: $180.00
[08:16:43] [Render thread/INFO]: [System] [CHAT] You have received: $180.00
[08:16:43] [Render thread/INFO]: [System] [CHAT] You have received: $180.00
[08:16:44] [Render thread/INFO]: [System] [CHAT] You have received: $180.00
[08:16:44] [Render thread/INFO]: [System] [CHAT] You have received: $180.00
[08:16:46] [Render thread/INFO]: [System] [CHAT] You have received: $180.00
[08:16:47] [Render thread/INFO]: [System] [CHAT] You have received: $180.00
[08:16:48] [Render thread/INFO]: [System] [CHAT] You have received: $180.00
[08:16:49] [Render thread/INFO]: [System] [CHAT] You have received: $180.00
[08:16:50] [Render thread/INFO]: [System] [CHAT] You have received: $180.00
[08:16:51] [Render thread/INFO]: [System] [CHAT] You have received: $180.00
[08:16:51] [Render thread/INFO]: [System] [CHAT] You have received: $180.00
[08:16:52] [Render thread/INFO]: [System] [CHAT] You have received: $180.00
[08:16:53] [Render thread/INFO]: [System] [CHAT] You have received: $180.00
[08:16:53] [Render thread/INFO]: [System] [CHAT] You have received: $180.00
[08:16:54] [Render thread/INFO]: [System] [CHAT] §aYou've completed a task!
[08:16:54] [Render thread/INFO]: [System] [CHAT] You have received: $180.00
[08:16:54] [Render thread/INFO]: [System] [CHAT] You have received 2 DailyKey keys!
[08:16:55] [Render thread/INFO]: [System] [CHAT] You have received: $180.00
[08:16:55] [Render thread/INFO]: [System] [CHAT] You have received: $180.00
[08:16:56] [Render thread/INFO]: [System] [CHAT] You have received: $180.00
[08:16:57] [Render thread/INFO]: [System] [CHAT] You have received: $180.00
[08:16:57] [Render thread/INFO]: [System] [CHAT] You have received: $180.00
[08:16:58] [Render thread/INFO]: [System] [CHAT] You have received: $180.00
[08:16:59] [Render thread/INFO]: [System] [CHAT] You have received: $180.00
[08:16:59] [Render thread/INFO]: [System] [CHAT] You have received: $180.00
[08:17:00] [Render thread/INFO]: [System] [CHAT] You have received: $180.00
[08:17:01] [Render thread/INFO]: [System] [CHAT] You have received: $180.00
[08:17:01] [Render thread/INFO]: [System] [CHAT] You have received: $180.00
[08:17:02] [Render thread/INFO]: [System] [CHAT] You have received: $180.00
[08:17:03] [Render thread/INFO]: [System] [CHAT] You have received: $180.00
[08:17:03] [Render thread/INFO]: [System] [CHAT] You have received: $180.00
[08:17:04] [Render thread/INFO]: [System] [CHAT] You have received: $180.00
[08:17:05] [Render thread/INFO]: [System] [CHAT] You have received: $180.00
[08:17:07] [Render thread/INFO]: [System] [CHAT] You have received: $180.00
[08:17:08] [Render thread/INFO]: [System] [CHAT] You have received: $180.00
[08:17:08] [Render thread/INFO]: [System] [CHAT] You have received: $180.00
[08:17:08] [Render thread/INFO]: [System] [CHAT] You have received: $180.00
[08:17:09] [Render thread/INFO]: [System] [CHAT] You have received: $180.00
[08:17:10] [Render thread/INFO]: [System] [CHAT] You have received: $180.00
[08:17:11] [Render thread/INFO]: [System] [CHAT] You have received: $180.00
