[10:11:35] [main/INFO]: Loading Minecraft 1.19.2 with Fabric Loader 0.14.9
[10:11:35] [ForkJoinPool-1-worker-7/WARN]: Mod wurst uses the version v7.28-MC1.19.2 which isn't compatible with Loader's extended semantic version format (Could not parse version number component 'v7'!), SemVer is recommended for reliably evaluating dependencies and prioritizing newer version
[10:11:35] [ForkJoinPool-1-worker-2/WARN]: Mod wurst uses the version v7.27.3-MC1.19.2 which isn't compatible with Loader's extended semantic version format (Could not parse version number component 'v7'!), SemVer is recommended for reliably evaluating dependencies and prioritizing newer version
[10:11:35] [main/INFO]: Loading 55 mods:
	- baritone 1.5.3-621-gaddd1fc7
	- fabric-api 0.61.0+1.19.2
	- fabric-api-base 0.4.11+e62f51a390 via fabric-api
	- fabric-api-lookup-api-v1 1.6.9+9ff28f4090 via fabric-api
	- fabric-biome-api-v1 9.0.17+aeb40ebe90 via fabric-api
	- fabric-blockrenderlayer-v1 1.1.20+aeb40ebe90 via fabric-api
	- fabric-client-tags-api-v1 1.0.1+b35fea8390 via fabric-api
	- fabric-command-api-v1 1.2.11+f71b366f90 via fabric-api
	- fabric-command-api-v2 2.1.7+0c17ea9690 via fabric-api
	- fabric-commands-v0 0.2.28+df3654b390 via fabric-api
	- fabric-containers-v0 0.1.34+df3654b390 via fabric-api
	- fabric-content-registries-v0 3.3.0+624e468e90 via fabric-api
	- fabric-convention-tags-v1 1.1.1+7cd20a1490 via fabric-api
	- fabric-crash-report-info-v1 0.2.5+aeb40ebe90 via fabric-api
	- fabric-data-generation-api-v1 5.1.9+a680b9b490 via fabric-api
	- fabric-dimensions-v1 2.1.31+0dd10df690 via fabric-api
	- fabric-entity-events-v1 1.4.18+9ff28f4090 via fabric-api
	- fabric-events-interaction-v0 0.4.28+aeb40ebe90 via fabric-api
	- fabric-events-lifecycle-v0 0.2.28+df3654b390 via fabric-api
	- fabric-game-rule-api-v1 1.0.21+aeb40ebe90 via fabric-api
	- fabric-item-api-v1 1.5.7+35a03c4390 via fabric-api
	- fabric-item-groups-v0 0.3.29+4e8ca3fd90 via fabric-api
	- fabric-key-binding-api-v1 1.0.20+aeb40ebe90 via fabric-api
	- fabric-keybindings-v0 0.2.18+df3654b390 via fabric-api
	- fabric-lifecycle-events-v1 2.1.2+aeb40ebe90 via fabric-api
	- fabric-loot-api-v2 1.1.3+83a8659290 via fabric-api
	- fabric-loot-tables-v1 1.1.6+9e7660c690 via fabric-api
	- fabric-message-api-v1 5.0.3+176380a290 via fabric-api
	- fabric-mining-level-api-v1 2.1.14+33fbc73890 via fabric-api
	- fabric-models-v0 0.3.17+aeb40ebe90 via fabric-api
	- fabric-networking-api-v1 1.2.4+5eb68ef290 via fabric-api
	- fabric-networking-v0 0.3.21+df3654b390 via fabric-api
	- fabric-object-builder-api-v1 4.0.11+aeb40ebe90 via fabric-api
	- fabric-particles-v1 1.0.10+aeb40ebe90 via fabric-api
	- fabric-registry-sync-v0 0.9.25+726b652090 via fabric-api
	- fabric-renderer-api-v1 1.0.10+aeb40ebe90 via fabric-api
	- fabric-renderer-indigo 0.6.12+aeb40ebe90 via fabric-api
	- fabric-renderer-registries-v1 3.2.20+df3654b390 via fabric-api
	- fabric-rendering-data-attachment-v1 0.3.14+aeb40ebe90 via fabric-api
	- fabric-rendering-fluids-v1 3.0.7+aeb40ebe90 via fabric-api
	- fabric-rendering-v0 1.1.22+df3654b390 via fabric-api
	- fabric-rendering-v1 1.10.16+aeb40ebe90 via fabric-api
	- fabric-resource-conditions-api-v1 2.0.11+e62f51a390 via fabric-api
	- fabric-resource-loader-v0 0.6.1+aeb40ebe90 via fabric-api
	- fabric-screen-api-v1 1.0.26+f05effaf90 via fabric-api
	- fabric-screen-handler-api-v1 1.3.0+1cc24b1b90 via fabric-api
	- fabric-textures-v0 1.0.20+aeb40ebe90 via fabric-api
	- fabric-transfer-api-v1 2.1.0+8f88597390 via fabric-api
	- fabric-transitive-access-wideners-v1 1.3.0+42d99c3290 via fabric-api
	- fabricloader 0.14.9
	- java 17
	- minecraft 1.19.2
	- wurst v7.28-MC1.19.2
	- xaerominimap 22.15.1
	- xaeroworldmap 1.28.0
[10:11:35] [main/INFO]: SpongePowered MIXIN Subsystem Version=0.8.5 Source=file:/home/gavinboor/.local/share/multimc/libraries/net/fabricmc/sponge-mixin/0.11.4+mixin.0.8.5/sponge-mixin-0.11.4+mixin.0.8.5.jar Service=Knot/Fabric Env=CLIENT
[10:11:35] [main/INFO]: Compatibility level set to JAVA_17
[10:11:36] [main/WARN]: Error loading class: me/jellysquid/mods/sodium/client/render/occlusion/BlockOcclusionCache (java.lang.ClassNotFoundException: me/jellysquid/mods/sodium/client/render/occlusion/BlockOcclusionCache)
[10:11:37] [main/WARN]: Configuration conflict: there is more than one oshi.properties file on the classpath
[10:11:37] [main/WARN]: Configuration conflict: there is more than one oshi.architecture.properties file on the classpath
[10:11:40] [main/INFO]: Building optimized datafixer
[10:11:43] [Render thread/INFO]: Environment: authHost='https://authserver.mojang.com', accountsHost='https://api.mojang.com', sessionHost='https://sessionserver.mojang.com', servicesHost='https://api.minecraftservices.com', name='PROD'
[10:11:45] [Render thread/INFO]: Setting user: CodeOverload
[10:11:46] [Render thread/INFO]: [STDOUT]: Starting Wurst Client...
[10:11:48] [Render thread/INFO]: [Indigo] Registering Indigo renderer!
[10:11:48] [Render thread/INFO]: Loading Xaero's Minimap - Stage 1/2
[10:11:50] [Render thread/INFO]: Loading Xaero's World Map - Stage 1/2
[10:11:51] [Render thread/INFO]: Backend library: LWJGL version 3.3.1 SNAPSHOT
[10:11:55] [Render thread/WARN]: ERROR : Couldn't load Narrator library
java.lang.UnsatisfiedLinkError: Unable to load library 'fliteWrapper':
libfliteWrapper.so: cannot open shared object file: No such file or directory
libfliteWrapper.so: cannot open shared object file: No such file or directory
Native library (linux-x86-64/libfliteWrapper.so) not found in resource path (/home/gavinboor/.local/share/multimc/bin/jars/NewLaunch.jar:/home/gavinboor/.local/share/multimc/libraries/org/lwjgl/lwjgl-glfw/3.3.1/lwjgl-glfw-3.3.1.jar:/home/gavinboor/.local/share/multimc/libraries/org/lwjgl/lwjgl-jemalloc/3.3.1/lwjgl-jemalloc-3.3.1.jar:/home/gavinboor/.local/share/multimc/libraries/org/lwjgl/lwjgl-openal/3.3.1/lwjgl-openal-3.3.1.jar:/home/gavinboor/.local/share/multimc/libraries/org/lwjgl/lwjgl-opengl/3.3.1/lwjgl-opengl-3.3.1.jar:/home/gavinboor/.local/share/multimc/libraries/org/lwjgl/lwjgl-stb/3.3.1/lwjgl-stb-3.3.1.jar:/home/gavinboor/.local/share/multimc/libraries/org/lwjgl/lwjgl-tinyfd/3.3.1/lwjgl-tinyfd-3.3.1.jar:/home/gavinboor/.local/share/multimc/libraries/org/lwjgl/lwjgl/3.3.1/lwjgl-3.3.1.jar:/home/gavinboor/.local/share/multimc/libraries/com/mojang/logging/1.0.0/logging-1.0.0.jar:/home/gavinboor/.local/share/multimc/libraries/com/mojang/blocklist/1.0.10/blocklist-1.0.10.jar:/home/gavinboor/.local/share/multimc/libraries/com/mojang/patchy/2.2.10/patchy-2.2.10.jar:/home/gavinboor/.local/share/multimc/libraries/com/github/oshi/oshi-core/5.8.5/oshi-core-5.8.5.jar:/home/gavinboor/.local/share/multimc/libraries/net/java/dev/jna/jna/5.10.0/jna-5.10.0.jar:/home/gavinboor/.local/share/multimc/libraries/net/java/dev/jna/jna-platform/5.10.0/jna-platform-5.10.0.jar:/home/gavinboor/.local/share/multimc/libraries/org/slf4j/slf4j-api/1.8.0-beta4/slf4j-api-1.8.0-beta4.jar:/home/gavinboor/.local/share/multimc/libraries/org/apache/logging/log4j/log4j-slf4j18-impl/2.16.0/log4j-slf4j18-impl-2.16.0.jar:/home/gavinboor/.local/share/multimc/libraries/com/ibm/icu/icu4j/70.1/icu4j-70.1.jar:/home/gavinboor/.local/share/multimc/libraries/com/mojang/javabridge/1.2.24/javabridge-1.2.24.jar:/home/gavinboor/.local/share/multimc/libraries/net/sf/jopt-simple/jopt-simple/5.0.4/jopt-simple-5.0.4.jar:/home/gavinboor/.local/share/multimc/libraries/io/netty/netty-common/4.1.77.Final/netty-common-4.1.77.Final.jar:/home/gavinboor/.local/share/multimc/libraries/io/netty/netty-buffer/4.1.77.Final/netty-buffer-4.1.77.Final.jar:/home/gavinboor/.local/share/multimc/libraries/io/netty/netty-codec/4.1.77.Final/netty-codec-4.1.77.Final.jar:/home/gavinboor/.local/share/multimc/libraries/io/netty/netty-handler/4.1.77.Final/netty-handler-4.1.77.Final.jar:/home/gavinboor/.local/share/multimc/libraries/io/netty/netty-resolver/4.1.77.Final/netty-resolver-4.1.77.Final.jar:/home/gavinboor/.local/share/multimc/libraries/io/netty/netty-transport/4.1.77.Final/netty-transport-4.1.77.Final.jar:/home/gavinboor/.local/share/multimc/libraries/io/netty/netty-transport-native-unix-common/4.1.77.Final/netty-transport-native-unix-common-4.1.77.Final.jar:/home/gavinboor/.local/share/multimc/libraries/io/netty/netty-transport-classes-epoll/4.1.77.Final/netty-transport-classes-epoll-4.1.77.Final.jar:/home/gavinboor/.local/share/multimc/libraries/io/netty/netty-transport-native-epoll/4.1.77.Final/netty-transport-native-epoll-4.1.77.Final-linux-x86_64.jar:/home/gavinboor/.local/share/multimc/libraries/com/google/guava/failureaccess/1.0.1/failureaccess-1.0.1.jar:/home/gavinboor/.local/share/multimc/libraries/com/google/guava/guava/31.0.1-jre/guava-31.0.1-jre.jar:/home/gavinboor/.local/share/multimc/libraries/org/apache/commons/commons-lang3/3.12.0/commons-lang3-3.12.0.jar:/home/gavinboor/.local/share/multimc/libraries/commons-io/commons-io/2.11.0/commons-io-2.11.0.jar:/home/gavinboor/.local/share/multimc/libraries/commons-codec/commons-codec/1.15/commons-codec-1.15.jar:/home/gavinboor/.local/share/multimc/libraries/com/mojang/brigadier/1.0.18/brigadier-1.0.18.jar:/home/gavinboor/.local/share/multimc/libraries/com/mojang/datafixerupper/5.0.28/datafixerupper-5.0.28.jar:/home/gavinboor/.local/share/multimc/libraries/com/google/code/gson/gson/2.8.9/gson-2.8.9.jar:/home/gavinboor/.local/share/multimc/libraries/com/mojang/authlib/3.11.49/authlib-3.11.49.jar:/home/gavinboor/.local/share/multimc/libraries/org/apache/commons/commons-compress/1.21/commons-compress-1.21.jar:/home/gavinboor/.local/share/multimc/libraries/org/apache/httpcomponents/httpclient/4.5.13/httpclient-4.5.13.jar:/home/gavinboor/.local/share/multimc/libraries/commons-logging/commons-logging/1.2/commons-logging-1.2.jar:/home/gavinboor/.local/share/multimc/libraries/org/apache/httpcomponents/httpcore/4.4.14/httpcore-4.4.14.jar:/home/gavinboor/.local/share/multimc/libraries/it/unimi/dsi/fastutil/8.5.6/fastutil-8.5.6.jar:/home/gavinboor/.local/share/multimc/libraries/org/apache/logging/log4j/log4j-api/2.16.0/log4j-api-2.16.0.jar:/home/gavinboor/.local/share/multimc/libraries/org/apache/logging/log4j/log4j-core/2.16.0/log4j-core-2.16.0.jar:/home/gavinboor/.local/share/multimc/libraries/com/mojang/text2speech/1.13.9/text2speech-1.13.9.jar:/home/gavinboor/.local/share/multimc/libraries/net/fabricmc/intermediary/1.19.2/intermediary-1.19.2.jar:/home/gavinboor/.local/share/multimc/libraries/net/fabricmc/tiny-mappings-parser/0.3.0+build.17/tiny-mappings-parser-0.3.0+build.17.jar:/home/gavinboor/.local/share/multimc/libraries/net/fabricmc/sponge-mixin/0.11.4+mixin.0.8.5/sponge-mixin-0.11.4+mixin.0.8.5.jar:/home/gavinboor/.local/share/multimc/libraries/net/fabricmc/tiny-remapper/0.8.2/tiny-remapper-0.8.2.jar:/home/gavinboor/.local/share/multimc/libraries/net/fabricmc/access-widener/2.1.0/access-widener-2.1.0.jar:/home/gavinboor/.local/share/multimc/libraries/org/ow2/asm/asm/9.3/asm-9.3.jar:/home/gavinboor/.local/share/multimc/libraries/org/ow2/asm/asm-analysis/9.3/asm-analysis-9.3.jar:/home/gavinboor/.local/share/multimc/libraries/org/ow2/asm/asm-commons/9.3/asm-commons-9.3.jar:/home/gavinboor/.local/share/multimc/libraries/org/ow2/asm/asm-tree/9.3/asm-tree-9.3.jar:/home/gavinboor/.local/share/multimc/libraries/org/ow2/asm/asm-util/9.3/asm-util-9.3.jar:/home/gavinboor/.local/share/multimc/libraries/net/fabricmc/fabric-loader/0.14.9/fabric-loader-0.14.9.jar:/home/gavinboor/.local/share/multimc/libraries/com/mojang/minecraft/1.19.2/minecraft-1.19.2-client.jar)
	at com.sun.jna.NativeLibrary.loadLibrary(NativeLibrary.java:301) ~[jna-5.10.0.jar:?]
	at com.sun.jna.NativeLibrary.getInstance(NativeLibrary.java:461) ~[jna-5.10.0.jar:?]
	at com.sun.jna.NativeLibrary.getInstance(NativeLibrary.java:403) ~[jna-5.10.0.jar:?]
	at com.mojang.text2speech.NarratorLinux.<clinit>(NarratorLinux.java:18) [text2speech-1.13.9.jar:?]
	at com.mojang.text2speech.Narrator.getNarrator(Narrator.java:21) [text2speech-1.13.9.jar:?]
	at net.minecraft.class_333.<init>(class_333.java:19) [client-intermediary.jar:?]
	at net.minecraft.class_310.<init>(class_310.java:637) [client-intermediary.jar:?]
	at net.minecraft.client.main.Main.method_44604(Main.java:205) [client-intermediary.jar:?]
	at net.minecraft.client.main.Main.main(Main.java:51) [client-intermediary.jar:?]
	at net.fabricmc.loader.impl.game.minecraft.MinecraftGameProvider.launch(MinecraftGameProvider.java:461) [fabric-loader-0.14.9.jar:?]
	at net.fabricmc.loader.impl.launch.knot.Knot.launch(Knot.java:74) [fabric-loader-0.14.9.jar:?]
	at net.fabricmc.loader.impl.launch.knot.KnotClient.main(KnotClient.java:23) [fabric-loader-0.14.9.jar:?]
	at jdk.internal.reflect.NativeMethodAccessorImpl.invoke0(Native Method) ~[?:?]
	at jdk.internal.reflect.NativeMethodAccessorImpl.invoke(NativeMethodAccessorImpl.java:77) ~[?:?]
	at jdk.internal.reflect.DelegatingMethodAccessorImpl.invoke(DelegatingMethodAccessorImpl.java:43) ~[?:?]
	at java.lang.reflect.Method.invoke(Method.java:568) ~[?:?]
	at org.multimc.onesix.OneSixLauncher.launchWithMainClass(OneSixLauncher.java:210) [NewLaunch.jar:?]
	at org.multimc.onesix.OneSixLauncher.launch(OneSixLauncher.java:245) [NewLaunch.jar:?]
	at org.multimc.EntryPoint.listen(EntryPoint.java:143) [NewLaunch.jar:?]
	at org.multimc.EntryPoint.main(EntryPoint.java:34) [NewLaunch.jar:?]
	Suppressed: java.lang.UnsatisfiedLinkError: libfliteWrapper.so: cannot open shared object file: No such file or directory
		at com.sun.jna.Native.open(Native Method) ~[jna-5.10.0.jar:?]
		at com.sun.jna.NativeLibrary.loadLibrary(NativeLibrary.java:191) ~[jna-5.10.0.jar:?]
		at com.sun.jna.NativeLibrary.getInstance(NativeLibrary.java:461) ~[jna-5.10.0.jar:?]
		at com.sun.jna.NativeLibrary.getInstance(NativeLibrary.java:403) ~[jna-5.10.0.jar:?]
		at com.mojang.text2speech.NarratorLinux.<clinit>(NarratorLinux.java:18) [text2speech-1.13.9.jar:?]
		at com.mojang.text2speech.Narrator.getNarrator(Narrator.java:21) [text2speech-1.13.9.jar:?]
		at net.minecraft.class_333.<init>(class_333.java:19) [client-intermediary.jar:?]
		at net.minecraft.class_310.<init>(class_310.java:637) [client-intermediary.jar:?]
		at net.minecraft.client.main.Main.method_44604(Main.java:205) [client-intermediary.jar:?]
		at net.minecraft.client.main.Main.main(Main.java:51) [client-intermediary.jar:?]
		at net.fabricmc.loader.impl.game.minecraft.MinecraftGameProvider.launch(MinecraftGameProvider.java:461) [fabric-loader-0.14.9.jar:?]
		at net.fabricmc.loader.impl.launch.knot.Knot.launch(Knot.java:74) [fabric-loader-0.14.9.jar:?]
		at net.fabricmc.loader.impl.launch.knot.KnotClient.main(KnotClient.java:23) [fabric-loader-0.14.9.jar:?]
		at jdk.internal.reflect.NativeMethodAccessorImpl.invoke0(Native Method) ~[?:?]
		at jdk.internal.reflect.NativeMethodAccessorImpl.invoke(NativeMethodAccessorImpl.java:77) ~[?:?]
		at jdk.internal.reflect.DelegatingMethodAccessorImpl.invoke(DelegatingMethodAccessorImpl.java:43) ~[?:?]
		at java.lang.reflect.Method.invoke(Method.java:568) ~[?:?]
		at org.multimc.onesix.OneSixLauncher.launchWithMainClass(OneSixLauncher.java:210) [NewLaunch.jar:?]
		at org.multimc.onesix.OneSixLauncher.launch(OneSixLauncher.java:245) [NewLaunch.jar:?]
		at org.multimc.EntryPoint.listen(EntryPoint.java:143) [NewLaunch.jar:?]
		at org.multimc.EntryPoint.main(EntryPoint.java:34) [NewLaunch.jar:?]
	Suppressed: java.lang.UnsatisfiedLinkError: libfliteWrapper.so: cannot open shared object file: No such file or directory
		at com.sun.jna.Native.open(Native Method) ~[jna-5.10.0.jar:?]
		at com.sun.jna.NativeLibrary.loadLibrary(NativeLibrary.java:204) ~[jna-5.10.0.jar:?]
		at com.sun.jna.NativeLibrary.getInstance(NativeLibrary.java:461) ~[jna-5.10.0.jar:?]
		at com.sun.jna.NativeLibrary.getInstance(NativeLibrary.java:403) ~[jna-5.10.0.jar:?]
		at com.mojang.text2speech.NarratorLinux.<clinit>(NarratorLinux.java:18) [text2speech-1.13.9.jar:?]
		at com.mojang.text2speech.Narrator.getNarrator(Narrator.java:21) [text2speech-1.13.9.jar:?]
		at net.minecraft.class_333.<init>(class_333.java:19) [client-intermediary.jar:?]
		at net.minecraft.class_310.<init>(class_310.java:637) [client-intermediary.jar:?]
		at net.minecraft.client.main.Main.method_44604(Main.java:205) [client-intermediary.jar:?]
		at net.minecraft.client.main.Main.main(Main.java:51) [client-intermediary.jar:?]
		at net.fabricmc.loader.impl.game.minecraft.MinecraftGameProvider.launch(MinecraftGameProvider.java:461) [fabric-loader-0.14.9.jar:?]
		at net.fabricmc.loader.impl.launch.knot.Knot.launch(Knot.java:74) [fabric-loader-0.14.9.jar:?]
		at net.fabricmc.loader.impl.launch.knot.KnotClient.main(KnotClient.java:23) [fabric-loader-0.14.9.jar:?]
		at jdk.internal.reflect.NativeMethodAccessorImpl.invoke0(Native Method) ~[?:?]
		at jdk.internal.reflect.NativeMethodAccessorImpl.invoke(NativeMethodAccessorImpl.java:77) ~[?:?]
		at jdk.internal.reflect.DelegatingMethodAccessorImpl.invoke(DelegatingMethodAccessorImpl.java:43) ~[?:?]
		at java.lang.reflect.Method.invoke(Method.java:568) ~[?:?]
		at org.multimc.onesix.OneSixLauncher.launchWithMainClass(OneSixLauncher.java:210) [NewLaunch.jar:?]
		at org.multimc.onesix.OneSixLauncher.launch(OneSixLauncher.java:245) [NewLaunch.jar:?]
		at org.multimc.EntryPoint.listen(EntryPoint.java:143) [NewLaunch.jar:?]
		at org.multimc.EntryPoint.main(EntryPoint.java:34) [NewLaunch.jar:?]
	Suppressed: java.io.IOException: Native library (linux-x86-64/libfliteWrapper.so) not found in resource path (/home/gavinboor/.local/share/multimc/bin/jars/NewLaunch.jar:/home/gavinboor/.local/share/multimc/libraries/org/lwjgl/lwjgl-glfw/3.3.1/lwjgl-glfw-3.3.1.jar:/home/gavinboor/.local/share/multimc/libraries/org/lwjgl/lwjgl-jemalloc/3.3.1/lwjgl-jemalloc-3.3.1.jar:/home/gavinboor/.local/share/multimc/libraries/org/lwjgl/lwjgl-openal/3.3.1/lwjgl-openal-3.3.1.jar:/home/gavinboor/.local/share/multimc/libraries/org/lwjgl/lwjgl-opengl/3.3.1/lwjgl-opengl-3.3.1.jar:/home/gavinboor/.local/share/multimc/libraries/org/lwjgl/lwjgl-stb/3.3.1/lwjgl-stb-3.3.1.jar:/home/gavinboor/.local/share/multimc/libraries/org/lwjgl/lwjgl-tinyfd/3.3.1/lwjgl-tinyfd-3.3.1.jar:/home/gavinboor/.local/share/multimc/libraries/org/lwjgl/lwjgl/3.3.1/lwjgl-3.3.1.jar:/home/gavinboor/.local/share/multimc/libraries/com/mojang/logging/1.0.0/logging-1.0.0.jar:/home/gavinboor/.local/share/multimc/libraries/com/mojang/blocklist/1.0.10/blocklist-1.0.10.jar:/home/gavinboor/.local/share/multimc/libraries/com/mojang/patchy/2.2.10/patchy-2.2.10.jar:/home/gavinboor/.local/share/multimc/libraries/com/github/oshi/oshi-core/5.8.5/oshi-core-5.8.5.jar:/home/gavinboor/.local/share/multimc/libraries/net/java/dev/jna/jna/5.10.0/jna-5.10.0.jar:/home/gavinboor/.local/share/multimc/libraries/net/java/dev/jna/jna-platform/5.10.0/jna-platform-5.10.0.jar:/home/gavinboor/.local/share/multimc/libraries/org/slf4j/slf4j-api/1.8.0-beta4/slf4j-api-1.8.0-beta4.jar:/home/gavinboor/.local/share/multimc/libraries/org/apache/logging/log4j/log4j-slf4j18-impl/2.16.0/log4j-slf4j18-impl-2.16.0.jar:/home/gavinboor/.local/share/multimc/libraries/com/ibm/icu/icu4j/70.1/icu4j-70.1.jar:/home/gavinboor/.local/share/multimc/libraries/com/mojang/javabridge/1.2.24/javabridge-1.2.24.jar:/home/gavinboor/.local/share/multimc/libraries/net/sf/jopt-simple/jopt-simple/5.0.4/jopt-simple-5.0.4.jar:/home/gavinboor/.local/share/multimc/libraries/io/netty/netty-common/4.1.77.Final/netty-common-4.1.77.Final.jar:/home/gavinboor/.local/share/multimc/libraries/io/netty/netty-buffer/4.1.77.Final/netty-buffer-4.1.77.Final.jar:/home/gavinboor/.local/share/multimc/libraries/io/netty/netty-codec/4.1.77.Final/netty-codec-4.1.77.Final.jar:/home/gavinboor/.local/share/multimc/libraries/io/netty/netty-handler/4.1.77.Final/netty-handler-4.1.77.Final.jar:/home/gavinboor/.local/share/multimc/libraries/io/netty/netty-resolver/4.1.77.Final/netty-resolver-4.1.77.Final.jar:/home/gavinboor/.local/share/multimc/libraries/io/netty/netty-transport/4.1.77.Final/netty-transport-4.1.77.Final.jar:/home/gavinboor/.local/share/multimc/libraries/io/netty/netty-transport-native-unix-common/4.1.77.Final/netty-transport-native-unix-common-4.1.77.Final.jar:/home/gavinboor/.local/share/multimc/libraries/io/netty/netty-transport-classes-epoll/4.1.77.Final/netty-transport-classes-epoll-4.1.77.Final.jar:/home/gavinboor/.local/share/multimc/libraries/io/netty/netty-transport-native-epoll/4.1.77.Final/netty-transport-native-epoll-4.1.77.Final-linux-x86_64.jar:/home/gavinboor/.local/share/multimc/libraries/com/google/guava/failureaccess/1.0.1/failureaccess-1.0.1.jar:/home/gavinboor/.local/share/multimc/libraries/com/google/guava/guava/31.0.1-jre/guava-31.0.1-jre.jar:/home/gavinboor/.local/share/multimc/libraries/org/apache/commons/commons-lang3/3.12.0/commons-lang3-3.12.0.jar:/home/gavinboor/.local/share/multimc/libraries/commons-io/commons-io/2.11.0/commons-io-2.11.0.jar:/home/gavinboor/.local/share/multimc/libraries/commons-codec/commons-codec/1.15/commons-codec-1.15.jar:/home/gavinboor/.local/share/multimc/libraries/com/mojang/brigadier/1.0.18/brigadier-1.0.18.jar:/home/gavinboor/.local/share/multimc/libraries/com/mojang/datafixerupper/5.0.28/datafixerupper-5.0.28.jar:/home/gavinboor/.local/share/multimc/libraries/com/google/code/gson/gson/2.8.9/gson-2.8.9.jar:/home/gavinboor/.local/share/multimc/libraries/com/mojang/authlib/3.11.49/authlib-3.11.49.jar:/home/gavinboor/.local/share/multimc/libraries/org/apache/commons/commons-compress/1.21/commons-compress-1.21.jar:/home/gavinboor/.local/share/multimc/libraries/org/apache/httpcomponents/httpclient/4.5.13/httpclient-4.5.13.jar:/home/gavinboor/.local/share/multimc/libraries/commons-logging/commons-logging/1.2/commons-logging-1.2.jar:/home/gavinboor/.local/share/multimc/libraries/org/apache/httpcomponents/httpcore/4.4.14/httpcore-4.4.14.jar:/home/gavinboor/.local/share/multimc/libraries/it/unimi/dsi/fastutil/8.5.6/fastutil-8.5.6.jar:/home/gavinboor/.local/share/multimc/libraries/org/apache/logging/log4j/log4j-api/2.16.0/log4j-api-2.16.0.jar:/home/gavinboor/.local/share/multimc/libraries/org/apache/logging/log4j/log4j-core/2.16.0/log4j-core-2.16.0.jar:/home/gavinboor/.local/share/multimc/libraries/com/mojang/text2speech/1.13.9/text2speech-1.13.9.jar:/home/gavinboor/.local/share/multimc/libraries/net/fabricmc/intermediary/1.19.2/intermediary-1.19.2.jar:/home/gavinboor/.local/share/multimc/libraries/net/fabricmc/tiny-mappings-parser/0.3.0+build.17/tiny-mappings-parser-0.3.0+build.17.jar:/home/gavinboor/.local/share/multimc/libraries/net/fabricmc/sponge-mixin/0.11.4+mixin.0.8.5/sponge-mixin-0.11.4+mixin.0.8.5.jar:/home/gavinboor/.local/share/multimc/libraries/net/fabricmc/tiny-remapper/0.8.2/tiny-remapper-0.8.2.jar:/home/gavinboor/.local/share/multimc/libraries/net/fabricmc/access-widener/2.1.0/access-widener-2.1.0.jar:/home/gavinboor/.local/share/multimc/libraries/org/ow2/asm/asm/9.3/asm-9.3.jar:/home/gavinboor/.local/share/multimc/libraries/org/ow2/asm/asm-analysis/9.3/asm-analysis-9.3.jar:/home/gavinboor/.local/share/multimc/libraries/org/ow2/asm/asm-commons/9.3/asm-commons-9.3.jar:/home/gavinboor/.local/share/multimc/libraries/org/ow2/asm/asm-tree/9.3/asm-tree-9.3.jar:/home/gavinboor/.local/share/multimc/libraries/org/ow2/asm/asm-util/9.3/asm-util-9.3.jar:/home/gavinboor/.local/share/multimc/libraries/net/fabricmc/fabric-loader/0.14.9/fabric-loader-0.14.9.jar:/home/gavinboor/.local/share/multimc/libraries/com/mojang/minecraft/1.19.2/minecraft-1.19.2-client.jar)
		at com.sun.jna.Native.extractFromResourcePath(Native.java:1145) ~[jna-5.10.0.jar:?]
		at com.sun.jna.NativeLibrary.loadLibrary(NativeLibrary.java:275) ~[jna-5.10.0.jar:?]
		at com.sun.jna.NativeLibrary.getInstance(NativeLibrary.java:461) ~[jna-5.10.0.jar:?]
		at com.sun.jna.NativeLibrary.getInstance(NativeLibrary.java:403) ~[jna-5.10.0.jar:?]
		at com.mojang.text2speech.NarratorLinux.<clinit>(NarratorLinux.java:18) [text2speech-1.13.9.jar:?]
		at com.mojang.text2speech.Narrator.getNarrator(Narrator.java:21) [text2speech-1.13.9.jar:?]
		at net.minecraft.class_333.<init>(class_333.java:19) [client-intermediary.jar:?]
		at net.minecraft.class_310.<init>(class_310.java:637) [client-intermediary.jar:?]
		at net.minecraft.client.main.Main.method_44604(Main.java:205) [client-intermediary.jar:?]
		at net.minecraft.client.main.Main.main(Main.java:51) [client-intermediary.jar:?]
		at net.fabricmc.loader.impl.game.minecraft.MinecraftGameProvider.launch(MinecraftGameProvider.java:461) [fabric-loader-0.14.9.jar:?]
		at net.fabricmc.loader.impl.launch.knot.Knot.launch(Knot.java:74) [fabric-loader-0.14.9.jar:?]
		at net.fabricmc.loader.impl.launch.knot.KnotClient.main(KnotClient.java:23) [fabric-loader-0.14.9.jar:?]
		at jdk.internal.reflect.NativeMethodAccessorImpl.invoke0(Native Method) ~[?:?]
		at jdk.internal.reflect.NativeMethodAccessorImpl.invoke(NativeMethodAccessorImpl.java:77) ~[?:?]
		at jdk.internal.reflect.DelegatingMethodAccessorImpl.invoke(DelegatingMethodAccessorImpl.java:43) ~[?:?]
		at java.lang.reflect.Method.invoke(Method.java:568) ~[?:?]
		at org.multimc.onesix.OneSixLauncher.launchWithMainClass(OneSixLauncher.java:210) [NewLaunch.jar:?]
		at org.multimc.onesix.OneSixLauncher.launch(OneSixLauncher.java:245) [NewLaunch.jar:?]
		at org.multimc.EntryPoint.listen(EntryPoint.java:143) [NewLaunch.jar:?]
		at org.multimc.EntryPoint.main(EntryPoint.java:34) [NewLaunch.jar:?]
[10:11:55] [Render thread/INFO]: Reloading ResourceManager: Default, Fabric Mods (Fabric API, Fabric API Base, Fabric API Lookup API (v1), Fabric Biome API (v1), Fabric BlockRenderLayer Registration (v1), Fabric Client Tags, Fabric Command API (v1), Fabric Command API (v2), Fabric Commands (v0), Fabric Containers (v0), Fabric Content Registries (v0), Fabric Convention Tags, Fabric Crash Report Info (v1), Fabric Data Generation API (v1), Fabric Dimensions API (v1), Fabric Entity Events (v1), Fabric Events Interaction (v0), Fabric Events Lifecycle (v0), Fabric Game Rule API (v1), Fabric Item API (v1), Fabric Item Groups (v0), Fabric Key Binding API (v1), Fabric Key Bindings (v0), Fabric Lifecycle Events (v1), Fabric Loot API (v2), Fabric Loot Tables (v1), Fabric Message API (v1), Fabric Mining Level API (v1), Fabric Models (v0), Fabric Networking API (v1), Fabric Networking (v0), Fabric Object Builder API (v1), Fabric Particles (v1), Fabric Registry Sync (v0), Fabric Renderer API (v1), Fabric Renderer - Indigo, Fabric Renderer Registries (v1), Fabric Rendering Data Attachment (v1), Fabric Rendering Fluids (v1), Fabric Rendering (v0), Fabric Rendering (v1), Fabric Resource Conditions API (v1), Fabric Resource Loader (v0), Fabric Screen API (v1), Fabric Screen Handler API (v1), Fabric Textures (v0), Fabric Transfer API (v1), Fabric Transitive Access Wideners (v1), Fabric Loader, Wurst Client, Xaero's Minimap, Xaero's World Map)
[10:11:56] [Render thread/INFO]: Loading Xaero's Minimap - Stage 2/2
[10:11:58] [Render thread/INFO]: Xaero's Minimap: World Map found!
[10:11:58] [Render thread/INFO]: No Optifine!
[10:11:58] [Render thread/INFO]: Xaero's Minimap: No Vivecraft!
[10:11:58] [Render thread/INFO]: Loading Xaero's World Map - Stage 2/2
[10:11:58] [Render thread/INFO]: New world map region cache hash code: 687554333
[10:11:58] [Render thread/INFO]: Xaero's WorldMap Mod: Xaero's minimap found!
[10:11:58] [Render thread/INFO]: No Optifine!
[10:11:58] [Render thread/INFO]: Xaero's World Map: No Vivecraft!
[10:12:03] [Render thread/WARN]: Missing sound for event: minecraft:item.goat_horn.play
[10:12:03] [Render thread/WARN]: Missing sound for event: minecraft:entity.goat.screaming.horn_break
[10:12:03] [Render thread/INFO]: OpenAL initialized on device VirtIO SoundCard
[10:12:03] [Render thread/INFO]: Sound engine started
[10:12:04] [Render thread/INFO]: Created: 1024x1024x0 minecraft:textures/atlas/blocks.png-atlas
[10:12:04] [Render thread/INFO]: Created: 256x128x0 minecraft:textures/atlas/signs.png-atlas
[10:12:04] [Render thread/INFO]: Created: 1024x512x0 minecraft:textures/atlas/banner_patterns.png-atlas
[10:12:04] [Render thread/INFO]: Created: 1024x512x0 minecraft:textures/atlas/shield_patterns.png-atlas
[10:12:04] [Render thread/INFO]: Created: 256x256x0 minecraft:textures/atlas/chest.png-atlas
[10:12:04] [Render thread/INFO]: Created: 512x256x0 minecraft:textures/atlas/beds.png-atlas
[10:12:04] [Render thread/INFO]: Created: 512x256x0 minecraft:textures/atlas/shulker_boxes.png-atlas
[10:12:06] [Render thread/WARN]: Shader rendertype_entity_translucent_emissive could not find sampler named Sampler2 in the specified shader program.
[10:12:07] [Render thread/INFO]: Created: 512x256x0 minecraft:textures/atlas/particles.png-atlas
[10:12:07] [Render thread/INFO]: Created: 256x256x0 minecraft:textures/atlas/paintings.png-atlas
[10:12:07] [Render thread/INFO]: Created: 256x128x0 minecraft:textures/atlas/mob_effects.png-atlas
[10:12:07] [Render thread/INFO]: Successfully reloaded the minimap shaders!
[10:12:07] [Render thread/INFO]: Successfully reloaded the world map shaders!
[10:12:24] [Worker-Bootstrap-6/INFO]: 4283 Datafixer optimizations took 44001 milliseconds
[10:12:35] [Render thread/INFO]: Connecting to play.survivewith.us, 25565
[10:12:36] [Render thread/INFO]: New minimap session initialized!
[10:12:37] [Render thread/INFO]: New world map session initialized!
[10:12:37] [Render thread/INFO]: [STDOUT]: Baritone world data dir: /home/gavinboor/.local/share/multimc/instances/Baritone - Wurst/.minecraft/baritone/play.survivewith.us/minecraft/overworld_384
[10:12:37] [Render thread/INFO]: [STDOUT]: Cached world directory: /home/gavinboor/.local/share/multimc/instances/Baritone - Wurst/.minecraft/baritone/play.survivewith.us/minecraft/overworld_384/cache
[10:12:37] [Render thread/INFO]: [STDOUT]: Would save waypoints to /home/gavinboor/.local/share/multimc/instances/Baritone - Wurst/.minecraft/baritone/play.survivewith.us/minecraft/overworld_384/waypoints
[10:12:37] [Render thread/INFO]: [STDOUT]: Telemetry sending attempt blocked.
[10:12:37] [Render thread/INFO]: [STDOUT]: Telemetry sending attempt blocked.
[10:12:37] [Render thread/WARN]: Not all defined tags for registry ResourceKey[minecraft:root / minecraft:block] are present in data pack: minecraft:ancient_city_replaceable, minecraft:mangrove_logs_can_grow_through, minecraft:mangrove_roots_can_grow_through, minecraft:nether_carver_replaceables, minecraft:overworld_carver_replaceables
[10:12:38] [Render thread/INFO]: [System] [CHAT] 
[10:12:38] [Render thread/INFO]: [System] [CHAT] 
[10:12:38] [Render thread/INFO]: [System] [CHAT] Welcome back to SurviveWithUs YELLOW, CodeOverload!
[10:12:38] [Render thread/INFO]: [System] [CHAT] 
[10:12:38] [Render thread/INFO]: [System] [CHAT] §bYou're currently receiving an §6§lXP§b or §6§lMoney Boost!§b Click §bhere §bto §bview §byour §6§l/boosts!
[10:12:38] [Render thread/INFO]: [System] [CHAT] 
[10:12:38] [Render thread/INFO]: Loaded 854 advancements
[10:12:38] [pool-2-thread-1/INFO]: [STDOUT]: Loading region -3,14 from disk /home/gavinboor/.local/share/multimc/instances/Baritone - Wurst/.minecraft/baritone/play.survivewith.us/minecraft/overworld_384/cache
[10:12:38] [Render thread/INFO]: Reloading entity icon resources...
[10:12:38] [Render thread/INFO]: Done!
[10:12:38] [Render thread/INFO]: [STDOUT]: Brightness started at 0.5
[10:12:38] [pool-2-thread-1/INFO]: [STDOUT]: Loaded region successfully in 301ms
[10:12:39] [pool-2-thread-1/INFO]: [STDOUT]: Loading region -4,14 from disk /home/gavinboor/.local/share/multimc/instances/Baritone - Wurst/.minecraft/baritone/play.survivewith.us/minecraft/overworld_384/cache
[10:12:39] [pool-2-thread-1/INFO]: [STDOUT]: Loaded region successfully in 79ms
[10:12:39] [WurstUpdater/INFO]: [STDOUT]: [Updater] Current version: 7.28
[10:12:39] [WurstUpdater/INFO]: [STDOUT]: [Updater] Latest version: 7.28
[10:13:06] [Render thread/INFO]: [System] [CHAT] Remember to /vote to get your next /rank and unlock epic rewards!
[10:13:07] [pool-2-thread-2/INFO]: [STDOUT]: Saving region -4,14 to disk /home/gavinboor/.local/share/multimc/instances/Baritone - Wurst/.minecraft/baritone/play.survivewith.us/minecraft/overworld_384/cache
[10:13:07] [ForkJoinPool.commonPool-worker-7/INFO]: [STDOUT]: Saving region -3,14 to disk /home/gavinboor/.local/share/multimc/instances/Baritone - Wurst/.minecraft/baritone/play.survivewith.us/minecraft/overworld_384/cache
[10:13:07] [pool-2-thread-2/INFO]: [STDOUT]: Saved region successfully
[10:13:07] [ForkJoinPool.commonPool-worker-7/INFO]: [STDOUT]: Saved region successfully
[10:13:07] [pool-2-thread-2/INFO]: [STDOUT]: World save took 268ms
[10:15:57] [Render thread/INFO]: Minimap session finalized.
[10:15:57] [Render thread/INFO]: Finalizing world map session...
[10:15:57] [Thread-1/INFO]: World map force-cleaned!
[10:15:57] [Render thread/INFO]: World map session finalized.
[10:15:57] [Render thread/INFO]: [STDOUT]: Telemetry sending attempt blocked.
[10:15:57] [Render thread/INFO]: [STDOUT]: Disconnected: translation{key='disconnect.timeout', args=[]}
[10:16:02] [Render thread/INFO]: Connecting to play.survivewith.us, 25565
[10:16:03] [Render thread/INFO]: New minimap session initialized!
[10:16:03] [Render thread/INFO]: New world map session initialized!
[10:16:03] [Render thread/INFO]: [STDOUT]: Baritone world data dir: /home/gavinboor/.local/share/multimc/instances/Baritone - Wurst/.minecraft/baritone/play.survivewith.us/minecraft/overworld_384
[10:16:03] [pool-2-thread-3/INFO]: [STDOUT]: Started saving the world in a new thread
[10:16:03] [pool-2-thread-3/INFO]: [STDOUT]: Saving region -3,14 to disk /home/gavinboor/.local/share/multimc/instances/Baritone - Wurst/.minecraft/baritone/play.survivewith.us/minecraft/overworld_384/cache
[10:16:03] [Render thread/INFO]: [STDOUT]: Telemetry sending attempt blocked.
[10:16:03] [Render thread/INFO]: [STDOUT]: Telemetry sending attempt blocked.
[10:16:03] [Render thread/WARN]: Not all defined tags for registry ResourceKey[minecraft:root / minecraft:block] are present in data pack: minecraft:ancient_city_replaceable, minecraft:mangrove_logs_can_grow_through, minecraft:mangrove_roots_can_grow_through, minecraft:nether_carver_replaceables, minecraft:overworld_carver_replaceables
[10:16:03] [pool-2-thread-3/INFO]: [STDOUT]: Saved region successfully
[10:16:03] [pool-2-thread-3/INFO]: [STDOUT]: World save took 221ms
[10:16:03] [Render thread/INFO]: Loaded 854 advancements
[10:16:03] [Render thread/INFO]: [System] [CHAT] 
[10:16:03] [Render thread/INFO]: [System] [CHAT]  [x2]
[10:16:03] [Render thread/INFO]: [System] [CHAT] Welcome back to SurviveWithUs YELLOW, CodeOverload!
[10:16:03] [Render thread/INFO]: [System] [CHAT]  [x3]
[10:16:03] [pool-2-thread-1/INFO]: [STDOUT]: Loading region -3,14 from disk /home/gavinboor/.local/share/multimc/instances/Baritone - Wurst/.minecraft/baritone/play.survivewith.us/minecraft/overworld_384/cache
[10:16:03] [Render thread/INFO]: [System] [CHAT] §bYou're currently receiving an §6§lXP§b or §6§lMoney Boost!§b Click §bhere §bto §bview §byour §6§l/boosts!
[10:16:03] [Render thread/INFO]: [System] [CHAT]  [x4]
[10:16:03] [pool-2-thread-1/INFO]: [STDOUT]: Loaded region successfully in 218ms
[10:16:05] [Render thread/INFO]: [System] [CHAT] [MVP] Unbent> wb.
[10:16:33] [Render thread/INFO]: [System] [CHAT] Remember to /vote to get your next /rank and unlock epic rewards!
[10:16:47] [Render thread/INFO]: [System] [CHAT] [MVP] Unbent> Codeoverload do you have mythical coin?
[10:17:12] [Render thread/INFO]: [System] [CHAT] [Binary] CodeOverload> yes
[10:17:14] [Render thread/INFO]: [System] [CHAT] [Binary] CodeOverload> ty
[10:17:24] [Render thread/INFO]: [System] [CHAT] [MVP] Unbent> I wanna by x3 and x4 you selling?
[10:17:31] [Render thread/INFO]: [System] [CHAT] You can now fly by double-jumping!
[10:17:50] [Render thread/INFO]: [System] [CHAT] [Binary] CodeOverload> no i have no extras
[10:17:53] [Render thread/INFO]: [System] [CHAT] [Binary] CodeOverload> sorry
[10:17:55] [Render thread/INFO]: [System] [CHAT] [MVP] Unbent> Oh.
[10:18:02] [Render thread/INFO]: [System] [CHAT] [MVP] Unbent> Its fine.
[10:18:37] [Render thread/INFO]: [System] [CHAT] You can only use this item once every 5 minutes!
[10:18:41] [Render thread/INFO]: [System] [CHAT] Available Commands: 1/17
[10:18:41] [Render thread/INFO]: [System] [CHAT] Afk: Let other players know you've gone afk.
[10:18:41] [Render thread/INFO]: [System] [CHAT] Back: Teleport to where you previously were.
[10:18:41] [Render thread/INFO]: [System] [CHAT] Backpack: Opens your backpack.
[10:18:41] [Render thread/INFO]: [System] [CHAT] Balance: Find out how much money you have.
[10:18:41] [Render thread/INFO]: [System] [CHAT] Blacklist: Blacklist a player from doing things in your claim.
[10:18:50] [Render thread/INFO]: [System] [CHAT] You can only use this item once every 5 minutes! [x2]
[10:18:51] [Render thread/INFO]: [System] [CHAT] [MVP] Unbent> Do you have mythical apple (i am selling 1).
[10:18:59] [Render thread/INFO]: [System] [CHAT] [Binary] CodeOverload> i have mine
[10:19:12] [Render thread/INFO]: [System] [CHAT] [Binary] CodeOverload> only mythics i need are spiders drop
[10:19:23] [Render thread/INFO]: [System] [CHAT] [Binary] CodeOverload> and wither skele dro
[10:19:24] [Render thread/INFO]: [System] [CHAT] [Binary] CodeOverload> drop
[10:19:41] [Render thread/INFO]: [System] [CHAT] [MVP] Unbent> What does the spider drop?
[10:19:52] [Render thread/INFO]: [System] [CHAT] [Binary] CodeOverload> idk
[10:20:31] [Render thread/INFO]: [System] [CHAT] [MVP] Unbent> What does the spider and wither thing?
[10:21:25] [Render thread/INFO]: [System] [CHAT] [Binary] CodeOverload> oh
[10:21:34] [Render thread/INFO]: [System] [CHAT] [Binary] CodeOverload> i also need haste clover
[10:21:40] [Render thread/INFO]: [System] [CHAT] [Binary] CodeOverload> tboss drops
[10:21:44] [Render thread/INFO]: [System] [CHAT] [Binary] CodeOverload> the boss drops*
[10:22:44] [Render thread/INFO]: [System] [CHAT] [MVP] Unbent> Do you have some hallowed you can give me I have bad armor.
[10:23:04] [Render thread/INFO]: [System] [CHAT] [MVP] Unbent> Yes.
[10:23:07] [pool-2-thread-2/INFO]: [STDOUT]: Saving region -3,14 to disk /home/gavinboor/.local/share/multimc/instances/Baritone - Wurst/.minecraft/baritone/play.survivewith.us/minecraft/overworld_384/cache
[10:23:07] [pool-2-thread-2/INFO]: [STDOUT]: Saved region successfully
[10:23:07] [pool-2-thread-2/INFO]: [STDOUT]: World save took 206ms
[10:23:17] [Render thread/INFO]: [System] [CHAT] [Binary] CodeOverload> um
[10:23:25] [Render thread/INFO]: [System] [CHAT] [Binary] CodeOverload> no lol
[10:23:31] [Render thread/INFO]: [System] [CHAT] [Binary] CodeOverload> actually
[10:23:32] [Render thread/INFO]: [System] [CHAT] [Binary] CodeOverload> i do
[10:23:39] [Render thread/INFO]: [System] [CHAT] [Binary] CodeOverload> i have a chestplate
[10:23:52] [Render thread/INFO]: [System] [CHAT] [MVP] Unbent> You wanna give me or...?
[10:23:55] [Render thread/INFO]: [System] [CHAT] [Binary] CodeOverload> sure
[10:23:58] [Render thread/INFO]: [System] [CHAT] [MVP] Unbent> Ty.
[10:24:03] [Render thread/INFO]: [System] [CHAT] [Binary] CodeOverload> its renamed so it has no value to e
[10:24:04] [Render thread/INFO]: [System] [CHAT] [Binary] CodeOverload> me
[10:24:07] [Render thread/INFO]: [System] [CHAT] [Binary] CodeOverload> i bought it renamed
[10:24:10] [Render thread/INFO]: [System] [CHAT] You have asked Unbent if you can teleport to them.
[10:24:14] [pool-2-thread-4/INFO]: [STDOUT]: Started saving the world in a new thread
[10:24:14] [pool-2-thread-4/INFO]: [STDOUT]: Saving region -3,14 to disk /home/gavinboor/.local/share/multimc/instances/Baritone - Wurst/.minecraft/baritone/play.survivewith.us/minecraft/overworld_384/cache
[10:24:14] [Render thread/INFO]: [STDOUT]: Baritone world data dir: /home/gavinboor/.local/share/multimc/instances/Baritone - Wurst/.minecraft/baritone/play.survivewith.us/minecraft/spawn_384
[10:24:14] [Render thread/INFO]: [STDOUT]: Cached world directory: /home/gavinboor/.local/share/multimc/instances/Baritone - Wurst/.minecraft/baritone/play.survivewith.us/minecraft/spawn_384/cache
[10:24:14] [Render thread/INFO]: [STDOUT]: Would save waypoints to /home/gavinboor/.local/share/multimc/instances/Baritone - Wurst/.minecraft/baritone/play.survivewith.us/minecraft/spawn_384/waypoints
[10:24:14] [pool-2-thread-3/INFO]: [STDOUT]: Loading region 0,0 from disk /home/gavinboor/.local/share/multimc/instances/Baritone - Wurst/.minecraft/baritone/play.survivewith.us/minecraft/spawn_384/cache
[10:24:14] [pool-2-thread-3/INFO]: [STDOUT]: Loaded region successfully in 141ms
[10:24:14] [pool-2-thread-4/INFO]: [STDOUT]: Saved region successfully
[10:24:14] [pool-2-thread-4/INFO]: [STDOUT]: World save took 251ms
[10:24:14] [pool-2-thread-3/INFO]: [STDOUT]: Loading region -1,0 from disk /home/gavinboor/.local/share/multimc/instances/Baritone - Wurst/.minecraft/baritone/play.survivewith.us/minecraft/spawn_384/cache
[10:24:14] [pool-2-thread-3/INFO]: [STDOUT]: Loaded region successfully in 75ms
[10:24:14] [pool-2-thread-3/INFO]: [STDOUT]: Loading region 0,-1 from disk /home/gavinboor/.local/share/multimc/instances/Baritone - Wurst/.minecraft/baritone/play.survivewith.us/minecraft/spawn_384/cache
[10:24:14] [pool-2-thread-3/INFO]: [STDOUT]: Loaded region successfully in 71ms
[10:24:15] [pool-2-thread-3/INFO]: [STDOUT]: Loading region -1,-1 from disk /home/gavinboor/.local/share/multimc/instances/Baritone - Wurst/.minecraft/baritone/play.survivewith.us/minecraft/spawn_384/cache
[10:24:15] [pool-2-thread-3/INFO]: [STDOUT]: Loaded region successfully in 49ms
[10:24:19] [pool-2-thread-4/INFO]: [STDOUT]: Started saving the world in a new thread
[10:24:19] [Render thread/INFO]: [STDOUT]: Baritone world data dir: /home/gavinboor/.local/share/multimc/instances/Baritone - Wurst/.minecraft/baritone/play.survivewith.us/minecraft/overworld_384
[10:24:19] [pool-2-thread-4/INFO]: [STDOUT]: Saving region -1,0 to disk /home/gavinboor/.local/share/multimc/instances/Baritone - Wurst/.minecraft/baritone/play.survivewith.us/minecraft/spawn_384/cache
[10:24:19] [ForkJoinPool.commonPool-worker-12/INFO]: [STDOUT]: Saving region 0,-1 to disk /home/gavinboor/.local/share/multimc/instances/Baritone - Wurst/.minecraft/baritone/play.survivewith.us/minecraft/spawn_384/cache
[10:24:19] [ForkJoinPool.commonPool-worker-13/INFO]: [STDOUT]: Saving region 0,0 to disk /home/gavinboor/.local/share/multimc/instances/Baritone - Wurst/.minecraft/baritone/play.survivewith.us/minecraft/spawn_384/cache
[10:24:19] [ForkJoinPool.commonPool-worker-14/INFO]: [STDOUT]: Saving region -1,-1 to disk /home/gavinboor/.local/share/multimc/instances/Baritone - Wurst/.minecraft/baritone/play.survivewith.us/minecraft/spawn_384/cache
[10:24:19] [ForkJoinPool.commonPool-worker-14/INFO]: [STDOUT]: Saved region successfully
[10:24:19] [pool-2-thread-4/INFO]: [STDOUT]: Saved region successfully
[10:24:19] [ForkJoinPool.commonPool-worker-12/INFO]: [STDOUT]: Saved region successfully
[10:24:19] [ForkJoinPool.commonPool-worker-13/INFO]: [STDOUT]: Saved region successfully
[10:24:19] [pool-2-thread-4/INFO]: [STDOUT]: World save took 120ms
[10:24:44] [pool-2-thread-5/INFO]: [STDOUT]: World save took 0ms
[10:25:14] [Render thread/INFO]: [System] [CHAT] [MVP] Unbent> You know someon I can by mythical coins from??
[10:25:15] [Render thread/INFO]: [System] [CHAT] [Binary] CodeOverload> you got a masters chest?
[10:25:18] [Render thread/INFO]: [System] [CHAT] [Binary] CodeOverload> um [x2]
[10:25:21] [Render thread/INFO]: [System] [CHAT] [MVP] Unbent> Yes. [x2]
[10:25:22] [Render thread/INFO]: [System] [CHAT] [Binary] CodeOverload> hades maybe
[10:25:27] [Render thread/INFO]: [System] [CHAT] [Binary] CodeOverload> can i have it
[10:25:33] [Render thread/INFO]: [System] [CHAT] [MVP] Unbent> Or wait.
[10:26:00] [Render thread/INFO]: [System] [CHAT] [Binary] CodeOverload> wdym
[10:26:10] [Render thread/INFO]: [System] [CHAT] [MVP] Unbent> I had masers.
[10:26:16] [Render thread/INFO]: [System] [CHAT] [MVP] Unbent> Not eny moree!
[10:26:22] [Render thread/INFO]: [System] [CHAT] [MVP] Unbent> Idk what it is.
[10:26:36] [Render thread/INFO]: [System] [CHAT] [Binary] CodeOverload> :(
[10:26:43] [Render thread/INFO]: [System] [CHAT] [MVP] Unbent> Where *.
[10:26:55] [Render thread/INFO]: [System] [CHAT] You don't have enough keys to use this option!
[10:26:56] [Render thread/INFO]: [System] [CHAT] You don't have enough keys to use this option! [x2]
[10:26:57] [Render thread/INFO]: [System] [CHAT] [MVP] Unbent> Sorry.
[10:27:34] [Render thread/INFO]: [System] [CHAT] [MVP] Unbent> You have wither skell spawn egg?
[10:27:50] [Render thread/INFO]: [System] [CHAT] [MVP] Unbent> Or nvm.
[10:27:53] [Render thread/INFO]: [System] [CHAT] [Binary] CodeOverload> im buying
[10:27:55] [Render thread/INFO]: [System] [CHAT] [Binary] CodeOverload> for 5m
[10:27:56] [Render thread/INFO]: [System] [CHAT] [Binary] CodeOverload> each
[10:28:02] [Render thread/INFO]: [System] [CHAT] [MVP] Unbent> I have to save money.
[10:28:19] [Render thread/INFO]: [System] [CHAT] [MVP] Unbent> I dont have wither skell egg :(.
[10:28:22] [Render thread/INFO]: [System] [CHAT] [Binary] CodeOverload> oof
[10:29:01] [Render thread/INFO]: [System] [CHAT] [MVP] Unbent> I am trying to get x3 and x4 coins to get rich and by wither egg.
[10:29:09] [Render thread/INFO]: [System] [CHAT] [Binary] CodeOverload> what for
[10:29:11] [Render thread/INFO]: [System] [CHAT] [MVP] Unbent> Witherskell*.
[10:29:17] [Render thread/INFO]: [System] [CHAT] [MVP] Unbent> Angry?
[10:29:29] [Render thread/INFO]: [System] [CHAT] [Binary] CodeOverload> i see
[10:29:41] [Render thread/INFO]: [System] [CHAT] [Binary] CodeOverload> im gonna give out extra angry during event
[10:29:50] [Render thread/INFO]: [System] [CHAT] [Binary] CodeOverload> i have a buttload of spawners
[10:29:57] [pool-2-thread-1/INFO]: [STDOUT]: Loading region -17,-18 from disk /home/gavinboor/.local/share/multimc/instances/Baritone - Wurst/.minecraft/baritone/play.survivewith.us/minecraft/overworld_384/cache
[10:29:57] [pool-2-thread-1/INFO]: [STDOUT]: Loaded region successfully in 96ms
[10:29:57] [pool-2-thread-1/INFO]: [STDOUT]: Loading region -18,-18 from disk /home/gavinboor/.local/share/multimc/instances/Baritone - Wurst/.minecraft/baritone/play.survivewith.us/minecraft/overworld_384/cache
[10:29:57] [pool-2-thread-1/INFO]: [STDOUT]: Loaded region successfully in 118ms
[10:29:59] [Render thread/INFO]: [System] [CHAT] [MVP] Unbent> I had dolphin but sold it.
[10:30:01] [Render thread/INFO]: [System] [CHAT] You can now fly by double-jumping! [x2]
[10:30:03] [Render thread/INFO]: [System] [CHAT] [MVP] Unbent> Realy?
[10:30:12] [Render thread/INFO]: [System] [CHAT] You have asked Unbent if they can teleport to you.
[10:30:54] [Render thread/INFO]: [System] [CHAT] [Binary] CodeOverload> epik
[10:30:59] [Render thread/INFO]: [System] [CHAT] [MVP] Unbent> Yes. [x3]
[10:31:16] [Render thread/INFO]: [System] [CHAT] Want to support the server, get /crate keys and your next /rank? Don't forget to /vote!
[10:31:43] [Render thread/INFO]: [System] [CHAT] [Binary] CodeOverload> do you know if manual killing impacts drop chances or not?
[10:31:52] [Render thread/INFO]: [System] [CHAT] [Binary] CodeOverload> for angry
[10:32:20] [Render thread/INFO]: [System] [CHAT] [MVP] Unbent> I have no idea I am new on the server sort of.
[10:32:26] [Render thread/INFO]: [System] [CHAT] [Binary] CodeOverload> o
[10:32:38] [Render thread/INFO]: [System] [CHAT] [Binary] CodeOverload> i have a deal
[10:32:39] [Render thread/INFO]: [System] [CHAT] [MVP] Unbent> I have play inlike a month or 2.
[10:32:45] [Render thread/INFO]: [System] [CHAT] [MVP] Unbent> What?
[10:33:03] [Render thread/INFO]: [System] [CHAT] [Binary] CodeOverload> you can use my farm whenever me or my associates are not using it
[10:33:07] [pool-2-thread-2/INFO]: [STDOUT]: Saving region -18,-18 to disk /home/gavinboor/.local/share/multimc/instances/Baritone - Wurst/.minecraft/baritone/play.survivewith.us/minecraft/overworld_384/cache
[10:33:07] [ForkJoinPool.commonPool-worker-18/INFO]: [STDOUT]: Saving region -17,-18 to disk /home/gavinboor/.local/share/multimc/instances/Baritone - Wurst/.minecraft/baritone/play.survivewith.us/minecraft/overworld_384/cache
[10:33:07] [ForkJoinPool.commonPool-worker-17/INFO]: [STDOUT]: Saving region -3,14 to disk /home/gavinboor/.local/share/multimc/instances/Baritone - Wurst/.minecraft/baritone/play.survivewith.us/minecraft/overworld_384/cache
[10:33:07] [pool-2-thread-2/INFO]: [STDOUT]: Saved region successfully
[10:33:07] [ForkJoinPool.commonPool-worker-18/INFO]: [STDOUT]: Saved region successfully
[10:33:07] [ForkJoinPool.commonPool-worker-17/INFO]: [STDOUT]: Saved region successfully
[10:33:07] [pool-2-thread-2/INFO]: [STDOUT]: World save took 221ms
[10:33:22] [Render thread/INFO]: [System] [CHAT] [MVP] Unbent> Ok?
[10:33:31] [Render thread/INFO]: [System] [CHAT] [Binary] CodeOverload> in return you will get any dropped armour
[10:33:34] [Render thread/INFO]: [System] [CHAT] [Binary] CodeOverload> unless
[10:33:38] [Render thread/INFO]: [System] [CHAT] [Binary] CodeOverload> the drop chance is high
[10:33:43] [Render thread/INFO]: [System] [CHAT] [Binary] CodeOverload> then we will collect a set first
[10:33:48] [Render thread/INFO]: [System] [CHAT] [Binary] CodeOverload> and you get any dupes
[10:34:13] [Render thread/INFO]: [System] [CHAT] [MVP] Unbent> Sure.
[10:34:23] [Render thread/INFO]: [System] [CHAT] [Binary] CodeOverload> alright
[10:34:33] [Render thread/INFO]: [System] [CHAT] [Binary] CodeOverload> i just realized
[10:34:36] [Render thread/INFO]: [System] [CHAT] [Binary] CodeOverload> and im glad i did
[10:34:44] [pool-2-thread-5/INFO]: [STDOUT]: World save took 0ms
[10:34:46] [Render thread/INFO]: [System] [CHAT] [MVP] Unbent> How do I us it?
[10:34:49] [Render thread/INFO]: [System] [CHAT] [MVP] Unbent> What? [x2]
[10:34:54] [Render thread/INFO]: [System] [CHAT] [Binary] CodeOverload> ill show you first rq
[10:34:56] [pool-2-thread-1/INFO]: [STDOUT]: Loading region -17,-18 from disk /home/gavinboor/.local/share/multimc/instances/Baritone - Wurst/.minecraft/baritone/play.survivewith.us/minecraft/overworld_384/cache
[10:34:56] [Render thread/WARN]: Received passengers for unknown entity
[10:34:56] [pool-2-thread-1/INFO]: [STDOUT]: Loaded region successfully in 85ms
[10:34:56] [pool-2-thread-1/INFO]: [STDOUT]: Loading region -18,-18 from disk /home/gavinboor/.local/share/multimc/instances/Baritone - Wurst/.minecraft/baritone/play.survivewith.us/minecraft/overworld_384/cache
[10:34:56] [pool-2-thread-1/INFO]: [STDOUT]: Loaded region successfully in 93ms
[10:35:04] [Render thread/INFO]: [System] [CHAT] [Binary] CodeOverload> lights on
[10:35:08] [Render thread/INFO]: [System] [CHAT] [Binary] CodeOverload> clap away
[10:35:09] [Render thread/INFO]: [System] [CHAT] You have received: $90.00
[10:35:10] [Render thread/INFO]: [System] [CHAT] You have received: $90.00 [x2]
[10:35:10] [Render thread/INFO]: [System] [CHAT] You have received: $90.00 [x3]
[10:35:13] [Render thread/INFO]: [System] [CHAT] You have received: $90.00 [x4]
[10:35:14] [Render thread/INFO]: [System] [CHAT] You have received: $90.00 [x5]
[10:35:44] [Render thread/INFO]: [System] [CHAT] [Binary] CodeOverload> but
[10:35:48] [Render thread/INFO]: [System] [CHAT] [Binary] CodeOverload> its not angry event
[10:35:53] [Render thread/INFO]: [System] [CHAT] [Binary] CodeOverload> so they wont drop yet
[10:35:54] [Render thread/INFO]: [System] [CHAT] [MVP] Unbent> I know.
[10:35:57] [Render thread/INFO]: [System] [CHAT] [Binary] CodeOverload> but yeah
[10:36:04] [Render thread/INFO]: [System] [CHAT] [Binary] CodeOverload> down here is drops
[10:36:07] [Render thread/INFO]: [System] [CHAT] [MVP] Unbent> I cant us it :(.
[10:36:21] [Render thread/INFO]: [System] [CHAT] [MVP] Unbent> Where?
[10:37:19] [Render thread/INFO]: [System] [CHAT] §9§2U§bn§2b§be§2n§bt§e would like to teleport to you: §aAccept §c Deny
[10:37:53] [Render thread/INFO]: [System] [CHAT] [Binary] CodeOverload> cant use waht
[10:38:05] [Render thread/INFO]: [System] [CHAT] [MVP] Unbent> I kant kill them.
[10:38:10] [Render thread/INFO]: [System] [CHAT] [MVP] Unbent> Cant*.
[10:38:22] [Render thread/INFO]: [System] [CHAT] [Binary] CodeOverload> ok there
[10:38:28] [Render thread/INFO]: [System] [CHAT] [Binary] CodeOverload> brb
[10:39:06] [Render thread/INFO]: [System] [CHAT] [MVP] Unbent> Where does the armor go?
[10:39:12] [Render thread/INFO]: [System] [CHAT] [MVP] Unbent> Ok.
[10:40:15] [Render thread/INFO]: [System] [CHAT] [Binary] CodeOverload> well
[10:40:18] [Render thread/INFO]: [System] [CHAT] [Binary] CodeOverload> i have an idea
[10:40:23] [Render thread/INFO]: [System] [CHAT] [Binary] CodeOverload> instead of a dropper
[10:40:34] [Render thread/INFO]: [System] [CHAT] [Binary] CodeOverload> it will be a dispenser
[10:40:45] [Render thread/INFO]: [System] [CHAT] [Binary] CodeOverload> ontop of an armour stand above lava
[10:40:46] [Render thread/INFO]: [System] [CHAT] [MVP] Unbent> Ok. [x2]
[10:40:53] [Render thread/INFO]: [System] [CHAT] [Binary] CodeOverload> armour will go on the stand
[10:40:59] [Render thread/INFO]: [System] [CHAT] [Binary] CodeOverload> anything else won't
[10:41:10] [Render thread/INFO]: [System] [CHAT] [MVP] Unbent> But...?
[10:41:13] [Render thread/INFO]: [System] [CHAT] [MVP] Unbent> Nvm.
[10:41:16] [Render thread/INFO]: [System] [CHAT] [MVP] Unbent> Ok. [x3]
[10:41:22] [Render thread/INFO]: [System] [CHAT] [Binary] CodeOverload> i just gotta build that part
[10:41:26] [Render thread/INFO]: [System] [CHAT] [MVP] Unbent> Where is the way up ?
[10:41:33] [Render thread/INFO]: [System] [CHAT] [Binary] CodeOverload> there isn't one
[10:41:49] [Render thread/INFO]: [System] [CHAT] [MVP] Unbent> How did you get here then?
[10:41:50] [Render thread/INFO]: [System] [CHAT] [Binary] CodeOverload> i have a home set
[10:41:56] [Render thread/INFO]: [System] [CHAT] [MVP] Unbent> Oh.
[10:42:02] [Render thread/INFO]: [System] [CHAT] [Binary] CodeOverload> actually
[10:42:05] [Render thread/INFO]: [System] [CHAT] [Binary] CodeOverload> there is a way
[10:42:20] [Render thread/INFO]: [System] [CHAT] [Binary] CodeOverload> well [x2]
[10:42:22] [Render thread/INFO]: [System] [CHAT] [Binary] CodeOverload> if it were open
[10:43:07] [pool-2-thread-2/INFO]: [STDOUT]: Saving region -18,-18 to disk /home/gavinboor/.local/share/multimc/instances/Baritone - Wurst/.minecraft/baritone/play.survivewith.us/minecraft/overworld_384/cache
[10:43:07] [ForkJoinPool.commonPool-worker-19/INFO]: [STDOUT]: Saving region -3,14 to disk /home/gavinboor/.local/share/multimc/instances/Baritone - Wurst/.minecraft/baritone/play.survivewith.us/minecraft/overworld_384/cache
[10:43:07] [ForkJoinPool.commonPool-worker-18/INFO]: [STDOUT]: Saving region -17,-18 to disk /home/gavinboor/.local/share/multimc/instances/Baritone - Wurst/.minecraft/baritone/play.survivewith.us/minecraft/overworld_384/cache
[10:43:07] [pool-2-thread-2/INFO]: [STDOUT]: Saved region successfully
[10:43:07] [ForkJoinPool.commonPool-worker-18/INFO]: [STDOUT]: Saved region successfully
[10:43:08] [ForkJoinPool.commonPool-worker-19/INFO]: [STDOUT]: Saved region successfully
[10:43:08] [pool-2-thread-2/INFO]: [STDOUT]: World save took 203ms
[10:44:03] [Render thread/INFO]: [System] [CHAT] [Binary] CodeOverload> i shall get to work
[10:44:06] [Render thread/INFO]: [System] [CHAT] [Binary] CodeOverload> on the redstone
[10:44:44] [pool-2-thread-5/INFO]: [STDOUT]: World save took 0ms
[10:44:51] [Render thread/INFO]: [System] [CHAT] [MVP] Unbent> Can I help I am bored?
[10:45:16] [Render thread/INFO]: [System] [CHAT] [Binary] CodeOverload> bring me armor stands
[10:45:20] [Render thread/INFO]: [System] [CHAT] [Binary] CodeOverload> and a disenser
[10:45:34] [Render thread/INFO]: [System] [CHAT] [MVP] Unbent> Ok. [x4]
[10:46:41] [Render thread/INFO]: [System] [CHAT] [+] KokosmAkrooM
[10:47:45] [Render thread/INFO]: [System] [CHAT] [+] [Custom+] FlameShine
[10:47:48] [Render thread/INFO]: [System] [CHAT] [MVP] Unbent> wb.
[10:47:55] [Render thread/INFO]: [System] [CHAT] [Hermitess✶] FlameShine> Thx.
[10:47:58] [Render thread/INFO]: [System] [CHAT] You've all voted for the server a total of 100 times today, here's some bonus keys!
[10:47:58] [Render thread/INFO]: [System] [CHAT] You have received 1 SurvivorKey keys!
[10:47:58] [Render thread/INFO]: [System] [CHAT] You have received 1 MobSpawnerPack keys!
[10:47:58] [Render thread/INFO]: [System] [CHAT] You have received 2 DailyKey keys!
[10:49:03] [Render thread/INFO]: [System] [CHAT] [+] King_CoOscar
[10:49:06] [Render thread/INFO]: [System] [CHAT] [Binary] CodeOverload> wb
[10:49:06] [Render thread/INFO]: [System] [CHAT] [MVP] Unbent> wb. [x2]
[10:49:25] [Render thread/INFO]: Minimap session finalized.
[10:49:25] [Render thread/INFO]: Finalizing world map session...
[10:49:25] [Thread-1/INFO]: World map force-cleaned!
[10:49:25] [Render thread/INFO]: World map session finalized.
[10:49:27] [Render thread/INFO]: Stopping!
