[18:35:59] [main/INFO]: Loading Minecraft 1.19.2 with Fabric Loader 0.14.9
[18:35:59] [ForkJoinPool-1-worker-7/WARN]: Mod wurst uses the version v7.28-MC1.19.2 which isn't compatible with Loader's extended semantic version format (Could not parse version number component 'v7'!), SemVer is recommended for reliably evaluating dependencies and prioritizing newer version
[18:35:59] [ForkJoinPool-1-worker-2/WARN]: Mod wurst uses the version v7.27.3-MC1.19.2 which isn't compatible with Loader's extended semantic version format (Could not parse version number component 'v7'!), SemVer is recommended for reliably evaluating dependencies and prioritizing newer version
[18:35:59] [main/INFO]: Loading 55 mods:
	- baritone 1.5.3-621-gaddd1fc7
	- fabric-api 0.61.0+1.19.2
	- fabric-api-base 0.4.11+e62f51a390 via fabric-api
	- fabric-api-lookup-api-v1 1.6.9+9ff28f4090 via fabric-api
	- fabric-biome-api-v1 9.0.17+aeb40ebe90 via fabric-api
	- fabric-blockrenderlayer-v1 1.1.20+aeb40ebe90 via fabric-api
	- fabric-client-tags-api-v1 1.0.1+b35fea8390 via fabric-api
	- fabric-command-api-v1 1.2.11+f71b366f90 via fabric-api
	- fabric-command-api-v2 2.1.7+0c17ea9690 via fabric-api
	- fabric-commands-v0 0.2.28+df3654b390 via fabric-api
	- fabric-containers-v0 0.1.34+df3654b390 via fabric-api
	- fabric-content-registries-v0 3.3.0+624e468e90 via fabric-api
	- fabric-convention-tags-v1 1.1.1+7cd20a1490 via fabric-api
	- fabric-crash-report-info-v1 0.2.5+aeb40ebe90 via fabric-api
	- fabric-data-generation-api-v1 5.1.9+a680b9b490 via fabric-api
	- fabric-dimensions-v1 2.1.31+0dd10df690 via fabric-api
	- fabric-entity-events-v1 1.4.18+9ff28f4090 via fabric-api
	- fabric-events-interaction-v0 0.4.28+aeb40ebe90 via fabric-api
	- fabric-events-lifecycle-v0 0.2.28+df3654b390 via fabric-api
	- fabric-game-rule-api-v1 1.0.21+aeb40ebe90 via fabric-api
	- fabric-item-api-v1 1.5.7+35a03c4390 via fabric-api
	- fabric-item-groups-v0 0.3.29+4e8ca3fd90 via fabric-api
	- fabric-key-binding-api-v1 1.0.20+aeb40ebe90 via fabric-api
	- fabric-keybindings-v0 0.2.18+df3654b390 via fabric-api
	- fabric-lifecycle-events-v1 2.1.2+aeb40ebe90 via fabric-api
	- fabric-loot-api-v2 1.1.3+83a8659290 via fabric-api
	- fabric-loot-tables-v1 1.1.6+9e7660c690 via fabric-api
	- fabric-message-api-v1 5.0.3+176380a290 via fabric-api
	- fabric-mining-level-api-v1 2.1.14+33fbc73890 via fabric-api
	- fabric-models-v0 0.3.17+aeb40ebe90 via fabric-api
	- fabric-networking-api-v1 1.2.4+5eb68ef290 via fabric-api
	- fabric-networking-v0 0.3.21+df3654b390 via fabric-api
	- fabric-object-builder-api-v1 4.0.11+aeb40ebe90 via fabric-api
	- fabric-particles-v1 1.0.10+aeb40ebe90 via fabric-api
	- fabric-registry-sync-v0 0.9.25+726b652090 via fabric-api
	- fabric-renderer-api-v1 1.0.10+aeb40ebe90 via fabric-api
	- fabric-renderer-indigo 0.6.12+aeb40ebe90 via fabric-api
	- fabric-renderer-registries-v1 3.2.20+df3654b390 via fabric-api
	- fabric-rendering-data-attachment-v1 0.3.14+aeb40ebe90 via fabric-api
	- fabric-rendering-fluids-v1 3.0.7+aeb40ebe90 via fabric-api
	- fabric-rendering-v0 1.1.22+df3654b390 via fabric-api
	- fabric-rendering-v1 1.10.16+aeb40ebe90 via fabric-api
	- fabric-resource-conditions-api-v1 2.0.11+e62f51a390 via fabric-api
	- fabric-resource-loader-v0 0.6.1+aeb40ebe90 via fabric-api
	- fabric-screen-api-v1 1.0.26+f05effaf90 via fabric-api
	- fabric-screen-handler-api-v1 1.3.0+1cc24b1b90 via fabric-api
	- fabric-textures-v0 1.0.20+aeb40ebe90 via fabric-api
	- fabric-transfer-api-v1 2.1.0+8f88597390 via fabric-api
	- fabric-transitive-access-wideners-v1 1.3.0+42d99c3290 via fabric-api
	- fabricloader 0.14.9
	- java 17
	- minecraft 1.19.2
	- wurst v7.28-MC1.19.2
	- xaerominimap 22.15.1
	- xaeroworldmap 1.28.0
[18:35:59] [main/INFO]: SpongePowered MIXIN Subsystem Version=0.8.5 Source=file:/home/gavinboor/.local/share/multimc/libraries/net/fabricmc/sponge-mixin/0.11.4+mixin.0.8.5/sponge-mixin-0.11.4+mixin.0.8.5.jar Service=Knot/Fabric Env=CLIENT
[18:35:59] [main/INFO]: Compatibility level set to JAVA_17
[18:36:00] [main/WARN]: Error loading class: me/jellysquid/mods/sodium/client/render/occlusion/BlockOcclusionCache (java.lang.ClassNotFoundException: me/jellysquid/mods/sodium/client/render/occlusion/BlockOcclusionCache)
[18:36:00] [main/WARN]: Configuration conflict: there is more than one oshi.properties file on the classpath
[18:36:01] [main/WARN]: Configuration conflict: there is more than one oshi.architecture.properties file on the classpath
[18:36:03] [main/INFO]: Building optimized datafixer
[18:36:07] [Render thread/INFO]: Environment: authHost='https://authserver.mojang.com', accountsHost='https://api.mojang.com', sessionHost='https://sessionserver.mojang.com', servicesHost='https://api.minecraftservices.com', name='PROD'
[18:36:08] [Render thread/INFO]: Setting user: CodeOverload
[18:36:08] [Render thread/INFO]: [STDOUT]: Starting Wurst Client...
[18:36:10] [Render thread/INFO]: [Indigo] Registering Indigo renderer!
[18:36:10] [Render thread/INFO]: Loading Xaero's Minimap - Stage 1/2
[18:36:11] [Render thread/INFO]: Loading Xaero's World Map - Stage 1/2
[18:36:13] [Render thread/INFO]: Backend library: LWJGL version 3.3.1 SNAPSHOT
[18:36:17] [Render thread/WARN]: ERROR : Couldn't load Narrator library
java.lang.UnsatisfiedLinkError: Unable to load library 'fliteWrapper':
libfliteWrapper.so: cannot open shared object file: No such file or directory
libfliteWrapper.so: cannot open shared object file: No such file or directory
Native library (linux-x86-64/libfliteWrapper.so) not found in resource path (/home/gavinboor/.local/share/multimc/bin/jars/NewLaunch.jar:/home/gavinboor/.local/share/multimc/libraries/org/lwjgl/lwjgl-glfw/3.3.1/lwjgl-glfw-3.3.1.jar:/home/gavinboor/.local/share/multimc/libraries/org/lwjgl/lwjgl-jemalloc/3.3.1/lwjgl-jemalloc-3.3.1.jar:/home/gavinboor/.local/share/multimc/libraries/org/lwjgl/lwjgl-openal/3.3.1/lwjgl-openal-3.3.1.jar:/home/gavinboor/.local/share/multimc/libraries/org/lwjgl/lwjgl-opengl/3.3.1/lwjgl-opengl-3.3.1.jar:/home/gavinboor/.local/share/multimc/libraries/org/lwjgl/lwjgl-stb/3.3.1/lwjgl-stb-3.3.1.jar:/home/gavinboor/.local/share/multimc/libraries/org/lwjgl/lwjgl-tinyfd/3.3.1/lwjgl-tinyfd-3.3.1.jar:/home/gavinboor/.local/share/multimc/libraries/org/lwjgl/lwjgl/3.3.1/lwjgl-3.3.1.jar:/home/gavinboor/.local/share/multimc/libraries/com/mojang/logging/1.0.0/logging-1.0.0.jar:/home/gavinboor/.local/share/multimc/libraries/com/mojang/blocklist/1.0.10/blocklist-1.0.10.jar:/home/gavinboor/.local/share/multimc/libraries/com/mojang/patchy/2.2.10/patchy-2.2.10.jar:/home/gavinboor/.local/share/multimc/libraries/com/github/oshi/oshi-core/5.8.5/oshi-core-5.8.5.jar:/home/gavinboor/.local/share/multimc/libraries/net/java/dev/jna/jna/5.10.0/jna-5.10.0.jar:/home/gavinboor/.local/share/multimc/libraries/net/java/dev/jna/jna-platform/5.10.0/jna-platform-5.10.0.jar:/home/gavinboor/.local/share/multimc/libraries/org/slf4j/slf4j-api/1.8.0-beta4/slf4j-api-1.8.0-beta4.jar:/home/gavinboor/.local/share/multimc/libraries/org/apache/logging/log4j/log4j-slf4j18-impl/2.16.0/log4j-slf4j18-impl-2.16.0.jar:/home/gavinboor/.local/share/multimc/libraries/com/ibm/icu/icu4j/70.1/icu4j-70.1.jar:/home/gavinboor/.local/share/multimc/libraries/com/mojang/javabridge/1.2.24/javabridge-1.2.24.jar:/home/gavinboor/.local/share/multimc/libraries/net/sf/jopt-simple/jopt-simple/5.0.4/jopt-simple-5.0.4.jar:/home/gavinboor/.local/share/multimc/libraries/io/netty/netty-common/4.1.77.Final/netty-common-4.1.77.Final.jar:/home/gavinboor/.local/share/multimc/libraries/io/netty/netty-buffer/4.1.77.Final/netty-buffer-4.1.77.Final.jar:/home/gavinboor/.local/share/multimc/libraries/io/netty/netty-codec/4.1.77.Final/netty-codec-4.1.77.Final.jar:/home/gavinboor/.local/share/multimc/libraries/io/netty/netty-handler/4.1.77.Final/netty-handler-4.1.77.Final.jar:/home/gavinboor/.local/share/multimc/libraries/io/netty/netty-resolver/4.1.77.Final/netty-resolver-4.1.77.Final.jar:/home/gavinboor/.local/share/multimc/libraries/io/netty/netty-transport/4.1.77.Final/netty-transport-4.1.77.Final.jar:/home/gavinboor/.local/share/multimc/libraries/io/netty/netty-transport-native-unix-common/4.1.77.Final/netty-transport-native-unix-common-4.1.77.Final.jar:/home/gavinboor/.local/share/multimc/libraries/io/netty/netty-transport-classes-epoll/4.1.77.Final/netty-transport-classes-epoll-4.1.77.Final.jar:/home/gavinboor/.local/share/multimc/libraries/io/netty/netty-transport-native-epoll/4.1.77.Final/netty-transport-native-epoll-4.1.77.Final-linux-x86_64.jar:/home/gavinboor/.local/share/multimc/libraries/com/google/guava/failureaccess/1.0.1/failureaccess-1.0.1.jar:/home/gavinboor/.local/share/multimc/libraries/com/google/guava/guava/31.0.1-jre/guava-31.0.1-jre.jar:/home/gavinboor/.local/share/multimc/libraries/org/apache/commons/commons-lang3/3.12.0/commons-lang3-3.12.0.jar:/home/gavinboor/.local/share/multimc/libraries/commons-io/commons-io/2.11.0/commons-io-2.11.0.jar:/home/gavinboor/.local/share/multimc/libraries/commons-codec/commons-codec/1.15/commons-codec-1.15.jar:/home/gavinboor/.local/share/multimc/libraries/com/mojang/brigadier/1.0.18/brigadier-1.0.18.jar:/home/gavinboor/.local/share/multimc/libraries/com/mojang/datafixerupper/5.0.28/datafixerupper-5.0.28.jar:/home/gavinboor/.local/share/multimc/libraries/com/google/code/gson/gson/2.8.9/gson-2.8.9.jar:/home/gavinboor/.local/share/multimc/libraries/com/mojang/authlib/3.11.49/authlib-3.11.49.jar:/home/gavinboor/.local/share/multimc/libraries/org/apache/commons/commons-compress/1.21/commons-compress-1.21.jar:/home/gavinboor/.local/share/multimc/libraries/org/apache/httpcomponents/httpclient/4.5.13/httpclient-4.5.13.jar:/home/gavinboor/.local/share/multimc/libraries/commons-logging/commons-logging/1.2/commons-logging-1.2.jar:/home/gavinboor/.local/share/multimc/libraries/org/apache/httpcomponents/httpcore/4.4.14/httpcore-4.4.14.jar:/home/gavinboor/.local/share/multimc/libraries/it/unimi/dsi/fastutil/8.5.6/fastutil-8.5.6.jar:/home/gavinboor/.local/share/multimc/libraries/org/apache/logging/log4j/log4j-api/2.16.0/log4j-api-2.16.0.jar:/home/gavinboor/.local/share/multimc/libraries/org/apache/logging/log4j/log4j-core/2.16.0/log4j-core-2.16.0.jar:/home/gavinboor/.local/share/multimc/libraries/com/mojang/text2speech/1.13.9/text2speech-1.13.9.jar:/home/gavinboor/.local/share/multimc/libraries/net/fabricmc/intermediary/1.19.2/intermediary-1.19.2.jar:/home/gavinboor/.local/share/multimc/libraries/net/fabricmc/tiny-mappings-parser/0.3.0+build.17/tiny-mappings-parser-0.3.0+build.17.jar:/home/gavinboor/.local/share/multimc/libraries/net/fabricmc/sponge-mixin/0.11.4+mixin.0.8.5/sponge-mixin-0.11.4+mixin.0.8.5.jar:/home/gavinboor/.local/share/multimc/libraries/net/fabricmc/tiny-remapper/0.8.2/tiny-remapper-0.8.2.jar:/home/gavinboor/.local/share/multimc/libraries/net/fabricmc/access-widener/2.1.0/access-widener-2.1.0.jar:/home/gavinboor/.local/share/multimc/libraries/org/ow2/asm/asm/9.3/asm-9.3.jar:/home/gavinboor/.local/share/multimc/libraries/org/ow2/asm/asm-analysis/9.3/asm-analysis-9.3.jar:/home/gavinboor/.local/share/multimc/libraries/org/ow2/asm/asm-commons/9.3/asm-commons-9.3.jar:/home/gavinboor/.local/share/multimc/libraries/org/ow2/asm/asm-tree/9.3/asm-tree-9.3.jar:/home/gavinboor/.local/share/multimc/libraries/org/ow2/asm/asm-util/9.3/asm-util-9.3.jar:/home/gavinboor/.local/share/multimc/libraries/net/fabricmc/fabric-loader/0.14.9/fabric-loader-0.14.9.jar:/home/gavinboor/.local/share/multimc/libraries/com/mojang/minecraft/1.19.2/minecraft-1.19.2-client.jar)
	at com.sun.jna.NativeLibrary.loadLibrary(NativeLibrary.java:301) ~[jna-5.10.0.jar:?]
	at com.sun.jna.NativeLibrary.getInstance(NativeLibrary.java:461) ~[jna-5.10.0.jar:?]
	at com.sun.jna.NativeLibrary.getInstance(NativeLibrary.java:403) ~[jna-5.10.0.jar:?]
	at com.mojang.text2speech.NarratorLinux.<clinit>(NarratorLinux.java:18) [text2speech-1.13.9.jar:?]
	at com.mojang.text2speech.Narrator.getNarrator(Narrator.java:21) [text2speech-1.13.9.jar:?]
	at net.minecraft.class_333.<init>(class_333.java:19) [client-intermediary.jar:?]
	at net.minecraft.class_310.<init>(class_310.java:637) [client-intermediary.jar:?]
	at net.minecraft.client.main.Main.method_44604(Main.java:205) [client-intermediary.jar:?]
	at net.minecraft.client.main.Main.main(Main.java:51) [client-intermediary.jar:?]
	at net.fabricmc.loader.impl.game.minecraft.MinecraftGameProvider.launch(MinecraftGameProvider.java:461) [fabric-loader-0.14.9.jar:?]
	at net.fabricmc.loader.impl.launch.knot.Knot.launch(Knot.java:74) [fabric-loader-0.14.9.jar:?]
	at net.fabricmc.loader.impl.launch.knot.KnotClient.main(KnotClient.java:23) [fabric-loader-0.14.9.jar:?]
	at jdk.internal.reflect.NativeMethodAccessorImpl.invoke0(Native Method) ~[?:?]
	at jdk.internal.reflect.NativeMethodAccessorImpl.invoke(NativeMethodAccessorImpl.java:77) ~[?:?]
	at jdk.internal.reflect.DelegatingMethodAccessorImpl.invoke(DelegatingMethodAccessorImpl.java:43) ~[?:?]
	at java.lang.reflect.Method.invoke(Method.java:568) ~[?:?]
	at org.multimc.onesix.OneSixLauncher.launchWithMainClass(OneSixLauncher.java:210) [NewLaunch.jar:?]
	at org.multimc.onesix.OneSixLauncher.launch(OneSixLauncher.java:245) [NewLaunch.jar:?]
	at org.multimc.EntryPoint.listen(EntryPoint.java:143) [NewLaunch.jar:?]
	at org.multimc.EntryPoint.main(EntryPoint.java:34) [NewLaunch.jar:?]
	Suppressed: java.lang.UnsatisfiedLinkError: libfliteWrapper.so: cannot open shared object file: No such file or directory
		at com.sun.jna.Native.open(Native Method) ~[jna-5.10.0.jar:?]
		at com.sun.jna.NativeLibrary.loadLibrary(NativeLibrary.java:191) ~[jna-5.10.0.jar:?]
		at com.sun.jna.NativeLibrary.getInstance(NativeLibrary.java:461) ~[jna-5.10.0.jar:?]
		at com.sun.jna.NativeLibrary.getInstance(NativeLibrary.java:403) ~[jna-5.10.0.jar:?]
		at com.mojang.text2speech.NarratorLinux.<clinit>(NarratorLinux.java:18) [text2speech-1.13.9.jar:?]
		at com.mojang.text2speech.Narrator.getNarrator(Narrator.java:21) [text2speech-1.13.9.jar:?]
		at net.minecraft.class_333.<init>(class_333.java:19) [client-intermediary.jar:?]
		at net.minecraft.class_310.<init>(class_310.java:637) [client-intermediary.jar:?]
		at net.minecraft.client.main.Main.method_44604(Main.java:205) [client-intermediary.jar:?]
		at net.minecraft.client.main.Main.main(Main.java:51) [client-intermediary.jar:?]
		at net.fabricmc.loader.impl.game.minecraft.MinecraftGameProvider.launch(MinecraftGameProvider.java:461) [fabric-loader-0.14.9.jar:?]
		at net.fabricmc.loader.impl.launch.knot.Knot.launch(Knot.java:74) [fabric-loader-0.14.9.jar:?]
		at net.fabricmc.loader.impl.launch.knot.KnotClient.main(KnotClient.java:23) [fabric-loader-0.14.9.jar:?]
		at jdk.internal.reflect.NativeMethodAccessorImpl.invoke0(Native Method) ~[?:?]
		at jdk.internal.reflect.NativeMethodAccessorImpl.invoke(NativeMethodAccessorImpl.java:77) ~[?:?]
		at jdk.internal.reflect.DelegatingMethodAccessorImpl.invoke(DelegatingMethodAccessorImpl.java:43) ~[?:?]
		at java.lang.reflect.Method.invoke(Method.java:568) ~[?:?]
		at org.multimc.onesix.OneSixLauncher.launchWithMainClass(OneSixLauncher.java:210) [NewLaunch.jar:?]
		at org.multimc.onesix.OneSixLauncher.launch(OneSixLauncher.java:245) [NewLaunch.jar:?]
		at org.multimc.EntryPoint.listen(EntryPoint.java:143) [NewLaunch.jar:?]
		at org.multimc.EntryPoint.main(EntryPoint.java:34) [NewLaunch.jar:?]
	Suppressed: java.lang.UnsatisfiedLinkError: libfliteWrapper.so: cannot open shared object file: No such file or directory
		at com.sun.jna.Native.open(Native Method) ~[jna-5.10.0.jar:?]
		at com.sun.jna.NativeLibrary.loadLibrary(NativeLibrary.java:204) ~[jna-5.10.0.jar:?]
		at com.sun.jna.NativeLibrary.getInstance(NativeLibrary.java:461) ~[jna-5.10.0.jar:?]
		at com.sun.jna.NativeLibrary.getInstance(NativeLibrary.java:403) ~[jna-5.10.0.jar:?]
		at com.mojang.text2speech.NarratorLinux.<clinit>(NarratorLinux.java:18) [text2speech-1.13.9.jar:?]
		at com.mojang.text2speech.Narrator.getNarrator(Narrator.java:21) [text2speech-1.13.9.jar:?]
		at net.minecraft.class_333.<init>(class_333.java:19) [client-intermediary.jar:?]
		at net.minecraft.class_310.<init>(class_310.java:637) [client-intermediary.jar:?]
		at net.minecraft.client.main.Main.method_44604(Main.java:205) [client-intermediary.jar:?]
		at net.minecraft.client.main.Main.main(Main.java:51) [client-intermediary.jar:?]
		at net.fabricmc.loader.impl.game.minecraft.MinecraftGameProvider.launch(MinecraftGameProvider.java:461) [fabric-loader-0.14.9.jar:?]
		at net.fabricmc.loader.impl.launch.knot.Knot.launch(Knot.java:74) [fabric-loader-0.14.9.jar:?]
		at net.fabricmc.loader.impl.launch.knot.KnotClient.main(KnotClient.java:23) [fabric-loader-0.14.9.jar:?]
		at jdk.internal.reflect.NativeMethodAccessorImpl.invoke0(Native Method) ~[?:?]
		at jdk.internal.reflect.NativeMethodAccessorImpl.invoke(NativeMethodAccessorImpl.java:77) ~[?:?]
		at jdk.internal.reflect.DelegatingMethodAccessorImpl.invoke(DelegatingMethodAccessorImpl.java:43) ~[?:?]
		at java.lang.reflect.Method.invoke(Method.java:568) ~[?:?]
		at org.multimc.onesix.OneSixLauncher.launchWithMainClass(OneSixLauncher.java:210) [NewLaunch.jar:?]
		at org.multimc.onesix.OneSixLauncher.launch(OneSixLauncher.java:245) [NewLaunch.jar:?]
		at org.multimc.EntryPoint.listen(EntryPoint.java:143) [NewLaunch.jar:?]
		at org.multimc.EntryPoint.main(EntryPoint.java:34) [NewLaunch.jar:?]
	Suppressed: java.io.IOException: Native library (linux-x86-64/libfliteWrapper.so) not found in resource path (/home/gavinboor/.local/share/multimc/bin/jars/NewLaunch.jar:/home/gavinboor/.local/share/multimc/libraries/org/lwjgl/lwjgl-glfw/3.3.1/lwjgl-glfw-3.3.1.jar:/home/gavinboor/.local/share/multimc/libraries/org/lwjgl/lwjgl-jemalloc/3.3.1/lwjgl-jemalloc-3.3.1.jar:/home/gavinboor/.local/share/multimc/libraries/org/lwjgl/lwjgl-openal/3.3.1/lwjgl-openal-3.3.1.jar:/home/gavinboor/.local/share/multimc/libraries/org/lwjgl/lwjgl-opengl/3.3.1/lwjgl-opengl-3.3.1.jar:/home/gavinboor/.local/share/multimc/libraries/org/lwjgl/lwjgl-stb/3.3.1/lwjgl-stb-3.3.1.jar:/home/gavinboor/.local/share/multimc/libraries/org/lwjgl/lwjgl-tinyfd/3.3.1/lwjgl-tinyfd-3.3.1.jar:/home/gavinboor/.local/share/multimc/libraries/org/lwjgl/lwjgl/3.3.1/lwjgl-3.3.1.jar:/home/gavinboor/.local/share/multimc/libraries/com/mojang/logging/1.0.0/logging-1.0.0.jar:/home/gavinboor/.local/share/multimc/libraries/com/mojang/blocklist/1.0.10/blocklist-1.0.10.jar:/home/gavinboor/.local/share/multimc/libraries/com/mojang/patchy/2.2.10/patchy-2.2.10.jar:/home/gavinboor/.local/share/multimc/libraries/com/github/oshi/oshi-core/5.8.5/oshi-core-5.8.5.jar:/home/gavinboor/.local/share/multimc/libraries/net/java/dev/jna/jna/5.10.0/jna-5.10.0.jar:/home/gavinboor/.local/share/multimc/libraries/net/java/dev/jna/jna-platform/5.10.0/jna-platform-5.10.0.jar:/home/gavinboor/.local/share/multimc/libraries/org/slf4j/slf4j-api/1.8.0-beta4/slf4j-api-1.8.0-beta4.jar:/home/gavinboor/.local/share/multimc/libraries/org/apache/logging/log4j/log4j-slf4j18-impl/2.16.0/log4j-slf4j18-impl-2.16.0.jar:/home/gavinboor/.local/share/multimc/libraries/com/ibm/icu/icu4j/70.1/icu4j-70.1.jar:/home/gavinboor/.local/share/multimc/libraries/com/mojang/javabridge/1.2.24/javabridge-1.2.24.jar:/home/gavinboor/.local/share/multimc/libraries/net/sf/jopt-simple/jopt-simple/5.0.4/jopt-simple-5.0.4.jar:/home/gavinboor/.local/share/multimc/libraries/io/netty/netty-common/4.1.77.Final/netty-common-4.1.77.Final.jar:/home/gavinboor/.local/share/multimc/libraries/io/netty/netty-buffer/4.1.77.Final/netty-buffer-4.1.77.Final.jar:/home/gavinboor/.local/share/multimc/libraries/io/netty/netty-codec/4.1.77.Final/netty-codec-4.1.77.Final.jar:/home/gavinboor/.local/share/multimc/libraries/io/netty/netty-handler/4.1.77.Final/netty-handler-4.1.77.Final.jar:/home/gavinboor/.local/share/multimc/libraries/io/netty/netty-resolver/4.1.77.Final/netty-resolver-4.1.77.Final.jar:/home/gavinboor/.local/share/multimc/libraries/io/netty/netty-transport/4.1.77.Final/netty-transport-4.1.77.Final.jar:/home/gavinboor/.local/share/multimc/libraries/io/netty/netty-transport-native-unix-common/4.1.77.Final/netty-transport-native-unix-common-4.1.77.Final.jar:/home/gavinboor/.local/share/multimc/libraries/io/netty/netty-transport-classes-epoll/4.1.77.Final/netty-transport-classes-epoll-4.1.77.Final.jar:/home/gavinboor/.local/share/multimc/libraries/io/netty/netty-transport-native-epoll/4.1.77.Final/netty-transport-native-epoll-4.1.77.Final-linux-x86_64.jar:/home/gavinboor/.local/share/multimc/libraries/com/google/guava/failureaccess/1.0.1/failureaccess-1.0.1.jar:/home/gavinboor/.local/share/multimc/libraries/com/google/guava/guava/31.0.1-jre/guava-31.0.1-jre.jar:/home/gavinboor/.local/share/multimc/libraries/org/apache/commons/commons-lang3/3.12.0/commons-lang3-3.12.0.jar:/home/gavinboor/.local/share/multimc/libraries/commons-io/commons-io/2.11.0/commons-io-2.11.0.jar:/home/gavinboor/.local/share/multimc/libraries/commons-codec/commons-codec/1.15/commons-codec-1.15.jar:/home/gavinboor/.local/share/multimc/libraries/com/mojang/brigadier/1.0.18/brigadier-1.0.18.jar:/home/gavinboor/.local/share/multimc/libraries/com/mojang/datafixerupper/5.0.28/datafixerupper-5.0.28.jar:/home/gavinboor/.local/share/multimc/libraries/com/google/code/gson/gson/2.8.9/gson-2.8.9.jar:/home/gavinboor/.local/share/multimc/libraries/com/mojang/authlib/3.11.49/authlib-3.11.49.jar:/home/gavinboor/.local/share/multimc/libraries/org/apache/commons/commons-compress/1.21/commons-compress-1.21.jar:/home/gavinboor/.local/share/multimc/libraries/org/apache/httpcomponents/httpclient/4.5.13/httpclient-4.5.13.jar:/home/gavinboor/.local/share/multimc/libraries/commons-logging/commons-logging/1.2/commons-logging-1.2.jar:/home/gavinboor/.local/share/multimc/libraries/org/apache/httpcomponents/httpcore/4.4.14/httpcore-4.4.14.jar:/home/gavinboor/.local/share/multimc/libraries/it/unimi/dsi/fastutil/8.5.6/fastutil-8.5.6.jar:/home/gavinboor/.local/share/multimc/libraries/org/apache/logging/log4j/log4j-api/2.16.0/log4j-api-2.16.0.jar:/home/gavinboor/.local/share/multimc/libraries/org/apache/logging/log4j/log4j-core/2.16.0/log4j-core-2.16.0.jar:/home/gavinboor/.local/share/multimc/libraries/com/mojang/text2speech/1.13.9/text2speech-1.13.9.jar:/home/gavinboor/.local/share/multimc/libraries/net/fabricmc/intermediary/1.19.2/intermediary-1.19.2.jar:/home/gavinboor/.local/share/multimc/libraries/net/fabricmc/tiny-mappings-parser/0.3.0+build.17/tiny-mappings-parser-0.3.0+build.17.jar:/home/gavinboor/.local/share/multimc/libraries/net/fabricmc/sponge-mixin/0.11.4+mixin.0.8.5/sponge-mixin-0.11.4+mixin.0.8.5.jar:/home/gavinboor/.local/share/multimc/libraries/net/fabricmc/tiny-remapper/0.8.2/tiny-remapper-0.8.2.jar:/home/gavinboor/.local/share/multimc/libraries/net/fabricmc/access-widener/2.1.0/access-widener-2.1.0.jar:/home/gavinboor/.local/share/multimc/libraries/org/ow2/asm/asm/9.3/asm-9.3.jar:/home/gavinboor/.local/share/multimc/libraries/org/ow2/asm/asm-analysis/9.3/asm-analysis-9.3.jar:/home/gavinboor/.local/share/multimc/libraries/org/ow2/asm/asm-commons/9.3/asm-commons-9.3.jar:/home/gavinboor/.local/share/multimc/libraries/org/ow2/asm/asm-tree/9.3/asm-tree-9.3.jar:/home/gavinboor/.local/share/multimc/libraries/org/ow2/asm/asm-util/9.3/asm-util-9.3.jar:/home/gavinboor/.local/share/multimc/libraries/net/fabricmc/fabric-loader/0.14.9/fabric-loader-0.14.9.jar:/home/gavinboor/.local/share/multimc/libraries/com/mojang/minecraft/1.19.2/minecraft-1.19.2-client.jar)
		at com.sun.jna.Native.extractFromResourcePath(Native.java:1145) ~[jna-5.10.0.jar:?]
		at com.sun.jna.NativeLibrary.loadLibrary(NativeLibrary.java:275) ~[jna-5.10.0.jar:?]
		at com.sun.jna.NativeLibrary.getInstance(NativeLibrary.java:461) ~[jna-5.10.0.jar:?]
		at com.sun.jna.NativeLibrary.getInstance(NativeLibrary.java:403) ~[jna-5.10.0.jar:?]
		at com.mojang.text2speech.NarratorLinux.<clinit>(NarratorLinux.java:18) [text2speech-1.13.9.jar:?]
		at com.mojang.text2speech.Narrator.getNarrator(Narrator.java:21) [text2speech-1.13.9.jar:?]
		at net.minecraft.class_333.<init>(class_333.java:19) [client-intermediary.jar:?]
		at net.minecraft.class_310.<init>(class_310.java:637) [client-intermediary.jar:?]
		at net.minecraft.client.main.Main.method_44604(Main.java:205) [client-intermediary.jar:?]
		at net.minecraft.client.main.Main.main(Main.java:51) [client-intermediary.jar:?]
		at net.fabricmc.loader.impl.game.minecraft.MinecraftGameProvider.launch(MinecraftGameProvider.java:461) [fabric-loader-0.14.9.jar:?]
		at net.fabricmc.loader.impl.launch.knot.Knot.launch(Knot.java:74) [fabric-loader-0.14.9.jar:?]
		at net.fabricmc.loader.impl.launch.knot.KnotClient.main(KnotClient.java:23) [fabric-loader-0.14.9.jar:?]
		at jdk.internal.reflect.NativeMethodAccessorImpl.invoke0(Native Method) ~[?:?]
		at jdk.internal.reflect.NativeMethodAccessorImpl.invoke(NativeMethodAccessorImpl.java:77) ~[?:?]
		at jdk.internal.reflect.DelegatingMethodAccessorImpl.invoke(DelegatingMethodAccessorImpl.java:43) ~[?:?]
		at java.lang.reflect.Method.invoke(Method.java:568) ~[?:?]
		at org.multimc.onesix.OneSixLauncher.launchWithMainClass(OneSixLauncher.java:210) [NewLaunch.jar:?]
		at org.multimc.onesix.OneSixLauncher.launch(OneSixLauncher.java:245) [NewLaunch.jar:?]
		at org.multimc.EntryPoint.listen(EntryPoint.java:143) [NewLaunch.jar:?]
		at org.multimc.EntryPoint.main(EntryPoint.java:34) [NewLaunch.jar:?]
[18:36:17] [Render thread/INFO]: Reloading ResourceManager: Default, Fabric Mods (Fabric API, Fabric API Base, Fabric API Lookup API (v1), Fabric Biome API (v1), Fabric BlockRenderLayer Registration (v1), Fabric Client Tags, Fabric Command API (v1), Fabric Command API (v2), Fabric Commands (v0), Fabric Containers (v0), Fabric Content Registries (v0), Fabric Convention Tags, Fabric Crash Report Info (v1), Fabric Data Generation API (v1), Fabric Dimensions API (v1), Fabric Entity Events (v1), Fabric Events Interaction (v0), Fabric Events Lifecycle (v0), Fabric Game Rule API (v1), Fabric Item API (v1), Fabric Item Groups (v0), Fabric Key Binding API (v1), Fabric Key Bindings (v0), Fabric Lifecycle Events (v1), Fabric Loot API (v2), Fabric Loot Tables (v1), Fabric Message API (v1), Fabric Mining Level API (v1), Fabric Models (v0), Fabric Networking API (v1), Fabric Networking (v0), Fabric Object Builder API (v1), Fabric Particles (v1), Fabric Registry Sync (v0), Fabric Renderer API (v1), Fabric Renderer - Indigo, Fabric Renderer Registries (v1), Fabric Rendering Data Attachment (v1), Fabric Rendering Fluids (v1), Fabric Rendering (v0), Fabric Rendering (v1), Fabric Resource Conditions API (v1), Fabric Resource Loader (v0), Fabric Screen API (v1), Fabric Screen Handler API (v1), Fabric Textures (v0), Fabric Transfer API (v1), Fabric Transitive Access Wideners (v1), Fabric Loader, Wurst Client, Xaero's Minimap, Xaero's World Map)
[18:36:18] [Render thread/INFO]: Loading Xaero's Minimap - Stage 2/2
[18:36:19] [Render thread/INFO]: Xaero's Minimap: World Map found!
[18:36:19] [Render thread/INFO]: No Optifine!
[18:36:19] [Render thread/INFO]: Xaero's Minimap: No Vivecraft!
[18:36:20] [Render thread/INFO]: Loading Xaero's World Map - Stage 2/2
[18:36:20] [Render thread/INFO]: New world map region cache hash code: 687554333
[18:36:20] [Render thread/INFO]: Xaero's WorldMap Mod: Xaero's minimap found!
[18:36:20] [Render thread/INFO]: No Optifine!
[18:36:20] [Render thread/INFO]: Xaero's World Map: No Vivecraft!
[18:36:22] [Render thread/WARN]: Missing sound for event: minecraft:item.goat_horn.play
[18:36:22] [Render thread/WARN]: Missing sound for event: minecraft:entity.goat.screaming.horn_break
[18:36:22] [Render thread/INFO]: OpenAL initialized on device VirtIO SoundCard
[18:36:22] [Render thread/INFO]: Sound engine started
[18:36:23] [Render thread/INFO]: Created: 1024x1024x0 minecraft:textures/atlas/blocks.png-atlas
[18:36:23] [Render thread/INFO]: Created: 256x128x0 minecraft:textures/atlas/signs.png-atlas
[18:36:23] [Render thread/INFO]: Created: 1024x512x0 minecraft:textures/atlas/banner_patterns.png-atlas
[18:36:23] [Render thread/INFO]: Created: 1024x512x0 minecraft:textures/atlas/shield_patterns.png-atlas
[18:36:23] [Render thread/INFO]: Created: 256x256x0 minecraft:textures/atlas/chest.png-atlas
[18:36:23] [Render thread/INFO]: Created: 512x256x0 minecraft:textures/atlas/beds.png-atlas
[18:36:23] [Render thread/INFO]: Created: 512x256x0 minecraft:textures/atlas/shulker_boxes.png-atlas
[18:36:25] [Render thread/WARN]: Shader rendertype_entity_translucent_emissive could not find sampler named Sampler2 in the specified shader program.
[18:36:26] [Render thread/INFO]: Created: 512x256x0 minecraft:textures/atlas/particles.png-atlas
[18:36:26] [Render thread/INFO]: Created: 256x256x0 minecraft:textures/atlas/paintings.png-atlas
[18:36:26] [Render thread/INFO]: Created: 256x128x0 minecraft:textures/atlas/mob_effects.png-atlas
[18:36:26] [Render thread/INFO]: Successfully reloaded the minimap shaders!
[18:36:26] [Render thread/INFO]: Successfully reloaded the world map shaders!
[18:36:40] [Worker-Bootstrap-1/INFO]: 4283 Datafixer optimizations took 36690 milliseconds
[18:36:53] [Render thread/INFO]: Connecting to play.survivewith.us, 25565
[18:36:55] [Render thread/INFO]: New minimap session initialized!
[18:36:55] [Render thread/INFO]: New world map session initialized!
[18:36:55] [Render thread/INFO]: [STDOUT]: Baritone world data dir: /home/gavinboor/.local/share/multimc/instances/Baritone - Wurst/.minecraft/baritone/play.survivewith.us/minecraft/overworld_384
[18:36:55] [Render thread/INFO]: [STDOUT]: Cached world directory: /home/gavinboor/.local/share/multimc/instances/Baritone - Wurst/.minecraft/baritone/play.survivewith.us/minecraft/overworld_384/cache
[18:36:55] [Render thread/INFO]: [STDOUT]: Would save waypoints to /home/gavinboor/.local/share/multimc/instances/Baritone - Wurst/.minecraft/baritone/play.survivewith.us/minecraft/overworld_384/waypoints
[18:36:55] [Render thread/INFO]: [STDOUT]: Telemetry sending attempt blocked.
[18:36:55] [Render thread/INFO]: [STDOUT]: Telemetry sending attempt blocked.
[18:36:56] [Render thread/WARN]: Not all defined tags for registry ResourceKey[minecraft:root / minecraft:block] are present in data pack: minecraft:ancient_city_replaceable, minecraft:mangrove_logs_can_grow_through, minecraft:mangrove_roots_can_grow_through, minecraft:nether_carver_replaceables, minecraft:overworld_carver_replaceables
[18:36:56] [Render thread/WARN]: Received passengers for unknown entity
[18:36:56] [Render thread/INFO]: [System] [CHAT] 
[18:36:56] [Render thread/INFO]: [System] [CHAT] 
[18:36:56] [Render thread/INFO]: [System] [CHAT] Welcome back to SurviveWithUs YELLOW, CodeOverload!
[18:36:56] [Render thread/INFO]: [System] [CHAT] 
[18:36:56] [Render thread/INFO]: [System] [CHAT] §bYou're currently receiving an §6§lXP§b or §6§lMoney Boost!§b Click §bhere §bto §bview §byour §6§l/boosts!
[18:36:56] [Render thread/INFO]: [System] [CHAT] 
[18:36:56] [Render thread/INFO]: Loaded 854 advancements
[18:36:56] [pool-2-thread-1/INFO]: [STDOUT]: Loading region -17,-18 from disk /home/gavinboor/.local/share/multimc/instances/Baritone - Wurst/.minecraft/baritone/play.survivewith.us/minecraft/overworld_384/cache
[18:36:56] [Render thread/INFO]: [STDOUT]: Brightness started at 0.5
[18:36:56] [Render thread/INFO]: Reloading entity icon resources...
[18:36:56] [Render thread/INFO]: Done!
[18:36:56] [pool-2-thread-1/INFO]: [STDOUT]: Loaded region successfully in 146ms
[18:36:57] [pool-2-thread-1/INFO]: [STDOUT]: Loading region -18,-18 from disk /home/gavinboor/.local/share/multimc/instances/Baritone - Wurst/.minecraft/baritone/play.survivewith.us/minecraft/overworld_384/cache
[18:36:57] [pool-2-thread-1/INFO]: [STDOUT]: Loaded region successfully in 133ms
[18:36:57] [WurstUpdater/INFO]: [STDOUT]: [Updater] Current version: 7.28
[18:36:57] [WurstUpdater/INFO]: [STDOUT]: [Updater] Latest version: 7.28
[18:36:57] [pool-2-thread-1/INFO]: [STDOUT]: Loading region -17,-17 from disk /home/gavinboor/.local/share/multimc/instances/Baritone - Wurst/.minecraft/baritone/play.survivewith.us/minecraft/overworld_384/cache
[18:36:58] [pool-2-thread-1/INFO]: [STDOUT]: Loaded region successfully in 105ms
[18:37:04] [Render thread/INFO]: [System] [CHAT] [☠] Silent> wb.
[18:37:10] [Render thread/INFO]: [System] [CHAT] [Binary] CodeOverload> ty silent
[18:37:23] [Render thread/INFO]: [System] [CHAT] [+] Happylilapple2
[18:37:24] [Render thread/INFO]: [System] [CHAT] Remember to /vote to get your next /rank and unlock epic rewards!
[18:37:25] [pool-2-thread-2/INFO]: [STDOUT]: Saving region -17,-17 to disk /home/gavinboor/.local/share/multimc/instances/Baritone - Wurst/.minecraft/baritone/play.survivewith.us/minecraft/overworld_384/cache
[18:37:25] [ForkJoinPool.commonPool-worker-9/INFO]: [STDOUT]: Saving region -17,-18 to disk /home/gavinboor/.local/share/multimc/instances/Baritone - Wurst/.minecraft/baritone/play.survivewith.us/minecraft/overworld_384/cache
[18:37:25] [ForkJoinPool.commonPool-worker-5/INFO]: [STDOUT]: Saving region -18,-18 to disk /home/gavinboor/.local/share/multimc/instances/Baritone - Wurst/.minecraft/baritone/play.survivewith.us/minecraft/overworld_384/cache
[18:37:26] [ForkJoinPool.commonPool-worker-5/INFO]: [STDOUT]: Saved region successfully
[18:37:26] [pool-2-thread-2/INFO]: [STDOUT]: Saved region successfully
[18:37:26] [ForkJoinPool.commonPool-worker-9/INFO]: [STDOUT]: Saved region successfully
[18:37:26] [pool-2-thread-2/INFO]: [STDOUT]: World save took 199ms
[18:38:09] [Render thread/INFO]: [System] [CHAT] You have $984,807,548 and $45,442,328 in your shop.
[18:38:13] [Render thread/INFO]: [System] [CHAT] [-] Happylilapple2
[18:38:32] [Render thread/INFO]: [System] [CHAT] [-] [❤LOTSOF] INKY
[18:40:47] [Render thread/INFO]: [System] [CHAT] [+] [Custom+] Toaster
[18:40:51] [Render thread/INFO]: [System] [CHAT] [☠] Silent> wb. [x2]
[18:40:54] [Render thread/INFO]: [System] [CHAT] [❤LessOf] Toaster> ty
[18:41:18] [Render thread/INFO]: [System] [CHAT] [❤LessOf] Toaster> boop
[18:41:46] [Render thread/INFO]: [System] [CHAT] [Baritone] > toaster
[18:41:46] [Render thread/INFO]: [System] [CHAT] [Baritone] Setting toaster can only be used via the api.
[18:41:57] [Render thread/INFO]: [System] [CHAT] [Binary] CodeOverload> toasty
[18:41:59] [Render thread/INFO]: [System] [CHAT] [❤LessOf] Toaster> yes?
[18:42:02] [Render thread/INFO]: [System] [CHAT] [Binary] CodeOverload> i made an addition
[18:42:05] [Render thread/INFO]: [System] [CHAT] [Binary] CodeOverload> using my big brain
[18:42:07] [Render thread/INFO]: [System] [CHAT] [❤LessOf] Toaster> to?
[18:42:12] [Render thread/INFO]: [System] [CHAT] You have asked Toaster if they can teleport to you.
[18:42:12] [Render thread/INFO]: [System] [CHAT] [☠] Silent> You have a brain?
[18:42:15] [Render thread/INFO]: [System] [CHAT] [❤LessOf] Toaster> fr
[18:42:16] [Render thread/INFO]: [System] [CHAT] [Binary] CodeOverload> yup
[18:42:21] [Render thread/INFO]: [System] [CHAT] [☠] Silent> Damn.
[18:42:29] [Render thread/INFO]: [System] [CHAT] [❤LilBitof] Serephin> skeletoon
[18:42:30] [Render thread/INFO]: [System] [CHAT] [❤LessOf] Toaster> any this is?
[18:42:32] [Render thread/INFO]: [System] [CHAT] [Binary] CodeOverload> guess what i did to it
[18:42:33] [Render thread/INFO]: [System] [CHAT] [❤LessOf] Toaster> and*
[18:42:42] [Render thread/INFO]: [System] [CHAT] [Binary] CodeOverload> it can now preserve armour
[18:42:46] [Render thread/INFO]: [System] [CHAT] §9§4§o§lSilent§e would like to teleport to you: §aAccept §c Deny
[18:42:47] [Render thread/INFO]: [System] [CHAT] [Binary] CodeOverload> angry armor to be exact
[18:42:51] [Render thread/INFO]: [System] [CHAT] You can now fly by double-jumping!
[18:42:52] [Render thread/INFO]: [System] [CHAT] [❤LessOf] Toaster> cool
[18:42:56] [Render thread/INFO]: [System] [CHAT] [Binary] CodeOverload> i shall test
[18:43:01] [Render thread/INFO]: [System] [CHAT] [☠] Silent> Preserve how?
[18:43:03] [Render thread/INFO]: [System] [CHAT] [Binary] CodeOverload> using
[18:43:03] [Render thread/INFO]: [System] [CHAT] [❤LessOf] Toaster> use ur angry armor fr
[18:43:04] [Render thread/INFO]: [System] [CHAT] [Binary] CodeOverload> pogness
[18:43:35] [Render thread/INFO]: [System] [CHAT] [Binary] CodeOverload> that'll have to be closed i guess
[18:43:46] [Render thread/INFO]: [System] [CHAT] [☠] Silent> So you made an angry armor stealing machine?
[18:43:52] [Render thread/INFO]: [System] [CHAT] [Binary] CodeOverload> stealing?
[18:43:53] [Render thread/INFO]: [System] [CHAT] [Binary] CodeOverload> no
[18:43:57] [Render thread/INFO]: [System] [CHAT] [Binary] CodeOverload> its to save armor
[18:44:00] [Render thread/INFO]: [System] [CHAT] [Binary] CodeOverload> from skeles
[18:44:08] [Render thread/INFO]: [System] [CHAT] You have asked Serephin if they can teleport to you.
[18:44:09] [Render thread/INFO]: [System] [CHAT] [Binary] CodeOverload> oops
[18:44:11] [Render thread/INFO]: [System] [CHAT] [Binary] CodeOverload> sorry sere
[18:44:11] [Render thread/INFO]: [System] [CHAT] [❤LessOf] Toaster> this is a wither skeleton farm silemnt
[18:44:13] [Render thread/INFO]: [System] [CHAT] [❤LessOf] Toaster> silent
[18:44:18] [Render thread/INFO]: [System] [CHAT] You have asked Silent if they can teleport to you.
[18:44:25] [Render thread/INFO]: [System] [CHAT] [☠] Silent> Then why is the armor coming from the top of the armor stand and not the bottom?
[18:44:35] [Render thread/INFO]: [System] [CHAT] [❤LessOf] Toaster> ?
[18:44:43] [Render thread/INFO]: [System] [CHAT] [Binary] CodeOverload> it is all the same
[18:44:57] [Render thread/INFO]: [System] [CHAT] [Binary] CodeOverload> and hoppers go down
[18:44:59] [Render thread/INFO]: [System] [CHAT] [Binary] CodeOverload> not up
[18:45:05] [Render thread/INFO]: [System] [CHAT] [Binary] CodeOverload> therefore
[18:45:07] [Render thread/INFO]: [System] [CHAT] [Binary] CodeOverload> bottom
[18:45:12] [Render thread/INFO]: [System] [CHAT] [❤LessOf] Toaster> k
[18:45:18] [Render thread/INFO]: [System] [CHAT] [❤LilBitof] Serephin> bikini bottom
[18:45:20] [Render thread/INFO]: [System] [CHAT] [Binary] CodeOverload> i had the idea
[18:45:24] [Render thread/INFO]: [System] [CHAT] [Binary] CodeOverload> and i made it work
[18:45:28] [Render thread/INFO]: [System] [CHAT] [❤LessOf] Toaster> cool [x2]
[18:45:29] [Render thread/INFO]: [System] [CHAT] thewitherking1 has just opened a Survivor's Crate and won Master's Pickaxe!
[18:45:33] [Render thread/INFO]: [System] [CHAT] [Binary] CodeOverload> pog
[18:45:35] [Render thread/INFO]: [System] [CHAT] [Binary] CodeOverload> le epik
[18:45:37] [Render thread/INFO]: [System] [CHAT] [Binary] CodeOverload> amazin
[18:45:44] [Render thread/INFO]: [System] [CHAT] [❤LilBitof] Serephin> toast
[18:45:46] [Render thread/INFO]: [System] [CHAT] [❤LessOf] Toaster> yes? [x2]
[18:45:53] [Render thread/INFO]: [System] [CHAT] [❤LilBitof] Serephin> wanna go jellyfishing?
[18:45:56] [Render thread/INFO]: [System] [CHAT] [❤LessOf] Toaster> :O
[18:45:57] [Render thread/INFO]: [System] [CHAT] [❤LessOf] Toaster> YES
[18:46:05] [Render thread/INFO]: [System] [CHAT] [+] MagnetMalc13
[18:46:10] [Render thread/INFO]: [System] [CHAT] [Binary] CodeOverload> lol
[18:46:16] [Render thread/INFO]: [System] [CHAT] [Binary] CodeOverload> silent getting a gift
[18:46:18] [Render thread/INFO]: [System] [CHAT] [☠] Silent> You could totally use this to rob people who want to burn items.
[18:46:27] [Render thread/INFO]: [System] [CHAT] [Binary] CodeOverload> why would i do that
[18:46:32] [Render thread/INFO]: [System] [CHAT] [❤LilBitof] Serephin> dont mess with me while im jellyfishing
[18:46:38] [Render thread/INFO]: [System] [CHAT] [Binary] CodeOverload> who would wanna burn smt of value
[18:46:40] [Render thread/INFO]: [System] [CHAT] [☠] Silent> Well it's not as if they're going to use them.
[18:46:42] [Render thread/INFO]: [System] [CHAT] [☠] Silent> ...
[18:47:07] [Render thread/INFO]: [System] [CHAT] [Binary] CodeOverload> depending on angry droprate i might add more stands
[18:47:26] [pool-2-thread-2/INFO]: [STDOUT]: Saving region -17,-18 to disk /home/gavinboor/.local/share/multimc/instances/Baritone - Wurst/.minecraft/baritone/play.survivewith.us/minecraft/overworld_384/cache
[18:47:26] [ForkJoinPool.commonPool-worker-11/INFO]: [STDOUT]: Saving region -18,-18 to disk /home/gavinboor/.local/share/multimc/instances/Baritone - Wurst/.minecraft/baritone/play.survivewith.us/minecraft/overworld_384/cache
[18:47:26] [ForkJoinPool.commonPool-worker-11/INFO]: [STDOUT]: Saved region successfully
[18:47:26] [pool-2-thread-2/INFO]: [STDOUT]: Saved region successfully
[18:47:26] [pool-2-thread-2/INFO]: [STDOUT]: World save took 93ms
[18:47:30] [Render thread/INFO]: [System] [CHAT] [Binary] CodeOverload> i haven't tested it with boots yet
[18:47:33] [Render thread/INFO]: [System] [CHAT] [Binary] CodeOverload> i imagine its the same
[18:47:43] [Render thread/INFO]: [System] [CHAT] [❤LessOf] Toaster> Mess around and catch a stingWhile I'm jellyfishing
[18:47:49] [Render thread/INFO]: [System] [CHAT] [Binary] CodeOverload> ok
[18:47:56] [Render thread/INFO]: [System] [CHAT] [Binary] CodeOverload> silent is gonna help
[18:48:00] [Render thread/INFO]: [System] [CHAT] [☠] Silent> Huh.
[18:48:13] [Render thread/INFO]: [System] [CHAT] [☠] Silent> How?
[18:48:15] [Render thread/INFO]: [System] [CHAT] [Binary] CodeOverload> oh it does work on boots
[18:48:30] [Render thread/INFO]: [System] [CHAT] [Binary] CodeOverload> hey
[18:48:56] [Render thread/INFO]: [System] [CHAT] [Binary] CodeOverload> bit of a hassle but hey
[18:49:05] [Render thread/INFO]: [System] [CHAT] [Binary] CodeOverload> saves 200m from being wasted
[18:49:06] [Render thread/INFO]: [System] [CHAT] [+] [☠Crazy❦rabbiT☠] UsadaPekora
[18:49:07] [Render thread/INFO]: [System] [CHAT] [☠] Silent> wb. [x3]
[18:49:12] [Render thread/INFO]: [System] [CHAT] [☠Crazy❦rabbiT☠] UsadaPekora> I joined using ChatCraft from my Android device! Download it for free!
[18:49:15] [Render thread/INFO]: [System] [CHAT] [☠Crazy❦rabbiT☠] UsadaPekora> ty
[18:49:35] [Render thread/INFO]: [System] [CHAT] Welcome to SurviveWithUs YELLOW, MaddenGaming!
[18:49:35] [Render thread/INFO]: [System] [CHAT] MaddenGaming accomplished something: [Isn't it Davy Jones]
[18:49:35] [Render thread/INFO]: [System] [CHAT] [+] MaddenGaming
[18:49:37] [Render thread/INFO]: [System] [CHAT] [❤LessOf] Toaster> Welcome
[18:49:37] [Render thread/INFO]: [System] [CHAT] [☠] Silent> Welcome!
[18:49:38] [Render thread/INFO]: [System] [CHAT] [Binary] CodeOverload> Welcome
[18:50:04] [Render thread/INFO]: [System] [CHAT] [Binary] CodeOverload> i already made deals with ppl too
[18:50:09] [Render thread/INFO]: [System] [CHAT] [❤LessOf] Toaster> bruh
[18:50:10] [Render thread/INFO]: [System] [CHAT] [❤LessOf] Toaster> what deals
[18:50:32] [Render thread/INFO]: [System] [CHAT] [Binary] CodeOverload> they can use it whenever we aren't using it and in return get any dupes
[18:50:39] [Render thread/INFO]: [System] [CHAT] [❤LessOf] Toaster> who
[18:50:46] [Render thread/INFO]: [System] [CHAT] [Binary] CodeOverload> limit of 1 per armor type
[18:50:52] [Render thread/INFO]: [System] [CHAT] [Binary] CodeOverload> it was
[18:51:07] [Render thread/INFO]: [System] [CHAT] [Binary] CodeOverload> someone with alternating green nick
[18:51:10] [Render thread/INFO]: [System] [CHAT] [Binary] CodeOverload> an mvp
[18:51:14] [Render thread/INFO]: [System] [CHAT] [Binary] CodeOverload> i forgot who
[18:51:22] [Render thread/INFO]: [System] [CHAT] MaddenGaming accomplished something: [Age o' stone]
[18:51:46] [Render thread/INFO]: [System] [CHAT] §9MagnetMalc13§e would like to teleport to you: §aAccept §c Deny
[18:51:57] [Render thread/INFO]: [System] [CHAT] [Binary] CodeOverload> hii
[18:52:00] [Render thread/INFO]: [System] [CHAT] [Forager] MagnetMalc13> Hi.
[18:52:07] [Render thread/INFO]: [System] [CHAT] [❤LessOf] Toaster> bruh [x2]
[18:52:11] [Render thread/INFO]: [System] [CHAT] [Binary] CodeOverload> he tped to me
[18:52:15] [Render thread/INFO]: [System] [CHAT] [❤LessOf] Toaster> not even 5 seconds in and hes already trying to greif us
[18:52:21] [Render thread/INFO]: [System] [CHAT] [❤LessOf] Toaster> man tried to break the hoppers
[18:52:38] [Render thread/INFO]: [System] [CHAT] [Forager] MagnetMalc13> No the glase.
[18:52:41] [Render thread/INFO]: [System] [CHAT] [❤LessOf] Toaster> and hoppers
[18:52:43] [Render thread/INFO]: [System] [CHAT] [❤LessOf] Toaster> i saw
[18:52:59] [Render thread/INFO]: [System] [CHAT] [Binary] CodeOverload> he does that
[18:53:15] [Render thread/INFO]: [System] [CHAT] [Binary] CodeOverload> there is nothing of value here anyway
[18:53:20] [Render thread/INFO]: [System] [CHAT] MaddenGaming accomplished something: [Shiny diamonds!]
[18:53:28] [Render thread/INFO]: [System] [CHAT] [Member] MaddenGaming> Yessir.
[18:54:11] [Render thread/INFO]: [System] [CHAT] [+] [Cartographer] Morzone
[18:54:12] [Render thread/INFO]: [System] [CHAT] [❤LessOf] Toaster> well this is ur place, so i suppose any loss would be yours
[18:54:14] [Render thread/INFO]: [System] [CHAT] [❤LessOf] Toaster> wb
[18:54:21] [Render thread/INFO]: [System] [CHAT] [Forager] MagnetMalc13> wb0.
[18:55:01] [Render thread/INFO]: [System] [CHAT] MaddenGaming accomplished something: [Get yer hardware]
[18:55:07] [Render thread/INFO]: [System] [CHAT] [❤LessOf] Toaster> just asking, during an angry event, do we share income since this farm was technically ours
[18:55:19] [Render thread/INFO]: [System] [CHAT] [❤LessOf] Toaster> including those who u made "deals" with
[18:55:26] [Render thread/INFO]: [System] [CHAT] [Binary] CodeOverload> share income?
[18:55:27] [Render thread/INFO]: [System] [CHAT] [Binary] CodeOverload> wdym
[18:55:42] [Render thread/INFO]: [System] [CHAT] [Cartographer] Morzone> you get all the bones, they get all the arrows
[18:55:54] [Render thread/INFO]: [System] [CHAT] [Binary] CodeOverload> i was gonna say we each get one set
[18:55:56] [Render thread/INFO]: [System] [CHAT] [Binary] CodeOverload> morzone
[18:56:01] [Render thread/INFO]: [System] [CHAT] [Binary] CodeOverload> withers dont drop arrows
[18:56:18] [Render thread/INFO]: [System] [CHAT] [Binary] CodeOverload> and then along the way any dupes we already have go to the dealers
[18:56:19] [Render thread/INFO]: [System] [CHAT] [☠] Silent> They don't?
[18:56:21] [Render thread/INFO]: [System] [CHAT] [❤LessOf] Toaster> by share income i mean, if we get 10 sets (example) we would give lets say 3 sets to the 3 people u made deals with, and the remaining 7 would be spilt between us based on agreement
[18:56:28] [Render thread/INFO]: [System] [CHAT] [Binary] CodeOverload> and if they have those already then we keep
[18:56:33] [Render thread/INFO]: [System] [CHAT] [☠] Silent> Then why is my wither skeleton farm full of arrows?
[18:56:42] [Render thread/INFO]: [System] [CHAT] [Cartographer] Morzone> no, but most angry farms use normal skeletons rather than wither skeletons
[18:56:53] [Render thread/INFO]: [System] [CHAT] [Binary] CodeOverload> they aren't the same?
[18:57:08] [Render thread/INFO]: [System] [CHAT] [❤LessOf] Toaster> skeletons have less of a limit in chunks
[18:57:12] [Render thread/INFO]: [System] [CHAT] [Binary] CodeOverload> oh yeah
[18:57:13] [Render thread/INFO]: [System] [CHAT] [❤LessOf] Toaster> while wither skeletons dont
[18:57:16] [Render thread/INFO]: [System] [CHAT] [Binary] CodeOverload> pog
[18:57:20] [Render thread/INFO]: [System] [CHAT] [Binary] CodeOverload> so
[18:57:22] [Render thread/INFO]: [System] [CHAT] [Cartographer] Morzone> also their eggs are cheaper and more common
[18:57:25] [Render thread/INFO]: [System] [CHAT] [Binary] CodeOverload> i was just gonna say
[18:57:26] [pool-2-thread-2/INFO]: [STDOUT]: Saving region -17,-18 to disk /home/gavinboor/.local/share/multimc/instances/Baritone - Wurst/.minecraft/baritone/play.survivewith.us/minecraft/overworld_384/cache
[18:57:26] [pool-2-thread-2/INFO]: [STDOUT]: Saved region successfully
[18:57:26] [pool-2-thread-2/INFO]: [STDOUT]: World save took 94ms
[18:57:34] [Render thread/INFO]: [System] [CHAT] [Binary] CodeOverload> you can have a reasonable amount of the drops
[18:57:41] [Render thread/INFO]: [System] [CHAT] [-] [☠] Silent
[18:57:44] [Render thread/INFO]: [System] [CHAT] [Binary] CodeOverload> how about 60/40
[18:57:56] [Render thread/INFO]: [System] [CHAT] [❤LessOf] Toaster> fine with me
[18:58:00] [Render thread/INFO]: [System] [CHAT] [Binary] CodeOverload> ill get the remainder
[18:58:06] [Render thread/INFO]: [System] [CHAT] [❤LessOf] Toaster> wait
[18:58:12] [Render thread/INFO]: [System] [CHAT] [❤LessOf] Toaster> how does it go 60 40
[18:58:16] [Render thread/INFO]: [System] [CHAT] [❤LessOf] Toaster> who to who
[18:58:25] [Render thread/INFO]: [System] [CHAT] [Binary] CodeOverload> well since i paid for it id like the 60
[18:58:28] [Render thread/INFO]: [System] [CHAT] [❤LessOf] Toaster> yeah
[18:58:37] [Render thread/INFO]: [System] [CHAT] [❤LessOf] Toaster> it also seems fair since i haev another source of farm
[18:58:39] [Render thread/INFO]: [System] [CHAT] [Binary] CodeOverload> but i understand you want access to it aswell
[18:58:50] [Render thread/INFO]: [System] [CHAT] [Binary] CodeOverload> (inky *couch*)
[18:58:54] [Render thread/INFO]: [System] [CHAT] [Binary] CodeOverload> chouch
[18:58:55] [Render thread/INFO]: [System] [CHAT] [Binary] CodeOverload> lol
[18:58:57] [Render thread/INFO]: [System] [CHAT] [Binary] CodeOverload> cough*
[18:59:17] [Render thread/INFO]: [System] [CHAT] [Binary] CodeOverload> oh f
[18:59:18] [Render thread/INFO]: [System] [CHAT] [❤LessOf] Toaster> i provided a decent amount of wither skele eggs to inky aswell
[18:59:21] [Render thread/INFO]: [System] [CHAT] [Binary] CodeOverload> chromebook finna die
[18:59:23] [Render thread/INFO]: [System] [CHAT] [Cartographer] Morzone> bte if anyone wants to make some easy money
[18:59:26] [Render thread/INFO]: [System] [CHAT] [Binary] CodeOverload> thas good
[18:59:30] [Render thread/INFO]: [System] [CHAT] [Cartographer] Morzone> I'm buying soul soil on /shop
[18:59:33] [Render thread/INFO]: [System] [CHAT] [Binary] CodeOverload> but what we really need mostly
[18:59:34] [Render thread/INFO]: [System] [CHAT] [Cartographer] Morzone> 500 a block
[18:59:37] [Render thread/INFO]: [System] [CHAT] [Binary] CodeOverload> is someone here at all times
[18:59:44] [Render thread/INFO]: [System] [CHAT] [+] [❤LOTSOF] INKY
[18:59:46] [Render thread/INFO]: [System] [CHAT] [Cartographer] Morzone> WB
[18:59:47] [Render thread/INFO]: [System] [CHAT] [❤LessOf] Toaster> wb inky :D
[18:59:48] [Render thread/INFO]: [System] [CHAT] [Binary] CodeOverload> might even hire someone to stay here and afk them
[19:00:01] [Render thread/INFO]: [System] [CHAT] [❤LOTSOF] INKY> Yes?
[19:00:04] [Render thread/INFO]: [System] [CHAT] [Binary] CodeOverload> hi inky
[19:00:14] [Render thread/INFO]: [System] [CHAT] [❤LessOf] Toaster> its rare to even get a full set during the event
[19:00:15] [Render thread/INFO]: [System] [CHAT] [❤LOTSOF] INKY> Hi Code
[19:00:18] [Render thread/INFO]: [System] [CHAT] [Binary] CodeOverload> i concur
[19:00:22] [Render thread/INFO]: [System] [CHAT] [Binary] CodeOverload> inky
[19:00:29] [Render thread/INFO]: [System] [CHAT] [❤LilBitof] Serephin> couch...
[19:00:31] [Render thread/INFO]: [System] [CHAT] [❤LessOf] Toaster> so dont hire too mane people or you get less of it
[19:00:32] [Render thread/INFO]: [System] [CHAT] [Binary] CodeOverload> is my redstone for angry event inky approved
[19:00:38] [Render thread/INFO]: [System] [CHAT] You have asked INKY if they can teleport to you.
[19:00:51] [Render thread/INFO]: [System] [CHAT] [❤LessOf] Toaster> magnet ur presseance is bothering me
[19:01:06] [Render thread/INFO]: [System] [CHAT] [Forager] MagnetMalc13> And?
[19:01:07] [Render thread/INFO]: [System] [CHAT] [Binary] CodeOverload> that part is unchanged
[19:01:14] [Render thread/INFO]: [System] [CHAT] [Binary] CodeOverload> the only mod i added was the armor stand
[19:01:16] [Render thread/INFO]: [System] [CHAT] Spidey has spawned! Type /boss to battle him!
[19:01:17] [Render thread/INFO]: [System] [CHAT] Want to support the server, get /crate keys and your next /rank? Don't forget to /vote!
[19:01:28] [Render thread/INFO]: [System] [CHAT] [Binary] CodeOverload> to collect armour since we cant sort it
[19:01:38] [Render thread/INFO]: [System] [CHAT] [Binary] CodeOverload> or as my game calls it
[19:01:39] [Render thread/INFO]: [System] [CHAT] [❤LOTSOF] INKY> Okay
[19:01:43] [Render thread/INFO]: [System] [CHAT] [Binary] CodeOverload> a booty rack
[19:02:01] [Render thread/INFO]: [System] [CHAT] [Binary] CodeOverload> pirate speak is best language
[19:02:11] [Render thread/INFO]: [System] [CHAT] [Forager] MagnetMalc13> Nope.
[19:02:17] [Render thread/INFO]: [System] [CHAT] [❤LessOf] Toaster> sere
[19:02:21] [Render thread/INFO]: [System] [CHAT] [❤LessOf] Toaster> MAN do i have a story to tell
[19:02:24] [Render thread/INFO]: [System] [CHAT] [❤LessOf] Toaster> There was this bully, right Didn't even seem like the bully type Walked right up to me and told me, "You look like a cookie bite" I said, "You could be right But me, I'm not the lookie type" So I walked away, and then he hit me with a cooking knife
[19:02:24] [Render thread/INFO]: [System] [CHAT] MaddenGaming accomplished something: [Icy bucket challenge]
[19:02:32] [Render thread/INFO]: [System] [CHAT] [Binary] CodeOverload> omg
[19:02:42] [Render thread/INFO]: [System] [CHAT] [Cartographer] Morzone> bro has this story on copy-paste
[19:02:47] [Render thread/INFO]: [System] [CHAT] [❤LessOf] Toaster> xd
[19:03:43] [Render thread/INFO]: [System] [CHAT] [❤LilBitof] Serephin> someone call me
[19:03:46] [Render thread/INFO]: [System] [CHAT] [❤LilBitof] Serephin> ?
[19:03:48] [Render thread/INFO]: [System] [CHAT] [❤LessOf] Toaster> scroll up
[19:03:53] [Render thread/INFO]: [System] [CHAT] [❤LilBitof] Serephin> i cannot
[19:03:55] [Render thread/INFO]: [System] [CHAT] [❤LessOf] Toaster> ;-;
[19:04:04] [Render thread/INFO]: [System] [CHAT] [Binary] CodeOverload> she lost her mouse
[19:04:04] [Render thread/INFO]: [System] [CHAT] MaddenGaming accomplished something: [Bury me with diamonds]
[19:05:05] [Render thread/INFO]: [System] [CHAT] UsadaPekora has gone AFK!
[19:05:33] [Render thread/INFO]: [System] [CHAT] [Forager] MagnetMalc13> He said did I til you you could walk away spong.
[19:05:38] [Render thread/INFO]: [System] [CHAT] [❤LessOf] Toaster> wow
[19:05:40] [Render thread/INFO]: [System] [CHAT] [❤LessOf] Toaster> took u that long
[19:05:42] [Render thread/INFO]: [System] [CHAT] [❤LessOf] Toaster> smh
[19:06:24] [Render thread/INFO]: [System] [CHAT] [Cartographer] Morzone> anyone got any soul soil?
[19:06:29] [Render thread/INFO]: [System] [CHAT] [Forager] MagnetMalc13> Halp.
[19:06:41] [Render thread/INFO]: [System] [CHAT] [Cartographer] Morzone> halp?
[19:07:26] [pool-2-thread-2/INFO]: [STDOUT]: Saving region -17,-18 to disk /home/gavinboor/.local/share/multimc/instances/Baritone - Wurst/.minecraft/baritone/play.survivewith.us/minecraft/overworld_384/cache
[19:07:26] [pool-2-thread-2/INFO]: [STDOUT]: Saved region successfully
[19:07:26] [pool-2-thread-2/INFO]: [STDOUT]: World save took 93ms
[19:08:20] [Render thread/INFO]: [System] [CHAT] [-] [Cartographer] Morzone
[19:08:25] [Render thread/INFO]: [System] [CHAT] [+] [Cartographer] Morzone
[19:08:32] [Render thread/INFO]: [System] [CHAT] [Forager] MagnetMalc13> wb.
[19:08:44] [Render thread/INFO]: [System] [CHAT] [Cartographer] Morzone> that's probably gonna happen a bunch
[19:11:56] [Render thread/INFO]: [System] [CHAT] MaddenGaming accomplished something: [Scurvy dog slaughter]
[19:13:01] [Render thread/INFO]: [System] [CHAT] [-] [❤LilBitof] Serephin
[19:14:56] [Render thread/INFO]: [System] [CHAT] [Cartographer] Morzone> anyone interested in having their base connected to the nether highways?
[19:15:07] [Render thread/INFO]: [System] [CHAT] [Binary] CodeOverload> ooh
[19:15:08] [Render thread/INFO]: [System] [CHAT] [Binary] CodeOverload> maybe
[19:15:15] [Render thread/INFO]: [System] [CHAT] [Binary] CodeOverload> what does that do
[19:15:22] [Render thread/INFO]: [System] [CHAT] [❤LessOf] Toaster> absolutly nothing
[19:15:29] [Render thread/INFO]: [System] [CHAT] [Binary] CodeOverload> oh
[19:15:39] [Render thread/INFO]: [System] [CHAT] [Cartographer] Morzone> it means I build a road that connects your to the network of nether highways
[19:15:57] [Render thread/INFO]: [System] [CHAT] [Binary] CodeOverload> no
[19:15:58] [Render thread/INFO]: [System] [CHAT] [Binary] CodeOverload> me
[19:15:59] [Render thread/INFO]: [System] [CHAT] [Binary] CodeOverload> gusta
[19:16:10] [Render thread/INFO]: [System] [CHAT] [Binary] CodeOverload> um
[19:16:11] [Render thread/INFO]: [System] [CHAT] [Cartographer] Morzone> a hermit life for you then
[19:16:15] [Render thread/INFO]: [System] [CHAT] [❤LessOf] Toaster> L
[19:16:17] [Render thread/INFO]: [System] [CHAT] [Binary] CodeOverload> a wat
[19:16:37] [Render thread/INFO]: [System] [CHAT] [Cartographer] Morzone> a hermit, someone who hides away and lives in solitude/seclusion
[19:16:39] [Render thread/INFO]: [System] [CHAT] MaddenGaming accomplished something: [Spell caster]
[19:16:42] [Render thread/INFO]: [System] [CHAT] [❤LessOf] Toaster> :I
[19:16:57] [Render thread/INFO]: [System] [CHAT] [Binary] CodeOverload> ohh
[19:17:10] [Render thread/INFO]: [System] [CHAT] [Forager] MagnetMalc13> What.
[19:17:13] [Render thread/INFO]: [System] [CHAT] [Binary] CodeOverload> i live in a nice neighborhood
[19:17:26] [pool-2-thread-2/INFO]: [STDOUT]: Saving region -17,-18 to disk /home/gavinboor/.local/share/multimc/instances/Baritone - Wurst/.minecraft/baritone/play.survivewith.us/minecraft/overworld_384/cache
[19:17:26] [pool-2-thread-2/INFO]: [STDOUT]: Saved region successfully
[19:17:26] [pool-2-thread-2/INFO]: [STDOUT]: World save took 90ms
[19:17:37] [Render thread/INFO]: [System] [CHAT] [Forager] MagnetMalc13> :i.
[19:17:44] [Render thread/INFO]: [System] [CHAT] [Cartographer] Morzone> well the offer is always open
[19:17:48] [Render thread/INFO]: [System] [CHAT] [Binary] CodeOverload> ok
[19:17:50] [Render thread/INFO]: [System] [CHAT] [Binary] CodeOverload> toasty
[19:17:51] [Render thread/INFO]: [System] [CHAT] [Cartographer] Morzone> one free road
[19:17:53] [Render thread/INFO]: [System] [CHAT] [❤LessOf] Toaster> yes?
[19:17:57] [Render thread/INFO]: [System] [CHAT] [Binary] CodeOverload> how do you get so many wither eggs
[19:18:03] [Render thread/INFO]: [System] [CHAT] [❤LessOf] Toaster> skill
[19:18:09] [Render thread/INFO]: [System] [CHAT] [Binary] CodeOverload> nvm then..
[19:18:12] [Render thread/INFO]: [System] [CHAT] [Forager] MagnetMalc13> Bru.
[19:18:13] [Render thread/INFO]: [System] [CHAT] [❤LessOf] Toaster> xD
[19:18:33] [Render thread/INFO]: [System] [CHAT] [Forager] MagnetMalc13> How you not dieing.
[19:18:33] [Render thread/INFO]: [System] [CHAT] [❤LessOf] Toaster> the only way to get them is crates and buying them
[19:18:36] [Render thread/INFO]: [System] [CHAT] [❤LessOf] Toaster> i cant die
[19:18:40] [Render thread/INFO]: [System] [CHAT] [Binary] CodeOverload> same
[19:18:50] [Render thread/INFO]: [System] [CHAT] [Forager] MagnetMalc13> I can.
[19:18:59] [Render thread/INFO]: [System] [CHAT] [❤LessOf] Toaster> skill issue fr
[19:19:02] [Render thread/INFO]: [System] [CHAT] [Forager] MagnetMalc13> Not fare.
[19:19:14] [Render thread/INFO]: [System] [CHAT] [Forager] MagnetMalc13> Fair.
[19:19:17] [Render thread/INFO]: [System] [CHAT] [Binary] CodeOverload> its a hack
[19:19:19] [Render thread/INFO]: [System] [CHAT] [Binary] CodeOverload> it must be
[19:19:32] [Render thread/INFO]: [System] [CHAT] [❤LessOf] Toaster> k
[19:19:46] [Render thread/INFO]: [System] [CHAT] [Binary] CodeOverload> i will drop kick you back to ur bed so fast
[19:19:47] [Render thread/INFO]: [System] [CHAT] MagnetMalc13 has gone AFK!
[19:19:51] [Render thread/INFO]: [System] [CHAT] [❤LessOf] Toaster> k [x2]
[19:19:58] [Render thread/INFO]: [System] [CHAT] [Binary] CodeOverload> not you
[19:20:03] [Render thread/INFO]: [System] [CHAT] [❤LessOf] Toaster> alright
[19:21:58] [Render thread/INFO]: [System] [CHAT] [-] MaddenGaming
[19:22:03] [Render thread/INFO]: [System] [CHAT] Toaster has just opened a Money Crate and won a Blaze Spawn Egg!
[19:23:09] [Render thread/INFO]: [System] [CHAT] [+] [Rich] HADES
[19:23:11] [Render thread/INFO]: [System] [CHAT] [Cartographer] Morzone> wb
[19:23:12] [Render thread/INFO]: [System] [CHAT] Toaster has just opened a Money Crate and won a Blaze Spawn Egg! [x2]
[19:23:15] [Render thread/INFO]: [System] [CHAT] [Binary] CodeOverload> gg
[19:23:15] [Render thread/INFO]: [System] [CHAT] [Rich] HADES> ty
[19:23:15] [Render thread/INFO]: [System] [CHAT] [Rich] HADES> I joined using ChatCraft from my Android device! Download it for free!
[19:23:17] [Render thread/INFO]: [System] [CHAT] [Binary] CodeOverload> ew
[19:23:20] [Render thread/INFO]: [System] [CHAT] [Binary] CodeOverload> leave
[19:23:21] [Render thread/INFO]: [System] [CHAT] [❤LessOf] Toaster> W chatcraft
[19:23:24] [Render thread/INFO]: [System] [CHAT] [❤LessOf] Toaster> wdym
[19:23:27] [Render thread/INFO]: [System] [CHAT] [Rich] HADES> fr
[19:23:29] [Render thread/INFO]: [System] [CHAT] [❤LessOf] Toaster> hades is a W he should stay
[19:23:29] [Render thread/INFO]: [System] [CHAT] [Binary] CodeOverload> chatcraft
[19:23:32] [Render thread/INFO]: [System] [CHAT] [Binary] CodeOverload> such an L
[19:23:37] [Render thread/INFO]: [System] [CHAT] [❤LessOf] Toaster> nah
[19:23:40] [Render thread/INFO]: [System] [CHAT] [Binary] CodeOverload> its not hades i have a problem with
[19:23:42] [Render thread/INFO]: [System] [CHAT] [Binary] CodeOverload> its his client
[19:23:49] [Render thread/INFO]: [System] [CHAT] [Rich] HADES> to lazy to get on pc
[19:23:50] [Render thread/INFO]: [System] [CHAT] [+] carterrr18
[19:23:54] [Render thread/INFO]: [System] [CHAT] [Binary] CodeOverload> also
[19:23:57] [Render thread/INFO]: [System] [CHAT] [❤LessOf] Toaster> hades makes chatcraft a W
[19:23:58] [Render thread/INFO]: [System] [CHAT] [Cartographer] Morzone> wb [x2]
[19:23:58] [Render thread/INFO]: [System] [CHAT] [Binary] CodeOverload> whats the point of the lever
[19:24:02] [Render thread/INFO]: [System] [CHAT] [Binary] CodeOverload> next to the skeles
[19:24:10] [Render thread/INFO]: [System] [CHAT] [❤LessOf] Toaster> it was an on and off switch put by jety
[19:24:19] [Render thread/INFO]: [System] [CHAT] [Binary] CodeOverload> no the one for wata
[19:24:27] [Render thread/INFO]: [System] [CHAT] [❤LessOf] Toaster> ?
[19:24:28] [Render thread/INFO]: [System] [CHAT] §9§e§lT§d§lo§b§la§6§ls§e§lt§0§ler§e would like to teleport to you: §aAccept §c Deny
[19:24:39] [Render thread/INFO]: [System] [CHAT] [❤LessOf] Toaster> you put that there
[19:24:42] [Render thread/INFO]: [System] [CHAT] [Binary] CodeOverload> i did?
[19:24:47] [Render thread/INFO]: [System] [CHAT] [❤LessOf] Toaster> its for them not to die of fall damage
[19:24:56] [Render thread/INFO]: [System] [CHAT] [❤LessOf] Toaster> it was way back then
[19:24:57] [Render thread/INFO]: [System] [CHAT] [Binary] CodeOverload> oh yeah
[19:25:06] [Render thread/INFO]: [System] [CHAT] [Binary] CodeOverload> for entity cramming
[19:25:08] [Render thread/INFO]: [System] [CHAT] Toaster has just opened a Money Crate and won a Blaze Spawn Egg! [x3]
[19:25:19] [Render thread/INFO]: [System] [CHAT] [Cartographer] Morzone> entity cramming is banned by swu rules
[19:25:23] [Render thread/INFO]: [System] [CHAT] [Binary] CodeOverload> it is?
[19:25:24] [Render thread/INFO]: [System] [CHAT] [❤LessOf] Toaster> ^
[19:25:25] [Render thread/INFO]: [System] [CHAT] [Cartographer] Morzone> yes
[19:25:26] [Render thread/INFO]: [System] [CHAT] [❤LessOf] Toaster> yea
[19:25:29] [Render thread/INFO]: [System] [CHAT] [Binary] CodeOverload> how
[19:25:34] [Render thread/INFO]: [System] [CHAT] [❤LessOf] Toaster> you can get clapped by spiro fr
[19:25:37] [Render thread/INFO]: [System] [CHAT] [Cartographer] Morzone> causes too much lag for the server
[19:25:39] [Render thread/INFO]: [System] [CHAT] [Binary] CodeOverload> what if im afk
[19:25:46] [Render thread/INFO]: [System] [CHAT] [❤LessOf] Toaster> then mega clapped
[19:25:47] [Render thread/INFO]: [System] [CHAT] [-] carterrr18
[19:25:49] [Render thread/INFO]: [System] [CHAT] [+] carterrr18 [x2]
[19:25:53] [Render thread/INFO]: [System] [CHAT] [Binary] CodeOverload> oh shoot
[19:27:26] [pool-2-thread-2/INFO]: [STDOUT]: Saving region -17,-18 to disk /home/gavinboor/.local/share/multimc/instances/Baritone - Wurst/.minecraft/baritone/play.survivewith.us/minecraft/overworld_384/cache
[19:27:26] [ForkJoinPool.commonPool-worker-10/INFO]: [STDOUT]: Saving region -18,-18 to disk /home/gavinboor/.local/share/multimc/instances/Baritone - Wurst/.minecraft/baritone/play.survivewith.us/minecraft/overworld_384/cache
[19:27:26] [ForkJoinPool.commonPool-worker-10/INFO]: [STDOUT]: Saved region successfully
[19:27:26] [pool-2-thread-2/INFO]: [STDOUT]: Saved region successfully
[19:27:26] [pool-2-thread-2/INFO]: [STDOUT]: World save took 91ms
[19:27:28] [Render thread/INFO]: [System] [CHAT] [-] thewitherking1
[19:27:31] [Render thread/INFO]: [System] [CHAT] [+] thewitherking1
[19:27:32] [Render thread/INFO]: [System] [CHAT] [❤LOTSOF] INKY> O.o
[19:27:34] [Render thread/INFO]: [System] [CHAT] [-] carterrr18 [x2]
[19:27:39] [Render thread/INFO]: [System] [CHAT] [Cartographer] Morzone> WB
[19:27:47] [Render thread/INFO]: [System] [CHAT] [❤LessOf] Toaster> i dont make the rules
[19:28:05] [Render thread/INFO]: [System] [CHAT] [Cartographer] Morzone> ./rules
[19:28:19] [Render thread/INFO]: [System] [CHAT] [❤LessOf] Toaster> morzy i wasnt talking to u
[19:28:20] [Render thread/INFO]: [System] [CHAT] [❤LessOf] Toaster> :3
[19:29:50] [Render thread/INFO]: [System] [CHAT] [❤LOTSOF] INKY> brb
[19:29:54] [Render thread/INFO]: [System] [CHAT] [❤LessOf] Toaster> k [x3]
[19:30:35] [Render thread/INFO]: [System] [CHAT] [Cartographer] Morzone> 2000 more blocks to go
[19:31:17] [Render thread/INFO]: [System] [CHAT] Want to support the server, get /crate keys and your next /rank? Don't forget to /vote!
[19:33:14] [Render thread/INFO]: [System] [CHAT] [+] MysticCommander
[19:33:16] [Render thread/INFO]: [System] [CHAT] [Cartographer] Morzone> wb [x3]
[19:33:47] [Render thread/INFO]: [System] [CHAT] MysticCommander has voted for the server and has received a /crate key, you can vote too with /vote!
[19:34:11] [Render thread/INFO]: [System] [CHAT] MysticCommander has voted for the server on all 7 sites and has unlocked their BONUS in /vote, you can too by /vote'ing!
[19:34:34] [Render thread/INFO]: [System] [CHAT] [-] MysticCommander
[19:35:40] [Render thread/INFO]: [System] [CHAT] [-] thewitherking1 [x2]
[19:35:45] [Render thread/INFO]: [System] [CHAT] [❤LessOf] Toaster> selling a funbow for 5m
[19:35:47] [Render thread/INFO]: [System] [CHAT] [+] thewitherking1 [x2]
[19:35:49] [Render thread/INFO]: [System] [CHAT] [Cartographer] Morzone> wb [x4]
[19:35:53] [Render thread/INFO]: [System] [CHAT] [Cartographer] Morzone> :o cheap
[19:35:57] [Render thread/INFO]: [System] [CHAT] [❤LessOf] Toaster> yep
[19:36:23] [Render thread/INFO]: [System] [CHAT] [❤LessOf] Toaster> my claim settings got messed up so i just need 5m to disable mob spawning
[19:36:30] [Render thread/INFO]: [System] [CHAT] [Cartographer] Morzone> oof
[19:36:47] [Render thread/INFO]: [System] [CHAT] [❤LessOf] Toaster> give me ur money fr
[19:36:48] [Render thread/INFO]: [System] [CHAT] [+] EMD_789
[19:36:50] [Render thread/INFO]: [System] [CHAT] [Cartographer] Morzone> wb [x5]
[19:36:57] [Render thread/INFO]: [System] [CHAT] [Explorer] EMD_789> thx
[19:37:00] [Render thread/INFO]: [System] [CHAT] [Explorer] EMD_789> wsp mor
[19:37:06] [Render thread/INFO]: [System] [CHAT] [Cartographer] Morzone> dig up soul soil and sell it to me on /shop
[19:37:12] [Render thread/INFO]: [System] [CHAT] [Explorer] EMD_789> me?
[19:37:13] [Render thread/INFO]: [System] [CHAT] [❤LessOf] Toaster> im at 2k cause i have bad spending habbits
[19:37:18] [Render thread/INFO]: [System] [CHAT] [Cartographer] Morzone> toast be needing money
[19:37:26] [pool-2-thread-2/INFO]: [STDOUT]: Saving region -17,-18 to disk /home/gavinboor/.local/share/multimc/instances/Baritone - Wurst/.minecraft/baritone/play.survivewith.us/minecraft/overworld_384/cache
[19:37:26] [pool-2-thread-2/INFO]: [STDOUT]: Saved region successfully
[19:37:26] [pool-2-thread-2/INFO]: [STDOUT]: World save took 88ms
[19:37:33] [Render thread/INFO]: [System] [CHAT] [❤LessOf] Toaster> do u specfifically need soil
[19:37:39] [Render thread/INFO]: [System] [CHAT] [Cartographer] Morzone> also if anyone wants to connect their base to the nether highways let me know :D
[19:37:41] [Render thread/INFO]: [System] [CHAT] [Cartographer] Morzone> yes [x2]
[19:37:47] [Render thread/INFO]: [System] [CHAT] [Explorer] EMD_789> i will
[19:37:50] [Render thread/INFO]: [System] [CHAT] [Explorer] EMD_789> :)
[19:37:52] [Render thread/INFO]: [System] [CHAT] [❤LessOf] Toaster> ill give u a stack if u buy the funbow for 5m
[19:37:53] [Render thread/INFO]: [System] [CHAT] [❤LessOf] Toaster> fr
[19:38:01] [Render thread/INFO]: [System] [CHAT] [Cartographer] Morzone> 1 stack is 32k
[19:38:09] [Render thread/INFO]: [System] [CHAT] [❤LessOf] Toaster> but the funbow
[19:39:07] [Render thread/INFO]: [System] [CHAT] [Cartographer] Morzone> its on /shop
[19:39:12] [Render thread/INFO]: [System] [CHAT] [❤LessOf] Toaster> just accept tp
[19:39:22] [Render thread/INFO]: [System] [CHAT] HADES has gone AFK!
[19:39:34] [Render thread/INFO]: [System] [CHAT] [❤LessOf] Toaster> stand still
[19:39:41] [Render thread/INFO]: [System] [CHAT] [Cartographer] Morzone> no
[19:40:00] [Render thread/INFO]: [System] [CHAT] [❤LessOf] Toaster> persistent fr
[19:40:01] [Render thread/INFO]: [System] [CHAT] [Cartographer] Morzone> if you dont do it through /shop you're not getting money
[19:40:02] [Render thread/INFO]: [System] [CHAT] [❤LessOf] Toaster> just take it
[19:40:06] [Render thread/INFO]: [System] [CHAT] [❤LessOf] Toaster> i dont want money
[19:40:07] [Render thread/INFO]: [System] [CHAT] [❤LessOf] Toaster> take it
[19:40:52] [Render thread/INFO]: [System] [CHAT] [Cartographer] Morzone> this definitely falls under bad spending habits
[19:40:56] [Render thread/INFO]: [System] [CHAT] [❤LessOf] Toaster> mhm
[19:41:08] [Render thread/INFO]: [System] [CHAT] [Explorer] EMD_789> for the fun bow how do i select what i want?
[19:41:13] [Render thread/INFO]: [System] [CHAT] [❤LessOf] Toaster> click the air
[19:41:14] [Render thread/INFO]: [System] [CHAT] [Cartographer] Morzone> left click with the bow
[19:41:20] [Render thread/INFO]: [System] [CHAT] [Explorer] EMD_789> oh thx
