[18:09:13] [main/INFO]: Loading Minecraft 1.19.2 with Fabric Loader 0.14.9
[18:09:13] [main/INFO]: Fabric is preparing JARs on first launch, this may take a few seconds...
[18:09:13] [ForkJoinPool-1-worker-3/WARN]: Mod wurst uses the version v7.27.3-MC1.19.2 which isn't compatible with Loader's extended semantic version format (Could not parse version number component 'v7'!), SemVer is recommended for reliably evaluating dependencies and prioritizing newer version
[18:09:13] [main/WARN]: Mod resolution failed
[18:09:13] [main/INFO]: Immediate reason: [NEG_HARD_DEP meteor-client 0.5.1-1627 {breaks wurst @ [*]}, ROOT_FORCELOAD_SINGLE meteor-client 0.5.1-1627, ROOT_FORCELOAD_SINGLE wurst v7.27.3-MC1.19.2]
[18:09:13] [main/INFO]: Reason: [NEG_HARD_DEP meteor-client 0.5.1-1627 {breaks wurst @ [*]}]
[18:09:13] [main/INFO]: Fix: add [], remove [], replace [[meteor-client 0.5.1-1627] -> add:meteor-client 1 ([(-∞,∞)])]
[18:09:13] [main/ERROR]: Incompatible mod set!
net.fabricmc.loader.impl.FormattedException: Mod resolution encountered an incompatible mod set!
A potential solution has been determined:
	 - Replace mod 'Meteor Client' (meteor-client) 0.5.1-1627 with any version that is compatible with:
		 - wurst v7.27.3-MC1.19.2
Unmet dependency listing:
	 - Mod 'Meteor Client' (meteor-client) 0.5.1-1627 is incompatible with any version of mod 'Wurst Client' (wurst), but a matching version is present: v7.27.3-MC1.19.2!
	at net.fabricmc.loader.impl.FabricLoaderImpl.load(FabricLoaderImpl.java:190) ~[fabric-loader-0.14.9.jar:?]
	at net.fabricmc.loader.impl.launch.knot.Knot.init(Knot.java:148) ~[fabric-loader-0.14.9.jar:?]
	at net.fabricmc.loader.impl.launch.knot.Knot.launch(Knot.java:68) [fabric-loader-0.14.9.jar:?]
	at net.fabricmc.loader.impl.launch.knot.KnotClient.main(KnotClient.java:23) [fabric-loader-0.14.9.jar:?]
	at jdk.internal.reflect.NativeMethodAccessorImpl.invoke0(Native Method) ~[?:?]
	at jdk.internal.reflect.NativeMethodAccessorImpl.invoke(NativeMethodAccessorImpl.java:77) ~[?:?]
	at jdk.internal.reflect.DelegatingMethodAccessorImpl.invoke(DelegatingMethodAccessorImpl.java:43) ~[?:?]
	at java.lang.reflect.Method.invoke(Method.java:568) ~[?:?]
	at org.multimc.onesix.OneSixLauncher.launchWithMainClass(OneSixLauncher.java:210) [NewLaunch.jar:?]
	at org.multimc.onesix.OneSixLauncher.launch(OneSixLauncher.java:245) [NewLaunch.jar:?]
	at org.multimc.EntryPoint.listen(EntryPoint.java:143) [NewLaunch.jar:?]
	at org.multimc.EntryPoint.main(EntryPoint.java:34) [NewLaunch.jar:?]
