[06:33:34] [main/INFO]: Loading Minecraft 1.19.2 with Fabric Loader 0.14.9
[06:33:34] [ForkJoinPool-1-worker-2/WARN]: Mod wurst uses the version v7.27.3-MC1.19.2 which isn't compatible with Loader's extended semantic version format (Could not parse version number component 'v7'!), SemVer is recommended for reliably evaluating dependencies and prioritizing newer version
[06:33:34] [ForkJoinPool-1-worker-7/WARN]: Mod wurst uses the version v7.28-MC1.19.2 which isn't compatible with Loader's extended semantic version format (Could not parse version number component 'v7'!), SemVer is recommended for reliably evaluating dependencies and prioritizing newer version
[06:33:35] [main/INFO]: Loading 57 mods:
	- baritone 1.5.3-621-gaddd1fc7
	- fabric-api 0.61.0+1.19.2
	- fabric-api-base 0.4.11+e62f51a390 via fabric-api
	- fabric-api-lookup-api-v1 1.6.9+9ff28f4090 via fabric-api
	- fabric-biome-api-v1 9.0.17+aeb40ebe90 via fabric-api
	- fabric-blockrenderlayer-v1 1.1.20+aeb40ebe90 via fabric-api
	- fabric-client-tags-api-v1 1.0.1+b35fea8390 via fabric-api
	- fabric-command-api-v1 1.2.11+f71b366f90 via fabric-api
	- fabric-command-api-v2 2.1.7+0c17ea9690 via fabric-api
	- fabric-commands-v0 0.2.28+df3654b390 via fabric-api
	- fabric-containers-v0 0.1.34+df3654b390 via fabric-api
	- fabric-content-registries-v0 3.3.0+624e468e90 via fabric-api
	- fabric-convention-tags-v1 1.1.1+7cd20a1490 via fabric-api
	- fabric-crash-report-info-v1 0.2.5+aeb40ebe90 via fabric-api
	- fabric-data-generation-api-v1 5.1.9+a680b9b490 via fabric-api
	- fabric-dimensions-v1 2.1.31+0dd10df690 via fabric-api
	- fabric-entity-events-v1 1.4.18+9ff28f4090 via fabric-api
	- fabric-events-interaction-v0 0.4.28+aeb40ebe90 via fabric-api
	- fabric-events-lifecycle-v0 0.2.28+df3654b390 via fabric-api
	- fabric-game-rule-api-v1 1.0.21+aeb40ebe90 via fabric-api
	- fabric-item-api-v1 1.5.7+35a03c4390 via fabric-api
	- fabric-item-groups-v0 0.3.29+4e8ca3fd90 via fabric-api
	- fabric-key-binding-api-v1 1.0.20+aeb40ebe90 via fabric-api
	- fabric-keybindings-v0 0.2.18+df3654b390 via fabric-api
	- fabric-lifecycle-events-v1 2.1.2+aeb40ebe90 via fabric-api
	- fabric-loot-api-v2 1.1.3+83a8659290 via fabric-api
	- fabric-loot-tables-v1 1.1.6+9e7660c690 via fabric-api
	- fabric-message-api-v1 5.0.3+176380a290 via fabric-api
	- fabric-mining-level-api-v1 2.1.14+33fbc73890 via fabric-api
	- fabric-models-v0 0.3.17+aeb40ebe90 via fabric-api
	- fabric-networking-api-v1 1.2.4+5eb68ef290 via fabric-api
	- fabric-networking-v0 0.3.21+df3654b390 via fabric-api
	- fabric-object-builder-api-v1 4.0.11+aeb40ebe90 via fabric-api
	- fabric-particles-v1 1.0.10+aeb40ebe90 via fabric-api
	- fabric-registry-sync-v0 0.9.25+726b652090 via fabric-api
	- fabric-renderer-api-v1 1.0.10+aeb40ebe90 via fabric-api
	- fabric-renderer-indigo 0.6.12+aeb40ebe90 via fabric-api
	- fabric-renderer-registries-v1 3.2.20+df3654b390 via fabric-api
	- fabric-rendering-data-attachment-v1 0.3.14+aeb40ebe90 via fabric-api
	- fabric-rendering-fluids-v1 3.0.7+aeb40ebe90 via fabric-api
	- fabric-rendering-v0 1.1.22+df3654b390 via fabric-api
	- fabric-rendering-v1 1.10.16+aeb40ebe90 via fabric-api
	- fabric-resource-conditions-api-v1 2.0.11+e62f51a390 via fabric-api
	- fabric-resource-loader-v0 0.6.1+aeb40ebe90 via fabric-api
	- fabric-screen-api-v1 1.0.26+f05effaf90 via fabric-api
	- fabric-screen-handler-api-v1 1.3.0+1cc24b1b90 via fabric-api
	- fabric-textures-v0 1.0.20+aeb40ebe90 via fabric-api
	- fabric-transfer-api-v1 2.1.0+8f88597390 via fabric-api
	- fabric-transitive-access-wideners-v1 1.3.0+42d99c3290 via fabric-api
	- fabricloader 0.14.9
	- java 17
	- litematica 0.12.3
	- malilib 0.13.0
	- minecraft 1.19.2
	- wurst v7.28-MC1.19.2
	- xaerominimap 22.15.1
	- xaeroworldmap 1.28.0
[06:33:35] [main/INFO]: SpongePowered MIXIN Subsystem Version=0.8.5 Source=file:/home/gavinboor/.local/share/multimc/libraries/net/fabricmc/sponge-mixin/0.11.4+mixin.0.8.5/sponge-mixin-0.11.4+mixin.0.8.5.jar Service=Knot/Fabric Env=CLIENT
[06:33:35] [main/INFO]: Compatibility level set to JAVA_17
[06:33:35] [main/WARN]: Error loading class: me/jellysquid/mods/sodium/client/render/occlusion/BlockOcclusionCache (java.lang.ClassNotFoundException: me/jellysquid/mods/sodium/client/render/occlusion/BlockOcclusionCache)
[06:33:36] [main/WARN]: Configuration conflict: there is more than one oshi.properties file on the classpath
[06:33:36] [main/WARN]: Configuration conflict: there is more than one oshi.architecture.properties file on the classpath
[06:33:39] [main/INFO]: Building optimized datafixer
[06:33:43] [Render thread/INFO]: Environment: authHost='https://authserver.mojang.com', accountsHost='https://api.mojang.com', sessionHost='https://sessionserver.mojang.com', servicesHost='https://api.minecraftservices.com', name='PROD'
[06:33:44] [Render thread/INFO]: Setting user: CodeOverload
[06:33:45] [Render thread/INFO]: [STDOUT]: Starting Wurst Client...
[06:33:47] [Render thread/INFO]: [Indigo] Registering Indigo renderer!
[06:33:47] [Render thread/INFO]: Loading Xaero's Minimap - Stage 1/2
[06:33:48] [Render thread/INFO]: Loading Xaero's World Map - Stage 1/2
[06:33:50] [Render thread/INFO]: Backend library: LWJGL version 3.3.1 SNAPSHOT
[06:33:56] [Render thread/WARN]: ERROR : Couldn't load Narrator library
java.lang.UnsatisfiedLinkError: Unable to load library 'fliteWrapper':
libfliteWrapper.so: cannot open shared object file: No such file or directory
libfliteWrapper.so: cannot open shared object file: No such file or directory
Native library (linux-x86-64/libfliteWrapper.so) not found in resource path (/home/gavinboor/.local/share/multimc/bin/jars/NewLaunch.jar:/home/gavinboor/.local/share/multimc/libraries/org/lwjgl/lwjgl-glfw/3.3.1/lwjgl-glfw-3.3.1.jar:/home/gavinboor/.local/share/multimc/libraries/org/lwjgl/lwjgl-jemalloc/3.3.1/lwjgl-jemalloc-3.3.1.jar:/home/gavinboor/.local/share/multimc/libraries/org/lwjgl/lwjgl-openal/3.3.1/lwjgl-openal-3.3.1.jar:/home/gavinboor/.local/share/multimc/libraries/org/lwjgl/lwjgl-opengl/3.3.1/lwjgl-opengl-3.3.1.jar:/home/gavinboor/.local/share/multimc/libraries/org/lwjgl/lwjgl-stb/3.3.1/lwjgl-stb-3.3.1.jar:/home/gavinboor/.local/share/multimc/libraries/org/lwjgl/lwjgl-tinyfd/3.3.1/lwjgl-tinyfd-3.3.1.jar:/home/gavinboor/.local/share/multimc/libraries/org/lwjgl/lwjgl/3.3.1/lwjgl-3.3.1.jar:/home/gavinboor/.local/share/multimc/libraries/com/mojang/logging/1.0.0/logging-1.0.0.jar:/home/gavinboor/.local/share/multimc/libraries/com/mojang/blocklist/1.0.10/blocklist-1.0.10.jar:/home/gavinboor/.local/share/multimc/libraries/com/mojang/patchy/2.2.10/patchy-2.2.10.jar:/home/gavinboor/.local/share/multimc/libraries/com/github/oshi/oshi-core/5.8.5/oshi-core-5.8.5.jar:/home/gavinboor/.local/share/multimc/libraries/net/java/dev/jna/jna/5.10.0/jna-5.10.0.jar:/home/gavinboor/.local/share/multimc/libraries/net/java/dev/jna/jna-platform/5.10.0/jna-platform-5.10.0.jar:/home/gavinboor/.local/share/multimc/libraries/org/slf4j/slf4j-api/1.8.0-beta4/slf4j-api-1.8.0-beta4.jar:/home/gavinboor/.local/share/multimc/libraries/org/apache/logging/log4j/log4j-slf4j18-impl/2.16.0/log4j-slf4j18-impl-2.16.0.jar:/home/gavinboor/.local/share/multimc/libraries/com/ibm/icu/icu4j/70.1/icu4j-70.1.jar:/home/gavinboor/.local/share/multimc/libraries/com/mojang/javabridge/1.2.24/javabridge-1.2.24.jar:/home/gavinboor/.local/share/multimc/libraries/net/sf/jopt-simple/jopt-simple/5.0.4/jopt-simple-5.0.4.jar:/home/gavinboor/.local/share/multimc/libraries/io/netty/netty-common/4.1.77.Final/netty-common-4.1.77.Final.jar:/home/gavinboor/.local/share/multimc/libraries/io/netty/netty-buffer/4.1.77.Final/netty-buffer-4.1.77.Final.jar:/home/gavinboor/.local/share/multimc/libraries/io/netty/netty-codec/4.1.77.Final/netty-codec-4.1.77.Final.jar:/home/gavinboor/.local/share/multimc/libraries/io/netty/netty-handler/4.1.77.Final/netty-handler-4.1.77.Final.jar:/home/gavinboor/.local/share/multimc/libraries/io/netty/netty-resolver/4.1.77.Final/netty-resolver-4.1.77.Final.jar:/home/gavinboor/.local/share/multimc/libraries/io/netty/netty-transport/4.1.77.Final/netty-transport-4.1.77.Final.jar:/home/gavinboor/.local/share/multimc/libraries/io/netty/netty-transport-native-unix-common/4.1.77.Final/netty-transport-native-unix-common-4.1.77.Final.jar:/home/gavinboor/.local/share/multimc/libraries/io/netty/netty-transport-classes-epoll/4.1.77.Final/netty-transport-classes-epoll-4.1.77.Final.jar:/home/gavinboor/.local/share/multimc/libraries/io/netty/netty-transport-native-epoll/4.1.77.Final/netty-transport-native-epoll-4.1.77.Final-linux-x86_64.jar:/home/gavinboor/.local/share/multimc/libraries/com/google/guava/failureaccess/1.0.1/failureaccess-1.0.1.jar:/home/gavinboor/.local/share/multimc/libraries/com/google/guava/guava/31.0.1-jre/guava-31.0.1-jre.jar:/home/gavinboor/.local/share/multimc/libraries/org/apache/commons/commons-lang3/3.12.0/commons-lang3-3.12.0.jar:/home/gavinboor/.local/share/multimc/libraries/commons-io/commons-io/2.11.0/commons-io-2.11.0.jar:/home/gavinboor/.local/share/multimc/libraries/commons-codec/commons-codec/1.15/commons-codec-1.15.jar:/home/gavinboor/.local/share/multimc/libraries/com/mojang/brigadier/1.0.18/brigadier-1.0.18.jar:/home/gavinboor/.local/share/multimc/libraries/com/mojang/datafixerupper/5.0.28/datafixerupper-5.0.28.jar:/home/gavinboor/.local/share/multimc/libraries/com/google/code/gson/gson/2.8.9/gson-2.8.9.jar:/home/gavinboor/.local/share/multimc/libraries/com/mojang/authlib/3.11.49/authlib-3.11.49.jar:/home/gavinboor/.local/share/multimc/libraries/org/apache/commons/commons-compress/1.21/commons-compress-1.21.jar:/home/gavinboor/.local/share/multimc/libraries/org/apache/httpcomponents/httpclient/4.5.13/httpclient-4.5.13.jar:/home/gavinboor/.local/share/multimc/libraries/commons-logging/commons-logging/1.2/commons-logging-1.2.jar:/home/gavinboor/.local/share/multimc/libraries/org/apache/httpcomponents/httpcore/4.4.14/httpcore-4.4.14.jar:/home/gavinboor/.local/share/multimc/libraries/it/unimi/dsi/fastutil/8.5.6/fastutil-8.5.6.jar:/home/gavinboor/.local/share/multimc/libraries/org/apache/logging/log4j/log4j-api/2.16.0/log4j-api-2.16.0.jar:/home/gavinboor/.local/share/multimc/libraries/org/apache/logging/log4j/log4j-core/2.16.0/log4j-core-2.16.0.jar:/home/gavinboor/.local/share/multimc/libraries/com/mojang/text2speech/1.13.9/text2speech-1.13.9.jar:/home/gavinboor/.local/share/multimc/libraries/net/fabricmc/intermediary/1.19.2/intermediary-1.19.2.jar:/home/gavinboor/.local/share/multimc/libraries/net/fabricmc/tiny-mappings-parser/0.3.0+build.17/tiny-mappings-parser-0.3.0+build.17.jar:/home/gavinboor/.local/share/multimc/libraries/net/fabricmc/sponge-mixin/0.11.4+mixin.0.8.5/sponge-mixin-0.11.4+mixin.0.8.5.jar:/home/gavinboor/.local/share/multimc/libraries/net/fabricmc/tiny-remapper/0.8.2/tiny-remapper-0.8.2.jar:/home/gavinboor/.local/share/multimc/libraries/net/fabricmc/access-widener/2.1.0/access-widener-2.1.0.jar:/home/gavinboor/.local/share/multimc/libraries/org/ow2/asm/asm/9.3/asm-9.3.jar:/home/gavinboor/.local/share/multimc/libraries/org/ow2/asm/asm-analysis/9.3/asm-analysis-9.3.jar:/home/gavinboor/.local/share/multimc/libraries/org/ow2/asm/asm-commons/9.3/asm-commons-9.3.jar:/home/gavinboor/.local/share/multimc/libraries/org/ow2/asm/asm-tree/9.3/asm-tree-9.3.jar:/home/gavinboor/.local/share/multimc/libraries/org/ow2/asm/asm-util/9.3/asm-util-9.3.jar:/home/gavinboor/.local/share/multimc/libraries/net/fabricmc/fabric-loader/0.14.9/fabric-loader-0.14.9.jar:/home/gavinboor/.local/share/multimc/libraries/com/mojang/minecraft/1.19.2/minecraft-1.19.2-client.jar)
	at com.sun.jna.NativeLibrary.loadLibrary(NativeLibrary.java:301) ~[jna-5.10.0.jar:?]
	at com.sun.jna.NativeLibrary.getInstance(NativeLibrary.java:461) ~[jna-5.10.0.jar:?]
	at com.sun.jna.NativeLibrary.getInstance(NativeLibrary.java:403) ~[jna-5.10.0.jar:?]
	at com.mojang.text2speech.NarratorLinux.<clinit>(NarratorLinux.java:18) [text2speech-1.13.9.jar:?]
	at com.mojang.text2speech.Narrator.getNarrator(Narrator.java:21) [text2speech-1.13.9.jar:?]
	at net.minecraft.class_333.<init>(class_333.java:19) [client-intermediary.jar:?]
	at net.minecraft.class_310.<init>(class_310.java:637) [client-intermediary.jar:?]
	at net.minecraft.client.main.Main.method_44604(Main.java:205) [client-intermediary.jar:?]
	at net.minecraft.client.main.Main.main(Main.java:51) [client-intermediary.jar:?]
	at net.fabricmc.loader.impl.game.minecraft.MinecraftGameProvider.launch(MinecraftGameProvider.java:461) [fabric-loader-0.14.9.jar:?]
	at net.fabricmc.loader.impl.launch.knot.Knot.launch(Knot.java:74) [fabric-loader-0.14.9.jar:?]
	at net.fabricmc.loader.impl.launch.knot.KnotClient.main(KnotClient.java:23) [fabric-loader-0.14.9.jar:?]
	at jdk.internal.reflect.NativeMethodAccessorImpl.invoke0(Native Method) ~[?:?]
	at jdk.internal.reflect.NativeMethodAccessorImpl.invoke(NativeMethodAccessorImpl.java:77) ~[?:?]
	at jdk.internal.reflect.DelegatingMethodAccessorImpl.invoke(DelegatingMethodAccessorImpl.java:43) ~[?:?]
	at java.lang.reflect.Method.invoke(Method.java:568) ~[?:?]
	at org.multimc.onesix.OneSixLauncher.launchWithMainClass(OneSixLauncher.java:210) [NewLaunch.jar:?]
	at org.multimc.onesix.OneSixLauncher.launch(OneSixLauncher.java:245) [NewLaunch.jar:?]
	at org.multimc.EntryPoint.listen(EntryPoint.java:143) [NewLaunch.jar:?]
	at org.multimc.EntryPoint.main(EntryPoint.java:34) [NewLaunch.jar:?]
	Suppressed: java.lang.UnsatisfiedLinkError: libfliteWrapper.so: cannot open shared object file: No such file or directory
		at com.sun.jna.Native.open(Native Method) ~[jna-5.10.0.jar:?]
		at com.sun.jna.NativeLibrary.loadLibrary(NativeLibrary.java:191) ~[jna-5.10.0.jar:?]
		at com.sun.jna.NativeLibrary.getInstance(NativeLibrary.java:461) ~[jna-5.10.0.jar:?]
		at com.sun.jna.NativeLibrary.getInstance(NativeLibrary.java:403) ~[jna-5.10.0.jar:?]
		at com.mojang.text2speech.NarratorLinux.<clinit>(NarratorLinux.java:18) [text2speech-1.13.9.jar:?]
		at com.mojang.text2speech.Narrator.getNarrator(Narrator.java:21) [text2speech-1.13.9.jar:?]
		at net.minecraft.class_333.<init>(class_333.java:19) [client-intermediary.jar:?]
		at net.minecraft.class_310.<init>(class_310.java:637) [client-intermediary.jar:?]
		at net.minecraft.client.main.Main.method_44604(Main.java:205) [client-intermediary.jar:?]
		at net.minecraft.client.main.Main.main(Main.java:51) [client-intermediary.jar:?]
		at net.fabricmc.loader.impl.game.minecraft.MinecraftGameProvider.launch(MinecraftGameProvider.java:461) [fabric-loader-0.14.9.jar:?]
		at net.fabricmc.loader.impl.launch.knot.Knot.launch(Knot.java:74) [fabric-loader-0.14.9.jar:?]
		at net.fabricmc.loader.impl.launch.knot.KnotClient.main(KnotClient.java:23) [fabric-loader-0.14.9.jar:?]
		at jdk.internal.reflect.NativeMethodAccessorImpl.invoke0(Native Method) ~[?:?]
		at jdk.internal.reflect.NativeMethodAccessorImpl.invoke(NativeMethodAccessorImpl.java:77) ~[?:?]
		at jdk.internal.reflect.DelegatingMethodAccessorImpl.invoke(DelegatingMethodAccessorImpl.java:43) ~[?:?]
		at java.lang.reflect.Method.invoke(Method.java:568) ~[?:?]
		at org.multimc.onesix.OneSixLauncher.launchWithMainClass(OneSixLauncher.java:210) [NewLaunch.jar:?]
		at org.multimc.onesix.OneSixLauncher.launch(OneSixLauncher.java:245) [NewLaunch.jar:?]
		at org.multimc.EntryPoint.listen(EntryPoint.java:143) [NewLaunch.jar:?]
		at org.multimc.EntryPoint.main(EntryPoint.java:34) [NewLaunch.jar:?]
	Suppressed: java.lang.UnsatisfiedLinkError: libfliteWrapper.so: cannot open shared object file: No such file or directory
		at com.sun.jna.Native.open(Native Method) ~[jna-5.10.0.jar:?]
		at com.sun.jna.NativeLibrary.loadLibrary(NativeLibrary.java:204) ~[jna-5.10.0.jar:?]
		at com.sun.jna.NativeLibrary.getInstance(NativeLibrary.java:461) ~[jna-5.10.0.jar:?]
		at com.sun.jna.NativeLibrary.getInstance(NativeLibrary.java:403) ~[jna-5.10.0.jar:?]
		at com.mojang.text2speech.NarratorLinux.<clinit>(NarratorLinux.java:18) [text2speech-1.13.9.jar:?]
		at com.mojang.text2speech.Narrator.getNarrator(Narrator.java:21) [text2speech-1.13.9.jar:?]
		at net.minecraft.class_333.<init>(class_333.java:19) [client-intermediary.jar:?]
		at net.minecraft.class_310.<init>(class_310.java:637) [client-intermediary.jar:?]
		at net.minecraft.client.main.Main.method_44604(Main.java:205) [client-intermediary.jar:?]
		at net.minecraft.client.main.Main.main(Main.java:51) [client-intermediary.jar:?]
		at net.fabricmc.loader.impl.game.minecraft.MinecraftGameProvider.launch(MinecraftGameProvider.java:461) [fabric-loader-0.14.9.jar:?]
		at net.fabricmc.loader.impl.launch.knot.Knot.launch(Knot.java:74) [fabric-loader-0.14.9.jar:?]
		at net.fabricmc.loader.impl.launch.knot.KnotClient.main(KnotClient.java:23) [fabric-loader-0.14.9.jar:?]
		at jdk.internal.reflect.NativeMethodAccessorImpl.invoke0(Native Method) ~[?:?]
		at jdk.internal.reflect.NativeMethodAccessorImpl.invoke(NativeMethodAccessorImpl.java:77) ~[?:?]
		at jdk.internal.reflect.DelegatingMethodAccessorImpl.invoke(DelegatingMethodAccessorImpl.java:43) ~[?:?]
		at java.lang.reflect.Method.invoke(Method.java:568) ~[?:?]
		at org.multimc.onesix.OneSixLauncher.launchWithMainClass(OneSixLauncher.java:210) [NewLaunch.jar:?]
		at org.multimc.onesix.OneSixLauncher.launch(OneSixLauncher.java:245) [NewLaunch.jar:?]
		at org.multimc.EntryPoint.listen(EntryPoint.java:143) [NewLaunch.jar:?]
		at org.multimc.EntryPoint.main(EntryPoint.java:34) [NewLaunch.jar:?]
	Suppressed: java.io.IOException: Native library (linux-x86-64/libfliteWrapper.so) not found in resource path (/home/gavinboor/.local/share/multimc/bin/jars/NewLaunch.jar:/home/gavinboor/.local/share/multimc/libraries/org/lwjgl/lwjgl-glfw/3.3.1/lwjgl-glfw-3.3.1.jar:/home/gavinboor/.local/share/multimc/libraries/org/lwjgl/lwjgl-jemalloc/3.3.1/lwjgl-jemalloc-3.3.1.jar:/home/gavinboor/.local/share/multimc/libraries/org/lwjgl/lwjgl-openal/3.3.1/lwjgl-openal-3.3.1.jar:/home/gavinboor/.local/share/multimc/libraries/org/lwjgl/lwjgl-opengl/3.3.1/lwjgl-opengl-3.3.1.jar:/home/gavinboor/.local/share/multimc/libraries/org/lwjgl/lwjgl-stb/3.3.1/lwjgl-stb-3.3.1.jar:/home/gavinboor/.local/share/multimc/libraries/org/lwjgl/lwjgl-tinyfd/3.3.1/lwjgl-tinyfd-3.3.1.jar:/home/gavinboor/.local/share/multimc/libraries/org/lwjgl/lwjgl/3.3.1/lwjgl-3.3.1.jar:/home/gavinboor/.local/share/multimc/libraries/com/mojang/logging/1.0.0/logging-1.0.0.jar:/home/gavinboor/.local/share/multimc/libraries/com/mojang/blocklist/1.0.10/blocklist-1.0.10.jar:/home/gavinboor/.local/share/multimc/libraries/com/mojang/patchy/2.2.10/patchy-2.2.10.jar:/home/gavinboor/.local/share/multimc/libraries/com/github/oshi/oshi-core/5.8.5/oshi-core-5.8.5.jar:/home/gavinboor/.local/share/multimc/libraries/net/java/dev/jna/jna/5.10.0/jna-5.10.0.jar:/home/gavinboor/.local/share/multimc/libraries/net/java/dev/jna/jna-platform/5.10.0/jna-platform-5.10.0.jar:/home/gavinboor/.local/share/multimc/libraries/org/slf4j/slf4j-api/1.8.0-beta4/slf4j-api-1.8.0-beta4.jar:/home/gavinboor/.local/share/multimc/libraries/org/apache/logging/log4j/log4j-slf4j18-impl/2.16.0/log4j-slf4j18-impl-2.16.0.jar:/home/gavinboor/.local/share/multimc/libraries/com/ibm/icu/icu4j/70.1/icu4j-70.1.jar:/home/gavinboor/.local/share/multimc/libraries/com/mojang/javabridge/1.2.24/javabridge-1.2.24.jar:/home/gavinboor/.local/share/multimc/libraries/net/sf/jopt-simple/jopt-simple/5.0.4/jopt-simple-5.0.4.jar:/home/gavinboor/.local/share/multimc/libraries/io/netty/netty-common/4.1.77.Final/netty-common-4.1.77.Final.jar:/home/gavinboor/.local/share/multimc/libraries/io/netty/netty-buffer/4.1.77.Final/netty-buffer-4.1.77.Final.jar:/home/gavinboor/.local/share/multimc/libraries/io/netty/netty-codec/4.1.77.Final/netty-codec-4.1.77.Final.jar:/home/gavinboor/.local/share/multimc/libraries/io/netty/netty-handler/4.1.77.Final/netty-handler-4.1.77.Final.jar:/home/gavinboor/.local/share/multimc/libraries/io/netty/netty-resolver/4.1.77.Final/netty-resolver-4.1.77.Final.jar:/home/gavinboor/.local/share/multimc/libraries/io/netty/netty-transport/4.1.77.Final/netty-transport-4.1.77.Final.jar:/home/gavinboor/.local/share/multimc/libraries/io/netty/netty-transport-native-unix-common/4.1.77.Final/netty-transport-native-unix-common-4.1.77.Final.jar:/home/gavinboor/.local/share/multimc/libraries/io/netty/netty-transport-classes-epoll/4.1.77.Final/netty-transport-classes-epoll-4.1.77.Final.jar:/home/gavinboor/.local/share/multimc/libraries/io/netty/netty-transport-native-epoll/4.1.77.Final/netty-transport-native-epoll-4.1.77.Final-linux-x86_64.jar:/home/gavinboor/.local/share/multimc/libraries/com/google/guava/failureaccess/1.0.1/failureaccess-1.0.1.jar:/home/gavinboor/.local/share/multimc/libraries/com/google/guava/guava/31.0.1-jre/guava-31.0.1-jre.jar:/home/gavinboor/.local/share/multimc/libraries/org/apache/commons/commons-lang3/3.12.0/commons-lang3-3.12.0.jar:/home/gavinboor/.local/share/multimc/libraries/commons-io/commons-io/2.11.0/commons-io-2.11.0.jar:/home/gavinboor/.local/share/multimc/libraries/commons-codec/commons-codec/1.15/commons-codec-1.15.jar:/home/gavinboor/.local/share/multimc/libraries/com/mojang/brigadier/1.0.18/brigadier-1.0.18.jar:/home/gavinboor/.local/share/multimc/libraries/com/mojang/datafixerupper/5.0.28/datafixerupper-5.0.28.jar:/home/gavinboor/.local/share/multimc/libraries/com/google/code/gson/gson/2.8.9/gson-2.8.9.jar:/home/gavinboor/.local/share/multimc/libraries/com/mojang/authlib/3.11.49/authlib-3.11.49.jar:/home/gavinboor/.local/share/multimc/libraries/org/apache/commons/commons-compress/1.21/commons-compress-1.21.jar:/home/gavinboor/.local/share/multimc/libraries/org/apache/httpcomponents/httpclient/4.5.13/httpclient-4.5.13.jar:/home/gavinboor/.local/share/multimc/libraries/commons-logging/commons-logging/1.2/commons-logging-1.2.jar:/home/gavinboor/.local/share/multimc/libraries/org/apache/httpcomponents/httpcore/4.4.14/httpcore-4.4.14.jar:/home/gavinboor/.local/share/multimc/libraries/it/unimi/dsi/fastutil/8.5.6/fastutil-8.5.6.jar:/home/gavinboor/.local/share/multimc/libraries/org/apache/logging/log4j/log4j-api/2.16.0/log4j-api-2.16.0.jar:/home/gavinboor/.local/share/multimc/libraries/org/apache/logging/log4j/log4j-core/2.16.0/log4j-core-2.16.0.jar:/home/gavinboor/.local/share/multimc/libraries/com/mojang/text2speech/1.13.9/text2speech-1.13.9.jar:/home/gavinboor/.local/share/multimc/libraries/net/fabricmc/intermediary/1.19.2/intermediary-1.19.2.jar:/home/gavinboor/.local/share/multimc/libraries/net/fabricmc/tiny-mappings-parser/0.3.0+build.17/tiny-mappings-parser-0.3.0+build.17.jar:/home/gavinboor/.local/share/multimc/libraries/net/fabricmc/sponge-mixin/0.11.4+mixin.0.8.5/sponge-mixin-0.11.4+mixin.0.8.5.jar:/home/gavinboor/.local/share/multimc/libraries/net/fabricmc/tiny-remapper/0.8.2/tiny-remapper-0.8.2.jar:/home/gavinboor/.local/share/multimc/libraries/net/fabricmc/access-widener/2.1.0/access-widener-2.1.0.jar:/home/gavinboor/.local/share/multimc/libraries/org/ow2/asm/asm/9.3/asm-9.3.jar:/home/gavinboor/.local/share/multimc/libraries/org/ow2/asm/asm-analysis/9.3/asm-analysis-9.3.jar:/home/gavinboor/.local/share/multimc/libraries/org/ow2/asm/asm-commons/9.3/asm-commons-9.3.jar:/home/gavinboor/.local/share/multimc/libraries/org/ow2/asm/asm-tree/9.3/asm-tree-9.3.jar:/home/gavinboor/.local/share/multimc/libraries/org/ow2/asm/asm-util/9.3/asm-util-9.3.jar:/home/gavinboor/.local/share/multimc/libraries/net/fabricmc/fabric-loader/0.14.9/fabric-loader-0.14.9.jar:/home/gavinboor/.local/share/multimc/libraries/com/mojang/minecraft/1.19.2/minecraft-1.19.2-client.jar)
		at com.sun.jna.Native.extractFromResourcePath(Native.java:1145) ~[jna-5.10.0.jar:?]
		at com.sun.jna.NativeLibrary.loadLibrary(NativeLibrary.java:275) ~[jna-5.10.0.jar:?]
		at com.sun.jna.NativeLibrary.getInstance(NativeLibrary.java:461) ~[jna-5.10.0.jar:?]
		at com.sun.jna.NativeLibrary.getInstance(NativeLibrary.java:403) ~[jna-5.10.0.jar:?]
		at com.mojang.text2speech.NarratorLinux.<clinit>(NarratorLinux.java:18) [text2speech-1.13.9.jar:?]
		at com.mojang.text2speech.Narrator.getNarrator(Narrator.java:21) [text2speech-1.13.9.jar:?]
		at net.minecraft.class_333.<init>(class_333.java:19) [client-intermediary.jar:?]
		at net.minecraft.class_310.<init>(class_310.java:637) [client-intermediary.jar:?]
		at net.minecraft.client.main.Main.method_44604(Main.java:205) [client-intermediary.jar:?]
		at net.minecraft.client.main.Main.main(Main.java:51) [client-intermediary.jar:?]
		at net.fabricmc.loader.impl.game.minecraft.MinecraftGameProvider.launch(MinecraftGameProvider.java:461) [fabric-loader-0.14.9.jar:?]
		at net.fabricmc.loader.impl.launch.knot.Knot.launch(Knot.java:74) [fabric-loader-0.14.9.jar:?]
		at net.fabricmc.loader.impl.launch.knot.KnotClient.main(KnotClient.java:23) [fabric-loader-0.14.9.jar:?]
		at jdk.internal.reflect.NativeMethodAccessorImpl.invoke0(Native Method) ~[?:?]
		at jdk.internal.reflect.NativeMethodAccessorImpl.invoke(NativeMethodAccessorImpl.java:77) ~[?:?]
		at jdk.internal.reflect.DelegatingMethodAccessorImpl.invoke(DelegatingMethodAccessorImpl.java:43) ~[?:?]
		at java.lang.reflect.Method.invoke(Method.java:568) ~[?:?]
		at org.multimc.onesix.OneSixLauncher.launchWithMainClass(OneSixLauncher.java:210) [NewLaunch.jar:?]
		at org.multimc.onesix.OneSixLauncher.launch(OneSixLauncher.java:245) [NewLaunch.jar:?]
		at org.multimc.EntryPoint.listen(EntryPoint.java:143) [NewLaunch.jar:?]
		at org.multimc.EntryPoint.main(EntryPoint.java:34) [NewLaunch.jar:?]
[06:33:56] [Render thread/INFO]: Reloading ResourceManager: Default, Fabric Mods (Fabric API, Fabric API Base, Fabric API Lookup API (v1), Fabric Biome API (v1), Fabric BlockRenderLayer Registration (v1), Fabric Client Tags, Fabric Command API (v1), Fabric Command API (v2), Fabric Commands (v0), Fabric Containers (v0), Fabric Content Registries (v0), Fabric Convention Tags, Fabric Crash Report Info (v1), Fabric Data Generation API (v1), Fabric Dimensions API (v1), Fabric Entity Events (v1), Fabric Events Interaction (v0), Fabric Events Lifecycle (v0), Fabric Game Rule API (v1), Fabric Item API (v1), Fabric Item Groups (v0), Fabric Key Binding API (v1), Fabric Key Bindings (v0), Fabric Lifecycle Events (v1), Fabric Loot API (v2), Fabric Loot Tables (v1), Fabric Message API (v1), Fabric Mining Level API (v1), Fabric Models (v0), Fabric Networking API (v1), Fabric Networking (v0), Fabric Object Builder API (v1), Fabric Particles (v1), Fabric Registry Sync (v0), Fabric Renderer API (v1), Fabric Renderer - Indigo, Fabric Renderer Registries (v1), Fabric Rendering Data Attachment (v1), Fabric Rendering Fluids (v1), Fabric Rendering (v0), Fabric Rendering (v1), Fabric Resource Conditions API (v1), Fabric Resource Loader (v0), Fabric Screen API (v1), Fabric Screen Handler API (v1), Fabric Textures (v0), Fabric Transfer API (v1), Fabric Transitive Access Wideners (v1), Fabric Loader, Litematica, MaLiLib, Wurst Client, Xaero's Minimap, Xaero's World Map)
[06:33:57] [Render thread/INFO]: Loading Xaero's Minimap - Stage 2/2
[06:33:59] [Render thread/INFO]: Xaero's Minimap: World Map found!
[06:33:59] [Render thread/INFO]: No Optifine!
[06:33:59] [Render thread/INFO]: Xaero's Minimap: No Vivecraft!
[06:33:59] [Render thread/INFO]: Loading Xaero's World Map - Stage 2/2
[06:33:59] [Render thread/INFO]: New world map region cache hash code: 687554333
[06:33:59] [Render thread/INFO]: Xaero's WorldMap Mod: Xaero's minimap found!
[06:33:59] [Render thread/INFO]: No Optifine!
[06:33:59] [Render thread/INFO]: Xaero's World Map: No Vivecraft!
[06:34:02] [Render thread/WARN]: Missing sound for event: minecraft:item.goat_horn.play
[06:34:02] [Render thread/WARN]: Missing sound for event: minecraft:entity.goat.screaming.horn_break
[06:34:02] [Render thread/INFO]: OpenAL initialized on device VirtIO SoundCard
[06:34:02] [Render thread/INFO]: Sound engine started
[06:34:02] [Render thread/INFO]: Created: 1024x1024x0 minecraft:textures/atlas/blocks.png-atlas
[06:34:02] [Render thread/INFO]: Created: 256x128x0 minecraft:textures/atlas/signs.png-atlas
[06:34:02] [Render thread/INFO]: Created: 1024x512x0 minecraft:textures/atlas/banner_patterns.png-atlas
[06:34:02] [Render thread/INFO]: Created: 1024x512x0 minecraft:textures/atlas/shield_patterns.png-atlas
[06:34:02] [Render thread/INFO]: Created: 256x256x0 minecraft:textures/atlas/chest.png-atlas
[06:34:02] [Render thread/INFO]: Created: 512x256x0 minecraft:textures/atlas/beds.png-atlas
[06:34:02] [Render thread/INFO]: Created: 512x256x0 minecraft:textures/atlas/shulker_boxes.png-atlas
[06:34:05] [Render thread/WARN]: Shader rendertype_entity_translucent_emissive could not find sampler named Sampler2 in the specified shader program.
[06:34:05] [Render thread/INFO]: Created: 512x256x0 minecraft:textures/atlas/particles.png-atlas
[06:34:05] [Render thread/INFO]: Created: 256x256x0 minecraft:textures/atlas/paintings.png-atlas
[06:34:05] [Render thread/INFO]: Created: 256x128x0 minecraft:textures/atlas/mob_effects.png-atlas
[06:34:06] [Render thread/INFO]: Successfully reloaded the minimap shaders!
[06:34:06] [Render thread/INFO]: Successfully reloaded the world map shaders!
[06:34:15] [Render thread/INFO]: Connecting to play.survivewith.us, 25565
[06:34:19] [Render thread/INFO]: New minimap session initialized!
[06:34:19] [Render thread/INFO]: New world map session initialized!
[06:34:20] [Render thread/INFO]: [STDOUT]: Baritone world data dir: /home/gavinboor/.local/share/multimc/instances/Baritone - Wurst/.minecraft/baritone/play.survivewith.us/minecraft/overworld_384
[06:34:20] [Render thread/INFO]: [STDOUT]: Cached world directory: /home/gavinboor/.local/share/multimc/instances/Baritone - Wurst/.minecraft/baritone/play.survivewith.us/minecraft/overworld_384/cache
[06:34:20] [Render thread/INFO]: [STDOUT]: Would save waypoints to /home/gavinboor/.local/share/multimc/instances/Baritone - Wurst/.minecraft/baritone/play.survivewith.us/minecraft/overworld_384/waypoints
[06:34:20] [Render thread/INFO]: Using 3 total BufferBuilder caches
[06:34:21] [Render thread/WARN]: Unable to read property: east with value: false for blockstate: {Name:"minecraft:cobblestone_wall",Properties:{east:"false",north:"false",south:"false",up:"false",west:"false"}}
[06:34:21] [Render thread/WARN]: Unable to read property: south with value: false for blockstate: {Name:"minecraft:cobblestone_wall",Properties:{east:"false",north:"false",south:"false",up:"false",west:"false"}}
[06:34:21] [Render thread/WARN]: Unable to read property: north with value: false for blockstate: {Name:"minecraft:cobblestone_wall",Properties:{east:"false",north:"false",south:"false",up:"false",west:"false"}}
[06:34:21] [Render thread/WARN]: Unable to read property: west with value: false for blockstate: {Name:"minecraft:cobblestone_wall",Properties:{east:"false",north:"false",south:"false",up:"false",west:"false"}}
[06:34:21] [Render thread/WARN]: Unable to read property: east with value: false for blockstate: {Name:"minecraft:mossy_cobblestone_wall",Properties:{east:"false",north:"false",south:"false",up:"false",west:"false"}}
[06:34:21] [Render thread/WARN]: Unable to read property: south with value: false for blockstate: {Name:"minecraft:mossy_cobblestone_wall",Properties:{east:"false",north:"false",south:"false",up:"false",west:"false"}}
[06:34:21] [Render thread/WARN]: Unable to read property: north with value: false for blockstate: {Name:"minecraft:mossy_cobblestone_wall",Properties:{east:"false",north:"false",south:"false",up:"false",west:"false"}}
[06:34:21] [Render thread/WARN]: Unable to read property: west with value: false for blockstate: {Name:"minecraft:mossy_cobblestone_wall",Properties:{east:"false",north:"false",south:"false",up:"false",west:"false"}}
[06:34:21] [Render thread/INFO]: [STDOUT]: Telemetry sending attempt blocked.
[06:34:21] [Render thread/INFO]: [STDOUT]: Telemetry sending attempt blocked.
[06:34:21] [Render thread/WARN]: Not all defined tags for registry ResourceKey[minecraft:root / minecraft:block] are present in data pack: minecraft:ancient_city_replaceable, minecraft:mangrove_logs_can_grow_through, minecraft:mangrove_roots_can_grow_through, minecraft:nether_carver_replaceables, minecraft:overworld_carver_replaceables
[06:34:21] [Worker-Bootstrap-8/INFO]: 4283 Datafixer optimizations took 42392 milliseconds
[06:34:22] [Render thread/INFO]: Loaded 848 advancements
[06:34:22] [pool-2-thread-1/INFO]: [STDOUT]: Loading region -4,-18 from disk /home/gavinboor/.local/share/multimc/instances/Baritone - Wurst/.minecraft/baritone/play.survivewith.us/minecraft/overworld_384/cache
[06:34:22] [Render thread/INFO]: [System] [CHAT] 
[06:34:22] [Render thread/INFO]: [System] [CHAT] 
[06:34:22] [Render thread/INFO]: [System] [CHAT] Welcome back to SurviveWithUs YELLOW, CodeOverload!
[06:34:22] [Render thread/INFO]: [System] [CHAT] 
[06:34:22] [Render thread/INFO]: [System] [CHAT] You've received a Daily Crate Key! Use it at /spawn or by typing /crate!
[06:34:22] [Render thread/INFO]: [System] [CHAT] 
[06:34:22] [Render thread/INFO]: [System] [CHAT] You have received 1 DailyKey keys!
[06:34:22] [Render thread/INFO]: [System] [CHAT] §bYou're currently receiving an §6§lXP§b or §6§lMoney Boost!§b Click §bhere §bto §bview §byour §6§l/boosts!
[06:34:22] [Render thread/INFO]: [System] [CHAT] 
[06:34:22] [Render thread/INFO]: [System] [CHAT] Welcome to the Panda Garden. This is a village currently being developed by DarthPandaa. We hope you enjoy your stay.
[06:34:22] [Render thread/INFO]: [System] [CHAT] [❤LOTSOF] INKY> wb
[06:34:22] [pool-2-thread-1/INFO]: [STDOUT]: Loaded region successfully in 149ms
[06:34:22] [pool-2-thread-1/INFO]: [STDOUT]: Loading region -4,-19 from disk /home/gavinboor/.local/share/multimc/instances/Baritone - Wurst/.minecraft/baritone/play.survivewith.us/minecraft/overworld_384/cache
[06:34:22] [pool-2-thread-1/INFO]: [STDOUT]: Loaded region successfully in 47ms
[06:34:22] [Render thread/INFO]: Reloading entity icon resources...
[06:34:22] [pool-2-thread-1/INFO]: [STDOUT]: Loading region -3,-18 from disk /home/gavinboor/.local/share/multimc/instances/Baritone - Wurst/.minecraft/baritone/play.survivewith.us/minecraft/overworld_384/cache
[06:34:22] [Render thread/INFO]: Done!
[06:34:22] [pool-2-thread-1/INFO]: [STDOUT]: Loaded region successfully in 71ms
[06:34:23] [Render thread/INFO]: [STDOUT]: Brightness started at 0.5
[06:34:23] [pool-2-thread-1/INFO]: [STDOUT]: Loading region -3,-19 from disk /home/gavinboor/.local/share/multimc/instances/Baritone - Wurst/.minecraft/baritone/play.survivewith.us/minecraft/overworld_384/cache
[06:34:23] [pool-2-thread-1/INFO]: [STDOUT]: Loaded region successfully in 37ms
[06:34:24] [WurstUpdater/INFO]: [STDOUT]: [Updater] Current version: 7.28
[06:34:24] [WurstUpdater/INFO]: [STDOUT]: [Updater] Latest version: 7.28
[06:34:27] [Render thread/INFO]: [System] [CHAT] [Binary] CodeOverload> ty
[06:34:33] [Render thread/INFO]: [System] [CHAT] [Binary] CodeOverload> inky what you doing up so early
[06:34:36] [pool-2-thread-1/INFO]: [STDOUT]: Loading region -3,14 from disk /home/gavinboor/.local/share/multimc/instances/Baritone - Wurst/.minecraft/baritone/play.survivewith.us/minecraft/overworld_384/cache
[06:34:36] [pool-2-thread-1/INFO]: [STDOUT]: Loaded region successfully in 408ms
[06:34:40] [pool-2-thread-1/INFO]: [STDOUT]: Loading region -7,-28 from disk /home/gavinboor/.local/share/multimc/instances/Baritone - Wurst/.minecraft/baritone/play.survivewith.us/minecraft/overworld_384/cache
[06:34:40] [pool-2-thread-1/INFO]: [STDOUT]: Loaded region successfully in 44ms
[06:34:46] [Render thread/INFO]: [System] [CHAT] Remember to /vote to get your next /rank and unlock epic rewards!
[06:34:47] [Render thread/INFO]: [System] [CHAT] You can now fly by double-jumping!
[06:34:50] [pool-2-thread-2/INFO]: [STDOUT]: Saving region -3,-18 to disk /home/gavinboor/.local/share/multimc/instances/Baritone - Wurst/.minecraft/baritone/play.survivewith.us/minecraft/overworld_384/cache
[06:34:50] [ForkJoinPool.commonPool-worker-9/INFO]: [STDOUT]: Saving region -4,-19 to disk /home/gavinboor/.local/share/multimc/instances/Baritone - Wurst/.minecraft/baritone/play.survivewith.us/minecraft/overworld_384/cache
[06:34:50] [ForkJoinPool.commonPool-worker-4/INFO]: [STDOUT]: Saving region -3,-19 to disk /home/gavinboor/.local/share/multimc/instances/Baritone - Wurst/.minecraft/baritone/play.survivewith.us/minecraft/overworld_384/cache
[06:34:50] [ForkJoinPool.commonPool-worker-1/INFO]: [STDOUT]: Saving region -7,-28 to disk /home/gavinboor/.local/share/multimc/instances/Baritone - Wurst/.minecraft/baritone/play.survivewith.us/minecraft/overworld_384/cache
[06:34:50] [ForkJoinPool.commonPool-worker-11/INFO]: [STDOUT]: Saving region -3,14 to disk /home/gavinboor/.local/share/multimc/instances/Baritone - Wurst/.minecraft/baritone/play.survivewith.us/minecraft/overworld_384/cache
[06:34:50] [ForkJoinPool.commonPool-worker-7/INFO]: [STDOUT]: Saving region -4,-18 to disk /home/gavinboor/.local/share/multimc/instances/Baritone - Wurst/.minecraft/baritone/play.survivewith.us/minecraft/overworld_384/cache
[06:34:50] [ForkJoinPool.commonPool-worker-1/INFO]: [STDOUT]: Saved region successfully
[06:34:50] [pool-2-thread-2/INFO]: [STDOUT]: Saved region successfully
[06:34:50] [ForkJoinPool.commonPool-worker-4/INFO]: [STDOUT]: Saved region successfully
[06:34:50] [ForkJoinPool.commonPool-worker-9/INFO]: [STDOUT]: Saved region successfully
[06:34:50] [ForkJoinPool.commonPool-worker-7/INFO]: [STDOUT]: Saved region successfully
[06:34:51] [ForkJoinPool.commonPool-worker-11/INFO]: [STDOUT]: Saved region successfully
[06:34:51] [pool-2-thread-2/INFO]: [STDOUT]: World save took 390ms
[06:35:04] [Render thread/INFO]: [System] [CHAT] [Binary] CodeOverload> question is,
[06:35:13] [Render thread/INFO]: [System] [CHAT] [Binary] CodeOverload> did you even leave the game lol
[06:35:21] [Render thread/INFO]: [System] [CHAT] [❤LOTSOF] INKY> Building a 30xr cicular door
[06:35:30] [Render thread/INFO]: [System] [CHAT] [❤LOTSOF] INKY> 30x5
[06:36:02] [Render thread/INFO]: [System] [CHAT] [❤LOTSOF] INKY> Well semi circle
[06:36:14] [Render thread/INFO]: [System] [CHAT] [Binary] CodeOverload> tsk tsk tsk
[06:36:51] [Render thread/INFO]: [System] [CHAT] You have received: $90.00
[06:37:46] [Render thread/INFO]: [System] [CHAT] [+] [☠Crazy❦rabbiT☠] UsadaPekora
[06:37:49] [Render thread/INFO]: [System] [CHAT] [❤LOTSOF] INKY> wb
[06:37:53] [Render thread/INFO]: [System] [CHAT] [☠Crazy❦rabbiT☠] UsadaPekora> ty
[06:38:16] [Render thread/INFO]: [System] [CHAT] You have received: $90.00
[06:38:19] [Render thread/INFO]: [System] [CHAT] You have received: $90.00
[06:39:07] [Render thread/ERROR]: Error saving option Brightness: DynamicException[Value 16.0 outside of range [0.0:1.0] Optional[16.0]]
[06:39:08] [Render thread/ERROR]: Error saving option Brightness: DynamicException[Value 16.0 outside of range [0.0:1.0] Optional[16.0]]
[06:39:09] [Render thread/ERROR]: Error saving option Brightness: DynamicException[Value 16.0 outside of range [0.0:1.0] Optional[16.0]]
[06:39:11] [Render thread/ERROR]: Error saving option Brightness: DynamicException[Value 16.0 outside of range [0.0:1.0] Optional[16.0]]
[06:39:12] [Render thread/ERROR]: Error saving option Brightness: DynamicException[Value 16.0 outside of range [0.0:1.0] Optional[16.0]]
[06:39:12] [Render thread/ERROR]: Error saving option Brightness: DynamicException[Value 16.0 outside of range [0.0:1.0] Optional[16.0]]
[06:39:56] [Render thread/INFO]: [System] [CHAT] §cThis is a potentially §4dangerous§c command. Click here to §aconfirm.
[06:39:58] [Render thread/INFO]: [System] [CHAT] You will be teleported to a random location momentarily....
[06:40:08] [Render thread/INFO]: [System] [CHAT] §cThis is a potentially §4dangerous§c command. Click here to §aconfirm.
[06:40:10] [Render thread/INFO]: [System] [CHAT] You will be teleported to a random location momentarily....
[06:40:16] [Render thread/INFO]: [System] [CHAT] §cThis is a potentially §4dangerous§c command. Click here to §aconfirm.
[06:40:17] [Render thread/INFO]: [System] [CHAT] You can't RTP that fast! Wait a couple seconds.
[06:40:21] [Render thread/INFO]: [System] [CHAT] You can't RTP that fast! Wait a couple seconds.
[06:40:22] [Render thread/INFO]: [System] [CHAT] You will be teleported to a random location momentarily....
[06:40:36] [Render thread/INFO]: [System] [CHAT] Available Commands: 1/17
[06:40:36] [Render thread/INFO]: [System] [CHAT] Afk: Let other players know you've gone afk.
[06:40:36] [Render thread/INFO]: [System] [CHAT] Back: Teleport to where you previously were.
[06:40:36] [Render thread/INFO]: [System] [CHAT] Backpack: Opens your backpack.
[06:40:36] [Render thread/INFO]: [System] [CHAT] Balance: Find out how much money you have.
[06:40:36] [Render thread/INFO]: [System] [CHAT] Blacklist: Blacklist a player from doing things in your claim.
[06:40:39] [Render thread/INFO]: [System] [CHAT] §cThis is a potentially §4dangerous§c command. Click here to §aconfirm.
[06:40:42] [Render thread/INFO]: [System] [CHAT] You will be teleported to a random location momentarily....
[06:43:29] [Render thread/WARN]: Received passengers for unknown entity
[06:43:30] [pool-2-thread-1/INFO]: [STDOUT]: Loading region -17,-18 from disk /home/gavinboor/.local/share/multimc/instances/Baritone - Wurst/.minecraft/baritone/play.survivewith.us/minecraft/overworld_384/cache
[06:43:30] [pool-2-thread-1/INFO]: [STDOUT]: Loaded region successfully in 183ms
[06:43:30] [pool-2-thread-1/INFO]: [STDOUT]: Loading region -18,-18 from disk /home/gavinboor/.local/share/multimc/instances/Baritone - Wurst/.minecraft/baritone/play.survivewith.us/minecraft/overworld_384/cache
[06:43:30] [pool-2-thread-1/INFO]: [STDOUT]: Loaded region successfully in 118ms
[06:43:31] [pool-2-thread-1/INFO]: [STDOUT]: Loading region -17,-17 from disk /home/gavinboor/.local/share/multimc/instances/Baritone - Wurst/.minecraft/baritone/play.survivewith.us/minecraft/overworld_384/cache
[06:43:31] [pool-2-thread-1/INFO]: [STDOUT]: Loaded region successfully in 196ms
[06:43:31] [pool-2-thread-1/INFO]: [STDOUT]: Loading region -18,-17 from disk /home/gavinboor/.local/share/multimc/instances/Baritone - Wurst/.minecraft/baritone/play.survivewith.us/minecraft/overworld_384/cache
[06:43:31] [pool-2-thread-1/INFO]: [STDOUT]: Loaded region successfully in 102ms
[06:44:51] [pool-2-thread-2/INFO]: [STDOUT]: Saving region -7,-29 to disk /home/gavinboor/.local/share/multimc/instances/Baritone - Wurst/.minecraft/baritone/play.survivewith.us/minecraft/overworld_384/cache
[06:44:51] [ForkJoinPool.commonPool-worker-12/INFO]: [STDOUT]: Saving region 9,-14 to disk /home/gavinboor/.local/share/multimc/instances/Baritone - Wurst/.minecraft/baritone/play.survivewith.us/minecraft/overworld_384/cache
[06:44:51] [ForkJoinPool.commonPool-worker-10/INFO]: [STDOUT]: Saving region 21,13 to disk /home/gavinboor/.local/share/multimc/instances/Baritone - Wurst/.minecraft/baritone/play.survivewith.us/minecraft/overworld_384/cache
[06:44:51] [ForkJoinPool.commonPool-worker-18/INFO]: [STDOUT]: Saving region -17,-17 to disk /home/gavinboor/.local/share/multimc/instances/Baritone - Wurst/.minecraft/baritone/play.survivewith.us/minecraft/overworld_384/cache
[06:44:51] [ForkJoinPool.commonPool-worker-17/INFO]: [STDOUT]: Saving region 21,14 to disk /home/gavinboor/.local/share/multimc/instances/Baritone - Wurst/.minecraft/baritone/play.survivewith.us/minecraft/overworld_384/cache
[06:44:51] [ForkJoinPool.commonPool-worker-21/INFO]: [STDOUT]: Saving region 20,14 to disk /home/gavinboor/.local/share/multimc/instances/Baritone - Wurst/.minecraft/baritone/play.survivewith.us/minecraft/overworld_384/cache
[06:44:51] [ForkJoinPool.commonPool-worker-14/INFO]: [STDOUT]: Saving region -17,-18 to disk /home/gavinboor/.local/share/multimc/instances/Baritone - Wurst/.minecraft/baritone/play.survivewith.us/minecraft/overworld_384/cache
[06:44:51] [ForkJoinPool.commonPool-worker-15/INFO]: [STDOUT]: Saving region -23,24 to disk /home/gavinboor/.local/share/multimc/instances/Baritone - Wurst/.minecraft/baritone/play.survivewith.us/minecraft/overworld_384/cache
[06:44:51] [ForkJoinPool.commonPool-worker-13/INFO]: [STDOUT]: Saving region 10,-14 to disk /home/gavinboor/.local/share/multimc/instances/Baritone - Wurst/.minecraft/baritone/play.survivewith.us/minecraft/overworld_384/cache
[06:44:51] [ForkJoinPool.commonPool-worker-20/INFO]: [STDOUT]: Saving region -4,-20 to disk /home/gavinboor/.local/share/multimc/instances/Baritone - Wurst/.minecraft/baritone/play.survivewith.us/minecraft/overworld_384/cache
[06:44:51] [ForkJoinPool.commonPool-worker-16/INFO]: [STDOUT]: Saving region -7,-28 to disk /home/gavinboor/.local/share/multimc/instances/Baritone - Wurst/.minecraft/baritone/play.survivewith.us/minecraft/overworld_384/cache
[06:44:51] [ForkJoinPool.commonPool-worker-19/INFO]: [STDOUT]: Saving region -22,24 to disk /home/gavinboor/.local/share/multimc/instances/Baritone - Wurst/.minecraft/baritone/play.survivewith.us/minecraft/overworld_384/cache
[06:44:51] [pool-2-thread-2/INFO]: [STDOUT]: Saved region successfully
[06:44:51] [pool-2-thread-2/INFO]: [STDOUT]: Saving region -22,23 to disk /home/gavinboor/.local/share/multimc/instances/Baritone - Wurst/.minecraft/baritone/play.survivewith.us/minecraft/overworld_384/cache
[06:44:51] [ForkJoinPool.commonPool-worker-10/INFO]: [STDOUT]: Saved region successfully
[06:44:51] [ForkJoinPool.commonPool-worker-10/INFO]: [STDOUT]: Saving region -8,-28 to disk /home/gavinboor/.local/share/multimc/instances/Baritone - Wurst/.minecraft/baritone/play.survivewith.us/minecraft/overworld_384/cache
[06:44:51] [ForkJoinPool.commonPool-worker-20/INFO]: [STDOUT]: Saved region successfully
[06:44:51] [ForkJoinPool.commonPool-worker-20/INFO]: [STDOUT]: Saving region -23,23 to disk /home/gavinboor/.local/share/multimc/instances/Baritone - Wurst/.minecraft/baritone/play.survivewith.us/minecraft/overworld_384/cache
[06:44:51] [ForkJoinPool.commonPool-worker-12/INFO]: [STDOUT]: Saved region successfully
[06:44:51] [ForkJoinPool.commonPool-worker-12/INFO]: [STDOUT]: Saving region -4,-21 to disk /home/gavinboor/.local/share/multimc/instances/Baritone - Wurst/.minecraft/baritone/play.survivewith.us/minecraft/overworld_384/cache
[06:44:51] [ForkJoinPool.commonPool-worker-21/INFO]: [STDOUT]: Saved region successfully
[06:44:51] [ForkJoinPool.commonPool-worker-21/INFO]: [STDOUT]: Saving region -18,-18 to disk /home/gavinboor/.local/share/multimc/instances/Baritone - Wurst/.minecraft/baritone/play.survivewith.us/minecraft/overworld_384/cache
[06:44:51] [ForkJoinPool.commonPool-worker-19/INFO]: [STDOUT]: Saved region successfully
[06:44:51] [ForkJoinPool.commonPool-worker-19/INFO]: [STDOUT]: Saving region 20,13 to disk /home/gavinboor/.local/share/multimc/instances/Baritone - Wurst/.minecraft/baritone/play.survivewith.us/minecraft/overworld_384/cache
[06:44:51] [ForkJoinPool.commonPool-worker-19/INFO]: [STDOUT]: Saved region successfully
[06:44:51] [ForkJoinPool.commonPool-worker-19/INFO]: [STDOUT]: Saving region -18,-17 to disk /home/gavinboor/.local/share/multimc/instances/Baritone - Wurst/.minecraft/baritone/play.survivewith.us/minecraft/overworld_384/cache
[06:44:51] [pool-2-thread-2/INFO]: [STDOUT]: Saved region successfully
[06:44:51] [ForkJoinPool.commonPool-worker-17/INFO]: [STDOUT]: Saved region successfully
[06:44:51] [ForkJoinPool.commonPool-worker-10/INFO]: [STDOUT]: Saved region successfully
[06:44:51] [ForkJoinPool.commonPool-worker-14/INFO]: [STDOUT]: Saved region successfully
[06:44:51] [ForkJoinPool.commonPool-worker-18/INFO]: [STDOUT]: Saved region successfully
[06:44:51] [ForkJoinPool.commonPool-worker-13/INFO]: [STDOUT]: Saved region successfully
[06:44:51] [ForkJoinPool.commonPool-worker-21/INFO]: [STDOUT]: Saved region successfully
[06:44:51] [ForkJoinPool.commonPool-worker-15/INFO]: [STDOUT]: Saved region successfully
[06:44:51] [ForkJoinPool.commonPool-worker-19/INFO]: [STDOUT]: Saved region successfully
[06:44:51] [ForkJoinPool.commonPool-worker-12/INFO]: [STDOUT]: Saved region successfully
[06:44:51] [ForkJoinPool.commonPool-worker-20/INFO]: [STDOUT]: Saved region successfully
[06:44:51] [ForkJoinPool.commonPool-worker-16/INFO]: [STDOUT]: Saved region successfully
[06:44:51] [pool-2-thread-2/INFO]: [STDOUT]: World save took 368ms
[06:52:54] [Render thread/WARN]: Shader wobble could not find uniform named InSize in the specified shader program.
[06:52:59] [Render thread/WARN]: Shader wobble could not find uniform named InSize in the specified shader program.
[06:54:51] [pool-2-thread-2/INFO]: [STDOUT]: Saving region -22,24 to disk /home/gavinboor/.local/share/multimc/instances/Baritone - Wurst/.minecraft/baritone/play.survivewith.us/minecraft/overworld_384/cache
[06:54:51] [ForkJoinPool.commonPool-worker-22/INFO]: [STDOUT]: Saving region -22,23 to disk /home/gavinboor/.local/share/multimc/instances/Baritone - Wurst/.minecraft/baritone/play.survivewith.us/minecraft/overworld_384/cache
[06:54:51] [ForkJoinPool.commonPool-worker-17/INFO]: [STDOUT]: Saving region -23,24 to disk /home/gavinboor/.local/share/multimc/instances/Baritone - Wurst/.minecraft/baritone/play.survivewith.us/minecraft/overworld_384/cache
[06:54:51] [ForkJoinPool.commonPool-worker-23/INFO]: [STDOUT]: Saving region -23,23 to disk /home/gavinboor/.local/share/multimc/instances/Baritone - Wurst/.minecraft/baritone/play.survivewith.us/minecraft/overworld_384/cache
[06:54:51] [pool-2-thread-2/INFO]: [STDOUT]: Saved region successfully
[06:54:51] [ForkJoinPool.commonPool-worker-22/INFO]: [STDOUT]: Saved region successfully
[06:54:51] [ForkJoinPool.commonPool-worker-23/INFO]: [STDOUT]: Saved region successfully
[06:54:51] [ForkJoinPool.commonPool-worker-17/INFO]: [STDOUT]: Saved region successfully
[06:54:51] [pool-2-thread-2/INFO]: [STDOUT]: World save took 206ms
[06:55:02] [Render thread/INFO]: [System] [CHAT] [Debug]: Chunk borders: shown
[06:55:05] [Render thread/INFO]: [System] [CHAT] [Debug]: Chunk borders: hidden
[06:55:06] [Render thread/INFO]: [System] [CHAT] You can now fly by double-jumping!
[06:57:21] [Render thread/INFO]: [System] [CHAT] Fiji is no longer AFK!
[06:57:23] [Render thread/INFO]: [System] [CHAT] Fiji has gone AFK!
[06:57:52] [Render thread/INFO]: [System] [CHAT] [Debug]: Chunk borders: shown
[06:57:53] [Render thread/INFO]: [System] [CHAT] You can now fly by double-jumping!
[06:57:55] [Render thread/INFO]: [System] [CHAT] You can now fly by double-jumping!
[06:58:03] [Render thread/INFO]: [System] [CHAT] You are now claiming the chunks you walk into. This will turn off in 30 seconds.
[06:58:03] [Render thread/INFO]: [System] [CHAT] You have successfully claimed this chunk! You've used 140 out of 4713 claims.
[06:58:04] [Render thread/INFO]: [System] [CHAT] You have successfully claimed this chunk! You've used 141 out of 4713 claims.
[06:58:06] [Render thread/INFO]: [System] [CHAT] You have successfully claimed this chunk! You've used 142 out of 4713 claims.
[06:58:07] [Render thread/INFO]: [System] [CHAT] You have successfully claimed this chunk! You've used 143 out of 4713 claims.
[06:58:09] [Render thread/INFO]: [System] [CHAT] You have successfully claimed this chunk! You've used 144 out of 4713 claims.
[06:58:10] [Render thread/INFO]: [System] [CHAT] You have successfully claimed this chunk! You've used 145 out of 4713 claims.
[06:58:12] [Render thread/INFO]: [System] [CHAT] You have successfully claimed this chunk! You've used 146 out of 4713 claims.
[06:58:13] [Render thread/INFO]: [System] [CHAT] You have successfully claimed this chunk! You've used 147 out of 4713 claims.
[06:58:14] [Render thread/INFO]: [System] [CHAT] You have successfully claimed this chunk! You've used 148 out of 4713 claims.
[06:58:15] [Render thread/INFO]: [System] [CHAT] You have successfully claimed this chunk! You've used 149 out of 4713 claims.
[06:58:16] [Render thread/INFO]: [System] [CHAT] You have successfully claimed this chunk! You've used 150 out of 4713 claims.
[06:58:17] [Render thread/INFO]: [System] [CHAT] You have successfully claimed this chunk! You've used 151 out of 4713 claims.
[06:58:18] [Render thread/INFO]: [System] [CHAT] You have successfully claimed this chunk! You've used 152 out of 4713 claims.
[06:58:18] [Render thread/INFO]: [System] [CHAT] You have successfully claimed this chunk! You've used 153 out of 4713 claims.
[06:58:19] [Render thread/INFO]: [System] [CHAT] You have successfully claimed this chunk! You've used 154 out of 4713 claims.
[06:58:20] [Render thread/INFO]: [System] [CHAT] You have successfully claimed this chunk! You've used 155 out of 4713 claims.
[06:58:20] [Render thread/INFO]: [System] [CHAT] You have successfully claimed this chunk! You've used 156 out of 4713 claims.
[06:58:22] [Render thread/INFO]: [System] [CHAT] You have successfully claimed this chunk! You've used 157 out of 4713 claims.
[06:58:23] [Render thread/INFO]: [System] [CHAT] You have successfully claimed this chunk! You've used 158 out of 4713 claims.
[06:58:24] [Render thread/INFO]: [System] [CHAT] You have successfully claimed this chunk! You've used 159 out of 4713 claims.
[06:58:24] [Render thread/INFO]: [System] [CHAT] You have successfully claimed this chunk! You've used 160 out of 4713 claims.
[06:58:25] [Render thread/INFO]: [System] [CHAT] You have successfully claimed this chunk! You've used 161 out of 4713 claims.
[06:58:26] [Render thread/INFO]: [System] [CHAT] You have successfully claimed this chunk! You've used 162 out of 4713 claims.
[06:58:27] [Render thread/INFO]: [System] [CHAT] You have successfully claimed this chunk! You've used 163 out of 4713 claims.
[06:58:27] [Render thread/INFO]: [System] [CHAT] You have successfully claimed this chunk! You've used 164 out of 4713 claims.
[06:58:29] [Render thread/INFO]: [System] [CHAT] You have successfully claimed this chunk! You've used 165 out of 4713 claims.
[06:58:30] [Render thread/INFO]: [System] [CHAT] You have successfully claimed this chunk! You've used 166 out of 4713 claims.
[06:58:30] [Render thread/INFO]: [System] [CHAT] You have successfully claimed this chunk! You've used 167 out of 4713 claims.
[06:58:31] [Render thread/INFO]: [System] [CHAT] You have successfully claimed this chunk! You've used 168 out of 4713 claims.
[06:58:32] [Render thread/INFO]: [System] [CHAT] You have successfully claimed this chunk! You've used 169 out of 4713 claims.
[06:58:33] [Render thread/INFO]: [System] [CHAT] You have successfully claimed this chunk! You've used 170 out of 4713 claims.
[06:58:33] [Render thread/INFO]: [System] [CHAT] You have successfully claimed this chunk! You've used 171 out of 4713 claims.
[06:58:34] [Render thread/INFO]: [System] [CHAT] You are no longer claiming.
[06:58:44] [Render thread/INFO]: [System] [CHAT] You are now claiming the chunks you walk into. This will turn off in 30 seconds.
[06:58:44] [Render thread/INFO]: [System] [CHAT] You have successfully claimed this chunk! You've used 172 out of 4713 claims.
[06:58:45] [Render thread/INFO]: [System] [CHAT] You have successfully claimed this chunk! You've used 173 out of 4713 claims.
[06:58:46] [Render thread/INFO]: [System] [CHAT] You have successfully claimed this chunk! You've used 174 out of 4713 claims.
[06:58:47] [Render thread/INFO]: [System] [CHAT] You have successfully claimed this chunk! You've used 175 out of 4713 claims.
[06:58:48] [Render thread/INFO]: [System] [CHAT] You have successfully claimed this chunk! You've used 176 out of 4713 claims.
[06:58:48] [Render thread/INFO]: [System] [CHAT] You have successfully claimed this chunk! You've used 177 out of 4713 claims.
[06:58:49] [Render thread/INFO]: [System] [CHAT] You have successfully claimed this chunk! You've used 178 out of 4713 claims.
[06:58:52] [Render thread/INFO]: [System] [CHAT] You have successfully claimed this chunk! You've used 179 out of 4713 claims.
[06:58:52] [Render thread/INFO]: [System] [CHAT] You have successfully claimed this chunk! You've used 180 out of 4713 claims.
[06:58:53] [Render thread/INFO]: [System] [CHAT] You have successfully claimed this chunk! You've used 181 out of 4713 claims.
[06:58:54] [Render thread/INFO]: [System] [CHAT] You have successfully claimed this chunk! You've used 182 out of 4713 claims.
[06:58:55] [Render thread/INFO]: [System] [CHAT] You have successfully claimed this chunk! You've used 183 out of 4713 claims.
[06:58:55] [Render thread/INFO]: [System] [CHAT] You have successfully claimed this chunk! You've used 184 out of 4713 claims.
[06:58:56] [Render thread/INFO]: [System] [CHAT] You have successfully claimed this chunk! You've used 185 out of 4713 claims.
[06:58:57] [Render thread/INFO]: [System] [CHAT] You have successfully claimed this chunk! You've used 186 out of 4713 claims.
[06:58:58] [Render thread/INFO]: [System] [CHAT] You have successfully claimed this chunk! You've used 187 out of 4713 claims.
[06:58:59] [Render thread/INFO]: [System] [CHAT] You have successfully claimed this chunk! You've used 188 out of 4713 claims.
[06:58:59] [Render thread/INFO]: [System] [CHAT] You have successfully claimed this chunk! You've used 189 out of 4713 claims.
[06:59:00] [Render thread/INFO]: [System] [CHAT] You have successfully claimed this chunk! You've used 190 out of 4713 claims.
[06:59:01] [Render thread/INFO]: [System] [CHAT] You have successfully claimed this chunk! You've used 191 out of 4713 claims.
[06:59:02] [Render thread/INFO]: [System] [CHAT] You have successfully claimed this chunk! You've used 192 out of 4713 claims.
[06:59:03] [Render thread/INFO]: [System] [CHAT] You have successfully claimed this chunk! You've used 193 out of 4713 claims.
[06:59:04] [Render thread/INFO]: [System] [CHAT] You have successfully claimed this chunk! You've used 194 out of 4713 claims.
[06:59:04] [Render thread/INFO]: [System] [CHAT] You have successfully claimed this chunk! You've used 195 out of 4713 claims.
[06:59:07] [Render thread/INFO]: [System] [CHAT] You have successfully claimed this chunk! You've used 196 out of 4713 claims.
[06:59:08] [Render thread/INFO]: [System] [CHAT] You have successfully claimed this chunk! You've used 197 out of 4713 claims.
[06:59:09] [Render thread/INFO]: [System] [CHAT] You have successfully claimed this chunk! You've used 198 out of 4713 claims.
[06:59:10] [Render thread/INFO]: [System] [CHAT] You have successfully claimed this chunk! You've used 199 out of 4713 claims.
[06:59:10] [Render thread/INFO]: [System] [CHAT] You have successfully claimed this chunk! You've used 200 out of 4713 claims.
[06:59:11] [Render thread/INFO]: [System] [CHAT] You have successfully claimed this chunk! You've used 201 out of 4713 claims.
[06:59:12] [Render thread/INFO]: [System] [CHAT] You have successfully claimed this chunk! You've used 202 out of 4713 claims.
[06:59:13] [Render thread/INFO]: [System] [CHAT] You have successfully claimed this chunk! You've used 203 out of 4713 claims.
[06:59:14] [Render thread/INFO]: [System] [CHAT] You have successfully claimed this chunk! You've used 204 out of 4713 claims.
[06:59:15] [Render thread/INFO]: [System] [CHAT] You are no longer claiming.
[06:59:19] [Render thread/INFO]: [System] [CHAT] You are now claiming the chunks you walk into. This will turn off in 30 seconds.
[06:59:25] [Render thread/INFO]: [System] [CHAT] You have successfully claimed this chunk! You've used 205 out of 4713 claims.
[06:59:27] [Render thread/INFO]: [System] [CHAT] You have successfully claimed this chunk! You've used 206 out of 4713 claims.
[06:59:28] [Render thread/INFO]: [System] [CHAT] You have successfully claimed this chunk! You've used 207 out of 4713 claims.
[06:59:28] [Render thread/INFO]: [System] [CHAT] You have successfully claimed this chunk! You've used 208 out of 4713 claims.
[06:59:29] [Render thread/INFO]: [System] [CHAT] You have successfully claimed this chunk! You've used 209 out of 4713 claims.
[06:59:30] [Render thread/INFO]: [System] [CHAT] You have successfully claimed this chunk! You've used 210 out of 4713 claims.
[06:59:35] [Render thread/INFO]: [System] [CHAT] You have successfully claimed this chunk! You've used 211 out of 4713 claims.
[06:59:36] [Render thread/INFO]: [System] [CHAT] You have successfully claimed this chunk! You've used 212 out of 4713 claims.
[06:59:38] [Render thread/INFO]: [System] [CHAT] You have successfully claimed this chunk! You've used 213 out of 4713 claims.
[06:59:48] [Render thread/INFO]: [System] [CHAT] You have successfully claimed this chunk! You've used 214 out of 4713 claims.
[06:59:49] [Render thread/INFO]: [System] [CHAT] You have successfully claimed this chunk! You've used 215 out of 4713 claims.
[06:59:50] [Render thread/INFO]: [System] [CHAT] You have successfully claimed this chunk! You've used 216 out of 4713 claims.
[06:59:51] [Render thread/INFO]: [System] [CHAT] You are no longer claiming.
[06:59:56] [Render thread/INFO]: [System] [CHAT] You are now claiming the chunks you walk into. This will turn off in 30 seconds.
[06:59:56] [Render thread/INFO]: [System] [CHAT] You have successfully claimed this chunk! You've used 217 out of 4713 claims.
[07:00:00] [Render thread/INFO]: [System] [CHAT] You've used 217 out of 4713 claims.
[07:00:04] [Render thread/INFO]: [System] [CHAT] You have successfully claimed this chunk! You've used 218 out of 4713 claims.
[07:00:10] [Render thread/INFO]: [System] [CHAT] You are no longer claiming.
[07:00:14] [Render thread/INFO]: [System] [CHAT] You've used 218 out of 4713 claims.
[07:00:27] [Render thread/INFO]: [System] [CHAT] You are no longer claiming.
[07:00:27] [Render thread/INFO]: [System] [CHAT] You are now claiming the chunks you walk into. This will turn off in 30 seconds.
[07:00:27] [Render thread/INFO]: [System] [CHAT] You have successfully claimed this chunk! You've used 219 out of 4713 claims.
[07:00:36] [Render thread/INFO]: [System] [CHAT] You are no longer claiming.
[07:00:52] [Render thread/INFO]: [System] [CHAT] [+] TKDninjaboy
[07:00:57] [Render thread/INFO]: [System] [CHAT] [Binary] CodeOverload> WB
[07:00:58] [Render thread/INFO]: [System] [CHAT] You are no longer claiming.
[07:01:14] [Render thread/INFO]: [System] [CHAT] Want to support the server, get /crate keys and your next /rank? Don't forget to /vote!
[07:01:33] [Render thread/INFO]: [System] [CHAT] [Explorer] TKDninjaboy> thx
[07:04:14] [Render thread/INFO]: [System] [CHAT] [☠Crazy❦rabbiT☠] UsadaPekora> buying wither skele egg for 3m each
[07:04:31] [Render thread/INFO]: [System] [CHAT] [Explorer] TKDninjaboy> ill see if i have 1
[07:04:37] [pool-2-thread-1/INFO]: [STDOUT]: Loading region -17,-18 from disk /home/gavinboor/.local/share/multimc/instances/Baritone - Wurst/.minecraft/baritone/play.survivewith.us/minecraft/overworld_384/cache
[07:04:37] [pool-2-thread-1/INFO]: [STDOUT]: Loaded region successfully in 126ms
[07:04:37] [pool-2-thread-1/INFO]: [STDOUT]: Loading region -18,-18 from disk /home/gavinboor/.local/share/multimc/instances/Baritone - Wurst/.minecraft/baritone/play.survivewith.us/minecraft/overworld_384/cache
[07:04:37] [pool-2-thread-1/INFO]: [STDOUT]: Loaded region successfully in 89ms
[07:04:38] [pool-2-thread-1/INFO]: [STDOUT]: Loading region -17,-17 from disk /home/gavinboor/.local/share/multimc/instances/Baritone - Wurst/.minecraft/baritone/play.survivewith.us/minecraft/overworld_384/cache
[07:04:38] [pool-2-thread-1/INFO]: [STDOUT]: Loaded region successfully in 146ms
[07:04:38] [pool-2-thread-1/INFO]: [STDOUT]: Loading region -18,-17 from disk /home/gavinboor/.local/share/multimc/instances/Baritone - Wurst/.minecraft/baritone/play.survivewith.us/minecraft/overworld_384/cache
[07:04:38] [pool-2-thread-1/INFO]: [STDOUT]: Loaded region successfully in 61ms
[07:04:51] [pool-2-thread-2/INFO]: [STDOUT]: Saving region -17,-17 to disk /home/gavinboor/.local/share/multimc/instances/Baritone - Wurst/.minecraft/baritone/play.survivewith.us/minecraft/overworld_384/cache
[07:04:51] [ForkJoinPool.commonPool-worker-28/INFO]: [STDOUT]: Saving region -18,-18 to disk /home/gavinboor/.local/share/multimc/instances/Baritone - Wurst/.minecraft/baritone/play.survivewith.us/minecraft/overworld_384/cache
[07:04:51] [ForkJoinPool.commonPool-worker-25/INFO]: [STDOUT]: Saving region -23,24 to disk /home/gavinboor/.local/share/multimc/instances/Baritone - Wurst/.minecraft/baritone/play.survivewith.us/minecraft/overworld_384/cache
[07:04:51] [ForkJoinPool.commonPool-worker-27/INFO]: [STDOUT]: Saving region -22,23 to disk /home/gavinboor/.local/share/multimc/instances/Baritone - Wurst/.minecraft/baritone/play.survivewith.us/minecraft/overworld_384/cache
[07:04:51] [ForkJoinPool.commonPool-worker-24/INFO]: [STDOUT]: Saving region -22,24 to disk /home/gavinboor/.local/share/multimc/instances/Baritone - Wurst/.minecraft/baritone/play.survivewith.us/minecraft/overworld_384/cache
[07:04:51] [ForkJoinPool.commonPool-worker-26/INFO]: [STDOUT]: Saving region -23,23 to disk /home/gavinboor/.local/share/multimc/instances/Baritone - Wurst/.minecraft/baritone/play.survivewith.us/minecraft/overworld_384/cache
[07:04:51] [ForkJoinPool.commonPool-worker-30/INFO]: [STDOUT]: Saving region -17,-18 to disk /home/gavinboor/.local/share/multimc/instances/Baritone - Wurst/.minecraft/baritone/play.survivewith.us/minecraft/overworld_384/cache
[07:04:51] [ForkJoinPool.commonPool-worker-29/INFO]: [STDOUT]: Saving region -18,-17 to disk /home/gavinboor/.local/share/multimc/instances/Baritone - Wurst/.minecraft/baritone/play.survivewith.us/minecraft/overworld_384/cache
[07:04:51] [ForkJoinPool.commonPool-worker-27/INFO]: [STDOUT]: Saved region successfully
[07:04:51] [ForkJoinPool.commonPool-worker-24/INFO]: [STDOUT]: Saved region successfully
[07:04:51] [ForkJoinPool.commonPool-worker-29/INFO]: [STDOUT]: Saved region successfully
[07:04:51] [ForkJoinPool.commonPool-worker-28/INFO]: [STDOUT]: Saved region successfully
[07:04:51] [ForkJoinPool.commonPool-worker-30/INFO]: [STDOUT]: Saved region successfully
[07:04:51] [pool-2-thread-2/INFO]: [STDOUT]: Saved region successfully
[07:04:51] [ForkJoinPool.commonPool-worker-26/INFO]: [STDOUT]: Saved region successfully
[07:04:51] [ForkJoinPool.commonPool-worker-25/INFO]: [STDOUT]: Saved region successfully
[07:04:51] [pool-2-thread-2/INFO]: [STDOUT]: World save took 248ms
[07:05:00] [pool-2-thread-1/INFO]: [STDOUT]: Loading region -23,24 from disk /home/gavinboor/.local/share/multimc/instances/Baritone - Wurst/.minecraft/baritone/play.survivewith.us/minecraft/overworld_384/cache
[07:05:00] [pool-2-thread-1/INFO]: [STDOUT]: Loaded region successfully in 179ms
[07:05:00] [pool-2-thread-1/INFO]: [STDOUT]: Loading region -23,23 from disk /home/gavinboor/.local/share/multimc/instances/Baritone - Wurst/.minecraft/baritone/play.survivewith.us/minecraft/overworld_384/cache
[07:05:00] [pool-2-thread-1/INFO]: [STDOUT]: Loaded region successfully in 122ms
[07:05:01] [pool-2-thread-1/INFO]: [STDOUT]: Loading region -22,24 from disk /home/gavinboor/.local/share/multimc/instances/Baritone - Wurst/.minecraft/baritone/play.survivewith.us/minecraft/overworld_384/cache
[07:05:01] [pool-2-thread-1/INFO]: [STDOUT]: Loaded region successfully in 28ms
[07:05:01] [pool-2-thread-1/INFO]: [STDOUT]: Loading region -22,23 from disk /home/gavinboor/.local/share/multimc/instances/Baritone - Wurst/.minecraft/baritone/play.survivewith.us/minecraft/overworld_384/cache
[07:05:01] [pool-2-thread-1/INFO]: [STDOUT]: Loaded region successfully in 15ms
[07:05:03] [Render thread/INFO]: [System] [CHAT] You have successfully set your home! You can set 23 more.
[07:05:36] [Render thread/INFO]: [System] [CHAT] [Explorer] TKDninjaboy> sadly i dont have one
[07:05:43] [Render thread/INFO]: [System] [CHAT] [☠Crazy❦rabbiT☠] UsadaPekora> its alr
[07:07:19] [Render thread/INFO]: [System] [CHAT] [Explorer] TKDninjaboy> have spare string tho like 10 string
[07:07:37] [Render thread/INFO]: [System] [CHAT] [Binary] CodeOverload> lol
[07:07:40] [Render thread/INFO]: [System] [CHAT] [Binary] CodeOverload> i need 9k wool
[07:07:55] [Render thread/INFO]: Minimap session finalized.
[07:07:55] [Render thread/INFO]: Finalizing world map session...
[07:07:55] [Thread-1/INFO]: World map force-cleaned!
[07:07:55] [Render thread/INFO]: World map session finalized.
[07:14:51] [pool-2-thread-2/INFO]: [STDOUT]: Saving region -23,23 to disk /home/gavinboor/.local/share/multimc/instances/Baritone - Wurst/.minecraft/baritone/play.survivewith.us/minecraft/overworld_384/cache
[07:14:51] [ForkJoinPool.commonPool-worker-31/INFO]: [STDOUT]: Saving region -22,24 to disk /home/gavinboor/.local/share/multimc/instances/Baritone - Wurst/.minecraft/baritone/play.survivewith.us/minecraft/overworld_384/cache
[07:14:51] [ForkJoinPool.commonPool-worker-33/INFO]: [STDOUT]: Saving region -18,-17 to disk /home/gavinboor/.local/share/multimc/instances/Baritone - Wurst/.minecraft/baritone/play.survivewith.us/minecraft/overworld_384/cache
[07:14:51] [ForkJoinPool.commonPool-worker-32/INFO]: [STDOUT]: Saving region -17,-18 to disk /home/gavinboor/.local/share/multimc/instances/Baritone - Wurst/.minecraft/baritone/play.survivewith.us/minecraft/overworld_384/cache
[07:14:51] [ForkJoinPool.commonPool-worker-35/INFO]: [STDOUT]: Saving region -18,-18 to disk /home/gavinboor/.local/share/multimc/instances/Baritone - Wurst/.minecraft/baritone/play.survivewith.us/minecraft/overworld_384/cache
[07:14:51] [ForkJoinPool.commonPool-worker-36/INFO]: [STDOUT]: Saving region -17,-17 to disk /home/gavinboor/.local/share/multimc/instances/Baritone - Wurst/.minecraft/baritone/play.survivewith.us/minecraft/overworld_384/cache
[07:14:51] [ForkJoinPool.commonPool-worker-34/INFO]: [STDOUT]: Saving region -23,24 to disk /home/gavinboor/.local/share/multimc/instances/Baritone - Wurst/.minecraft/baritone/play.survivewith.us/minecraft/overworld_384/cache
[07:14:51] [ForkJoinPool.commonPool-worker-37/INFO]: [STDOUT]: Saving region -22,23 to disk /home/gavinboor/.local/share/multimc/instances/Baritone - Wurst/.minecraft/baritone/play.survivewith.us/minecraft/overworld_384/cache
[07:14:51] [ForkJoinPool.commonPool-worker-37/INFO]: [STDOUT]: Saved region successfully
[07:14:51] [ForkJoinPool.commonPool-worker-31/INFO]: [STDOUT]: Saved region successfully
[07:14:51] [ForkJoinPool.commonPool-worker-33/INFO]: [STDOUT]: Saved region successfully
[07:14:51] [ForkJoinPool.commonPool-worker-35/INFO]: [STDOUT]: Saved region successfully
[07:14:51] [ForkJoinPool.commonPool-worker-32/INFO]: [STDOUT]: Saved region successfully
[07:14:51] [pool-2-thread-2/INFO]: [STDOUT]: Saved region successfully
[07:14:52] [ForkJoinPool.commonPool-worker-36/INFO]: [STDOUT]: Saved region successfully
[07:14:52] [ForkJoinPool.commonPool-worker-34/INFO]: [STDOUT]: Saved region successfully
[07:14:52] [pool-2-thread-2/INFO]: [STDOUT]: World save took 174ms
